[0.011s] Invoking command in '/home/matteo/franka_ros2_ws/build/franka_msgs': CMAKE_PREFIX_PATH=${CMAKE_PREFIX_PATH}:/opt/ros/humble /usr/bin/cmake --build /home/matteo/franka_ros2_ws/build/franka_msgs -- -j12 -l12
[0.074s] [  0%] Built target franka_msgs__cpp
[0.078s] [ 12%] Built target franka_msgs__rosidl_generator_c
[0.096s] [ 12%] Built target ament_cmake_python_copy_franka_msgs
[0.116s] [ 24%] Built target franka_msgs__rosidl_typesupport_cpp
[0.141s] [ 36%] Built target franka_msgs__rosidl_typesupport_c
[0.144s] [ 48%] Built target franka_msgs__rosidl_typesupport_introspection_cpp
[0.150s] [ 60%] Built target franka_msgs__rosidl_typesupport_fastrtps_c
[0.154s] [ 84%] Built target franka_msgs__rosidl_typesupport_fastrtps_cpp
[0.154s] [ 84%] Built target franka_msgs__rosidl_typesupport_introspection_c
[0.197s] [ 84%] Built target franka_msgs
[0.221s] [ 85%] Built target franka_msgs__py
[0.272s] [ 96%] Built target franka_msgs__rosidl_generator_py
[0.306s] [ 98%] Built target franka_msgs__rosidl_typesupport_fastrtps_c__pyext
[0.306s] [ 99%] Built target franka_msgs__rosidl_typesupport_introspection_c__pyext
[0.308s] [100%] Built target franka_msgs__rosidl_typesupport_c__pyext
[0.350s] running egg_info
[0.350s] writing franka_msgs.egg-info/PKG-INFO
[0.351s] writing dependency_links to franka_msgs.egg-info/dependency_links.txt
[0.351s] writing top-level names to franka_msgs.egg-info/top_level.txt
[0.352s] reading manifest file 'franka_msgs.egg-info/SOURCES.txt'
[0.352s] writing manifest file 'franka_msgs.egg-info/SOURCES.txt'
[0.372s] [100%] Built target ament_cmake_python_build_franka_msgs_egg
[0.395s] Invoked command in '/home/matteo/franka_ros2_ws/build/franka_msgs' returned '0': CMAKE_PREFIX_PATH=${CMAKE_PREFIX_PATH}:/opt/ros/humble /usr/bin/cmake --build /home/matteo/franka_ros2_ws/build/franka_msgs -- -j12 -l12
[0.398s] Invoking command in '/home/matteo/franka_ros2_ws/build/franka_msgs': CMAKE_PREFIX_PATH=${CMAKE_PREFIX_PATH}:/opt/ros/humble /usr/bin/cmake --install /home/matteo/franka_ros2_ws/build/franka_msgs
[0.405s] -- Install configuration: "Release"
[0.405s] -- Up-to-date: /home/matteo/franka_ros2_ws/install/franka_msgs/share/ament_index/resource_index/rosidl_interfaces/franka_msgs
[0.405s] -- Up-to-date: /home/matteo/franka_ros2_ws/install/franka_msgs/include/franka_msgs/franka_msgs
[0.405s] -- Up-to-date: /home/matteo/franka_ros2_ws/install/franka_msgs/include/franka_msgs/franka_msgs/msg
[0.405s] -- Up-to-date: /home/matteo/franka_ros2_ws/install/franka_msgs/include/franka_msgs/franka_msgs/msg/rosidl_generator_c__visibility_control.h
[0.405s] -- Up-to-date: /home/matteo/franka_ros2_ws/install/franka_msgs/include/franka_msgs/franka_msgs/msg/detail
[0.405s] -- Up-to-date: /home/matteo/franka_ros2_ws/install/franka_msgs/include/franka_msgs/franka_msgs/msg/detail/collision_indicators__type_support.h
[0.406s] -- Up-to-date: /home/matteo/franka_ros2_ws/install/franka_msgs/include/franka_msgs/franka_msgs/msg/detail/errors__struct.h
[0.406s] -- Up-to-date: /home/matteo/franka_ros2_ws/install/franka_msgs/include/franka_msgs/franka_msgs/msg/detail/elbow__struct.h
[0.406s] -- Up-to-date: /home/matteo/franka_ros2_ws/install/franka_msgs/include/franka_msgs/franka_msgs/msg/detail/franka_robot_state__struct.h
[0.406s] -- Up-to-date: /home/matteo/franka_ros2_ws/install/franka_msgs/include/franka_msgs/franka_msgs/msg/detail/grasp_epsilon__struct.h
[0.406s] -- Up-to-date: /home/matteo/franka_ros2_ws/install/franka_msgs/include/franka_msgs/franka_msgs/msg/detail/franka_robot_state__type_support.h
[0.406s] -- Up-to-date: /home/matteo/franka_ros2_ws/install/franka_msgs/include/franka_msgs/franka_msgs/msg/detail/errors__type_support.h
[0.406s] -- Up-to-date: /home/matteo/franka_ros2_ws/install/franka_msgs/include/franka_msgs/franka_msgs/msg/detail/franka_robot_state__functions.c
[0.406s] -- Up-to-date: /home/matteo/franka_ros2_ws/install/franka_msgs/include/franka_msgs/franka_msgs/msg/detail/errors__functions.h
[0.406s] -- Up-to-date: /home/matteo/franka_ros2_ws/install/franka_msgs/include/franka_msgs/franka_msgs/msg/detail/errors__functions.c
[0.406s] -- Up-to-date: /home/matteo/franka_ros2_ws/install/franka_msgs/include/franka_msgs/franka_msgs/msg/detail/collision_indicators__functions.c
[0.406s] -- Up-to-date: /home/matteo/franka_ros2_ws/install/franka_msgs/include/franka_msgs/franka_msgs/msg/detail/elbow__type_support.h
[0.407s] -- Up-to-date: /home/matteo/franka_ros2_ws/install/franka_msgs/include/franka_msgs/franka_msgs/msg/detail/grasp_epsilon__type_support.h
[0.407s] -- Up-to-date: /home/matteo/franka_ros2_ws/install/franka_msgs/include/franka_msgs/franka_msgs/msg/detail/collision_indicators__functions.h
[0.407s] -- Up-to-date: /home/matteo/franka_ros2_ws/install/franka_msgs/include/franka_msgs/franka_msgs/msg/detail/grasp_epsilon__functions.h
[0.407s] -- Up-to-date: /home/matteo/franka_ros2_ws/install/franka_msgs/include/franka_msgs/franka_msgs/msg/detail/elbow__functions.c
[0.407s] -- Up-to-date: /home/matteo/franka_ros2_ws/install/franka_msgs/include/franka_msgs/franka_msgs/msg/detail/franka_robot_state__functions.h
[0.407s] -- Up-to-date: /home/matteo/franka_ros2_ws/install/franka_msgs/include/franka_msgs/franka_msgs/msg/detail/collision_indicators__struct.h
[0.407s] -- Up-to-date: /home/matteo/franka_ros2_ws/install/franka_msgs/include/franka_msgs/franka_msgs/msg/detail/elbow__functions.h
[0.407s] -- Up-to-date: /home/matteo/franka_ros2_ws/install/franka_msgs/include/franka_msgs/franka_msgs/msg/detail/grasp_epsilon__functions.c
[0.407s] -- Up-to-date: /home/matteo/franka_ros2_ws/install/franka_msgs/include/franka_msgs/franka_msgs/msg/grasp_epsilon.h
[0.407s] -- Up-to-date: /home/matteo/franka_ros2_ws/install/franka_msgs/include/franka_msgs/franka_msgs/msg/elbow.h
[0.407s] -- Up-to-date: /home/matteo/franka_ros2_ws/install/franka_msgs/include/franka_msgs/franka_msgs/msg/errors.h
[0.407s] -- Up-to-date: /home/matteo/franka_ros2_ws/install/franka_msgs/include/franka_msgs/franka_msgs/msg/collision_indicators.h
[0.407s] -- Up-to-date: /home/matteo/franka_ros2_ws/install/franka_msgs/include/franka_msgs/franka_msgs/msg/franka_robot_state.h
[0.407s] -- Up-to-date: /home/matteo/franka_ros2_ws/install/franka_msgs/include/franka_msgs/franka_msgs/action
[0.407s] -- Up-to-date: /home/matteo/franka_ros2_ws/install/franka_msgs/include/franka_msgs/franka_msgs/action/detail
[0.408s] -- Up-to-date: /home/matteo/franka_ros2_ws/install/franka_msgs/include/franka_msgs/franka_msgs/action/detail/homing__functions.h
[0.408s] -- Up-to-date: /home/matteo/franka_ros2_ws/install/franka_msgs/include/franka_msgs/franka_msgs/action/detail/error_recovery__functions.c
[0.408s] -- Up-to-date: /home/matteo/franka_ros2_ws/install/franka_msgs/include/franka_msgs/franka_msgs/action/detail/error_recovery__type_support.h
[0.408s] -- Up-to-date: /home/matteo/franka_ros2_ws/install/franka_msgs/include/franka_msgs/franka_msgs/action/detail/homing__functions.c
[0.408s] -- Up-to-date: /home/matteo/franka_ros2_ws/install/franka_msgs/include/franka_msgs/franka_msgs/action/detail/grasp__functions.c
[0.408s] -- Up-to-date: /home/matteo/franka_ros2_ws/install/franka_msgs/include/franka_msgs/franka_msgs/action/detail/homing__struct.h
[0.408s] -- Up-to-date: /home/matteo/franka_ros2_ws/install/franka_msgs/include/franka_msgs/franka_msgs/action/detail/move__functions.h
[0.408s] -- Up-to-date: /home/matteo/franka_ros2_ws/install/franka_msgs/include/franka_msgs/franka_msgs/action/detail/move__type_support.h
[0.408s] -- Up-to-date: /home/matteo/franka_ros2_ws/install/franka_msgs/include/franka_msgs/franka_msgs/action/detail/move__functions.c
[0.408s] -- Up-to-date: /home/matteo/franka_ros2_ws/install/franka_msgs/include/franka_msgs/franka_msgs/action/detail/error_recovery__struct.h
[0.408s] -- Up-to-date: /home/matteo/franka_ros2_ws/install/franka_msgs/include/franka_msgs/franka_msgs/action/detail/homing__type_support.h
[0.408s] -- Up-to-date: /home/matteo/franka_ros2_ws/install/franka_msgs/include/franka_msgs/franka_msgs/action/detail/grasp__type_support.h
[0.408s] -- Up-to-date: /home/matteo/franka_ros2_ws/install/franka_msgs/include/franka_msgs/franka_msgs/action/detail/error_recovery__functions.h
[0.409s] -- Up-to-date: /home/matteo/franka_ros2_ws/install/franka_msgs/include/franka_msgs/franka_msgs/action/detail/grasp__struct.h
[0.409s] -- Up-to-date: /home/matteo/franka_ros2_ws/install/franka_msgs/include/franka_msgs/franka_msgs/action/detail/move__struct.h
[0.409s] -- Up-to-date: /home/matteo/franka_ros2_ws/install/franka_msgs/include/franka_msgs/franka_msgs/action/detail/grasp__functions.h
[0.409s] -- Up-to-date: /home/matteo/franka_ros2_ws/install/franka_msgs/include/franka_msgs/franka_msgs/action/move.h
[0.409s] -- Up-to-date: /home/matteo/franka_ros2_ws/install/franka_msgs/include/franka_msgs/franka_msgs/action/error_recovery.h
[0.409s] -- Up-to-date: /home/matteo/franka_ros2_ws/install/franka_msgs/include/franka_msgs/franka_msgs/action/homing.h
[0.409s] -- Up-to-date: /home/matteo/franka_ros2_ws/install/franka_msgs/include/franka_msgs/franka_msgs/action/grasp.h
[0.409s] -- Up-to-date: /home/matteo/franka_ros2_ws/install/franka_msgs/include/franka_msgs/franka_msgs/srv
[0.409s] -- Up-to-date: /home/matteo/franka_ros2_ws/install/franka_msgs/include/franka_msgs/franka_msgs/srv/set_tcp_frame.h
[0.409s] -- Up-to-date: /home/matteo/franka_ros2_ws/install/franka_msgs/include/franka_msgs/franka_msgs/srv/set_joint_stiffness.h
[0.409s] -- Up-to-date: /home/matteo/franka_ros2_ws/install/franka_msgs/include/franka_msgs/franka_msgs/srv/detail
[0.409s] -- Up-to-date: /home/matteo/franka_ros2_ws/install/franka_msgs/include/franka_msgs/franka_msgs/srv/detail/set_tcp_frame__type_support.h
[0.409s] -- Up-to-date: /home/matteo/franka_ros2_ws/install/franka_msgs/include/franka_msgs/franka_msgs/srv/detail/set_load__type_support.h
[0.409s] -- Up-to-date: /home/matteo/franka_ros2_ws/install/franka_msgs/include/franka_msgs/franka_msgs/srv/detail/set_full_collision_behavior__type_support.h
[0.409s] -- Up-to-date: /home/matteo/franka_ros2_ws/install/franka_msgs/include/franka_msgs/franka_msgs/srv/detail/set_tcp_frame__functions.c
[0.410s] -- Up-to-date: /home/matteo/franka_ros2_ws/install/franka_msgs/include/franka_msgs/franka_msgs/srv/detail/set_joint_stiffness__functions.h
[0.410s] -- Up-to-date: /home/matteo/franka_ros2_ws/install/franka_msgs/include/franka_msgs/franka_msgs/srv/detail/set_stiffness_frame__functions.c
[0.410s] -- Up-to-date: /home/matteo/franka_ros2_ws/install/franka_msgs/include/franka_msgs/franka_msgs/srv/detail/set_load__functions.h
[0.410s] -- Up-to-date: /home/matteo/franka_ros2_ws/install/franka_msgs/include/franka_msgs/franka_msgs/srv/detail/set_force_torque_collision_behavior__functions.h
[0.410s] -- Up-to-date: /home/matteo/franka_ros2_ws/install/franka_msgs/include/franka_msgs/franka_msgs/srv/detail/set_joint_stiffness__type_support.h
[0.410s] -- Up-to-date: /home/matteo/franka_ros2_ws/install/franka_msgs/include/franka_msgs/franka_msgs/srv/detail/set_full_collision_behavior__functions.h
[0.410s] -- Up-to-date: /home/matteo/franka_ros2_ws/install/franka_msgs/include/franka_msgs/franka_msgs/srv/detail/set_force_torque_collision_behavior__functions.c
[0.410s] -- Up-to-date: /home/matteo/franka_ros2_ws/install/franka_msgs/include/franka_msgs/franka_msgs/srv/detail/set_joint_stiffness__functions.c
[0.410s] -- Up-to-date: /home/matteo/franka_ros2_ws/install/franka_msgs/include/franka_msgs/franka_msgs/srv/detail/set_tcp_frame__struct.h
[0.410s] -- Up-to-date: /home/matteo/franka_ros2_ws/install/franka_msgs/include/franka_msgs/franka_msgs/srv/detail/set_load__struct.h
[0.410s] -- Up-to-date: /home/matteo/franka_ros2_ws/install/franka_msgs/include/franka_msgs/franka_msgs/srv/detail/set_load__functions.c
[0.410s] -- Up-to-date: /home/matteo/franka_ros2_ws/install/franka_msgs/include/franka_msgs/franka_msgs/srv/detail/set_full_collision_behavior__struct.h
[0.411s] -- Up-to-date: /home/matteo/franka_ros2_ws/install/franka_msgs/include/franka_msgs/franka_msgs/srv/detail/set_joint_stiffness__struct.h
[0.411s] -- Up-to-date: /home/matteo/franka_ros2_ws/install/franka_msgs/include/franka_msgs/franka_msgs/srv/detail/set_stiffness_frame__functions.h
[0.411s] -- Up-to-date: /home/matteo/franka_ros2_ws/install/franka_msgs/include/franka_msgs/franka_msgs/srv/detail/set_cartesian_stiffness__type_support.h
[0.411s] -- Up-to-date: /home/matteo/franka_ros2_ws/install/franka_msgs/include/franka_msgs/franka_msgs/srv/detail/set_full_collision_behavior__functions.c
[0.411s] -- Up-to-date: /home/matteo/franka_ros2_ws/install/franka_msgs/include/franka_msgs/franka_msgs/srv/detail/set_cartesian_stiffness__functions.h
[0.411s] -- Up-to-date: /home/matteo/franka_ros2_ws/install/franka_msgs/include/franka_msgs/franka_msgs/srv/detail/set_force_torque_collision_behavior__type_support.h
[0.411s] -- Up-to-date: /home/matteo/franka_ros2_ws/install/franka_msgs/include/franka_msgs/franka_msgs/srv/detail/set_force_torque_collision_behavior__struct.h
[0.411s] -- Up-to-date: /home/matteo/franka_ros2_ws/install/franka_msgs/include/franka_msgs/franka_msgs/srv/detail/set_tcp_frame__functions.h
[0.411s] -- Up-to-date: /home/matteo/franka_ros2_ws/install/franka_msgs/include/franka_msgs/franka_msgs/srv/detail/set_stiffness_frame__struct.h
[0.411s] -- Up-to-date: /home/matteo/franka_ros2_ws/install/franka_msgs/include/franka_msgs/franka_msgs/srv/detail/set_cartesian_stiffness__struct.h
[0.411s] -- Up-to-date: /home/matteo/franka_ros2_ws/install/franka_msgs/include/franka_msgs/franka_msgs/srv/detail/set_stiffness_frame__type_support.h
[0.411s] -- Up-to-date: /home/matteo/franka_ros2_ws/install/franka_msgs/include/franka_msgs/franka_msgs/srv/detail/set_cartesian_stiffness__functions.c
[0.411s] -- Up-to-date: /home/matteo/franka_ros2_ws/install/franka_msgs/include/franka_msgs/franka_msgs/srv/set_load.h
[0.411s] -- Up-to-date: /home/matteo/franka_ros2_ws/install/franka_msgs/include/franka_msgs/franka_msgs/srv/set_cartesian_stiffness.h
[0.411s] -- Up-to-date: /home/matteo/franka_ros2_ws/install/franka_msgs/include/franka_msgs/franka_msgs/srv/set_force_torque_collision_behavior.h
[0.411s] -- Up-to-date: /home/matteo/franka_ros2_ws/install/franka_msgs/include/franka_msgs/franka_msgs/srv/set_stiffness_frame.h
[0.411s] -- Up-to-date: /home/matteo/franka_ros2_ws/install/franka_msgs/include/franka_msgs/franka_msgs/srv/set_full_collision_behavior.h
[0.411s] -- Up-to-date: /home/matteo/franka_ros2_ws/install/franka_msgs/share/franka_msgs/environment/library_path.sh
[0.411s] -- Up-to-date: /home/matteo/franka_ros2_ws/install/franka_msgs/share/franka_msgs/environment/library_path.dsv
[0.411s] -- Up-to-date: /home/matteo/franka_ros2_ws/install/franka_msgs/lib/libfranka_msgs__rosidl_generator_c.so
[0.411s] -- Up-to-date: /home/matteo/franka_ros2_ws/install/franka_msgs/include/franka_msgs/franka_msgs
[0.411s] -- Up-to-date: /home/matteo/franka_ros2_ws/install/franka_msgs/include/franka_msgs/franka_msgs/msg
[0.411s] -- Up-to-date: /home/matteo/franka_ros2_ws/install/franka_msgs/include/franka_msgs/franka_msgs/msg/detail
[0.412s] -- Up-to-date: /home/matteo/franka_ros2_ws/install/franka_msgs/include/franka_msgs/franka_msgs/msg/detail/elbow__rosidl_typesupport_fastrtps_c.h
[0.412s] -- Up-to-date: /home/matteo/franka_ros2_ws/install/franka_msgs/include/franka_msgs/franka_msgs/msg/detail/grasp_epsilon__rosidl_typesupport_fastrtps_c.h
[0.412s] -- Up-to-date: /home/matteo/franka_ros2_ws/install/franka_msgs/include/franka_msgs/franka_msgs/msg/detail/franka_robot_state__rosidl_typesupport_fastrtps_c.h
[0.412s] -- Up-to-date: /home/matteo/franka_ros2_ws/install/franka_msgs/include/franka_msgs/franka_msgs/msg/detail/errors__rosidl_typesupport_fastrtps_c.h
[0.412s] -- Up-to-date: /home/matteo/franka_ros2_ws/install/franka_msgs/include/franka_msgs/franka_msgs/msg/detail/collision_indicators__rosidl_typesupport_fastrtps_c.h
[0.412s] -- Up-to-date: /home/matteo/franka_ros2_ws/install/franka_msgs/include/franka_msgs/franka_msgs/msg/rosidl_typesupport_fastrtps_c__visibility_control.h
[0.412s] -- Up-to-date: /home/matteo/franka_ros2_ws/install/franka_msgs/include/franka_msgs/franka_msgs/action
[0.412s] -- Up-to-date: /home/matteo/franka_ros2_ws/install/franka_msgs/include/franka_msgs/franka_msgs/action/detail
[0.412s] -- Up-to-date: /home/matteo/franka_ros2_ws/install/franka_msgs/include/franka_msgs/franka_msgs/action/detail/homing__rosidl_typesupport_fastrtps_c.h
[0.412s] -- Up-to-date: /home/matteo/franka_ros2_ws/install/franka_msgs/include/franka_msgs/franka_msgs/action/detail/move__rosidl_typesupport_fastrtps_c.h
[0.412s] -- Up-to-date: /home/matteo/franka_ros2_ws/install/franka_msgs/include/franka_msgs/franka_msgs/action/detail/error_recovery__rosidl_typesupport_fastrtps_c.h
[0.412s] -- Up-to-date: /home/matteo/franka_ros2_ws/install/franka_msgs/include/franka_msgs/franka_msgs/action/detail/grasp__rosidl_typesupport_fastrtps_c.h
[0.412s] -- Up-to-date: /home/matteo/franka_ros2_ws/install/franka_msgs/include/franka_msgs/franka_msgs/srv
[0.412s] -- Up-to-date: /home/matteo/franka_ros2_ws/install/franka_msgs/include/franka_msgs/franka_msgs/srv/detail
[0.412s] -- Up-to-date: /home/matteo/franka_ros2_ws/install/franka_msgs/include/franka_msgs/franka_msgs/srv/detail/set_cartesian_stiffness__rosidl_typesupport_fastrtps_c.h
[0.412s] -- Up-to-date: /home/matteo/franka_ros2_ws/install/franka_msgs/include/franka_msgs/franka_msgs/srv/detail/set_force_torque_collision_behavior__rosidl_typesupport_fastrtps_c.h
[0.412s] -- Up-to-date: /home/matteo/franka_ros2_ws/install/franka_msgs/include/franka_msgs/franka_msgs/srv/detail/set_joint_stiffness__rosidl_typesupport_fastrtps_c.h
[0.412s] -- Up-to-date: /home/matteo/franka_ros2_ws/install/franka_msgs/include/franka_msgs/franka_msgs/srv/detail/set_full_collision_behavior__rosidl_typesupport_fastrtps_c.h
[0.412s] -- Up-to-date: /home/matteo/franka_ros2_ws/install/franka_msgs/include/franka_msgs/franka_msgs/srv/detail/set_stiffness_frame__rosidl_typesupport_fastrtps_c.h
[0.412s] -- Up-to-date: /home/matteo/franka_ros2_ws/install/franka_msgs/include/franka_msgs/franka_msgs/srv/detail/set_tcp_frame__rosidl_typesupport_fastrtps_c.h
[0.412s] -- Up-to-date: /home/matteo/franka_ros2_ws/install/franka_msgs/include/franka_msgs/franka_msgs/srv/detail/set_load__rosidl_typesupport_fastrtps_c.h
[0.412s] -- Up-to-date: /home/matteo/franka_ros2_ws/install/franka_msgs/lib/libfranka_msgs__rosidl_typesupport_fastrtps_c.so
[0.412s] -- Up-to-date: /home/matteo/franka_ros2_ws/install/franka_msgs/include/franka_msgs/franka_msgs
[0.412s] -- Up-to-date: /home/matteo/franka_ros2_ws/install/franka_msgs/include/franka_msgs/franka_msgs/msg
[0.412s] -- Up-to-date: /home/matteo/franka_ros2_ws/install/franka_msgs/include/franka_msgs/franka_msgs/msg/detail
[0.412s] -- Up-to-date: /home/matteo/franka_ros2_ws/install/franka_msgs/include/franka_msgs/franka_msgs/msg/detail/grasp_epsilon__type_support.c
[0.412s] -- Up-to-date: /home/matteo/franka_ros2_ws/install/franka_msgs/include/franka_msgs/franka_msgs/msg/detail/errors__type_support.c
[0.412s] -- Up-to-date: /home/matteo/franka_ros2_ws/install/franka_msgs/include/franka_msgs/franka_msgs/msg/detail/franka_robot_state__type_support.c
[0.412s] -- Up-to-date: /home/matteo/franka_ros2_ws/install/franka_msgs/include/franka_msgs/franka_msgs/msg/detail/grasp_epsilon__rosidl_typesupport_introspection_c.h
[0.412s] -- Up-to-date: /home/matteo/franka_ros2_ws/install/franka_msgs/include/franka_msgs/franka_msgs/msg/detail/errors__rosidl_typesupport_introspection_c.h
[0.412s] -- Up-to-date: /home/matteo/franka_ros2_ws/install/franka_msgs/include/franka_msgs/franka_msgs/msg/detail/elbow__type_support.c
[0.413s] -- Up-to-date: /home/matteo/franka_ros2_ws/install/franka_msgs/include/franka_msgs/franka_msgs/msg/detail/collision_indicators__type_support.c
[0.413s] -- Up-to-date: /home/matteo/franka_ros2_ws/install/franka_msgs/include/franka_msgs/franka_msgs/msg/detail/elbow__rosidl_typesupport_introspection_c.h
[0.413s] -- Up-to-date: /home/matteo/franka_ros2_ws/install/franka_msgs/include/franka_msgs/franka_msgs/msg/detail/franka_robot_state__rosidl_typesupport_introspection_c.h
[0.413s] -- Up-to-date: /home/matteo/franka_ros2_ws/install/franka_msgs/include/franka_msgs/franka_msgs/msg/detail/collision_indicators__rosidl_typesupport_introspection_c.h
[0.413s] -- Up-to-date: /home/matteo/franka_ros2_ws/install/franka_msgs/include/franka_msgs/franka_msgs/msg/rosidl_typesupport_introspection_c__visibility_control.h
[0.413s] -- Up-to-date: /home/matteo/franka_ros2_ws/install/franka_msgs/include/franka_msgs/franka_msgs/action
[0.413s] -- Up-to-date: /home/matteo/franka_ros2_ws/install/franka_msgs/include/franka_msgs/franka_msgs/action/detail
[0.413s] -- Up-to-date: /home/matteo/franka_ros2_ws/install/franka_msgs/include/franka_msgs/franka_msgs/action/detail/move__type_support.c
[0.413s] -- Up-to-date: /home/matteo/franka_ros2_ws/install/franka_msgs/include/franka_msgs/franka_msgs/action/detail/move__rosidl_typesupport_introspection_c.h
[0.413s] -- Up-to-date: /home/matteo/franka_ros2_ws/install/franka_msgs/include/franka_msgs/franka_msgs/action/detail/error_recovery__type_support.c
[0.413s] -- Up-to-date: /home/matteo/franka_ros2_ws/install/franka_msgs/include/franka_msgs/franka_msgs/action/detail/error_recovery__rosidl_typesupport_introspection_c.h
[0.413s] -- Up-to-date: /home/matteo/franka_ros2_ws/install/franka_msgs/include/franka_msgs/franka_msgs/action/detail/homing__rosidl_typesupport_introspection_c.h
[0.413s] -- Up-to-date: /home/matteo/franka_ros2_ws/install/franka_msgs/include/franka_msgs/franka_msgs/action/detail/homing__type_support.c
[0.413s] -- Up-to-date: /home/matteo/franka_ros2_ws/install/franka_msgs/include/franka_msgs/franka_msgs/action/detail/grasp__rosidl_typesupport_introspection_c.h
[0.413s] -- Up-to-date: /home/matteo/franka_ros2_ws/install/franka_msgs/include/franka_msgs/franka_msgs/action/detail/grasp__type_support.c
[0.413s] -- Up-to-date: /home/matteo/franka_ros2_ws/install/franka_msgs/include/franka_msgs/franka_msgs/srv
[0.413s] -- Up-to-date: /home/matteo/franka_ros2_ws/install/franka_msgs/include/franka_msgs/franka_msgs/srv/detail
[0.413s] -- Up-to-date: /home/matteo/franka_ros2_ws/install/franka_msgs/include/franka_msgs/franka_msgs/srv/detail/set_full_collision_behavior__rosidl_typesupport_introspection_c.h
[0.413s] -- Up-to-date: /home/matteo/franka_ros2_ws/install/franka_msgs/include/franka_msgs/franka_msgs/srv/detail/set_force_torque_collision_behavior__type_support.c
[0.413s] -- Up-to-date: /home/matteo/franka_ros2_ws/install/franka_msgs/include/franka_msgs/franka_msgs/srv/detail/set_tcp_frame__rosidl_typesupport_introspection_c.h
[0.413s] -- Up-to-date: /home/matteo/franka_ros2_ws/install/franka_msgs/include/franka_msgs/franka_msgs/srv/detail/set_joint_stiffness__rosidl_typesupport_introspection_c.h
[0.413s] -- Up-to-date: /home/matteo/franka_ros2_ws/install/franka_msgs/include/franka_msgs/franka_msgs/srv/detail/set_stiffness_frame__type_support.c
[0.413s] -- Up-to-date: /home/matteo/franka_ros2_ws/install/franka_msgs/include/franka_msgs/franka_msgs/srv/detail/set_cartesian_stiffness__rosidl_typesupport_introspection_c.h
[0.413s] -- Up-to-date: /home/matteo/franka_ros2_ws/install/franka_msgs/include/franka_msgs/franka_msgs/srv/detail/set_tcp_frame__type_support.c
[0.413s] -- Up-to-date: /home/matteo/franka_ros2_ws/install/franka_msgs/include/franka_msgs/franka_msgs/srv/detail/set_full_collision_behavior__type_support.c
[0.413s] -- Up-to-date: /home/matteo/franka_ros2_ws/install/franka_msgs/include/franka_msgs/franka_msgs/srv/detail/set_stiffness_frame__rosidl_typesupport_introspection_c.h
[0.413s] -- Up-to-date: /home/matteo/franka_ros2_ws/install/franka_msgs/include/franka_msgs/franka_msgs/srv/detail/set_load__type_support.c
[0.413s] -- Up-to-date: /home/matteo/franka_ros2_ws/install/franka_msgs/include/franka_msgs/franka_msgs/srv/detail/set_joint_stiffness__type_support.c
[0.413s] -- Up-to-date: /home/matteo/franka_ros2_ws/install/franka_msgs/include/franka_msgs/franka_msgs/srv/detail/set_force_torque_collision_behavior__rosidl_typesupport_introspection_c.h
[0.413s] -- Up-to-date: /home/matteo/franka_ros2_ws/install/franka_msgs/include/franka_msgs/franka_msgs/srv/detail/set_load__rosidl_typesupport_introspection_c.h
[0.413s] -- Up-to-date: /home/matteo/franka_ros2_ws/install/franka_msgs/include/franka_msgs/franka_msgs/srv/detail/set_cartesian_stiffness__type_support.c
[0.413s] -- Up-to-date: /home/matteo/franka_ros2_ws/install/franka_msgs/lib/libfranka_msgs__rosidl_typesupport_introspection_c.so
[0.414s] -- Up-to-date: /home/matteo/franka_ros2_ws/install/franka_msgs/lib/libfranka_msgs__rosidl_typesupport_c.so
[0.414s] -- Up-to-date: /home/matteo/franka_ros2_ws/install/franka_msgs/include/franka_msgs/franka_msgs
[0.414s] -- Up-to-date: /home/matteo/franka_ros2_ws/install/franka_msgs/include/franka_msgs/franka_msgs/msg
[0.414s] -- Up-to-date: /home/matteo/franka_ros2_ws/install/franka_msgs/include/franka_msgs/franka_msgs/msg/collision_indicators.hpp
[0.414s] -- Up-to-date: /home/matteo/franka_ros2_ws/install/franka_msgs/include/franka_msgs/franka_msgs/msg/detail
[0.414s] -- Up-to-date: /home/matteo/franka_ros2_ws/install/franka_msgs/include/franka_msgs/franka_msgs/msg/detail/franka_robot_state__builder.hpp
[0.414s] -- Up-to-date: /home/matteo/franka_ros2_ws/install/franka_msgs/include/franka_msgs/franka_msgs/msg/detail/collision_indicators__struct.hpp
[0.414s] -- Up-to-date: /home/matteo/franka_ros2_ws/install/franka_msgs/include/franka_msgs/franka_msgs/msg/detail/grasp_epsilon__struct.hpp
[0.414s] -- Up-to-date: /home/matteo/franka_ros2_ws/install/franka_msgs/include/franka_msgs/franka_msgs/msg/detail/grasp_epsilon__traits.hpp
[0.414s] -- Up-to-date: /home/matteo/franka_ros2_ws/install/franka_msgs/include/franka_msgs/franka_msgs/msg/detail/grasp_epsilon__builder.hpp
[0.414s] -- Up-to-date: /home/matteo/franka_ros2_ws/install/franka_msgs/include/franka_msgs/franka_msgs/msg/detail/errors__builder.hpp
[0.414s] -- Up-to-date: /home/matteo/franka_ros2_ws/install/franka_msgs/include/franka_msgs/franka_msgs/msg/detail/collision_indicators__type_support.hpp
[0.414s] -- Up-to-date: /home/matteo/franka_ros2_ws/install/franka_msgs/include/franka_msgs/franka_msgs/msg/detail/collision_indicators__builder.hpp
[0.414s] -- Up-to-date: /home/matteo/franka_ros2_ws/install/franka_msgs/include/franka_msgs/franka_msgs/msg/detail/elbow__struct.hpp
[0.414s] -- Up-to-date: /home/matteo/franka_ros2_ws/install/franka_msgs/include/franka_msgs/franka_msgs/msg/detail/franka_robot_state__traits.hpp
[0.414s] -- Up-to-date: /home/matteo/franka_ros2_ws/install/franka_msgs/include/franka_msgs/franka_msgs/msg/detail/errors__type_support.hpp
[0.414s] -- Up-to-date: /home/matteo/franka_ros2_ws/install/franka_msgs/include/franka_msgs/franka_msgs/msg/detail/collision_indicators__traits.hpp
[0.414s] -- Up-to-date: /home/matteo/franka_ros2_ws/install/franka_msgs/include/franka_msgs/franka_msgs/msg/detail/errors__traits.hpp
[0.414s] -- Up-to-date: /home/matteo/franka_ros2_ws/install/franka_msgs/include/franka_msgs/franka_msgs/msg/detail/elbow__traits.hpp
[0.414s] -- Up-to-date: /home/matteo/franka_ros2_ws/install/franka_msgs/include/franka_msgs/franka_msgs/msg/detail/elbow__builder.hpp
[0.414s] -- Up-to-date: /home/matteo/franka_ros2_ws/install/franka_msgs/include/franka_msgs/franka_msgs/msg/detail/franka_robot_state__type_support.hpp
[0.414s] -- Up-to-date: /home/matteo/franka_ros2_ws/install/franka_msgs/include/franka_msgs/franka_msgs/msg/detail/errors__struct.hpp
[0.414s] -- Up-to-date: /home/matteo/franka_ros2_ws/install/franka_msgs/include/franka_msgs/franka_msgs/msg/detail/grasp_epsilon__type_support.hpp
[0.414s] -- Up-to-date: /home/matteo/franka_ros2_ws/install/franka_msgs/include/franka_msgs/franka_msgs/msg/detail/elbow__type_support.hpp
[0.414s] -- Up-to-date: /home/matteo/franka_ros2_ws/install/franka_msgs/include/franka_msgs/franka_msgs/msg/detail/franka_robot_state__struct.hpp
[0.414s] -- Up-to-date: /home/matteo/franka_ros2_ws/install/franka_msgs/include/franka_msgs/franka_msgs/msg/franka_robot_state.hpp
[0.414s] -- Up-to-date: /home/matteo/franka_ros2_ws/install/franka_msgs/include/franka_msgs/franka_msgs/msg/grasp_epsilon.hpp
[0.414s] -- Up-to-date: /home/matteo/franka_ros2_ws/install/franka_msgs/include/franka_msgs/franka_msgs/msg/errors.hpp
[0.414s] -- Up-to-date: /home/matteo/franka_ros2_ws/install/franka_msgs/include/franka_msgs/franka_msgs/msg/elbow.hpp
[0.414s] -- Up-to-date: /home/matteo/franka_ros2_ws/install/franka_msgs/include/franka_msgs/franka_msgs/msg/rosidl_generator_cpp__visibility_control.hpp
[0.414s] -- Up-to-date: /home/matteo/franka_ros2_ws/install/franka_msgs/include/franka_msgs/franka_msgs/action
[0.414s] -- Up-to-date: /home/matteo/franka_ros2_ws/install/franka_msgs/include/franka_msgs/franka_msgs/action/grasp.hpp
[0.414s] -- Up-to-date: /home/matteo/franka_ros2_ws/install/franka_msgs/include/franka_msgs/franka_msgs/action/move.hpp
[0.415s] -- Up-to-date: /home/matteo/franka_ros2_ws/install/franka_msgs/include/franka_msgs/franka_msgs/action/detail
[0.415s] -- Up-to-date: /home/matteo/franka_ros2_ws/install/franka_msgs/include/franka_msgs/franka_msgs/action/detail/move__type_support.hpp
[0.415s] -- Up-to-date: /home/matteo/franka_ros2_ws/install/franka_msgs/include/franka_msgs/franka_msgs/action/detail/homing__type_support.hpp
[0.415s] -- Up-to-date: /home/matteo/franka_ros2_ws/install/franka_msgs/include/franka_msgs/franka_msgs/action/detail/grasp__struct.hpp
[0.415s] -- Up-to-date: /home/matteo/franka_ros2_ws/install/franka_msgs/include/franka_msgs/franka_msgs/action/detail/error_recovery__traits.hpp
[0.415s] -- Up-to-date: /home/matteo/franka_ros2_ws/install/franka_msgs/include/franka_msgs/franka_msgs/action/detail/move__builder.hpp
[0.415s] -- Up-to-date: /home/matteo/franka_ros2_ws/install/franka_msgs/include/franka_msgs/franka_msgs/action/detail/error_recovery__type_support.hpp
[0.415s] -- Up-to-date: /home/matteo/franka_ros2_ws/install/franka_msgs/include/franka_msgs/franka_msgs/action/detail/error_recovery__struct.hpp
[0.415s] -- Up-to-date: /home/matteo/franka_ros2_ws/install/franka_msgs/include/franka_msgs/franka_msgs/action/detail/homing__traits.hpp
[0.415s] -- Up-to-date: /home/matteo/franka_ros2_ws/install/franka_msgs/include/franka_msgs/franka_msgs/action/detail/homing__struct.hpp
[0.415s] -- Up-to-date: /home/matteo/franka_ros2_ws/install/franka_msgs/include/franka_msgs/franka_msgs/action/detail/grasp__type_support.hpp
[0.415s] -- Up-to-date: /home/matteo/franka_ros2_ws/install/franka_msgs/include/franka_msgs/franka_msgs/action/detail/move__struct.hpp
[0.415s] -- Up-to-date: /home/matteo/franka_ros2_ws/install/franka_msgs/include/franka_msgs/franka_msgs/action/detail/error_recovery__builder.hpp
[0.415s] -- Up-to-date: /home/matteo/franka_ros2_ws/install/franka_msgs/include/franka_msgs/franka_msgs/action/detail/grasp__traits.hpp
[0.415s] -- Up-to-date: /home/matteo/franka_ros2_ws/install/franka_msgs/include/franka_msgs/franka_msgs/action/detail/grasp__builder.hpp
[0.415s] -- Up-to-date: /home/matteo/franka_ros2_ws/install/franka_msgs/include/franka_msgs/franka_msgs/action/detail/homing__builder.hpp
[0.415s] -- Up-to-date: /home/matteo/franka_ros2_ws/install/franka_msgs/include/franka_msgs/franka_msgs/action/detail/move__traits.hpp
[0.415s] -- Up-to-date: /home/matteo/franka_ros2_ws/install/franka_msgs/include/franka_msgs/franka_msgs/action/homing.hpp
[0.415s] -- Up-to-date: /home/matteo/franka_ros2_ws/install/franka_msgs/include/franka_msgs/franka_msgs/action/error_recovery.hpp
[0.415s] -- Up-to-date: /home/matteo/franka_ros2_ws/install/franka_msgs/include/franka_msgs/franka_msgs/srv
[0.415s] -- Up-to-date: /home/matteo/franka_ros2_ws/install/franka_msgs/include/franka_msgs/franka_msgs/srv/set_tcp_frame.hpp
[0.415s] -- Up-to-date: /home/matteo/franka_ros2_ws/install/franka_msgs/include/franka_msgs/franka_msgs/srv/set_joint_stiffness.hpp
[0.415s] -- Up-to-date: /home/matteo/franka_ros2_ws/install/franka_msgs/include/franka_msgs/franka_msgs/srv/detail
[0.415s] -- Up-to-date: /home/matteo/franka_ros2_ws/install/franka_msgs/include/franka_msgs/franka_msgs/srv/detail/set_cartesian_stiffness__type_support.hpp
[0.415s] -- Up-to-date: /home/matteo/franka_ros2_ws/install/franka_msgs/include/franka_msgs/franka_msgs/srv/detail/set_stiffness_frame__type_support.hpp
[0.415s] -- Up-to-date: /home/matteo/franka_ros2_ws/install/franka_msgs/include/franka_msgs/franka_msgs/srv/detail/set_stiffness_frame__builder.hpp
[0.415s] -- Up-to-date: /home/matteo/franka_ros2_ws/install/franka_msgs/include/franka_msgs/franka_msgs/srv/detail/set_full_collision_behavior__type_support.hpp
[0.415s] -- Up-to-date: /home/matteo/franka_ros2_ws/install/franka_msgs/include/franka_msgs/franka_msgs/srv/detail/set_load__struct.hpp
[0.415s] -- Up-to-date: /home/matteo/franka_ros2_ws/install/franka_msgs/include/franka_msgs/franka_msgs/srv/detail/set_load__traits.hpp
[0.415s] -- Up-to-date: /home/matteo/franka_ros2_ws/install/franka_msgs/include/franka_msgs/franka_msgs/srv/detail/set_force_torque_collision_behavior__type_support.hpp
[0.415s] -- Up-to-date: /home/matteo/franka_ros2_ws/install/franka_msgs/include/franka_msgs/franka_msgs/srv/detail/set_cartesian_stiffness__traits.hpp
[0.415s] -- Up-to-date: /home/matteo/franka_ros2_ws/install/franka_msgs/include/franka_msgs/franka_msgs/srv/detail/set_full_collision_behavior__builder.hpp
[0.415s] -- Up-to-date: /home/matteo/franka_ros2_ws/install/franka_msgs/include/franka_msgs/franka_msgs/srv/detail/set_joint_stiffness__builder.hpp
[0.415s] -- Up-to-date: /home/matteo/franka_ros2_ws/install/franka_msgs/include/franka_msgs/franka_msgs/srv/detail/set_load__type_support.hpp
[0.415s] -- Up-to-date: /home/matteo/franka_ros2_ws/install/franka_msgs/include/franka_msgs/franka_msgs/srv/detail/set_tcp_frame__builder.hpp
[0.415s] -- Up-to-date: /home/matteo/franka_ros2_ws/install/franka_msgs/include/franka_msgs/franka_msgs/srv/detail/set_cartesian_stiffness__struct.hpp
[0.415s] -- Up-to-date: /home/matteo/franka_ros2_ws/install/franka_msgs/include/franka_msgs/franka_msgs/srv/detail/set_joint_stiffness__traits.hpp
[0.415s] -- Up-to-date: /home/matteo/franka_ros2_ws/install/franka_msgs/include/franka_msgs/franka_msgs/srv/detail/set_full_collision_behavior__struct.hpp
[0.415s] -- Up-to-date: /home/matteo/franka_ros2_ws/install/franka_msgs/include/franka_msgs/franka_msgs/srv/detail/set_force_torque_collision_behavior__traits.hpp
[0.415s] -- Up-to-date: /home/matteo/franka_ros2_ws/install/franka_msgs/include/franka_msgs/franka_msgs/srv/detail/set_force_torque_collision_behavior__builder.hpp
[0.415s] -- Up-to-date: /home/matteo/franka_ros2_ws/install/franka_msgs/include/franka_msgs/franka_msgs/srv/detail/set_joint_stiffness__type_support.hpp
[0.415s] -- Up-to-date: /home/matteo/franka_ros2_ws/install/franka_msgs/include/franka_msgs/franka_msgs/srv/detail/set_tcp_frame__traits.hpp
[0.415s] -- Up-to-date: /home/matteo/franka_ros2_ws/install/franka_msgs/include/franka_msgs/franka_msgs/srv/detail/set_stiffness_frame__traits.hpp
[0.415s] -- Up-to-date: /home/matteo/franka_ros2_ws/install/franka_msgs/include/franka_msgs/franka_msgs/srv/detail/set_full_collision_behavior__traits.hpp
[0.415s] -- Up-to-date: /home/matteo/franka_ros2_ws/install/franka_msgs/include/franka_msgs/franka_msgs/srv/detail/set_load__builder.hpp
[0.416s] -- Up-to-date: /home/matteo/franka_ros2_ws/install/franka_msgs/include/franka_msgs/franka_msgs/srv/detail/set_tcp_frame__type_support.hpp
[0.416s] -- Up-to-date: /home/matteo/franka_ros2_ws/install/franka_msgs/include/franka_msgs/franka_msgs/srv/detail/set_joint_stiffness__struct.hpp
[0.416s] -- Up-to-date: /home/matteo/franka_ros2_ws/install/franka_msgs/include/franka_msgs/franka_msgs/srv/detail/set_tcp_frame__struct.hpp
[0.416s] -- Up-to-date: /home/matteo/franka_ros2_ws/install/franka_msgs/include/franka_msgs/franka_msgs/srv/detail/set_cartesian_stiffness__builder.hpp
[0.416s] -- Up-to-date: /home/matteo/franka_ros2_ws/install/franka_msgs/include/franka_msgs/franka_msgs/srv/detail/set_force_torque_collision_behavior__struct.hpp
[0.416s] -- Up-to-date: /home/matteo/franka_ros2_ws/install/franka_msgs/include/franka_msgs/franka_msgs/srv/detail/set_stiffness_frame__struct.hpp
[0.416s] -- Up-to-date: /home/matteo/franka_ros2_ws/install/franka_msgs/include/franka_msgs/franka_msgs/srv/set_cartesian_stiffness.hpp
[0.416s] -- Up-to-date: /home/matteo/franka_ros2_ws/install/franka_msgs/include/franka_msgs/franka_msgs/srv/set_load.hpp
[0.416s] -- Up-to-date: /home/matteo/franka_ros2_ws/install/franka_msgs/include/franka_msgs/franka_msgs/srv/set_stiffness_frame.hpp
[0.416s] -- Up-to-date: /home/matteo/franka_ros2_ws/install/franka_msgs/include/franka_msgs/franka_msgs/srv/set_force_torque_collision_behavior.hpp
[0.416s] -- Up-to-date: /home/matteo/franka_ros2_ws/install/franka_msgs/include/franka_msgs/franka_msgs/srv/set_full_collision_behavior.hpp
[0.416s] -- Up-to-date: /home/matteo/franka_ros2_ws/install/franka_msgs/include/franka_msgs/franka_msgs
[0.416s] -- Up-to-date: /home/matteo/franka_ros2_ws/install/franka_msgs/include/franka_msgs/franka_msgs/msg
[0.416s] -- Up-to-date: /home/matteo/franka_ros2_ws/install/franka_msgs/include/franka_msgs/franka_msgs/msg/detail
[0.416s] -- Up-to-date: /home/matteo/franka_ros2_ws/install/franka_msgs/include/franka_msgs/franka_msgs/msg/detail/dds_fastrtps
[0.416s] -- Up-to-date: /home/matteo/franka_ros2_ws/install/franka_msgs/include/franka_msgs/franka_msgs/msg/detail/errors__rosidl_typesupport_fastrtps_cpp.hpp
[0.416s] -- Up-to-date: /home/matteo/franka_ros2_ws/install/franka_msgs/include/franka_msgs/franka_msgs/msg/detail/collision_indicators__rosidl_typesupport_fastrtps_cpp.hpp
[0.416s] -- Up-to-date: /home/matteo/franka_ros2_ws/install/franka_msgs/include/franka_msgs/franka_msgs/msg/detail/grasp_epsilon__rosidl_typesupport_fastrtps_cpp.hpp
[0.416s] -- Up-to-date: /home/matteo/franka_ros2_ws/install/franka_msgs/include/franka_msgs/franka_msgs/msg/detail/franka_robot_state__rosidl_typesupport_fastrtps_cpp.hpp
[0.416s] -- Up-to-date: /home/matteo/franka_ros2_ws/install/franka_msgs/include/franka_msgs/franka_msgs/msg/detail/elbow__rosidl_typesupport_fastrtps_cpp.hpp
[0.416s] -- Up-to-date: /home/matteo/franka_ros2_ws/install/franka_msgs/include/franka_msgs/franka_msgs/msg/rosidl_typesupport_fastrtps_cpp__visibility_control.h
[0.416s] -- Up-to-date: /home/matteo/franka_ros2_ws/install/franka_msgs/include/franka_msgs/franka_msgs/action
[0.416s] -- Up-to-date: /home/matteo/franka_ros2_ws/install/franka_msgs/include/franka_msgs/franka_msgs/action/detail
[0.416s] -- Up-to-date: /home/matteo/franka_ros2_ws/install/franka_msgs/include/franka_msgs/franka_msgs/action/detail/dds_fastrtps
[0.416s] -- Up-to-date: /home/matteo/franka_ros2_ws/install/franka_msgs/include/franka_msgs/franka_msgs/action/detail/move__rosidl_typesupport_fastrtps_cpp.hpp
[0.416s] -- Up-to-date: /home/matteo/franka_ros2_ws/install/franka_msgs/include/franka_msgs/franka_msgs/action/detail/error_recovery__rosidl_typesupport_fastrtps_cpp.hpp
[0.416s] -- Up-to-date: /home/matteo/franka_ros2_ws/install/franka_msgs/include/franka_msgs/franka_msgs/action/detail/grasp__rosidl_typesupport_fastrtps_cpp.hpp
[0.416s] -- Up-to-date: /home/matteo/franka_ros2_ws/install/franka_msgs/include/franka_msgs/franka_msgs/action/detail/homing__rosidl_typesupport_fastrtps_cpp.hpp
[0.416s] -- Up-to-date: /home/matteo/franka_ros2_ws/install/franka_msgs/include/franka_msgs/franka_msgs/srv
[0.416s] -- Up-to-date: /home/matteo/franka_ros2_ws/install/franka_msgs/include/franka_msgs/franka_msgs/srv/detail
[0.416s] -- Up-to-date: /home/matteo/franka_ros2_ws/install/franka_msgs/include/franka_msgs/franka_msgs/srv/detail/dds_fastrtps
[0.416s] -- Up-to-date: /home/matteo/franka_ros2_ws/install/franka_msgs/include/franka_msgs/franka_msgs/srv/detail/set_load__rosidl_typesupport_fastrtps_cpp.hpp
[0.416s] -- Up-to-date: /home/matteo/franka_ros2_ws/install/franka_msgs/include/franka_msgs/franka_msgs/srv/detail/set_joint_stiffness__rosidl_typesupport_fastrtps_cpp.hpp
[0.416s] -- Up-to-date: /home/matteo/franka_ros2_ws/install/franka_msgs/include/franka_msgs/franka_msgs/srv/detail/set_stiffness_frame__rosidl_typesupport_fastrtps_cpp.hpp
[0.416s] -- Up-to-date: /home/matteo/franka_ros2_ws/install/franka_msgs/include/franka_msgs/franka_msgs/srv/detail/set_full_collision_behavior__rosidl_typesupport_fastrtps_cpp.hpp
[0.416s] -- Up-to-date: /home/matteo/franka_ros2_ws/install/franka_msgs/include/franka_msgs/franka_msgs/srv/detail/set_cartesian_stiffness__rosidl_typesupport_fastrtps_cpp.hpp
[0.416s] -- Up-to-date: /home/matteo/franka_ros2_ws/install/franka_msgs/include/franka_msgs/franka_msgs/srv/detail/set_force_torque_collision_behavior__rosidl_typesupport_fastrtps_cpp.hpp
[0.416s] -- Up-to-date: /home/matteo/franka_ros2_ws/install/franka_msgs/include/franka_msgs/franka_msgs/srv/detail/set_tcp_frame__rosidl_typesupport_fastrtps_cpp.hpp
[0.416s] -- Up-to-date: /home/matteo/franka_ros2_ws/install/franka_msgs/lib/libfranka_msgs__rosidl_typesupport_fastrtps_cpp.so
[0.416s] -- Up-to-date: /home/matteo/franka_ros2_ws/install/franka_msgs/include/franka_msgs/franka_msgs
[0.416s] -- Up-to-date: /home/matteo/franka_ros2_ws/install/franka_msgs/include/franka_msgs/franka_msgs/msg
[0.416s] -- Up-to-date: /home/matteo/franka_ros2_ws/install/franka_msgs/include/franka_msgs/franka_msgs/msg/detail
[0.416s] -- Up-to-date: /home/matteo/franka_ros2_ws/install/franka_msgs/include/franka_msgs/franka_msgs/msg/detail/errors__type_support.cpp
[0.416s] -- Up-to-date: /home/matteo/franka_ros2_ws/install/franka_msgs/include/franka_msgs/franka_msgs/msg/detail/elbow__rosidl_typesupport_introspection_cpp.hpp
[0.416s] -- Up-to-date: /home/matteo/franka_ros2_ws/install/franka_msgs/include/franka_msgs/franka_msgs/msg/detail/grasp_epsilon__rosidl_typesupport_introspection_cpp.hpp
[0.417s] -- Up-to-date: /home/matteo/franka_ros2_ws/install/franka_msgs/include/franka_msgs/franka_msgs/msg/detail/elbow__type_support.cpp
[0.417s] -- Up-to-date: /home/matteo/franka_ros2_ws/install/franka_msgs/include/franka_msgs/franka_msgs/msg/detail/collision_indicators__rosidl_typesupport_introspection_cpp.hpp
[0.417s] -- Up-to-date: /home/matteo/franka_ros2_ws/install/franka_msgs/include/franka_msgs/franka_msgs/msg/detail/errors__rosidl_typesupport_introspection_cpp.hpp
[0.417s] -- Up-to-date: /home/matteo/franka_ros2_ws/install/franka_msgs/include/franka_msgs/franka_msgs/msg/detail/collision_indicators__type_support.cpp
[0.417s] -- Up-to-date: /home/matteo/franka_ros2_ws/install/franka_msgs/include/franka_msgs/franka_msgs/msg/detail/franka_robot_state__type_support.cpp
[0.417s] -- Up-to-date: /home/matteo/franka_ros2_ws/install/franka_msgs/include/franka_msgs/franka_msgs/msg/detail/franka_robot_state__rosidl_typesupport_introspection_cpp.hpp
[0.417s] -- Up-to-date: /home/matteo/franka_ros2_ws/install/franka_msgs/include/franka_msgs/franka_msgs/msg/detail/grasp_epsilon__type_support.cpp
[0.417s] -- Up-to-date: /home/matteo/franka_ros2_ws/install/franka_msgs/include/franka_msgs/franka_msgs/action
[0.417s] -- Up-to-date: /home/matteo/franka_ros2_ws/install/franka_msgs/include/franka_msgs/franka_msgs/action/detail
[0.417s] -- Up-to-date: /home/matteo/franka_ros2_ws/install/franka_msgs/include/franka_msgs/franka_msgs/action/detail/homing__type_support.cpp
[0.417s] -- Up-to-date: /home/matteo/franka_ros2_ws/install/franka_msgs/include/franka_msgs/franka_msgs/action/detail/move__type_support.cpp
[0.417s] -- Up-to-date: /home/matteo/franka_ros2_ws/install/franka_msgs/include/franka_msgs/franka_msgs/action/detail/move__rosidl_typesupport_introspection_cpp.hpp
[0.417s] -- Up-to-date: /home/matteo/franka_ros2_ws/install/franka_msgs/include/franka_msgs/franka_msgs/action/detail/homing__rosidl_typesupport_introspection_cpp.hpp
[0.417s] -- Up-to-date: /home/matteo/franka_ros2_ws/install/franka_msgs/include/franka_msgs/franka_msgs/action/detail/error_recovery__type_support.cpp
[0.417s] -- Up-to-date: /home/matteo/franka_ros2_ws/install/franka_msgs/include/franka_msgs/franka_msgs/action/detail/grasp__rosidl_typesupport_introspection_cpp.hpp
[0.417s] -- Up-to-date: /home/matteo/franka_ros2_ws/install/franka_msgs/include/franka_msgs/franka_msgs/action/detail/error_recovery__rosidl_typesupport_introspection_cpp.hpp
[0.417s] -- Up-to-date: /home/matteo/franka_ros2_ws/install/franka_msgs/include/franka_msgs/franka_msgs/action/detail/grasp__type_support.cpp
[0.417s] -- Up-to-date: /home/matteo/franka_ros2_ws/install/franka_msgs/include/franka_msgs/franka_msgs/srv
[0.417s] -- Up-to-date: /home/matteo/franka_ros2_ws/install/franka_msgs/include/franka_msgs/franka_msgs/srv/detail
[0.417s] -- Up-to-date: /home/matteo/franka_ros2_ws/install/franka_msgs/include/franka_msgs/franka_msgs/srv/detail/set_stiffness_frame__rosidl_typesupport_introspection_cpp.hpp
[0.417s] -- Up-to-date: /home/matteo/franka_ros2_ws/install/franka_msgs/include/franka_msgs/franka_msgs/srv/detail/set_tcp_frame__rosidl_typesupport_introspection_cpp.hpp
[0.417s] -- Up-to-date: /home/matteo/franka_ros2_ws/install/franka_msgs/include/franka_msgs/franka_msgs/srv/detail/set_cartesian_stiffness__rosidl_typesupport_introspection_cpp.hpp
[0.417s] -- Up-to-date: /home/matteo/franka_ros2_ws/install/franka_msgs/include/franka_msgs/franka_msgs/srv/detail/set_full_collision_behavior__rosidl_typesupport_introspection_cpp.hpp
[0.417s] -- Up-to-date: /home/matteo/franka_ros2_ws/install/franka_msgs/include/franka_msgs/franka_msgs/srv/detail/set_load__type_support.cpp
[0.417s] -- Up-to-date: /home/matteo/franka_ros2_ws/install/franka_msgs/include/franka_msgs/franka_msgs/srv/detail/set_force_torque_collision_behavior__rosidl_typesupport_introspection_cpp.hpp
[0.417s] -- Up-to-date: /home/matteo/franka_ros2_ws/install/franka_msgs/include/franka_msgs/franka_msgs/srv/detail/set_cartesian_stiffness__type_support.cpp
[0.417s] -- Up-to-date: /home/matteo/franka_ros2_ws/install/franka_msgs/include/franka_msgs/franka_msgs/srv/detail/set_stiffness_frame__type_support.cpp
[0.417s] -- Up-to-date: /home/matteo/franka_ros2_ws/install/franka_msgs/include/franka_msgs/franka_msgs/srv/detail/set_tcp_frame__type_support.cpp
[0.417s] -- Up-to-date: /home/matteo/franka_ros2_ws/install/franka_msgs/include/franka_msgs/franka_msgs/srv/detail/set_force_torque_collision_behavior__type_support.cpp
[0.417s] -- Up-to-date: /home/matteo/franka_ros2_ws/install/franka_msgs/include/franka_msgs/franka_msgs/srv/detail/set_full_collision_behavior__type_support.cpp
[0.417s] -- Up-to-date: /home/matteo/franka_ros2_ws/install/franka_msgs/include/franka_msgs/franka_msgs/srv/detail/set_load__rosidl_typesupport_introspection_cpp.hpp
[0.417s] -- Up-to-date: /home/matteo/franka_ros2_ws/install/franka_msgs/include/franka_msgs/franka_msgs/srv/detail/set_joint_stiffness__rosidl_typesupport_introspection_cpp.hpp
[0.417s] -- Up-to-date: /home/matteo/franka_ros2_ws/install/franka_msgs/include/franka_msgs/franka_msgs/srv/detail/set_joint_stiffness__type_support.cpp
[0.417s] -- Up-to-date: /home/matteo/franka_ros2_ws/install/franka_msgs/lib/libfranka_msgs__rosidl_typesupport_introspection_cpp.so
[0.417s] -- Up-to-date: /home/matteo/franka_ros2_ws/install/franka_msgs/lib/libfranka_msgs__rosidl_typesupport_cpp.so
[0.417s] -- Up-to-date: /home/matteo/franka_ros2_ws/install/franka_msgs/share/franka_msgs/environment/pythonpath.sh
[0.417s] -- Up-to-date: /home/matteo/franka_ros2_ws/install/franka_msgs/share/franka_msgs/environment/pythonpath.dsv
[0.417s] -- Up-to-date: /home/matteo/franka_ros2_ws/install/franka_msgs/local/lib/python3.10/dist-packages/franka_msgs-1.0.0-py3.10.egg-info
[0.417s] -- Installing: /home/matteo/franka_ros2_ws/install/franka_msgs/local/lib/python3.10/dist-packages/franka_msgs-1.0.0-py3.10.egg-info/PKG-INFO
[0.417s] -- Installing: /home/matteo/franka_ros2_ws/install/franka_msgs/local/lib/python3.10/dist-packages/franka_msgs-1.0.0-py3.10.egg-info/top_level.txt
[0.417s] -- Installing: /home/matteo/franka_ros2_ws/install/franka_msgs/local/lib/python3.10/dist-packages/franka_msgs-1.0.0-py3.10.egg-info/dependency_links.txt
[0.417s] -- Installing: /home/matteo/franka_ros2_ws/install/franka_msgs/local/lib/python3.10/dist-packages/franka_msgs-1.0.0-py3.10.egg-info/SOURCES.txt
[0.417s] -- Up-to-date: /home/matteo/franka_ros2_ws/install/franka_msgs/local/lib/python3.10/dist-packages/franka_msgs
[0.417s] -- Up-to-date: /home/matteo/franka_ros2_ws/install/franka_msgs/local/lib/python3.10/dist-packages/franka_msgs/__init__.py
[0.417s] -- Up-to-date: /home/matteo/franka_ros2_ws/install/franka_msgs/local/lib/python3.10/dist-packages/franka_msgs/_franka_msgs_s.ep.rosidl_typesupport_fastrtps_c.c
[0.417s] -- Up-to-date: /home/matteo/franka_ros2_ws/install/franka_msgs/local/lib/python3.10/dist-packages/franka_msgs/franka_msgs_s__rosidl_typesupport_c.cpython-310-x86_64-linux-gnu.so
[0.417s] -- Up-to-date: /home/matteo/franka_ros2_ws/install/franka_msgs/local/lib/python3.10/dist-packages/franka_msgs/msg
[0.417s] -- Up-to-date: /home/matteo/franka_ros2_ws/install/franka_msgs/local/lib/python3.10/dist-packages/franka_msgs/msg/_grasp_epsilon.py
[0.418s] -- Up-to-date: /home/matteo/franka_ros2_ws/install/franka_msgs/local/lib/python3.10/dist-packages/franka_msgs/msg/__init__.py
[0.418s] -- Up-to-date: /home/matteo/franka_ros2_ws/install/franka_msgs/local/lib/python3.10/dist-packages/franka_msgs/msg/_elbow_s.c
[0.418s] -- Up-to-date: /home/matteo/franka_ros2_ws/install/franka_msgs/local/lib/python3.10/dist-packages/franka_msgs/msg/_errors_s.c
[0.418s] -- Up-to-date: /home/matteo/franka_ros2_ws/install/franka_msgs/local/lib/python3.10/dist-packages/franka_msgs/msg/_franka_robot_state_s.c
[0.418s] -- Up-to-date: /home/matteo/franka_ros2_ws/install/franka_msgs/local/lib/python3.10/dist-packages/franka_msgs/msg/_collision_indicators.py
[0.418s] -- Up-to-date: /home/matteo/franka_ros2_ws/install/franka_msgs/local/lib/python3.10/dist-packages/franka_msgs/msg/_grasp_epsilon_s.c
[0.418s] -- Up-to-date: /home/matteo/franka_ros2_ws/install/franka_msgs/local/lib/python3.10/dist-packages/franka_msgs/msg/_franka_robot_state.py
[0.418s] -- Up-to-date: /home/matteo/franka_ros2_ws/install/franka_msgs/local/lib/python3.10/dist-packages/franka_msgs/msg/_elbow.py
[0.418s] -- Up-to-date: /home/matteo/franka_ros2_ws/install/franka_msgs/local/lib/python3.10/dist-packages/franka_msgs/msg/_errors.py
[0.418s] -- Up-to-date: /home/matteo/franka_ros2_ws/install/franka_msgs/local/lib/python3.10/dist-packages/franka_msgs/msg/_collision_indicators_s.c
[0.418s] -- Up-to-date: /home/matteo/franka_ros2_ws/install/franka_msgs/local/lib/python3.10/dist-packages/franka_msgs/action
[0.418s] -- Up-to-date: /home/matteo/franka_ros2_ws/install/franka_msgs/local/lib/python3.10/dist-packages/franka_msgs/action/_error_recovery_s.c
[0.418s] -- Up-to-date: /home/matteo/franka_ros2_ws/install/franka_msgs/local/lib/python3.10/dist-packages/franka_msgs/action/_move_s.c
[0.418s] -- Up-to-date: /home/matteo/franka_ros2_ws/install/franka_msgs/local/lib/python3.10/dist-packages/franka_msgs/action/__init__.py
[0.418s] -- Up-to-date: /home/matteo/franka_ros2_ws/install/franka_msgs/local/lib/python3.10/dist-packages/franka_msgs/action/_grasp.py
[0.418s] -- Up-to-date: /home/matteo/franka_ros2_ws/install/franka_msgs/local/lib/python3.10/dist-packages/franka_msgs/action/_homing.py
[0.418s] -- Up-to-date: /home/matteo/franka_ros2_ws/install/franka_msgs/local/lib/python3.10/dist-packages/franka_msgs/action/_grasp_s.c
[0.418s] -- Up-to-date: /home/matteo/franka_ros2_ws/install/franka_msgs/local/lib/python3.10/dist-packages/franka_msgs/action/_error_recovery.py
[0.418s] -- Up-to-date: /home/matteo/franka_ros2_ws/install/franka_msgs/local/lib/python3.10/dist-packages/franka_msgs/action/_homing_s.c
[0.418s] -- Up-to-date: /home/matteo/franka_ros2_ws/install/franka_msgs/local/lib/python3.10/dist-packages/franka_msgs/action/_move.py
[0.418s] -- Up-to-date: /home/matteo/franka_ros2_ws/install/franka_msgs/local/lib/python3.10/dist-packages/franka_msgs/franka_msgs_s__rosidl_typesupport_fastrtps_c.cpython-310-x86_64-linux-gnu.so
[0.418s] -- Up-to-date: /home/matteo/franka_ros2_ws/install/franka_msgs/local/lib/python3.10/dist-packages/franka_msgs/srv
[0.418s] -- Up-to-date: /home/matteo/franka_ros2_ws/install/franka_msgs/local/lib/python3.10/dist-packages/franka_msgs/srv/_set_full_collision_behavior_s.c
[0.418s] -- Up-to-date: /home/matteo/franka_ros2_ws/install/franka_msgs/local/lib/python3.10/dist-packages/franka_msgs/srv/__init__.py
[0.418s] -- Up-to-date: /home/matteo/franka_ros2_ws/install/franka_msgs/local/lib/python3.10/dist-packages/franka_msgs/srv/_set_force_torque_collision_behavior_s.c
[0.418s] -- Up-to-date: /home/matteo/franka_ros2_ws/install/franka_msgs/local/lib/python3.10/dist-packages/franka_msgs/srv/_set_tcp_frame.py
[0.418s] -- Up-to-date: /home/matteo/franka_ros2_ws/install/franka_msgs/local/lib/python3.10/dist-packages/franka_msgs/srv/_set_load_s.c
[0.418s] -- Up-to-date: /home/matteo/franka_ros2_ws/install/franka_msgs/local/lib/python3.10/dist-packages/franka_msgs/srv/_set_tcp_frame_s.c
[0.418s] -- Up-to-date: /home/matteo/franka_ros2_ws/install/franka_msgs/local/lib/python3.10/dist-packages/franka_msgs/srv/_set_stiffness_frame.py
[0.418s] -- Up-to-date: /home/matteo/franka_ros2_ws/install/franka_msgs/local/lib/python3.10/dist-packages/franka_msgs/srv/_set_cartesian_stiffness.py
[0.418s] -- Up-to-date: /home/matteo/franka_ros2_ws/install/franka_msgs/local/lib/python3.10/dist-packages/franka_msgs/srv/_set_joint_stiffness.py
[0.418s] -- Up-to-date: /home/matteo/franka_ros2_ws/install/franka_msgs/local/lib/python3.10/dist-packages/franka_msgs/srv/_set_cartesian_stiffness_s.c
[0.418s] -- Up-to-date: /home/matteo/franka_ros2_ws/install/franka_msgs/local/lib/python3.10/dist-packages/franka_msgs/srv/_set_load.py
[0.418s] -- Up-to-date: /home/matteo/franka_ros2_ws/install/franka_msgs/local/lib/python3.10/dist-packages/franka_msgs/srv/_set_force_torque_collision_behavior.py
[0.418s] -- Up-to-date: /home/matteo/franka_ros2_ws/install/franka_msgs/local/lib/python3.10/dist-packages/franka_msgs/srv/_set_joint_stiffness_s.c
[0.418s] -- Up-to-date: /home/matteo/franka_ros2_ws/install/franka_msgs/local/lib/python3.10/dist-packages/franka_msgs/srv/_set_full_collision_behavior.py
[0.418s] -- Up-to-date: /home/matteo/franka_ros2_ws/install/franka_msgs/local/lib/python3.10/dist-packages/franka_msgs/srv/_set_stiffness_frame_s.c
[0.418s] -- Up-to-date: /home/matteo/franka_ros2_ws/install/franka_msgs/local/lib/python3.10/dist-packages/franka_msgs/libfranka_msgs__rosidl_generator_py.so
[0.418s] -- Up-to-date: /home/matteo/franka_ros2_ws/install/franka_msgs/local/lib/python3.10/dist-packages/franka_msgs/_franka_msgs_s.ep.rosidl_typesupport_introspection_c.c
[0.418s] -- Up-to-date: /home/matteo/franka_ros2_ws/install/franka_msgs/local/lib/python3.10/dist-packages/franka_msgs/_franka_msgs_s.ep.rosidl_typesupport_c.c
[0.418s] -- Up-to-date: /home/matteo/franka_ros2_ws/install/franka_msgs/local/lib/python3.10/dist-packages/franka_msgs/franka_msgs_s__rosidl_typesupport_introspection_c.cpython-310-x86_64-linux-gnu.so
[0.461s] Listing '/home/matteo/franka_ros2_ws/install/franka_msgs/local/lib/python3.10/dist-packages/franka_msgs'...
[0.461s] Listing '/home/matteo/franka_ros2_ws/install/franka_msgs/local/lib/python3.10/dist-packages/franka_msgs/action'...
[0.461s] Listing '/home/matteo/franka_ros2_ws/install/franka_msgs/local/lib/python3.10/dist-packages/franka_msgs/msg'...
[0.461s] Listing '/home/matteo/franka_ros2_ws/install/franka_msgs/local/lib/python3.10/dist-packages/franka_msgs/srv'...
[0.466s] -- Up-to-date: /home/matteo/franka_ros2_ws/install/franka_msgs/local/lib/python3.10/dist-packages/franka_msgs/franka_msgs_s__rosidl_typesupport_fastrtps_c.cpython-310-x86_64-linux-gnu.so
[0.466s] -- Up-to-date: /home/matteo/franka_ros2_ws/install/franka_msgs/local/lib/python3.10/dist-packages/franka_msgs/franka_msgs_s__rosidl_typesupport_introspection_c.cpython-310-x86_64-linux-gnu.so
[0.466s] -- Up-to-date: /home/matteo/franka_ros2_ws/install/franka_msgs/local/lib/python3.10/dist-packages/franka_msgs/franka_msgs_s__rosidl_typesupport_c.cpython-310-x86_64-linux-gnu.so
[0.466s] -- Up-to-date: /home/matteo/franka_ros2_ws/install/franka_msgs/lib/libfranka_msgs__rosidl_generator_py.so
[0.466s] -- Up-to-date: /home/matteo/franka_ros2_ws/install/franka_msgs/share/franka_msgs/action/ErrorRecovery.idl
[0.466s] -- Up-to-date: /home/matteo/franka_ros2_ws/install/franka_msgs/share/franka_msgs/action/Grasp.idl
[0.467s] -- Up-to-date: /home/matteo/franka_ros2_ws/install/franka_msgs/share/franka_msgs/action/Homing.idl
[0.467s] -- Up-to-date: /home/matteo/franka_ros2_ws/install/franka_msgs/share/franka_msgs/action/Move.idl
[0.467s] -- Up-to-date: /home/matteo/franka_ros2_ws/install/franka_msgs/share/franka_msgs/msg/CollisionIndicators.idl
[0.467s] -- Up-to-date: /home/matteo/franka_ros2_ws/install/franka_msgs/share/franka_msgs/msg/Elbow.idl
[0.467s] -- Up-to-date: /home/matteo/franka_ros2_ws/install/franka_msgs/share/franka_msgs/msg/Errors.idl
[0.467s] -- Up-to-date: /home/matteo/franka_ros2_ws/install/franka_msgs/share/franka_msgs/msg/GraspEpsilon.idl
[0.467s] -- Up-to-date: /home/matteo/franka_ros2_ws/install/franka_msgs/share/franka_msgs/msg/FrankaRobotState.idl
[0.467s] -- Up-to-date: /home/matteo/franka_ros2_ws/install/franka_msgs/share/franka_msgs/srv/SetCartesianStiffness.idl
[0.467s] -- Up-to-date: /home/matteo/franka_ros2_ws/install/franka_msgs/share/franka_msgs/srv/SetTCPFrame.idl
[0.467s] -- Up-to-date: /home/matteo/franka_ros2_ws/install/franka_msgs/share/franka_msgs/srv/SetForceTorqueCollisionBehavior.idl
[0.467s] -- Up-to-date: /home/matteo/franka_ros2_ws/install/franka_msgs/share/franka_msgs/srv/SetFullCollisionBehavior.idl
[0.467s] -- Up-to-date: /home/matteo/franka_ros2_ws/install/franka_msgs/share/franka_msgs/srv/SetJointStiffness.idl
[0.467s] -- Up-to-date: /home/matteo/franka_ros2_ws/install/franka_msgs/share/franka_msgs/srv/SetStiffnessFrame.idl
[0.467s] -- Up-to-date: /home/matteo/franka_ros2_ws/install/franka_msgs/share/franka_msgs/srv/SetLoad.idl
[0.467s] -- Up-to-date: /home/matteo/franka_ros2_ws/install/franka_msgs/share/franka_msgs/action/ErrorRecovery.action
[0.467s] -- Up-to-date: /home/matteo/franka_ros2_ws/install/franka_msgs/share/franka_msgs/action/Grasp.action
[0.467s] -- Up-to-date: /home/matteo/franka_ros2_ws/install/franka_msgs/share/franka_msgs/action/Homing.action
[0.467s] -- Up-to-date: /home/matteo/franka_ros2_ws/install/franka_msgs/share/franka_msgs/action/Move.action
[0.467s] -- Up-to-date: /home/matteo/franka_ros2_ws/install/franka_msgs/share/franka_msgs/msg/CollisionIndicators.msg
[0.467s] -- Up-to-date: /home/matteo/franka_ros2_ws/install/franka_msgs/share/franka_msgs/msg/Elbow.msg
[0.467s] -- Up-to-date: /home/matteo/franka_ros2_ws/install/franka_msgs/share/franka_msgs/msg/Errors.msg
[0.468s] -- Up-to-date: /home/matteo/franka_ros2_ws/install/franka_msgs/share/franka_msgs/msg/GraspEpsilon.msg
[0.468s] -- Up-to-date: /home/matteo/franka_ros2_ws/install/franka_msgs/share/franka_msgs/msg/FrankaRobotState.msg
[0.468s] -- Up-to-date: /home/matteo/franka_ros2_ws/install/franka_msgs/share/franka_msgs/srv/SetCartesianStiffness.srv
[0.468s] -- Up-to-date: /home/matteo/franka_ros2_ws/install/franka_msgs/share/franka_msgs/srv/SetCartesianStiffness_Request.msg
[0.468s] -- Up-to-date: /home/matteo/franka_ros2_ws/install/franka_msgs/share/franka_msgs/srv/SetCartesianStiffness_Response.msg
[0.468s] -- Up-to-date: /home/matteo/franka_ros2_ws/install/franka_msgs/share/franka_msgs/srv/SetTCPFrame.srv
[0.468s] -- Up-to-date: /home/matteo/franka_ros2_ws/install/franka_msgs/share/franka_msgs/srv/SetTCPFrame_Request.msg
[0.468s] -- Up-to-date: /home/matteo/franka_ros2_ws/install/franka_msgs/share/franka_msgs/srv/SetTCPFrame_Response.msg
[0.468s] -- Up-to-date: /home/matteo/franka_ros2_ws/install/franka_msgs/share/franka_msgs/srv/SetForceTorqueCollisionBehavior.srv
[0.468s] -- Up-to-date: /home/matteo/franka_ros2_ws/install/franka_msgs/share/franka_msgs/srv/SetForceTorqueCollisionBehavior_Request.msg
[0.468s] -- Up-to-date: /home/matteo/franka_ros2_ws/install/franka_msgs/share/franka_msgs/srv/SetForceTorqueCollisionBehavior_Response.msg
[0.468s] -- Up-to-date: /home/matteo/franka_ros2_ws/install/franka_msgs/share/franka_msgs/srv/SetFullCollisionBehavior.srv
[0.468s] -- Up-to-date: /home/matteo/franka_ros2_ws/install/franka_msgs/share/franka_msgs/srv/SetFullCollisionBehavior_Request.msg
[0.468s] -- Up-to-date: /home/matteo/franka_ros2_ws/install/franka_msgs/share/franka_msgs/srv/SetFullCollisionBehavior_Response.msg
[0.468s] -- Up-to-date: /home/matteo/franka_ros2_ws/install/franka_msgs/share/franka_msgs/srv/SetJointStiffness.srv
[0.468s] -- Up-to-date: /home/matteo/franka_ros2_ws/install/franka_msgs/share/franka_msgs/srv/SetJointStiffness_Request.msg
[0.468s] -- Up-to-date: /home/matteo/franka_ros2_ws/install/franka_msgs/share/franka_msgs/srv/SetJointStiffness_Response.msg
[0.468s] -- Up-to-date: /home/matteo/franka_ros2_ws/install/franka_msgs/share/franka_msgs/srv/SetStiffnessFrame.srv
[0.468s] -- Up-to-date: /home/matteo/franka_ros2_ws/install/franka_msgs/share/franka_msgs/srv/SetStiffnessFrame_Request.msg
[0.469s] -- Up-to-date: /home/matteo/franka_ros2_ws/install/franka_msgs/share/franka_msgs/srv/SetStiffnessFrame_Response.msg
[0.469s] -- Up-to-date: /home/matteo/franka_ros2_ws/install/franka_msgs/share/franka_msgs/srv/SetLoad.srv
[0.469s] -- Up-to-date: /home/matteo/franka_ros2_ws/install/franka_msgs/share/franka_msgs/srv/SetLoad_Request.msg
[0.469s] -- Up-to-date: /home/matteo/franka_ros2_ws/install/franka_msgs/share/franka_msgs/srv/SetLoad_Response.msg
[0.469s] -- Up-to-date: /home/matteo/franka_ros2_ws/install/franka_msgs/share/ament_index/resource_index/package_run_dependencies/franka_msgs
[0.469s] -- Up-to-date: /home/matteo/franka_ros2_ws/install/franka_msgs/share/ament_index/resource_index/parent_prefix_path/franka_msgs
[0.469s] -- Up-to-date: /home/matteo/franka_ros2_ws/install/franka_msgs/share/franka_msgs/environment/ament_prefix_path.sh
[0.469s] -- Up-to-date: /home/matteo/franka_ros2_ws/install/franka_msgs/share/franka_msgs/environment/ament_prefix_path.dsv
[0.469s] -- Up-to-date: /home/matteo/franka_ros2_ws/install/franka_msgs/share/franka_msgs/environment/path.sh
[0.469s] -- Up-to-date: /home/matteo/franka_ros2_ws/install/franka_msgs/share/franka_msgs/environment/path.dsv
[0.469s] -- Up-to-date: /home/matteo/franka_ros2_ws/install/franka_msgs/share/franka_msgs/local_setup.bash
[0.469s] -- Up-to-date: /home/matteo/franka_ros2_ws/install/franka_msgs/share/franka_msgs/local_setup.sh
[0.469s] -- Up-to-date: /home/matteo/franka_ros2_ws/install/franka_msgs/share/franka_msgs/local_setup.zsh
[0.469s] -- Up-to-date: /home/matteo/franka_ros2_ws/install/franka_msgs/share/franka_msgs/local_setup.dsv
[0.469s] -- Installing: /home/matteo/franka_ros2_ws/install/franka_msgs/share/franka_msgs/package.dsv
[0.469s] -- Up-to-date: /home/matteo/franka_ros2_ws/install/franka_msgs/share/ament_index/resource_index/packages/franka_msgs
[0.470s] -- Up-to-date: /home/matteo/franka_ros2_ws/install/franka_msgs/share/franka_msgs/cmake/export_franka_msgs__rosidl_generator_cExport.cmake
[0.470s] -- Up-to-date: /home/matteo/franka_ros2_ws/install/franka_msgs/share/franka_msgs/cmake/export_franka_msgs__rosidl_generator_cExport-release.cmake
[0.470s] -- Up-to-date: /home/matteo/franka_ros2_ws/install/franka_msgs/share/franka_msgs/cmake/export_franka_msgs__rosidl_typesupport_fastrtps_cExport.cmake
[0.470s] -- Up-to-date: /home/matteo/franka_ros2_ws/install/franka_msgs/share/franka_msgs/cmake/export_franka_msgs__rosidl_typesupport_fastrtps_cExport-release.cmake
[0.470s] -- Up-to-date: /home/matteo/franka_ros2_ws/install/franka_msgs/share/franka_msgs/cmake/franka_msgs__rosidl_typesupport_introspection_cExport.cmake
[0.470s] -- Up-to-date: /home/matteo/franka_ros2_ws/install/franka_msgs/share/franka_msgs/cmake/franka_msgs__rosidl_typesupport_introspection_cExport-release.cmake
[0.470s] -- Up-to-date: /home/matteo/franka_ros2_ws/install/franka_msgs/share/franka_msgs/cmake/franka_msgs__rosidl_typesupport_cExport.cmake
[0.470s] -- Up-to-date: /home/matteo/franka_ros2_ws/install/franka_msgs/share/franka_msgs/cmake/franka_msgs__rosidl_typesupport_cExport-release.cmake
[0.470s] -- Up-to-date: /home/matteo/franka_ros2_ws/install/franka_msgs/share/franka_msgs/cmake/export_franka_msgs__rosidl_generator_cppExport.cmake
[0.470s] -- Up-to-date: /home/matteo/franka_ros2_ws/install/franka_msgs/share/franka_msgs/cmake/export_franka_msgs__rosidl_typesupport_fastrtps_cppExport.cmake
[0.470s] -- Up-to-date: /home/matteo/franka_ros2_ws/install/franka_msgs/share/franka_msgs/cmake/export_franka_msgs__rosidl_typesupport_fastrtps_cppExport-release.cmake
[0.470s] -- Up-to-date: /home/matteo/franka_ros2_ws/install/franka_msgs/share/franka_msgs/cmake/franka_msgs__rosidl_typesupport_introspection_cppExport.cmake
[0.470s] -- Up-to-date: /home/matteo/franka_ros2_ws/install/franka_msgs/share/franka_msgs/cmake/franka_msgs__rosidl_typesupport_introspection_cppExport-release.cmake
[0.471s] -- Up-to-date: /home/matteo/franka_ros2_ws/install/franka_msgs/share/franka_msgs/cmake/franka_msgs__rosidl_typesupport_cppExport.cmake
[0.471s] -- Up-to-date: /home/matteo/franka_ros2_ws/install/franka_msgs/share/franka_msgs/cmake/franka_msgs__rosidl_typesupport_cppExport-release.cmake
[0.471s] -- Up-to-date: /home/matteo/franka_ros2_ws/install/franka_msgs/share/franka_msgs/cmake/export_franka_msgs__rosidl_generator_pyExport.cmake
[0.471s] -- Up-to-date: /home/matteo/franka_ros2_ws/install/franka_msgs/share/franka_msgs/cmake/export_franka_msgs__rosidl_generator_pyExport-release.cmake
[0.471s] -- Up-to-date: /home/matteo/franka_ros2_ws/install/franka_msgs/share/franka_msgs/cmake/rosidl_cmake-extras.cmake
[0.471s] -- Up-to-date: /home/matteo/franka_ros2_ws/install/franka_msgs/share/franka_msgs/cmake/ament_cmake_export_dependencies-extras.cmake
[0.471s] -- Up-to-date: /home/matteo/franka_ros2_ws/install/franka_msgs/share/franka_msgs/cmake/ament_cmake_export_include_directories-extras.cmake
[0.471s] -- Up-to-date: /home/matteo/franka_ros2_ws/install/franka_msgs/share/franka_msgs/cmake/ament_cmake_export_libraries-extras.cmake
[0.471s] -- Up-to-date: /home/matteo/franka_ros2_ws/install/franka_msgs/share/franka_msgs/cmake/ament_cmake_export_targets-extras.cmake
[0.471s] -- Up-to-date: /home/matteo/franka_ros2_ws/install/franka_msgs/share/franka_msgs/cmake/rosidl_cmake_export_typesupport_targets-extras.cmake
[0.471s] -- Up-to-date: /home/matteo/franka_ros2_ws/install/franka_msgs/share/franka_msgs/cmake/rosidl_cmake_export_typesupport_libraries-extras.cmake
[0.471s] -- Up-to-date: /home/matteo/franka_ros2_ws/install/franka_msgs/share/franka_msgs/cmake/franka_msgsConfig.cmake
[0.471s] -- Up-to-date: /home/matteo/franka_ros2_ws/install/franka_msgs/share/franka_msgs/cmake/franka_msgsConfig-version.cmake
[0.471s] -- Up-to-date: /home/matteo/franka_ros2_ws/install/franka_msgs/share/franka_msgs/package.xml
[0.482s] Invoked command in '/home/matteo/franka_ros2_ws/build/franka_msgs' returned '0': CMAKE_PREFIX_PATH=${CMAKE_PREFIX_PATH}:/opt/ros/humble /usr/bin/cmake --install /home/matteo/franka_ros2_ws/build/franka_msgs
