[0.012s] Invoking command in '/home/matteo/franka_ros2_ws/build/franka_robot_state_broadcaster': CMAKE_PREFIX_PATH=/home/matteo/franka_ros2_ws/install/franka_semantic_components:/home/matteo/franka_ros2_ws/install/franka_hardware:/home/matteo/franka_ros2_ws/install/franka_msgs:/home/matteo/franka_ros2_ws/install/cartesian_impedance_control:/home/matteo/franka_ros2_ws/install/admittance_control:/home/matteo/franka_ros2_ws/install/messages_fr3:/home/matteo/franka_ros2_ws/install/joint_trajectory_controller:/home/matteo/franka_ros2_ws/install/integration_launch_testing:/home/matteo/franka_ros2_ws/install/franka_bringup:/home/matteo/franka_ros2_ws/install/franka_robot_state_broadcaster:/home/matteo/franka_ros2_ws/install/franka_example_controllers:/home/matteo/franka_ros2_ws/install/franka_gazebo_bringup:/home/matteo/franka_ros2_ws/install/franka_ign_ros2_control:/home/matteo/franka_ros2_ws/install/franka_fr3_moveit_config:/home/matteo/franka_ros2_ws/install/franka_gripper:/home/matteo/franka_ros2_ws/install/franka_description:/opt/ros/humble LD_LIBRARY_PATH=/home/matteo/franka_ros2_ws/install/franka_semantic_components/lib:/home/matteo/franka_ros2_ws/install/franka_hardware/lib:/home/matteo/franka_ros2_ws/install/franka_msgs/lib:/home/matteo/franka_ros2_ws/install/cartesian_impedance_control/lib:/home/matteo/franka_ros2_ws/install/admittance_control/lib:/home/matteo/franka_ros2_ws/install/messages_fr3/lib:/home/matteo/franka_ros2_ws/install/joint_trajectory_controller/lib:/home/matteo/franka_ros2_ws/install/integration_launch_testing/lib:/home/matteo/franka_ros2_ws/install/franka_robot_state_broadcaster/lib:/home/matteo/franka_ros2_ws/install/franka_example_controllers/lib:/home/matteo/franka_ros2_ws/install/franka_ign_ros2_control/lib:/home/matteo/franka_ros2_ws/install/franka_gripper/lib:/opt/ros/humble/opt/rviz_ogre_vendor/lib:/opt/ros/humble/lib/x86_64-linux-gnu:/opt/ros/humble/lib /usr/bin/cmake /home/matteo/franka_ros2_ws/src/franka_ros2/franka_robot_state_broadcaster -DCMAKE_BUILD_TYPE=Release -DCMAKE_INSTALL_PREFIX=/home/matteo/franka_ros2_ws/install/franka_robot_state_broadcaster
[0.061s] -- The C compiler identification is GNU 11.4.0
[0.111s] -- The CXX compiler identification is GNU 11.4.0
[0.118s] -- Detecting C compiler ABI info
[0.179s] -- Detecting C compiler ABI info - done
[0.186s] -- Check for working C compiler: /usr/bin/cc - skipped
[0.186s] -- Detecting C compile features
[0.186s] -- Detecting C compile features - done
[0.189s] -- Detecting CXX compiler ABI info
[0.260s] -- Detecting CXX compiler ABI info - done
[0.268s] -- Check for working CXX compiler: /usr/bin/c++ - skipped
[0.268s] -- Detecting CXX compile features
[0.268s] -- Detecting CXX compile features - done
[0.271s] -- Found ament_cmake: 1.3.11 (/opt/ros/humble/share/ament_cmake/cmake)
[0.415s] -- Found Python3: /usr/bin/python3 (found version "3.10.12") found components: Interpreter 
[0.504s] -- Found builtin_interfaces: 1.2.1 (/opt/ros/humble/share/builtin_interfaces/cmake)
[0.539s] -- Found rosidl_generator_c: 3.1.6 (/opt/ros/humble/share/rosidl_generator_c/cmake)
[0.543s] -- Found rosidl_adapter: 3.1.6 (/opt/ros/humble/share/rosidl_adapter/cmake)
[0.548s] -- Found rosidl_generator_cpp: 3.1.6 (/opt/ros/humble/share/rosidl_generator_cpp/cmake)
[0.556s] -- Using all available rosidl_typesupport_c: rosidl_typesupport_fastrtps_c;rosidl_typesupport_introspection_c
[0.567s] -- Using all available rosidl_typesupport_cpp: rosidl_typesupport_fastrtps_cpp;rosidl_typesupport_introspection_cpp
[0.577s] -- Found control_msgs: 4.7.0 (/opt/ros/humble/share/control_msgs/cmake)
[0.644s] -- Found controller_interface: 2.48.0 (/opt/ros/humble/share/controller_interface/cmake)
[0.693s] -- Found rmw_implementation_cmake: 6.1.2 (/opt/ros/humble/share/rmw_implementation_cmake/cmake)
[0.695s] -- Found rmw_fastrtps_cpp: 6.2.7 (/opt/ros/humble/share/rmw_fastrtps_cpp/cmake)
[0.710s] -- Found TinyXML2 via Config file: TinyXML2_DIR-NOTFOUND
[0.756s] -- Found OpenSSL: /usr/lib/x86_64-linux-gnu/libcrypto.so (found version "3.0.2")  
[0.758s] -- Found TinyXML2 via Config file: TinyXML2_DIR-NOTFOUND
[0.770s] -- Found FastRTPS: /opt/ros/humble/include  
[0.772s] -- Found TinyXML2 via Config file: TinyXML2_DIR-NOTFOUND
[0.779s] -- Found TinyXML2 via Config file: TinyXML2_DIR-NOTFOUND
[0.790s] -- Using RMW implementation 'rmw_fastrtps_cpp' as default
[0.795s] -- Looking for pthread.h
[0.854s] -- Looking for pthread.h - found
[0.855s] -- Performing Test CMAKE_HAVE_LIBC_PTHREAD
[0.920s] -- Performing Test CMAKE_HAVE_LIBC_PTHREAD - Success
[0.921s] -- Found Threads: TRUE  
[0.954s] -- Found controller_manager: 2.48.0 (/opt/ros/humble/share/controller_manager/cmake)
[0.977s] -- Found franka_msgs: 1.0.0 (/home/matteo/franka_ros2_ws/install/franka_msgs/share/franka_msgs/cmake)
[0.990s] -- Found franka_semantic_components: 1.0.0 (/home/matteo/franka_ros2_ws/install/franka_semantic_components/share/franka_semantic_components/cmake)
[1.014s] -- Found generate_parameter_library: 0.4.0 (/opt/ros/humble/share/generate_parameter_library/cmake)
[1.017s] -- Found parameter_traits: 0.4.0 (/opt/ros/humble/share/parameter_traits/cmake)
[1.038s] -- Found visualization_msgs: 4.2.4 (/opt/ros/humble/share/visualization_msgs/cmake)
[1.109s] -- Found ament_cmake_gmock: 1.3.11 (/opt/ros/humble/share/ament_cmake_gmock/cmake)
[1.111s] -- Found ament_cmake_clang_format: 0.12.11 (/opt/ros/humble/share/ament_cmake_clang_format/cmake)
[1.113s] -- Found ament_cmake_copyright: 0.12.11 (/opt/ros/humble/share/ament_cmake_copyright/cmake)
[1.115s] -- Found ament_cmake_cppcheck: 0.12.11 (/opt/ros/humble/share/ament_cmake_cppcheck/cmake)
[1.117s] -- Found ament_cmake_flake8: 0.12.11 (/opt/ros/humble/share/ament_cmake_flake8/cmake)
[1.118s] -- Found ament_cmake_lint_cmake: 0.12.11 (/opt/ros/humble/share/ament_cmake_lint_cmake/cmake)
[1.121s] -- Found ament_cmake_pep257: 0.12.11 (/opt/ros/humble/share/ament_cmake_pep257/cmake)
[1.123s] -- Found ament_cmake_xmllint: 0.12.11 (/opt/ros/humble/share/ament_cmake_xmllint/cmake)
[1.125s] -- Found ros2_control_test_assets: 2.48.0 (/opt/ros/humble/share/ros2_control_test_assets/cmake)
[1.131s] -- Found gmock sources under '/opt/ros/humble/src/gmock_vendor': C++ tests using 'Google Mock' will be built
[1.136s] -- Found ament_cmake_gtest: 1.3.11 (/opt/ros/humble/share/ament_cmake_gtest/cmake)
[1.136s] -- Found gtest sources under '/opt/ros/humble/src/gtest_vendor': C++ tests using 'Google Test' will be built
[1.156s] -- Found gmock sources under '/opt/ros/humble/src/gmock_vendor': C++ tests using 'Google Mock' will be built
[1.156s] -- Found ament_cmake_gtest: 1.3.11 (/opt/ros/humble/share/ament_cmake_gtest/cmake)
[1.157s] -- Found gtest sources under '/opt/ros/humble/src/gtest_vendor': C++ tests using 'Google Test' will be built
[1.238s] -- Configuring done
[1.311s] -- Generating done
[1.321s] -- Build files have been written to: /home/matteo/franka_ros2_ws/build/franka_robot_state_broadcaster
[1.328s] Invoked command in '/home/matteo/franka_ros2_ws/build/franka_robot_state_broadcaster' returned '0': CMAKE_PREFIX_PATH=/home/matteo/franka_ros2_ws/install/franka_semantic_components:/home/matteo/franka_ros2_ws/install/franka_hardware:/home/matteo/franka_ros2_ws/install/franka_msgs:/home/matteo/franka_ros2_ws/install/cartesian_impedance_control:/home/matteo/franka_ros2_ws/install/admittance_control:/home/matteo/franka_ros2_ws/install/messages_fr3:/home/matteo/franka_ros2_ws/install/joint_trajectory_controller:/home/matteo/franka_ros2_ws/install/integration_launch_testing:/home/matteo/franka_ros2_ws/install/franka_bringup:/home/matteo/franka_ros2_ws/install/franka_robot_state_broadcaster:/home/matteo/franka_ros2_ws/install/franka_example_controllers:/home/matteo/franka_ros2_ws/install/franka_gazebo_bringup:/home/matteo/franka_ros2_ws/install/franka_ign_ros2_control:/home/matteo/franka_ros2_ws/install/franka_fr3_moveit_config:/home/matteo/franka_ros2_ws/install/franka_gripper:/home/matteo/franka_ros2_ws/install/franka_description:/opt/ros/humble LD_LIBRARY_PATH=/home/matteo/franka_ros2_ws/install/franka_semantic_components/lib:/home/matteo/franka_ros2_ws/install/franka_hardware/lib:/home/matteo/franka_ros2_ws/install/franka_msgs/lib:/home/matteo/franka_ros2_ws/install/cartesian_impedance_control/lib:/home/matteo/franka_ros2_ws/install/admittance_control/lib:/home/matteo/franka_ros2_ws/install/messages_fr3/lib:/home/matteo/franka_ros2_ws/install/joint_trajectory_controller/lib:/home/matteo/franka_ros2_ws/install/integration_launch_testing/lib:/home/matteo/franka_ros2_ws/install/franka_robot_state_broadcaster/lib:/home/matteo/franka_ros2_ws/install/franka_example_controllers/lib:/home/matteo/franka_ros2_ws/install/franka_ign_ros2_control/lib:/home/matteo/franka_ros2_ws/install/franka_gripper/lib:/opt/ros/humble/opt/rviz_ogre_vendor/lib:/opt/ros/humble/lib/x86_64-linux-gnu:/opt/ros/humble/lib /usr/bin/cmake /home/matteo/franka_ros2_ws/src/franka_ros2/franka_robot_state_broadcaster -DCMAKE_BUILD_TYPE=Release -DCMAKE_INSTALL_PREFIX=/home/matteo/franka_ros2_ws/install/franka_robot_state_broadcaster
[1.330s] Invoking command in '/home/matteo/franka_ros2_ws/build/franka_robot_state_broadcaster': CMAKE_PREFIX_PATH=/home/matteo/franka_ros2_ws/install/franka_semantic_components:/home/matteo/franka_ros2_ws/install/franka_hardware:/home/matteo/franka_ros2_ws/install/franka_msgs:/home/matteo/franka_ros2_ws/install/cartesian_impedance_control:/home/matteo/franka_ros2_ws/install/admittance_control:/home/matteo/franka_ros2_ws/install/messages_fr3:/home/matteo/franka_ros2_ws/install/joint_trajectory_controller:/home/matteo/franka_ros2_ws/install/integration_launch_testing:/home/matteo/franka_ros2_ws/install/franka_bringup:/home/matteo/franka_ros2_ws/install/franka_robot_state_broadcaster:/home/matteo/franka_ros2_ws/install/franka_example_controllers:/home/matteo/franka_ros2_ws/install/franka_gazebo_bringup:/home/matteo/franka_ros2_ws/install/franka_ign_ros2_control:/home/matteo/franka_ros2_ws/install/franka_fr3_moveit_config:/home/matteo/franka_ros2_ws/install/franka_gripper:/home/matteo/franka_ros2_ws/install/franka_description:/opt/ros/humble LD_LIBRARY_PATH=/home/matteo/franka_ros2_ws/install/franka_semantic_components/lib:/home/matteo/franka_ros2_ws/install/franka_hardware/lib:/home/matteo/franka_ros2_ws/install/franka_msgs/lib:/home/matteo/franka_ros2_ws/install/cartesian_impedance_control/lib:/home/matteo/franka_ros2_ws/install/admittance_control/lib:/home/matteo/franka_ros2_ws/install/messages_fr3/lib:/home/matteo/franka_ros2_ws/install/joint_trajectory_controller/lib:/home/matteo/franka_ros2_ws/install/integration_launch_testing/lib:/home/matteo/franka_ros2_ws/install/franka_robot_state_broadcaster/lib:/home/matteo/franka_ros2_ws/install/franka_example_controllers/lib:/home/matteo/franka_ros2_ws/install/franka_ign_ros2_control/lib:/home/matteo/franka_ros2_ws/install/franka_gripper/lib:/opt/ros/humble/opt/rviz_ogre_vendor/lib:/opt/ros/humble/lib/x86_64-linux-gnu:/opt/ros/humble/lib /usr/bin/cmake --build /home/matteo/franka_ros2_ws/build/franka_robot_state_broadcaster -- -j12 -l12
[1.376s] [  7%] [32mBuilding CXX object gmock/CMakeFiles/gmock.dir/src/gmock-all.cc.o[0m
[1.376s] [ 15%] [32mBuilding CXX object gmock/CMakeFiles/gmock_main.dir/src/gmock_main.cc.o[0m
[1.380s] [ 23%] [32mBuilding CXX object gmock/CMakeFiles/gmock.dir/opt/ros/humble/src/gtest_vendor/src/gtest-all.cc.o[0m
[1.382s] [ 30%] [34m[1mRunning `/opt/ros/humble/bin/generate_parameter_library_cpp /home/matteo/franka_ros2_ws/build/franka_robot_state_broadcaster/include/franka_robot_state_broadcaster/franka_robot_state_broadcaster_parameters.hpp /home/matteo/franka_ros2_ws/src/franka_ros2/franka_robot_state_broadcaster/src/franka_robot_state_broadcaster_parameters.yaml `[0m
[1.530s] [ 38%] [34m[1mCreating deprecated header file /home/matteo/franka_ros2_ws/build/franka_robot_state_broadcaster/include/franka_robot_state_broadcaster_parameters.hpp[0m
[1.571s] [ 38%] Built target franka_robot_state_broadcaster_parameters
[1.593s] [ 46%] [32mBuilding CXX object CMakeFiles/franka_robot_state_broadcaster.dir/src/franka_robot_state_broadcaster.cpp.o[0m
[2.385s] [ 53%] [32m[1mLinking CXX static library libgmock_main.a[0m
[2.441s] [ 53%] Built target gmock_main
[16.255s] [ 61%] [32m[1mLinking CXX static library libgmock.a[0m
[16.587s] [ 61%] Built target gmock
[21.721s] [ 69%] [32m[1mLinking CXX shared library libfranka_robot_state_broadcaster.so[0m
[22.092s] [ 69%] Built target franka_robot_state_broadcaster
[22.133s] [ 76%] [32mBuilding CXX object CMakeFiles/test_load_franka_robot_state_broadcaster.dir/test/test_load_franka_robot_state_broadcaster.cpp.o[0m
[22.134s] [ 84%] [32mBuilding CXX object CMakeFiles/franka_robot_state_broadcaster_test.dir/test/test_franka_robot_state_broadcaster.cpp.o[0m
[28.984s] [ 92%] [32m[1mLinking CXX executable franka_robot_state_broadcaster_test[0m
[29.027s] [100%] [32m[1mLinking CXX executable test_load_franka_robot_state_broadcaster[0m
[29.293s] [100%] Built target franka_robot_state_broadcaster_test
[29.405s] [100%] Built target test_load_franka_robot_state_broadcaster
[29.420s] Invoked command in '/home/matteo/franka_ros2_ws/build/franka_robot_state_broadcaster' returned '0': CMAKE_PREFIX_PATH=/home/matteo/franka_ros2_ws/install/franka_semantic_components:/home/matteo/franka_ros2_ws/install/franka_hardware:/home/matteo/franka_ros2_ws/install/franka_msgs:/home/matteo/franka_ros2_ws/install/cartesian_impedance_control:/home/matteo/franka_ros2_ws/install/admittance_control:/home/matteo/franka_ros2_ws/install/messages_fr3:/home/matteo/franka_ros2_ws/install/joint_trajectory_controller:/home/matteo/franka_ros2_ws/install/integration_launch_testing:/home/matteo/franka_ros2_ws/install/franka_bringup:/home/matteo/franka_ros2_ws/install/franka_robot_state_broadcaster:/home/matteo/franka_ros2_ws/install/franka_example_controllers:/home/matteo/franka_ros2_ws/install/franka_gazebo_bringup:/home/matteo/franka_ros2_ws/install/franka_ign_ros2_control:/home/matteo/franka_ros2_ws/install/franka_fr3_moveit_config:/home/matteo/franka_ros2_ws/install/franka_gripper:/home/matteo/franka_ros2_ws/install/franka_description:/opt/ros/humble LD_LIBRARY_PATH=/home/matteo/franka_ros2_ws/install/franka_semantic_components/lib:/home/matteo/franka_ros2_ws/install/franka_hardware/lib:/home/matteo/franka_ros2_ws/install/franka_msgs/lib:/home/matteo/franka_ros2_ws/install/cartesian_impedance_control/lib:/home/matteo/franka_ros2_ws/install/admittance_control/lib:/home/matteo/franka_ros2_ws/install/messages_fr3/lib:/home/matteo/franka_ros2_ws/install/joint_trajectory_controller/lib:/home/matteo/franka_ros2_ws/install/integration_launch_testing/lib:/home/matteo/franka_ros2_ws/install/franka_robot_state_broadcaster/lib:/home/matteo/franka_ros2_ws/install/franka_example_controllers/lib:/home/matteo/franka_ros2_ws/install/franka_ign_ros2_control/lib:/home/matteo/franka_ros2_ws/install/franka_gripper/lib:/opt/ros/humble/opt/rviz_ogre_vendor/lib:/opt/ros/humble/lib/x86_64-linux-gnu:/opt/ros/humble/lib /usr/bin/cmake --build /home/matteo/franka_ros2_ws/build/franka_robot_state_broadcaster -- -j12 -l12
[29.422s] Invoking command in '/home/matteo/franka_ros2_ws/build/franka_robot_state_broadcaster': CMAKE_PREFIX_PATH=/home/matteo/franka_ros2_ws/install/franka_semantic_components:/home/matteo/franka_ros2_ws/install/franka_hardware:/home/matteo/franka_ros2_ws/install/franka_msgs:/home/matteo/franka_ros2_ws/install/cartesian_impedance_control:/home/matteo/franka_ros2_ws/install/admittance_control:/home/matteo/franka_ros2_ws/install/messages_fr3:/home/matteo/franka_ros2_ws/install/joint_trajectory_controller:/home/matteo/franka_ros2_ws/install/integration_launch_testing:/home/matteo/franka_ros2_ws/install/franka_bringup:/home/matteo/franka_ros2_ws/install/franka_robot_state_broadcaster:/home/matteo/franka_ros2_ws/install/franka_example_controllers:/home/matteo/franka_ros2_ws/install/franka_gazebo_bringup:/home/matteo/franka_ros2_ws/install/franka_ign_ros2_control:/home/matteo/franka_ros2_ws/install/franka_fr3_moveit_config:/home/matteo/franka_ros2_ws/install/franka_gripper:/home/matteo/franka_ros2_ws/install/franka_description:/opt/ros/humble LD_LIBRARY_PATH=/home/matteo/franka_ros2_ws/install/franka_semantic_components/lib:/home/matteo/franka_ros2_ws/install/franka_hardware/lib:/home/matteo/franka_ros2_ws/install/franka_msgs/lib:/home/matteo/franka_ros2_ws/install/cartesian_impedance_control/lib:/home/matteo/franka_ros2_ws/install/admittance_control/lib:/home/matteo/franka_ros2_ws/install/messages_fr3/lib:/home/matteo/franka_ros2_ws/install/joint_trajectory_controller/lib:/home/matteo/franka_ros2_ws/install/integration_launch_testing/lib:/home/matteo/franka_ros2_ws/install/franka_robot_state_broadcaster/lib:/home/matteo/franka_ros2_ws/install/franka_example_controllers/lib:/home/matteo/franka_ros2_ws/install/franka_ign_ros2_control/lib:/home/matteo/franka_ros2_ws/install/franka_gripper/lib:/opt/ros/humble/opt/rviz_ogre_vendor/lib:/opt/ros/humble/lib/x86_64-linux-gnu:/opt/ros/humble/lib /usr/bin/cmake --install /home/matteo/franka_ros2_ws/build/franka_robot_state_broadcaster
[29.432s] -- Install configuration: "Release"
[29.432s] -- Installing: /home/matteo/franka_ros2_ws/install/franka_robot_state_broadcaster/include/franka_robot_state_broadcaster
[29.432s] -- Installing: /home/matteo/franka_ros2_ws/install/franka_robot_state_broadcaster/include/franka_robot_state_broadcaster/franka_robot_state_broadcaster_parameters.hpp
[29.433s] -- Installing: /home/matteo/franka_ros2_ws/install/franka_robot_state_broadcaster/share/franka_robot_state_broadcaster/franka_robot_state_broadcaster.xml
[29.433s] -- Installing: /home/matteo/franka_ros2_ws/install/franka_robot_state_broadcaster/lib/libfranka_robot_state_broadcaster.so
[29.434s] -- Set runtime path of "/home/matteo/franka_ros2_ws/install/franka_robot_state_broadcaster/lib/libfranka_robot_state_broadcaster.so" to ""
[29.434s] -- Up-to-date: /home/matteo/franka_ros2_ws/install/franka_robot_state_broadcaster/include
[29.434s] -- Up-to-date: /home/matteo/franka_ros2_ws/install/franka_robot_state_broadcaster/include/franka_robot_state_broadcaster
[29.434s] -- Installing: /home/matteo/franka_ros2_ws/install/franka_robot_state_broadcaster/include/franka_robot_state_broadcaster/franka_robot_state_broadcaster.hpp
[29.434s] -- Installing: /home/matteo/franka_ros2_ws/install/franka_robot_state_broadcaster/share/franka_robot_state_broadcaster/environment/library_path.sh
[29.434s] -- Installing: /home/matteo/franka_ros2_ws/install/franka_robot_state_broadcaster/share/franka_robot_state_broadcaster/environment/library_path.dsv
[29.435s] -- Installing: /home/matteo/franka_ros2_ws/install/franka_robot_state_broadcaster/share/ament_index/resource_index/package_run_dependencies/franka_robot_state_broadcaster
[29.435s] -- Installing: /home/matteo/franka_ros2_ws/install/franka_robot_state_broadcaster/share/ament_index/resource_index/parent_prefix_path/franka_robot_state_broadcaster
[29.435s] -- Installing: /home/matteo/franka_ros2_ws/install/franka_robot_state_broadcaster/share/franka_robot_state_broadcaster/environment/ament_prefix_path.sh
[29.435s] -- Installing: /home/matteo/franka_ros2_ws/install/franka_robot_state_broadcaster/share/franka_robot_state_broadcaster/environment/ament_prefix_path.dsv
[29.435s] -- Installing: /home/matteo/franka_ros2_ws/install/franka_robot_state_broadcaster/share/franka_robot_state_broadcaster/environment/path.sh
[29.435s] -- Installing: /home/matteo/franka_ros2_ws/install/franka_robot_state_broadcaster/share/franka_robot_state_broadcaster/environment/path.dsv
[29.435s] -- Installing: /home/matteo/franka_ros2_ws/install/franka_robot_state_broadcaster/share/franka_robot_state_broadcaster/local_setup.bash
[29.436s] -- Installing: /home/matteo/franka_ros2_ws/install/franka_robot_state_broadcaster/share/franka_robot_state_broadcaster/local_setup.sh
[29.436s] -- Installing: /home/matteo/franka_ros2_ws/install/franka_robot_state_broadcaster/share/franka_robot_state_broadcaster/local_setup.zsh
[29.436s] -- Installing: /home/matteo/franka_ros2_ws/install/franka_robot_state_broadcaster/share/franka_robot_state_broadcaster/local_setup.dsv
[29.436s] -- Installing: /home/matteo/franka_ros2_ws/install/franka_robot_state_broadcaster/share/franka_robot_state_broadcaster/package.dsv
[29.436s] -- Installing: /home/matteo/franka_ros2_ws/install/franka_robot_state_broadcaster/share/ament_index/resource_index/packages/franka_robot_state_broadcaster
[29.436s] -- Installing: /home/matteo/franka_ros2_ws/install/franka_robot_state_broadcaster/share/ament_index/resource_index/controller_interface__pluginlib__plugin/franka_robot_state_broadcaster
[29.437s] -- Installing: /home/matteo/franka_ros2_ws/install/franka_robot_state_broadcaster/share/franka_robot_state_broadcaster/cmake/ament_cmake_export_dependencies-extras.cmake
[29.437s] -- Installing: /home/matteo/franka_ros2_ws/install/franka_robot_state_broadcaster/share/franka_robot_state_broadcaster/cmake/ament_cmake_export_include_directories-extras.cmake
[29.437s] -- Installing: /home/matteo/franka_ros2_ws/install/franka_robot_state_broadcaster/share/franka_robot_state_broadcaster/cmake/ament_cmake_export_libraries-extras.cmake
[29.437s] -- Installing: /home/matteo/franka_ros2_ws/install/franka_robot_state_broadcaster/share/franka_robot_state_broadcaster/cmake/franka_robot_state_broadcasterConfig.cmake
[29.437s] -- Installing: /home/matteo/franka_ros2_ws/install/franka_robot_state_broadcaster/share/franka_robot_state_broadcaster/cmake/franka_robot_state_broadcasterConfig-version.cmake
[29.437s] -- Installing: /home/matteo/franka_ros2_ws/install/franka_robot_state_broadcaster/share/franka_robot_state_broadcaster/package.xml
[29.440s] Invoked command in '/home/matteo/franka_ros2_ws/build/franka_robot_state_broadcaster' returned '0': CMAKE_PREFIX_PATH=/home/matteo/franka_ros2_ws/install/franka_semantic_components:/home/matteo/franka_ros2_ws/install/franka_hardware:/home/matteo/franka_ros2_ws/install/franka_msgs:/home/matteo/franka_ros2_ws/install/cartesian_impedance_control:/home/matteo/franka_ros2_ws/install/admittance_control:/home/matteo/franka_ros2_ws/install/messages_fr3:/home/matteo/franka_ros2_ws/install/joint_trajectory_controller:/home/matteo/franka_ros2_ws/install/integration_launch_testing:/home/matteo/franka_ros2_ws/install/franka_bringup:/home/matteo/franka_ros2_ws/install/franka_robot_state_broadcaster:/home/matteo/franka_ros2_ws/install/franka_example_controllers:/home/matteo/franka_ros2_ws/install/franka_gazebo_bringup:/home/matteo/franka_ros2_ws/install/franka_ign_ros2_control:/home/matteo/franka_ros2_ws/install/franka_fr3_moveit_config:/home/matteo/franka_ros2_ws/install/franka_gripper:/home/matteo/franka_ros2_ws/install/franka_description:/opt/ros/humble LD_LIBRARY_PATH=/home/matteo/franka_ros2_ws/install/franka_semantic_components/lib:/home/matteo/franka_ros2_ws/install/franka_hardware/lib:/home/matteo/franka_ros2_ws/install/franka_msgs/lib:/home/matteo/franka_ros2_ws/install/cartesian_impedance_control/lib:/home/matteo/franka_ros2_ws/install/admittance_control/lib:/home/matteo/franka_ros2_ws/install/messages_fr3/lib:/home/matteo/franka_ros2_ws/install/joint_trajectory_controller/lib:/home/matteo/franka_ros2_ws/install/integration_launch_testing/lib:/home/matteo/franka_ros2_ws/install/franka_robot_state_broadcaster/lib:/home/matteo/franka_ros2_ws/install/franka_example_controllers/lib:/home/matteo/franka_ros2_ws/install/franka_ign_ros2_control/lib:/home/matteo/franka_ros2_ws/install/franka_gripper/lib:/opt/ros/humble/opt/rviz_ogre_vendor/lib:/opt/ros/humble/lib/x86_64-linux-gnu:/opt/ros/humble/lib /usr/bin/cmake --install /home/matteo/franka_ros2_ws/build/franka_robot_state_broadcaster
