[0.009s] Invoking command in '/home/matteo/franka_ros2_ws/build/franka_fr3_moveit_config': CMAKE_PREFIX_PATH=/home/matteo/franka_ros2_ws/install/franka_hardware:/home/matteo/franka_ros2_ws/install/franka_gripper:/home/matteo/franka_ros2_ws/install/franka_msgs:/home/matteo/franka_ros2_ws/install/cartesian_impedance_control:/home/matteo/franka_ros2_ws/install/admittance_control:/home/matteo/franka_ros2_ws/install/messages_fr3:/home/matteo/franka_ros2_ws/install/joint_trajectory_controller:/home/matteo/franka_ros2_ws/install/integration_launch_testing:/home/matteo/franka_ros2_ws/install/franka_bringup:/home/matteo/franka_ros2_ws/install/franka_robot_state_broadcaster:/home/matteo/franka_ros2_ws/install/franka_example_controllers:/home/matteo/franka_ros2_ws/install/franka_semantic_components:/home/matteo/franka_ros2_ws/install/franka_gazebo_bringup:/home/matteo/franka_ros2_ws/install/franka_ign_ros2_control:/home/matteo/franka_ros2_ws/install/franka_fr3_moveit_config:/home/matteo/franka_ros2_ws/install/franka_description:/opt/ros/humble LD_LIBRARY_PATH=/home/matteo/franka_ros2_ws/install/franka_hardware/lib:/home/matteo/franka_ros2_ws/install/franka_gripper/lib:/home/matteo/franka_ros2_ws/install/franka_msgs/lib:/home/matteo/franka_ros2_ws/install/cartesian_impedance_control/lib:/home/matteo/franka_ros2_ws/install/admittance_control/lib:/home/matteo/franka_ros2_ws/install/messages_fr3/lib:/home/matteo/franka_ros2_ws/install/joint_trajectory_controller/lib:/home/matteo/franka_ros2_ws/install/integration_launch_testing/lib:/home/matteo/franka_ros2_ws/install/franka_robot_state_broadcaster/lib:/home/matteo/franka_ros2_ws/install/franka_example_controllers/lib:/home/matteo/franka_ros2_ws/install/franka_semantic_components/lib:/home/matteo/franka_ros2_ws/install/franka_ign_ros2_control/lib:/opt/ros/humble/opt/rviz_ogre_vendor/lib:/opt/ros/humble/lib/x86_64-linux-gnu:/opt/ros/humble/lib /usr/bin/cmake /home/matteo/franka_ros2_ws/src/franka_ros2/franka_fr3_moveit_config -DCMAKE_BUILD_TYPE=Release -DCMAKE_INSTALL_PREFIX=/home/matteo/franka_ros2_ws/install/franka_fr3_moveit_config
[0.069s] -- The C compiler identification is GNU 11.4.0
[0.106s] -- The CXX compiler identification is GNU 11.4.0
[0.111s] -- Detecting C compiler ABI info
[0.170s] -- Detecting C compiler ABI info - done
[0.177s] -- Check for working C compiler: /usr/bin/cc - skipped
[0.177s] -- Detecting C compile features
[0.177s] -- Detecting C compile features - done
[0.180s] -- Detecting CXX compiler ABI info
[0.240s] -- Detecting CXX compiler ABI info - done
[0.245s] -- Check for working CXX compiler: /usr/bin/c++ - skipped
[0.245s] -- Detecting CXX compile features
[0.245s] -- Detecting CXX compile features - done
[0.246s] -- Found ament_cmake: 1.3.11 (/opt/ros/humble/share/ament_cmake/cmake)
[0.348s] -- Found Python3: /usr/bin/python3 (found version "3.10.12") found components: Interpreter 
[0.407s] -- Found ament_lint_auto: 0.12.11 (/opt/ros/humble/share/ament_lint_auto/cmake)
[0.726s] -- Added test 'copyright' to check source files copyright and LICENSE
[0.728s] -- Added test 'flake8' to check Python code syntax and style conventions
[0.729s] -- Added test 'lint_cmake' to check CMake code style
[0.729s] -- Added test 'pep257' to check Python code against some of the docstring style conventions in PEP 257
[0.730s] -- Added test 'xmllint' to check XML markup files
[0.732s] -- Configuring done
[0.734s] -- Generating done
[0.735s] -- Build files have been written to: /home/matteo/franka_ros2_ws/build/franka_fr3_moveit_config
[0.739s] Invoked command in '/home/matteo/franka_ros2_ws/build/franka_fr3_moveit_config' returned '0': CMAKE_PREFIX_PATH=/home/matteo/franka_ros2_ws/install/franka_hardware:/home/matteo/franka_ros2_ws/install/franka_gripper:/home/matteo/franka_ros2_ws/install/franka_msgs:/home/matteo/franka_ros2_ws/install/cartesian_impedance_control:/home/matteo/franka_ros2_ws/install/admittance_control:/home/matteo/franka_ros2_ws/install/messages_fr3:/home/matteo/franka_ros2_ws/install/joint_trajectory_controller:/home/matteo/franka_ros2_ws/install/integration_launch_testing:/home/matteo/franka_ros2_ws/install/franka_bringup:/home/matteo/franka_ros2_ws/install/franka_robot_state_broadcaster:/home/matteo/franka_ros2_ws/install/franka_example_controllers:/home/matteo/franka_ros2_ws/install/franka_semantic_components:/home/matteo/franka_ros2_ws/install/franka_gazebo_bringup:/home/matteo/franka_ros2_ws/install/franka_ign_ros2_control:/home/matteo/franka_ros2_ws/install/franka_fr3_moveit_config:/home/matteo/franka_ros2_ws/install/franka_description:/opt/ros/humble LD_LIBRARY_PATH=/home/matteo/franka_ros2_ws/install/franka_hardware/lib:/home/matteo/franka_ros2_ws/install/franka_gripper/lib:/home/matteo/franka_ros2_ws/install/franka_msgs/lib:/home/matteo/franka_ros2_ws/install/cartesian_impedance_control/lib:/home/matteo/franka_ros2_ws/install/admittance_control/lib:/home/matteo/franka_ros2_ws/install/messages_fr3/lib:/home/matteo/franka_ros2_ws/install/joint_trajectory_controller/lib:/home/matteo/franka_ros2_ws/install/integration_launch_testing/lib:/home/matteo/franka_ros2_ws/install/franka_robot_state_broadcaster/lib:/home/matteo/franka_ros2_ws/install/franka_example_controllers/lib:/home/matteo/franka_ros2_ws/install/franka_semantic_components/lib:/home/matteo/franka_ros2_ws/install/franka_ign_ros2_control/lib:/opt/ros/humble/opt/rviz_ogre_vendor/lib:/opt/ros/humble/lib/x86_64-linux-gnu:/opt/ros/humble/lib /usr/bin/cmake /home/matteo/franka_ros2_ws/src/franka_ros2/franka_fr3_moveit_config -DCMAKE_BUILD_TYPE=Release -DCMAKE_INSTALL_PREFIX=/home/matteo/franka_ros2_ws/install/franka_fr3_moveit_config
[0.741s] Invoking command in '/home/matteo/franka_ros2_ws/build/franka_fr3_moveit_config': CMAKE_PREFIX_PATH=/home/matteo/franka_ros2_ws/install/franka_hardware:/home/matteo/franka_ros2_ws/install/franka_gripper:/home/matteo/franka_ros2_ws/install/franka_msgs:/home/matteo/franka_ros2_ws/install/cartesian_impedance_control:/home/matteo/franka_ros2_ws/install/admittance_control:/home/matteo/franka_ros2_ws/install/messages_fr3:/home/matteo/franka_ros2_ws/install/joint_trajectory_controller:/home/matteo/franka_ros2_ws/install/integration_launch_testing:/home/matteo/franka_ros2_ws/install/franka_bringup:/home/matteo/franka_ros2_ws/install/franka_robot_state_broadcaster:/home/matteo/franka_ros2_ws/install/franka_example_controllers:/home/matteo/franka_ros2_ws/install/franka_semantic_components:/home/matteo/franka_ros2_ws/install/franka_gazebo_bringup:/home/matteo/franka_ros2_ws/install/franka_ign_ros2_control:/home/matteo/franka_ros2_ws/install/franka_fr3_moveit_config:/home/matteo/franka_ros2_ws/install/franka_description:/opt/ros/humble LD_LIBRARY_PATH=/home/matteo/franka_ros2_ws/install/franka_hardware/lib:/home/matteo/franka_ros2_ws/install/franka_gripper/lib:/home/matteo/franka_ros2_ws/install/franka_msgs/lib:/home/matteo/franka_ros2_ws/install/cartesian_impedance_control/lib:/home/matteo/franka_ros2_ws/install/admittance_control/lib:/home/matteo/franka_ros2_ws/install/messages_fr3/lib:/home/matteo/franka_ros2_ws/install/joint_trajectory_controller/lib:/home/matteo/franka_ros2_ws/install/integration_launch_testing/lib:/home/matteo/franka_ros2_ws/install/franka_robot_state_broadcaster/lib:/home/matteo/franka_ros2_ws/install/franka_example_controllers/lib:/home/matteo/franka_ros2_ws/install/franka_semantic_components/lib:/home/matteo/franka_ros2_ws/install/franka_ign_ros2_control/lib:/opt/ros/humble/opt/rviz_ogre_vendor/lib:/opt/ros/humble/lib/x86_64-linux-gnu:/opt/ros/humble/lib /usr/bin/cmake --build /home/matteo/franka_ros2_ws/build/franka_fr3_moveit_config -- -j12 -l12
[0.773s] Invoked command in '/home/matteo/franka_ros2_ws/build/franka_fr3_moveit_config' returned '0': CMAKE_PREFIX_PATH=/home/matteo/franka_ros2_ws/install/franka_hardware:/home/matteo/franka_ros2_ws/install/franka_gripper:/home/matteo/franka_ros2_ws/install/franka_msgs:/home/matteo/franka_ros2_ws/install/cartesian_impedance_control:/home/matteo/franka_ros2_ws/install/admittance_control:/home/matteo/franka_ros2_ws/install/messages_fr3:/home/matteo/franka_ros2_ws/install/joint_trajectory_controller:/home/matteo/franka_ros2_ws/install/integration_launch_testing:/home/matteo/franka_ros2_ws/install/franka_bringup:/home/matteo/franka_ros2_ws/install/franka_robot_state_broadcaster:/home/matteo/franka_ros2_ws/install/franka_example_controllers:/home/matteo/franka_ros2_ws/install/franka_semantic_components:/home/matteo/franka_ros2_ws/install/franka_gazebo_bringup:/home/matteo/franka_ros2_ws/install/franka_ign_ros2_control:/home/matteo/franka_ros2_ws/install/franka_fr3_moveit_config:/home/matteo/franka_ros2_ws/install/franka_description:/opt/ros/humble LD_LIBRARY_PATH=/home/matteo/franka_ros2_ws/install/franka_hardware/lib:/home/matteo/franka_ros2_ws/install/franka_gripper/lib:/home/matteo/franka_ros2_ws/install/franka_msgs/lib:/home/matteo/franka_ros2_ws/install/cartesian_impedance_control/lib:/home/matteo/franka_ros2_ws/install/admittance_control/lib:/home/matteo/franka_ros2_ws/install/messages_fr3/lib:/home/matteo/franka_ros2_ws/install/joint_trajectory_controller/lib:/home/matteo/franka_ros2_ws/install/integration_launch_testing/lib:/home/matteo/franka_ros2_ws/install/franka_robot_state_broadcaster/lib:/home/matteo/franka_ros2_ws/install/franka_example_controllers/lib:/home/matteo/franka_ros2_ws/install/franka_semantic_components/lib:/home/matteo/franka_ros2_ws/install/franka_ign_ros2_control/lib:/opt/ros/humble/opt/rviz_ogre_vendor/lib:/opt/ros/humble/lib/x86_64-linux-gnu:/opt/ros/humble/lib /usr/bin/cmake --build /home/matteo/franka_ros2_ws/build/franka_fr3_moveit_config -- -j12 -l12
[0.774s] Invoking command in '/home/matteo/franka_ros2_ws/build/franka_fr3_moveit_config': CMAKE_PREFIX_PATH=/home/matteo/franka_ros2_ws/install/franka_hardware:/home/matteo/franka_ros2_ws/install/franka_gripper:/home/matteo/franka_ros2_ws/install/franka_msgs:/home/matteo/franka_ros2_ws/install/cartesian_impedance_control:/home/matteo/franka_ros2_ws/install/admittance_control:/home/matteo/franka_ros2_ws/install/messages_fr3:/home/matteo/franka_ros2_ws/install/joint_trajectory_controller:/home/matteo/franka_ros2_ws/install/integration_launch_testing:/home/matteo/franka_ros2_ws/install/franka_bringup:/home/matteo/franka_ros2_ws/install/franka_robot_state_broadcaster:/home/matteo/franka_ros2_ws/install/franka_example_controllers:/home/matteo/franka_ros2_ws/install/franka_semantic_components:/home/matteo/franka_ros2_ws/install/franka_gazebo_bringup:/home/matteo/franka_ros2_ws/install/franka_ign_ros2_control:/home/matteo/franka_ros2_ws/install/franka_fr3_moveit_config:/home/matteo/franka_ros2_ws/install/franka_description:/opt/ros/humble LD_LIBRARY_PATH=/home/matteo/franka_ros2_ws/install/franka_hardware/lib:/home/matteo/franka_ros2_ws/install/franka_gripper/lib:/home/matteo/franka_ros2_ws/install/franka_msgs/lib:/home/matteo/franka_ros2_ws/install/cartesian_impedance_control/lib:/home/matteo/franka_ros2_ws/install/admittance_control/lib:/home/matteo/franka_ros2_ws/install/messages_fr3/lib:/home/matteo/franka_ros2_ws/install/joint_trajectory_controller/lib:/home/matteo/franka_ros2_ws/install/integration_launch_testing/lib:/home/matteo/franka_ros2_ws/install/franka_robot_state_broadcaster/lib:/home/matteo/franka_ros2_ws/install/franka_example_controllers/lib:/home/matteo/franka_ros2_ws/install/franka_semantic_components/lib:/home/matteo/franka_ros2_ws/install/franka_ign_ros2_control/lib:/opt/ros/humble/opt/rviz_ogre_vendor/lib:/opt/ros/humble/lib/x86_64-linux-gnu:/opt/ros/humble/lib /usr/bin/cmake --install /home/matteo/franka_ros2_ws/build/franka_fr3_moveit_config
[0.779s] -- Install configuration: "Release"
[0.779s] -- Installing: /home/matteo/franka_ros2_ws/install/franka_fr3_moveit_config/share/franka_fr3_moveit_config/config
[0.779s] -- Installing: /home/matteo/franka_ros2_ws/install/franka_fr3_moveit_config/share/franka_fr3_moveit_config/config/kinematics.yaml
[0.779s] -- Installing: /home/matteo/franka_ros2_ws/install/franka_fr3_moveit_config/share/franka_fr3_moveit_config/config/fr3_ros_controllers.yaml
[0.779s] -- Installing: /home/matteo/franka_ros2_ws/install/franka_fr3_moveit_config/share/franka_fr3_moveit_config/config/ompl_planning.yaml
[0.779s] -- Installing: /home/matteo/franka_ros2_ws/install/franka_fr3_moveit_config/share/franka_fr3_moveit_config/config/fr3_controllers.yaml
[0.780s] -- Installing: /home/matteo/franka_ros2_ws/install/franka_fr3_moveit_config/share/franka_fr3_moveit_config/launch
[0.780s] -- Installing: /home/matteo/franka_ros2_ws/install/franka_fr3_moveit_config/share/franka_fr3_moveit_config/launch/move_group.launch.py
[0.780s] -- Installing: /home/matteo/franka_ros2_ws/install/franka_fr3_moveit_config/share/franka_fr3_moveit_config/launch/moveit.launch.py
[0.780s] -- Installing: /home/matteo/franka_ros2_ws/install/franka_fr3_moveit_config/share/franka_fr3_moveit_config/srdf
[0.780s] -- Installing: /home/matteo/franka_ros2_ws/install/franka_fr3_moveit_config/share/franka_fr3_moveit_config/srdf/hand.xacro
[0.780s] -- Installing: /home/matteo/franka_ros2_ws/install/franka_fr3_moveit_config/share/franka_fr3_moveit_config/srdf/fr3_arm.srdf.xacro
[0.780s] -- Installing: /home/matteo/franka_ros2_ws/install/franka_fr3_moveit_config/share/franka_fr3_moveit_config/srdf/fr3_arm_hand.xacro
[0.780s] -- Installing: /home/matteo/franka_ros2_ws/install/franka_fr3_moveit_config/share/franka_fr3_moveit_config/srdf/fr3_arm.xacro
[0.780s] -- Installing: /home/matteo/franka_ros2_ws/install/franka_fr3_moveit_config/share/franka_fr3_moveit_config/srdf/group_definition.xacro
[0.780s] -- Installing: /home/matteo/franka_ros2_ws/install/franka_fr3_moveit_config/share/franka_fr3_moveit_config/rviz
[0.780s] -- Installing: /home/matteo/franka_ros2_ws/install/franka_fr3_moveit_config/share/franka_fr3_moveit_config/rviz/moveit.rviz
[0.780s] -- Installing: /home/matteo/franka_ros2_ws/install/franka_fr3_moveit_config/share/ament_index/resource_index/package_run_dependencies/franka_fr3_moveit_config
[0.780s] -- Installing: /home/matteo/franka_ros2_ws/install/franka_fr3_moveit_config/share/ament_index/resource_index/parent_prefix_path/franka_fr3_moveit_config
[0.780s] -- Installing: /home/matteo/franka_ros2_ws/install/franka_fr3_moveit_config/share/franka_fr3_moveit_config/environment/ament_prefix_path.sh
[0.780s] -- Installing: /home/matteo/franka_ros2_ws/install/franka_fr3_moveit_config/share/franka_fr3_moveit_config/environment/ament_prefix_path.dsv
[0.781s] -- Installing: /home/matteo/franka_ros2_ws/install/franka_fr3_moveit_config/share/franka_fr3_moveit_config/environment/path.sh
[0.781s] -- Installing: /home/matteo/franka_ros2_ws/install/franka_fr3_moveit_config/share/franka_fr3_moveit_config/environment/path.dsv
[0.781s] -- Installing: /home/matteo/franka_ros2_ws/install/franka_fr3_moveit_config/share/franka_fr3_moveit_config/local_setup.bash
[0.781s] -- Installing: /home/matteo/franka_ros2_ws/install/franka_fr3_moveit_config/share/franka_fr3_moveit_config/local_setup.sh
[0.781s] -- Installing: /home/matteo/franka_ros2_ws/install/franka_fr3_moveit_config/share/franka_fr3_moveit_config/local_setup.zsh
[0.781s] -- Installing: /home/matteo/franka_ros2_ws/install/franka_fr3_moveit_config/share/franka_fr3_moveit_config/local_setup.dsv
[0.781s] -- Installing: /home/matteo/franka_ros2_ws/install/franka_fr3_moveit_config/share/franka_fr3_moveit_config/package.dsv
[0.781s] -- Installing: /home/matteo/franka_ros2_ws/install/franka_fr3_moveit_config/share/ament_index/resource_index/packages/franka_fr3_moveit_config
[0.781s] -- Installing: /home/matteo/franka_ros2_ws/install/franka_fr3_moveit_config/share/franka_fr3_moveit_config/cmake/franka_fr3_moveit_configConfig.cmake
[0.781s] -- Installing: /home/matteo/franka_ros2_ws/install/franka_fr3_moveit_config/share/franka_fr3_moveit_config/cmake/franka_fr3_moveit_configConfig-version.cmake
[0.781s] -- Installing: /home/matteo/franka_ros2_ws/install/franka_fr3_moveit_config/share/franka_fr3_moveit_config/package.xml
[0.782s] Invoked command in '/home/matteo/franka_ros2_ws/build/franka_fr3_moveit_config' returned '0': CMAKE_PREFIX_PATH=/home/matteo/franka_ros2_ws/install/franka_hardware:/home/matteo/franka_ros2_ws/install/franka_gripper:/home/matteo/franka_ros2_ws/install/franka_msgs:/home/matteo/franka_ros2_ws/install/cartesian_impedance_control:/home/matteo/franka_ros2_ws/install/admittance_control:/home/matteo/franka_ros2_ws/install/messages_fr3:/home/matteo/franka_ros2_ws/install/joint_trajectory_controller:/home/matteo/franka_ros2_ws/install/integration_launch_testing:/home/matteo/franka_ros2_ws/install/franka_bringup:/home/matteo/franka_ros2_ws/install/franka_robot_state_broadcaster:/home/matteo/franka_ros2_ws/install/franka_example_controllers:/home/matteo/franka_ros2_ws/install/franka_semantic_components:/home/matteo/franka_ros2_ws/install/franka_gazebo_bringup:/home/matteo/franka_ros2_ws/install/franka_ign_ros2_control:/home/matteo/franka_ros2_ws/install/franka_fr3_moveit_config:/home/matteo/franka_ros2_ws/install/franka_description:/opt/ros/humble LD_LIBRARY_PATH=/home/matteo/franka_ros2_ws/install/franka_hardware/lib:/home/matteo/franka_ros2_ws/install/franka_gripper/lib:/home/matteo/franka_ros2_ws/install/franka_msgs/lib:/home/matteo/franka_ros2_ws/install/cartesian_impedance_control/lib:/home/matteo/franka_ros2_ws/install/admittance_control/lib:/home/matteo/franka_ros2_ws/install/messages_fr3/lib:/home/matteo/franka_ros2_ws/install/joint_trajectory_controller/lib:/home/matteo/franka_ros2_ws/install/integration_launch_testing/lib:/home/matteo/franka_ros2_ws/install/franka_robot_state_broadcaster/lib:/home/matteo/franka_ros2_ws/install/franka_example_controllers/lib:/home/matteo/franka_ros2_ws/install/franka_semantic_components/lib:/home/matteo/franka_ros2_ws/install/franka_ign_ros2_control/lib:/opt/ros/humble/opt/rviz_ogre_vendor/lib:/opt/ros/humble/lib/x86_64-linux-gnu:/opt/ros/humble/lib /usr/bin/cmake --install /home/matteo/franka_ros2_ws/build/franka_fr3_moveit_config
