[0.015s] Invoking command in '/home/matteo/franka_ros2_ws/build/franka_hardware': CMAKE_PREFIX_PATH=/home/matteo/franka_ros2_ws/install/franka_msgs:/home/matteo/franka_ros2_ws/install/cartesian_impedance_control:/home/matteo/franka_ros2_ws/install/messages_fr3:/home/matteo/franka_ros2_ws/install/integration_launch_testing:/home/matteo/franka_ros2_ws/install/franka_ros2:/home/matteo/franka_ros2_ws/install/franka_bringup:/home/matteo/franka_ros2_ws/install/franka_robot_state_broadcaster:/home/matteo/franka_ros2_ws/install/franka_example_controllers:/home/matteo/franka_ros2_ws/install/franka_semantic_components:/home/matteo/franka_ros2_ws/install/franka_gazebo_bringup:/home/matteo/franka_ros2_ws/install/franka_ign_ros2_control:/home/matteo/franka_ros2_ws/install/franka_fr3_moveit_config:/home/matteo/franka_ros2_ws/install/franka_hardware:/home/matteo/franka_ros2_ws/install/franka_gripper:/home/matteo/franka_ros2_ws/install/franka_description:/opt/ros/humble LD_LIBRARY_PATH=/home/matteo/franka_ros2_ws/install/franka_msgs/lib:/home/matteo/franka_ros2_ws/install/cartesian_impedance_control/lib:/home/matteo/franka_ros2_ws/install/messages_fr3/lib:/home/matteo/franka_ros2_ws/install/integration_launch_testing/lib:/home/matteo/franka_ros2_ws/install/franka_robot_state_broadcaster/lib:/home/matteo/franka_ros2_ws/install/franka_example_controllers/lib:/home/matteo/franka_ros2_ws/install/franka_semantic_components/lib:/home/matteo/franka_ros2_ws/install/franka_ign_ros2_control/lib:/home/matteo/franka_ros2_ws/install/franka_hardware/lib:/home/matteo/franka_ros2_ws/install/franka_gripper/lib:/opt/ros/humble/opt/rviz_ogre_vendor/lib:/opt/ros/humble/lib/x86_64-linux-gnu:/opt/ros/humble/lib /usr/bin/cmake --build /home/matteo/franka_ros2_ws/build/franka_hardware -- -j12 -l12
[0.107s] [ 10%] Built target gmock_main
[0.132s] [ 26%] Built target gmock
[0.135s] [ 63%] Built target franka_hardware
[0.174s] [ 84%] Built target franka_hardware_command_interface_test
[0.174s] [ 84%] Built target franka_hardware_robot_test
[0.178s] [100%] Built target franka_hardware_test
[0.185s] Invoked command in '/home/matteo/franka_ros2_ws/build/franka_hardware' returned '0': CMAKE_PREFIX_PATH=/home/matteo/franka_ros2_ws/install/franka_msgs:/home/matteo/franka_ros2_ws/install/cartesian_impedance_control:/home/matteo/franka_ros2_ws/install/messages_fr3:/home/matteo/franka_ros2_ws/install/integration_launch_testing:/home/matteo/franka_ros2_ws/install/franka_ros2:/home/matteo/franka_ros2_ws/install/franka_bringup:/home/matteo/franka_ros2_ws/install/franka_robot_state_broadcaster:/home/matteo/franka_ros2_ws/install/franka_example_controllers:/home/matteo/franka_ros2_ws/install/franka_semantic_components:/home/matteo/franka_ros2_ws/install/franka_gazebo_bringup:/home/matteo/franka_ros2_ws/install/franka_ign_ros2_control:/home/matteo/franka_ros2_ws/install/franka_fr3_moveit_config:/home/matteo/franka_ros2_ws/install/franka_hardware:/home/matteo/franka_ros2_ws/install/franka_gripper:/home/matteo/franka_ros2_ws/install/franka_description:/opt/ros/humble LD_LIBRARY_PATH=/home/matteo/franka_ros2_ws/install/franka_msgs/lib:/home/matteo/franka_ros2_ws/install/cartesian_impedance_control/lib:/home/matteo/franka_ros2_ws/install/messages_fr3/lib:/home/matteo/franka_ros2_ws/install/integration_launch_testing/lib:/home/matteo/franka_ros2_ws/install/franka_robot_state_broadcaster/lib:/home/matteo/franka_ros2_ws/install/franka_example_controllers/lib:/home/matteo/franka_ros2_ws/install/franka_semantic_components/lib:/home/matteo/franka_ros2_ws/install/franka_ign_ros2_control/lib:/home/matteo/franka_ros2_ws/install/franka_hardware/lib:/home/matteo/franka_ros2_ws/install/franka_gripper/lib:/opt/ros/humble/opt/rviz_ogre_vendor/lib:/opt/ros/humble/lib/x86_64-linux-gnu:/opt/ros/humble/lib /usr/bin/cmake --build /home/matteo/franka_ros2_ws/build/franka_hardware -- -j12 -l12
[0.187s] Invoking command in '/home/matteo/franka_ros2_ws/build/franka_hardware': CMAKE_PREFIX_PATH=/home/matteo/franka_ros2_ws/install/franka_msgs:/home/matteo/franka_ros2_ws/install/cartesian_impedance_control:/home/matteo/franka_ros2_ws/install/messages_fr3:/home/matteo/franka_ros2_ws/install/integration_launch_testing:/home/matteo/franka_ros2_ws/install/franka_ros2:/home/matteo/franka_ros2_ws/install/franka_bringup:/home/matteo/franka_ros2_ws/install/franka_robot_state_broadcaster:/home/matteo/franka_ros2_ws/install/franka_example_controllers:/home/matteo/franka_ros2_ws/install/franka_semantic_components:/home/matteo/franka_ros2_ws/install/franka_gazebo_bringup:/home/matteo/franka_ros2_ws/install/franka_ign_ros2_control:/home/matteo/franka_ros2_ws/install/franka_fr3_moveit_config:/home/matteo/franka_ros2_ws/install/franka_hardware:/home/matteo/franka_ros2_ws/install/franka_gripper:/home/matteo/franka_ros2_ws/install/franka_description:/opt/ros/humble LD_LIBRARY_PATH=/home/matteo/franka_ros2_ws/install/franka_msgs/lib:/home/matteo/franka_ros2_ws/install/cartesian_impedance_control/lib:/home/matteo/franka_ros2_ws/install/messages_fr3/lib:/home/matteo/franka_ros2_ws/install/integration_launch_testing/lib:/home/matteo/franka_ros2_ws/install/franka_robot_state_broadcaster/lib:/home/matteo/franka_ros2_ws/install/franka_example_controllers/lib:/home/matteo/franka_ros2_ws/install/franka_semantic_components/lib:/home/matteo/franka_ros2_ws/install/franka_ign_ros2_control/lib:/home/matteo/franka_ros2_ws/install/franka_hardware/lib:/home/matteo/franka_ros2_ws/install/franka_gripper/lib:/opt/ros/humble/opt/rviz_ogre_vendor/lib:/opt/ros/humble/lib/x86_64-linux-gnu:/opt/ros/humble/lib /usr/bin/cmake --install /home/matteo/franka_ros2_ws/build/franka_hardware
[0.194s] -- Install configuration: "Release"
[0.194s] -- Up-to-date: /home/matteo/franka_ros2_ws/install/franka_hardware/share/franka_hardware/franka_hardware.xml
[0.194s] -- Up-to-date: /home/matteo/franka_ros2_ws/install/franka_hardware/lib/libfranka_hardware.so
[0.194s] -- Up-to-date: /home/matteo/franka_ros2_ws/install/franka_hardware/include
[0.194s] -- Up-to-date: /home/matteo/franka_ros2_ws/install/franka_hardware/include/franka_hardware
[0.194s] -- Up-to-date: /home/matteo/franka_ros2_ws/install/franka_hardware/include/franka_hardware/robot.hpp
[0.194s] -- Up-to-date: /home/matteo/franka_ros2_ws/install/franka_hardware/include/franka_hardware/franka_param_service_server.hpp
[0.194s] -- Up-to-date: /home/matteo/franka_ros2_ws/install/franka_hardware/include/franka_hardware/model.hpp
[0.194s] -- Up-to-date: /home/matteo/franka_ros2_ws/install/franka_hardware/include/franka_hardware/franka_executor.hpp
[0.194s] -- Up-to-date: /home/matteo/franka_ros2_ws/install/franka_hardware/include/franka_hardware/franka_action_server.hpp
[0.194s] -- Up-to-date: /home/matteo/franka_ros2_ws/install/franka_hardware/include/franka_hardware/ros_libfranka_logger.hpp
[0.195s] -- Up-to-date: /home/matteo/franka_ros2_ws/install/franka_hardware/include/franka_hardware/franka_hardware_interface.hpp
[0.195s] -- Up-to-date: /home/matteo/franka_ros2_ws/install/franka_hardware/share/franka_hardware/environment/library_path.sh
[0.195s] -- Up-to-date: /home/matteo/franka_ros2_ws/install/franka_hardware/share/franka_hardware/environment/library_path.dsv
[0.195s] -- Up-to-date: /home/matteo/franka_ros2_ws/install/franka_hardware/share/ament_index/resource_index/package_run_dependencies/franka_hardware
[0.195s] -- Up-to-date: /home/matteo/franka_ros2_ws/install/franka_hardware/share/ament_index/resource_index/parent_prefix_path/franka_hardware
[0.195s] -- Up-to-date: /home/matteo/franka_ros2_ws/install/franka_hardware/share/franka_hardware/environment/ament_prefix_path.sh
[0.195s] -- Up-to-date: /home/matteo/franka_ros2_ws/install/franka_hardware/share/franka_hardware/environment/ament_prefix_path.dsv
[0.195s] -- Up-to-date: /home/matteo/franka_ros2_ws/install/franka_hardware/share/franka_hardware/environment/path.sh
[0.195s] -- Up-to-date: /home/matteo/franka_ros2_ws/install/franka_hardware/share/franka_hardware/environment/path.dsv
[0.195s] -- Up-to-date: /home/matteo/franka_ros2_ws/install/franka_hardware/share/franka_hardware/local_setup.bash
[0.195s] -- Up-to-date: /home/matteo/franka_ros2_ws/install/franka_hardware/share/franka_hardware/local_setup.sh
[0.195s] -- Up-to-date: /home/matteo/franka_ros2_ws/install/franka_hardware/share/franka_hardware/local_setup.zsh
[0.195s] -- Up-to-date: /home/matteo/franka_ros2_ws/install/franka_hardware/share/franka_hardware/local_setup.dsv
[0.195s] -- Installing: /home/matteo/franka_ros2_ws/install/franka_hardware/share/franka_hardware/package.dsv
[0.195s] -- Up-to-date: /home/matteo/franka_ros2_ws/install/franka_hardware/share/ament_index/resource_index/packages/franka_hardware
[0.195s] -- Up-to-date: /home/matteo/franka_ros2_ws/install/franka_hardware/share/ament_index/resource_index/hardware_interface__pluginlib__plugin/franka_hardware
[0.195s] -- Up-to-date: /home/matteo/franka_ros2_ws/install/franka_hardware/share/franka_hardware/cmake/ament_cmake_export_include_directories-extras.cmake
[0.195s] -- Up-to-date: /home/matteo/franka_ros2_ws/install/franka_hardware/share/franka_hardware/cmake/ament_cmake_export_libraries-extras.cmake
[0.195s] -- Up-to-date: /home/matteo/franka_ros2_ws/install/franka_hardware/share/franka_hardware/cmake/ament_cmake_export_dependencies-extras.cmake
[0.195s] -- Up-to-date: /home/matteo/franka_ros2_ws/install/franka_hardware/share/franka_hardware/cmake/franka_hardwareConfig.cmake
[0.195s] -- Up-to-date: /home/matteo/franka_ros2_ws/install/franka_hardware/share/franka_hardware/cmake/franka_hardwareConfig-version.cmake
[0.195s] -- Up-to-date: /home/matteo/franka_ros2_ws/install/franka_hardware/share/franka_hardware/package.xml
[0.197s] Invoked command in '/home/matteo/franka_ros2_ws/build/franka_hardware' returned '0': CMAKE_PREFIX_PATH=/home/matteo/franka_ros2_ws/install/franka_msgs:/home/matteo/franka_ros2_ws/install/cartesian_impedance_control:/home/matteo/franka_ros2_ws/install/messages_fr3:/home/matteo/franka_ros2_ws/install/integration_launch_testing:/home/matteo/franka_ros2_ws/install/franka_ros2:/home/matteo/franka_ros2_ws/install/franka_bringup:/home/matteo/franka_ros2_ws/install/franka_robot_state_broadcaster:/home/matteo/franka_ros2_ws/install/franka_example_controllers:/home/matteo/franka_ros2_ws/install/franka_semantic_components:/home/matteo/franka_ros2_ws/install/franka_gazebo_bringup:/home/matteo/franka_ros2_ws/install/franka_ign_ros2_control:/home/matteo/franka_ros2_ws/install/franka_fr3_moveit_config:/home/matteo/franka_ros2_ws/install/franka_hardware:/home/matteo/franka_ros2_ws/install/franka_gripper:/home/matteo/franka_ros2_ws/install/franka_description:/opt/ros/humble LD_LIBRARY_PATH=/home/matteo/franka_ros2_ws/install/franka_msgs/lib:/home/matteo/franka_ros2_ws/install/cartesian_impedance_control/lib:/home/matteo/franka_ros2_ws/install/messages_fr3/lib:/home/matteo/franka_ros2_ws/install/integration_launch_testing/lib:/home/matteo/franka_ros2_ws/install/franka_robot_state_broadcaster/lib:/home/matteo/franka_ros2_ws/install/franka_example_controllers/lib:/home/matteo/franka_ros2_ws/install/franka_semantic_components/lib:/home/matteo/franka_ros2_ws/install/franka_ign_ros2_control/lib:/home/matteo/franka_ros2_ws/install/franka_hardware/lib:/home/matteo/franka_ros2_ws/install/franka_gripper/lib:/opt/ros/humble/opt/rviz_ogre_vendor/lib:/opt/ros/humble/lib/x86_64-linux-gnu:/opt/ros/humble/lib /usr/bin/cmake --install /home/matteo/franka_ros2_ws/build/franka_hardware
