[0.011s] Invoking command in '/home/matteo/franka_ros2_ws/build/messages_fr3': CMAKE_PREFIX_PATH=${CMAKE_PREFIX_PATH}:/opt/ros/humble /usr/bin/cmake --build /home/matteo/franka_ros2_ws/build/messages_fr3 -- -j12 -l12
[0.064s] [ 12%] Built target messages_fr3__rosidl_generator_c
[0.071s] [ 12%] Built target messages_fr3__cpp
[0.096s] [ 12%] Built target ament_cmake_python_copy_messages_fr3
[0.096s] [ 24%] Built target messages_fr3__rosidl_typesupport_introspection_c
[0.096s] [ 36%] Built target messages_fr3__rosidl_typesupport_cpp
[0.097s] [ 58%] Built target messages_fr3__rosidl_typesupport_c
[0.097s] [ 58%] Built target messages_fr3__rosidl_typesupport_fastrtps_cpp
[0.098s] [ 70%] Built target messages_fr3__rosidl_typesupport_fastrtps_c
[0.100s] [ 82%] Built target messages_fr3__rosidl_typesupport_introspection_cpp
[0.116s] [ 82%] Built target messages_fr3
[0.135s] [ 83%] Built target messages_fr3__py
[0.158s] [ 94%] Built target messages_fr3__rosidl_generator_py
[0.175s] [ 98%] Built target messages_fr3__rosidl_typesupport_c__pyext
[0.175s] [ 98%] Built target messages_fr3__rosidl_typesupport_fastrtps_c__pyext
[0.178s] [100%] Built target messages_fr3__rosidl_typesupport_introspection_c__pyext
[0.226s] running egg_info
[0.227s] writing messages_fr3.egg-info/PKG-INFO
[0.227s] writing dependency_links to messages_fr3.egg-info/dependency_links.txt
[0.227s] writing top-level names to messages_fr3.egg-info/top_level.txt
[0.228s] reading manifest file 'messages_fr3.egg-info/SOURCES.txt'
[0.229s] writing manifest file 'messages_fr3.egg-info/SOURCES.txt'
[0.245s] [100%] Built target ament_cmake_python_build_messages_fr3_egg
[0.256s] Invoked command in '/home/matteo/franka_ros2_ws/build/messages_fr3' returned '0': CMAKE_PREFIX_PATH=${CMAKE_PREFIX_PATH}:/opt/ros/humble /usr/bin/cmake --build /home/matteo/franka_ros2_ws/build/messages_fr3 -- -j12 -l12
[0.257s] Invoking command in '/home/matteo/franka_ros2_ws/build/messages_fr3': CMAKE_PREFIX_PATH=${CMAKE_PREFIX_PATH}:/opt/ros/humble /usr/bin/cmake --install /home/matteo/franka_ros2_ws/build/messages_fr3
[0.262s] -- Install configuration: "Release"
[0.262s] -- Up-to-date: /home/matteo/franka_ros2_ws/install/messages_fr3/share/ament_index/resource_index/rosidl_interfaces/messages_fr3
[0.262s] -- Up-to-date: /home/matteo/franka_ros2_ws/install/messages_fr3/include/messages_fr3/messages_fr3
[0.262s] -- Up-to-date: /home/matteo/franka_ros2_ws/install/messages_fr3/include/messages_fr3/messages_fr3/msg
[0.263s] -- Up-to-date: /home/matteo/franka_ros2_ws/install/messages_fr3/include/messages_fr3/messages_fr3/msg/rosidl_generator_c__visibility_control.h
[0.263s] -- Up-to-date: /home/matteo/franka_ros2_ws/install/messages_fr3/include/messages_fr3/messages_fr3/msg/detail
[0.263s] -- Up-to-date: /home/matteo/franka_ros2_ws/install/messages_fr3/include/messages_fr3/messages_fr3/msg/detail/pose_direction__functions.c
[0.263s] -- Up-to-date: /home/matteo/franka_ros2_ws/install/messages_fr3/include/messages_fr3/messages_fr3/msg/detail/joint_config__functions.h
[0.263s] -- Up-to-date: /home/matteo/franka_ros2_ws/install/messages_fr3/include/messages_fr3/messages_fr3/msg/detail/joint_ee_state__struct.h
[0.263s] -- Up-to-date: /home/matteo/franka_ros2_ws/install/messages_fr3/include/messages_fr3/messages_fr3/msg/detail/jacobian_ee__struct.h
[0.263s] -- Up-to-date: /home/matteo/franka_ros2_ws/install/messages_fr3/include/messages_fr3/messages_fr3/msg/detail/joint_config__struct.h
[0.263s] -- Up-to-date: /home/matteo/franka_ros2_ws/install/messages_fr3/include/messages_fr3/messages_fr3/msg/detail/joint_ee_state__functions.h
[0.263s] -- Up-to-date: /home/matteo/franka_ros2_ws/install/messages_fr3/include/messages_fr3/messages_fr3/msg/detail/pose_direction__struct.h
[0.263s] -- Up-to-date: /home/matteo/franka_ros2_ws/install/messages_fr3/include/messages_fr3/messages_fr3/msg/detail/jacobian_ee__functions.h
[0.263s] -- Up-to-date: /home/matteo/franka_ros2_ws/install/messages_fr3/include/messages_fr3/messages_fr3/msg/detail/pose_direction__functions.h
[0.263s] -- Up-to-date: /home/matteo/franka_ros2_ws/install/messages_fr3/include/messages_fr3/messages_fr3/msg/detail/joint_ee_state__type_support.h
[0.264s] -- Up-to-date: /home/matteo/franka_ros2_ws/install/messages_fr3/include/messages_fr3/messages_fr3/msg/detail/jacobian_ee__functions.c
[0.264s] -- Up-to-date: /home/matteo/franka_ros2_ws/install/messages_fr3/include/messages_fr3/messages_fr3/msg/detail/jacobian_ee__type_support.h
[0.264s] -- Up-to-date: /home/matteo/franka_ros2_ws/install/messages_fr3/include/messages_fr3/messages_fr3/msg/detail/joint_config__functions.c
[0.264s] -- Up-to-date: /home/matteo/franka_ros2_ws/install/messages_fr3/include/messages_fr3/messages_fr3/msg/detail/joint_ee_state__functions.c
[0.264s] -- Up-to-date: /home/matteo/franka_ros2_ws/install/messages_fr3/include/messages_fr3/messages_fr3/msg/detail/joint_config__type_support.h
[0.264s] -- Up-to-date: /home/matteo/franka_ros2_ws/install/messages_fr3/include/messages_fr3/messages_fr3/msg/detail/pose_direction__type_support.h
[0.264s] -- Up-to-date: /home/matteo/franka_ros2_ws/install/messages_fr3/include/messages_fr3/messages_fr3/msg/joint_ee_state.h
[0.264s] -- Up-to-date: /home/matteo/franka_ros2_ws/install/messages_fr3/include/messages_fr3/messages_fr3/msg/jacobian_ee.h
[0.264s] -- Up-to-date: /home/matteo/franka_ros2_ws/install/messages_fr3/include/messages_fr3/messages_fr3/msg/pose_direction.h
[0.264s] -- Up-to-date: /home/matteo/franka_ros2_ws/install/messages_fr3/include/messages_fr3/messages_fr3/msg/joint_config.h
[0.264s] -- Up-to-date: /home/matteo/franka_ros2_ws/install/messages_fr3/include/messages_fr3/messages_fr3/srv
[0.264s] -- Up-to-date: /home/matteo/franka_ros2_ws/install/messages_fr3/include/messages_fr3/messages_fr3/srv/set_pose.h
[0.264s] -- Up-to-date: /home/matteo/franka_ros2_ws/install/messages_fr3/include/messages_fr3/messages_fr3/srv/detail
[0.264s] -- Up-to-date: /home/matteo/franka_ros2_ws/install/messages_fr3/include/messages_fr3/messages_fr3/srv/detail/set_mode__functions.h
[0.265s] -- Up-to-date: /home/matteo/franka_ros2_ws/install/messages_fr3/include/messages_fr3/messages_fr3/srv/detail/set_stiffness__struct.h
[0.265s] -- Up-to-date: /home/matteo/franka_ros2_ws/install/messages_fr3/include/messages_fr3/messages_fr3/srv/detail/set_pose__functions.c
[0.265s] -- Up-to-date: /home/matteo/franka_ros2_ws/install/messages_fr3/include/messages_fr3/messages_fr3/srv/detail/controller_activation__functions.h
[0.265s] -- Up-to-date: /home/matteo/franka_ros2_ws/install/messages_fr3/include/messages_fr3/messages_fr3/srv/detail/set_param__functions.h
[0.265s] -- Up-to-date: /home/matteo/franka_ros2_ws/install/messages_fr3/include/messages_fr3/messages_fr3/srv/detail/set_mode__struct.h
[0.265s] -- Up-to-date: /home/matteo/franka_ros2_ws/install/messages_fr3/include/messages_fr3/messages_fr3/srv/detail/set_param__struct.h
[0.265s] -- Up-to-date: /home/matteo/franka_ros2_ws/install/messages_fr3/include/messages_fr3/messages_fr3/srv/detail/set_param__functions.c
[0.265s] -- Up-to-date: /home/matteo/franka_ros2_ws/install/messages_fr3/include/messages_fr3/messages_fr3/srv/detail/planner_service__functions.h
[0.265s] -- Up-to-date: /home/matteo/franka_ros2_ws/install/messages_fr3/include/messages_fr3/messages_fr3/srv/detail/set_param__type_support.h
[0.265s] -- Up-to-date: /home/matteo/franka_ros2_ws/install/messages_fr3/include/messages_fr3/messages_fr3/srv/detail/set_pose__type_support.h
[0.265s] -- Up-to-date: /home/matteo/franka_ros2_ws/install/messages_fr3/include/messages_fr3/messages_fr3/srv/detail/set_pose__struct.h
[0.265s] -- Up-to-date: /home/matteo/franka_ros2_ws/install/messages_fr3/include/messages_fr3/messages_fr3/srv/detail/controller_activation__functions.c
[0.265s] -- Up-to-date: /home/matteo/franka_ros2_ws/install/messages_fr3/include/messages_fr3/messages_fr3/srv/detail/set_mode__type_support.h
[0.265s] -- Up-to-date: /home/matteo/franka_ros2_ws/install/messages_fr3/include/messages_fr3/messages_fr3/srv/detail/controller_activation__type_support.h
[0.265s] -- Up-to-date: /home/matteo/franka_ros2_ws/install/messages_fr3/include/messages_fr3/messages_fr3/srv/detail/planner_service__functions.c
[0.266s] -- Up-to-date: /home/matteo/franka_ros2_ws/install/messages_fr3/include/messages_fr3/messages_fr3/srv/detail/planner_service__struct.h
[0.266s] -- Up-to-date: /home/matteo/franka_ros2_ws/install/messages_fr3/include/messages_fr3/messages_fr3/srv/detail/planner_service__type_support.h
[0.266s] -- Up-to-date: /home/matteo/franka_ros2_ws/install/messages_fr3/include/messages_fr3/messages_fr3/srv/detail/set_stiffness__type_support.h
[0.266s] -- Up-to-date: /home/matteo/franka_ros2_ws/install/messages_fr3/include/messages_fr3/messages_fr3/srv/detail/set_mode__functions.c
[0.266s] -- Up-to-date: /home/matteo/franka_ros2_ws/install/messages_fr3/include/messages_fr3/messages_fr3/srv/detail/set_pose__functions.h
[0.266s] -- Up-to-date: /home/matteo/franka_ros2_ws/install/messages_fr3/include/messages_fr3/messages_fr3/srv/detail/set_stiffness__functions.h
[0.266s] -- Up-to-date: /home/matteo/franka_ros2_ws/install/messages_fr3/include/messages_fr3/messages_fr3/srv/detail/controller_activation__struct.h
[0.266s] -- Up-to-date: /home/matteo/franka_ros2_ws/install/messages_fr3/include/messages_fr3/messages_fr3/srv/detail/set_stiffness__functions.c
[0.266s] -- Up-to-date: /home/matteo/franka_ros2_ws/install/messages_fr3/include/messages_fr3/messages_fr3/srv/set_param.h
[0.266s] -- Up-to-date: /home/matteo/franka_ros2_ws/install/messages_fr3/include/messages_fr3/messages_fr3/srv/set_stiffness.h
[0.266s] -- Up-to-date: /home/matteo/franka_ros2_ws/install/messages_fr3/include/messages_fr3/messages_fr3/srv/controller_activation.h
[0.266s] -- Up-to-date: /home/matteo/franka_ros2_ws/install/messages_fr3/include/messages_fr3/messages_fr3/srv/planner_service.h
[0.266s] -- Up-to-date: /home/matteo/franka_ros2_ws/install/messages_fr3/include/messages_fr3/messages_fr3/srv/set_mode.h
[0.266s] -- Up-to-date: /home/matteo/franka_ros2_ws/install/messages_fr3/share/messages_fr3/environment/library_path.sh
[0.266s] -- Up-to-date: /home/matteo/franka_ros2_ws/install/messages_fr3/share/messages_fr3/environment/library_path.dsv
[0.266s] -- Up-to-date: /home/matteo/franka_ros2_ws/install/messages_fr3/lib/libmessages_fr3__rosidl_generator_c.so
[0.266s] -- Up-to-date: /home/matteo/franka_ros2_ws/install/messages_fr3/include/messages_fr3/messages_fr3
[0.267s] -- Up-to-date: /home/matteo/franka_ros2_ws/install/messages_fr3/include/messages_fr3/messages_fr3/msg
[0.267s] -- Up-to-date: /home/matteo/franka_ros2_ws/install/messages_fr3/include/messages_fr3/messages_fr3/msg/detail
[0.267s] -- Up-to-date: /home/matteo/franka_ros2_ws/install/messages_fr3/include/messages_fr3/messages_fr3/msg/detail/joint_config__rosidl_typesupport_fastrtps_c.h
[0.267s] -- Up-to-date: /home/matteo/franka_ros2_ws/install/messages_fr3/include/messages_fr3/messages_fr3/msg/detail/joint_ee_state__rosidl_typesupport_fastrtps_c.h
[0.267s] -- Up-to-date: /home/matteo/franka_ros2_ws/install/messages_fr3/include/messages_fr3/messages_fr3/msg/detail/pose_direction__rosidl_typesupport_fastrtps_c.h
[0.267s] -- Up-to-date: /home/matteo/franka_ros2_ws/install/messages_fr3/include/messages_fr3/messages_fr3/msg/detail/jacobian_ee__rosidl_typesupport_fastrtps_c.h
[0.267s] -- Up-to-date: /home/matteo/franka_ros2_ws/install/messages_fr3/include/messages_fr3/messages_fr3/msg/rosidl_typesupport_fastrtps_c__visibility_control.h
[0.267s] -- Up-to-date: /home/matteo/franka_ros2_ws/install/messages_fr3/include/messages_fr3/messages_fr3/srv
[0.267s] -- Up-to-date: /home/matteo/franka_ros2_ws/install/messages_fr3/include/messages_fr3/messages_fr3/srv/detail
[0.267s] -- Up-to-date: /home/matteo/franka_ros2_ws/install/messages_fr3/include/messages_fr3/messages_fr3/srv/detail/set_pose__rosidl_typesupport_fastrtps_c.h
[0.267s] -- Up-to-date: /home/matteo/franka_ros2_ws/install/messages_fr3/include/messages_fr3/messages_fr3/srv/detail/set_mode__rosidl_typesupport_fastrtps_c.h
[0.267s] -- Up-to-date: /home/matteo/franka_ros2_ws/install/messages_fr3/include/messages_fr3/messages_fr3/srv/detail/planner_service__rosidl_typesupport_fastrtps_c.h
[0.267s] -- Up-to-date: /home/matteo/franka_ros2_ws/install/messages_fr3/include/messages_fr3/messages_fr3/srv/detail/controller_activation__rosidl_typesupport_fastrtps_c.h
[0.267s] -- Up-to-date: /home/matteo/franka_ros2_ws/install/messages_fr3/include/messages_fr3/messages_fr3/srv/detail/set_stiffness__rosidl_typesupport_fastrtps_c.h
[0.267s] -- Up-to-date: /home/matteo/franka_ros2_ws/install/messages_fr3/include/messages_fr3/messages_fr3/srv/detail/set_param__rosidl_typesupport_fastrtps_c.h
[0.267s] -- Up-to-date: /home/matteo/franka_ros2_ws/install/messages_fr3/lib/libmessages_fr3__rosidl_typesupport_fastrtps_c.so
[0.267s] -- Up-to-date: /home/matteo/franka_ros2_ws/install/messages_fr3/include/messages_fr3/messages_fr3
[0.268s] -- Up-to-date: /home/matteo/franka_ros2_ws/install/messages_fr3/include/messages_fr3/messages_fr3/msg
[0.268s] -- Up-to-date: /home/matteo/franka_ros2_ws/install/messages_fr3/include/messages_fr3/messages_fr3/msg/detail
[0.268s] -- Up-to-date: /home/matteo/franka_ros2_ws/install/messages_fr3/include/messages_fr3/messages_fr3/msg/detail/jacobian_ee__type_support.c
[0.268s] -- Up-to-date: /home/matteo/franka_ros2_ws/install/messages_fr3/include/messages_fr3/messages_fr3/msg/detail/jacobian_ee__rosidl_typesupport_introspection_c.h
[0.268s] -- Up-to-date: /home/matteo/franka_ros2_ws/install/messages_fr3/include/messages_fr3/messages_fr3/msg/detail/joint_config__rosidl_typesupport_introspection_c.h
[0.268s] -- Up-to-date: /home/matteo/franka_ros2_ws/install/messages_fr3/include/messages_fr3/messages_fr3/msg/detail/joint_config__type_support.c
[0.268s] -- Up-to-date: /home/matteo/franka_ros2_ws/install/messages_fr3/include/messages_fr3/messages_fr3/msg/detail/joint_ee_state__rosidl_typesupport_introspection_c.h
[0.268s] -- Up-to-date: /home/matteo/franka_ros2_ws/install/messages_fr3/include/messages_fr3/messages_fr3/msg/detail/pose_direction__rosidl_typesupport_introspection_c.h
[0.268s] -- Up-to-date: /home/matteo/franka_ros2_ws/install/messages_fr3/include/messages_fr3/messages_fr3/msg/detail/joint_ee_state__type_support.c
[0.268s] -- Up-to-date: /home/matteo/franka_ros2_ws/install/messages_fr3/include/messages_fr3/messages_fr3/msg/detail/pose_direction__type_support.c
[0.268s] -- Up-to-date: /home/matteo/franka_ros2_ws/install/messages_fr3/include/messages_fr3/messages_fr3/msg/rosidl_typesupport_introspection_c__visibility_control.h
[0.268s] -- Up-to-date: /home/matteo/franka_ros2_ws/install/messages_fr3/include/messages_fr3/messages_fr3/srv
[0.268s] -- Up-to-date: /home/matteo/franka_ros2_ws/install/messages_fr3/include/messages_fr3/messages_fr3/srv/detail
[0.268s] -- Up-to-date: /home/matteo/franka_ros2_ws/install/messages_fr3/include/messages_fr3/messages_fr3/srv/detail/planner_service__type_support.c
[0.268s] -- Up-to-date: /home/matteo/franka_ros2_ws/install/messages_fr3/include/messages_fr3/messages_fr3/srv/detail/set_pose__rosidl_typesupport_introspection_c.h
[0.268s] -- Up-to-date: /home/matteo/franka_ros2_ws/install/messages_fr3/include/messages_fr3/messages_fr3/srv/detail/set_pose__type_support.c
[0.268s] -- Up-to-date: /home/matteo/franka_ros2_ws/install/messages_fr3/include/messages_fr3/messages_fr3/srv/detail/set_mode__type_support.c
[0.269s] -- Up-to-date: /home/matteo/franka_ros2_ws/install/messages_fr3/include/messages_fr3/messages_fr3/srv/detail/set_stiffness__type_support.c
[0.269s] -- Up-to-date: /home/matteo/franka_ros2_ws/install/messages_fr3/include/messages_fr3/messages_fr3/srv/detail/set_param__type_support.c
[0.269s] -- Up-to-date: /home/matteo/franka_ros2_ws/install/messages_fr3/include/messages_fr3/messages_fr3/srv/detail/controller_activation__rosidl_typesupport_introspection_c.h
[0.269s] -- Up-to-date: /home/matteo/franka_ros2_ws/install/messages_fr3/include/messages_fr3/messages_fr3/srv/detail/set_stiffness__rosidl_typesupport_introspection_c.h
[0.269s] -- Up-to-date: /home/matteo/franka_ros2_ws/install/messages_fr3/include/messages_fr3/messages_fr3/srv/detail/set_mode__rosidl_typesupport_introspection_c.h
[0.269s] -- Up-to-date: /home/matteo/franka_ros2_ws/install/messages_fr3/include/messages_fr3/messages_fr3/srv/detail/planner_service__rosidl_typesupport_introspection_c.h
[0.269s] -- Up-to-date: /home/matteo/franka_ros2_ws/install/messages_fr3/include/messages_fr3/messages_fr3/srv/detail/set_param__rosidl_typesupport_introspection_c.h
[0.269s] -- Up-to-date: /home/matteo/franka_ros2_ws/install/messages_fr3/include/messages_fr3/messages_fr3/srv/detail/controller_activation__type_support.c
[0.269s] -- Up-to-date: /home/matteo/franka_ros2_ws/install/messages_fr3/lib/libmessages_fr3__rosidl_typesupport_introspection_c.so
[0.269s] -- Up-to-date: /home/matteo/franka_ros2_ws/install/messages_fr3/lib/libmessages_fr3__rosidl_typesupport_c.so
[0.269s] -- Up-to-date: /home/matteo/franka_ros2_ws/install/messages_fr3/include/messages_fr3/messages_fr3
[0.269s] -- Up-to-date: /home/matteo/franka_ros2_ws/install/messages_fr3/include/messages_fr3/messages_fr3/msg
[0.269s] -- Up-to-date: /home/matteo/franka_ros2_ws/install/messages_fr3/include/messages_fr3/messages_fr3/msg/detail
[0.269s] -- Up-to-date: /home/matteo/franka_ros2_ws/install/messages_fr3/include/messages_fr3/messages_fr3/msg/detail/jacobian_ee__builder.hpp
[0.269s] -- Up-to-date: /home/matteo/franka_ros2_ws/install/messages_fr3/include/messages_fr3/messages_fr3/msg/detail/pose_direction__traits.hpp
[0.269s] -- Up-to-date: /home/matteo/franka_ros2_ws/install/messages_fr3/include/messages_fr3/messages_fr3/msg/detail/jacobian_ee__struct.hpp
[0.269s] -- Up-to-date: /home/matteo/franka_ros2_ws/install/messages_fr3/include/messages_fr3/messages_fr3/msg/detail/pose_direction__builder.hpp
[0.270s] -- Up-to-date: /home/matteo/franka_ros2_ws/install/messages_fr3/include/messages_fr3/messages_fr3/msg/detail/joint_config__struct.hpp
[0.270s] -- Up-to-date: /home/matteo/franka_ros2_ws/install/messages_fr3/include/messages_fr3/messages_fr3/msg/detail/joint_ee_state__builder.hpp
[0.270s] -- Up-to-date: /home/matteo/franka_ros2_ws/install/messages_fr3/include/messages_fr3/messages_fr3/msg/detail/joint_config__builder.hpp
[0.270s] -- Up-to-date: /home/matteo/franka_ros2_ws/install/messages_fr3/include/messages_fr3/messages_fr3/msg/detail/joint_config__traits.hpp
[0.270s] -- Up-to-date: /home/matteo/franka_ros2_ws/install/messages_fr3/include/messages_fr3/messages_fr3/msg/detail/joint_ee_state__type_support.hpp
[0.270s] -- Up-to-date: /home/matteo/franka_ros2_ws/install/messages_fr3/include/messages_fr3/messages_fr3/msg/detail/pose_direction__struct.hpp
[0.270s] -- Up-to-date: /home/matteo/franka_ros2_ws/install/messages_fr3/include/messages_fr3/messages_fr3/msg/detail/joint_ee_state__traits.hpp
[0.270s] -- Up-to-date: /home/matteo/franka_ros2_ws/install/messages_fr3/include/messages_fr3/messages_fr3/msg/detail/jacobian_ee__traits.hpp
[0.270s] -- Up-to-date: /home/matteo/franka_ros2_ws/install/messages_fr3/include/messages_fr3/messages_fr3/msg/detail/joint_config__type_support.hpp
[0.270s] -- Up-to-date: /home/matteo/franka_ros2_ws/install/messages_fr3/include/messages_fr3/messages_fr3/msg/detail/jacobian_ee__type_support.hpp
[0.270s] -- Up-to-date: /home/matteo/franka_ros2_ws/install/messages_fr3/include/messages_fr3/messages_fr3/msg/detail/pose_direction__type_support.hpp
[0.270s] -- Up-to-date: /home/matteo/franka_ros2_ws/install/messages_fr3/include/messages_fr3/messages_fr3/msg/detail/joint_ee_state__struct.hpp
[0.270s] -- Up-to-date: /home/matteo/franka_ros2_ws/install/messages_fr3/include/messages_fr3/messages_fr3/msg/joint_config.hpp
[0.270s] -- Up-to-date: /home/matteo/franka_ros2_ws/install/messages_fr3/include/messages_fr3/messages_fr3/msg/pose_direction.hpp
[0.270s] -- Up-to-date: /home/matteo/franka_ros2_ws/install/messages_fr3/include/messages_fr3/messages_fr3/msg/joint_ee_state.hpp
[0.270s] -- Up-to-date: /home/matteo/franka_ros2_ws/install/messages_fr3/include/messages_fr3/messages_fr3/msg/jacobian_ee.hpp
[0.270s] -- Up-to-date: /home/matteo/franka_ros2_ws/install/messages_fr3/include/messages_fr3/messages_fr3/msg/rosidl_generator_cpp__visibility_control.hpp
[0.270s] -- Up-to-date: /home/matteo/franka_ros2_ws/install/messages_fr3/include/messages_fr3/messages_fr3/srv
[0.271s] -- Up-to-date: /home/matteo/franka_ros2_ws/install/messages_fr3/include/messages_fr3/messages_fr3/srv/set_pose.hpp
[0.271s] -- Up-to-date: /home/matteo/franka_ros2_ws/install/messages_fr3/include/messages_fr3/messages_fr3/srv/planner_service.hpp
[0.271s] -- Up-to-date: /home/matteo/franka_ros2_ws/install/messages_fr3/include/messages_fr3/messages_fr3/srv/set_mode.hpp
[0.271s] -- Up-to-date: /home/matteo/franka_ros2_ws/install/messages_fr3/include/messages_fr3/messages_fr3/srv/detail
[0.271s] -- Up-to-date: /home/matteo/franka_ros2_ws/install/messages_fr3/include/messages_fr3/messages_fr3/srv/detail/controller_activation__type_support.hpp
[0.271s] -- Up-to-date: /home/matteo/franka_ros2_ws/install/messages_fr3/include/messages_fr3/messages_fr3/srv/detail/set_stiffness__struct.hpp
[0.271s] -- Up-to-date: /home/matteo/franka_ros2_ws/install/messages_fr3/include/messages_fr3/messages_fr3/srv/detail/set_param__struct.hpp
[0.271s] -- Up-to-date: /home/matteo/franka_ros2_ws/install/messages_fr3/include/messages_fr3/messages_fr3/srv/detail/set_pose__builder.hpp
[0.271s] -- Up-to-date: /home/matteo/franka_ros2_ws/install/messages_fr3/include/messages_fr3/messages_fr3/srv/detail/set_pose__struct.hpp
[0.271s] -- Up-to-date: /home/matteo/franka_ros2_ws/install/messages_fr3/include/messages_fr3/messages_fr3/srv/detail/set_param__traits.hpp
[0.271s] -- Up-to-date: /home/matteo/franka_ros2_ws/install/messages_fr3/include/messages_fr3/messages_fr3/srv/detail/set_mode__struct.hpp
[0.271s] -- Up-to-date: /home/matteo/franka_ros2_ws/install/messages_fr3/include/messages_fr3/messages_fr3/srv/detail/planner_service__traits.hpp
[0.271s] -- Up-to-date: /home/matteo/franka_ros2_ws/install/messages_fr3/include/messages_fr3/messages_fr3/srv/detail/set_pose__type_support.hpp
[0.271s] -- Up-to-date: /home/matteo/franka_ros2_ws/install/messages_fr3/include/messages_fr3/messages_fr3/srv/detail/set_mode__type_support.hpp
[0.271s] -- Up-to-date: /home/matteo/franka_ros2_ws/install/messages_fr3/include/messages_fr3/messages_fr3/srv/detail/set_stiffness__type_support.hpp
[0.271s] -- Up-to-date: /home/matteo/franka_ros2_ws/install/messages_fr3/include/messages_fr3/messages_fr3/srv/detail/controller_activation__builder.hpp
[0.271s] -- Up-to-date: /home/matteo/franka_ros2_ws/install/messages_fr3/include/messages_fr3/messages_fr3/srv/detail/planner_service__type_support.hpp
[0.272s] -- Up-to-date: /home/matteo/franka_ros2_ws/install/messages_fr3/include/messages_fr3/messages_fr3/srv/detail/planner_service__builder.hpp
[0.272s] -- Up-to-date: /home/matteo/franka_ros2_ws/install/messages_fr3/include/messages_fr3/messages_fr3/srv/detail/set_mode__traits.hpp
[0.272s] -- Up-to-date: /home/matteo/franka_ros2_ws/install/messages_fr3/include/messages_fr3/messages_fr3/srv/detail/controller_activation__struct.hpp
[0.272s] -- Up-to-date: /home/matteo/franka_ros2_ws/install/messages_fr3/include/messages_fr3/messages_fr3/srv/detail/set_pose__traits.hpp
[0.272s] -- Up-to-date: /home/matteo/franka_ros2_ws/install/messages_fr3/include/messages_fr3/messages_fr3/srv/detail/set_param__builder.hpp
[0.272s] -- Up-to-date: /home/matteo/franka_ros2_ws/install/messages_fr3/include/messages_fr3/messages_fr3/srv/detail/planner_service__struct.hpp
[0.272s] -- Up-to-date: /home/matteo/franka_ros2_ws/install/messages_fr3/include/messages_fr3/messages_fr3/srv/detail/controller_activation__traits.hpp
[0.272s] -- Up-to-date: /home/matteo/franka_ros2_ws/install/messages_fr3/include/messages_fr3/messages_fr3/srv/detail/set_stiffness__traits.hpp
[0.272s] -- Up-to-date: /home/matteo/franka_ros2_ws/install/messages_fr3/include/messages_fr3/messages_fr3/srv/detail/set_mode__builder.hpp
[0.272s] -- Up-to-date: /home/matteo/franka_ros2_ws/install/messages_fr3/include/messages_fr3/messages_fr3/srv/detail/set_param__type_support.hpp
[0.272s] -- Up-to-date: /home/matteo/franka_ros2_ws/install/messages_fr3/include/messages_fr3/messages_fr3/srv/detail/set_stiffness__builder.hpp
[0.272s] -- Up-to-date: /home/matteo/franka_ros2_ws/install/messages_fr3/include/messages_fr3/messages_fr3/srv/controller_activation.hpp
[0.272s] -- Up-to-date: /home/matteo/franka_ros2_ws/install/messages_fr3/include/messages_fr3/messages_fr3/srv/set_stiffness.hpp
[0.272s] -- Up-to-date: /home/matteo/franka_ros2_ws/install/messages_fr3/include/messages_fr3/messages_fr3/srv/set_param.hpp
[0.272s] -- Up-to-date: /home/matteo/franka_ros2_ws/install/messages_fr3/include/messages_fr3/messages_fr3
[0.272s] -- Up-to-date: /home/matteo/franka_ros2_ws/install/messages_fr3/include/messages_fr3/messages_fr3/msg
[0.272s] -- Up-to-date: /home/matteo/franka_ros2_ws/install/messages_fr3/include/messages_fr3/messages_fr3/msg/detail
[0.273s] -- Up-to-date: /home/matteo/franka_ros2_ws/install/messages_fr3/include/messages_fr3/messages_fr3/msg/detail/joint_config__rosidl_typesupport_fastrtps_cpp.hpp
[0.273s] -- Up-to-date: /home/matteo/franka_ros2_ws/install/messages_fr3/include/messages_fr3/messages_fr3/msg/detail/joint_ee_state__rosidl_typesupport_fastrtps_cpp.hpp
[0.273s] -- Up-to-date: /home/matteo/franka_ros2_ws/install/messages_fr3/include/messages_fr3/messages_fr3/msg/detail/dds_fastrtps
[0.273s] -- Up-to-date: /home/matteo/franka_ros2_ws/install/messages_fr3/include/messages_fr3/messages_fr3/msg/detail/jacobian_ee__rosidl_typesupport_fastrtps_cpp.hpp
[0.273s] -- Up-to-date: /home/matteo/franka_ros2_ws/install/messages_fr3/include/messages_fr3/messages_fr3/msg/detail/pose_direction__rosidl_typesupport_fastrtps_cpp.hpp
[0.273s] -- Up-to-date: /home/matteo/franka_ros2_ws/install/messages_fr3/include/messages_fr3/messages_fr3/msg/rosidl_typesupport_fastrtps_cpp__visibility_control.h
[0.273s] -- Up-to-date: /home/matteo/franka_ros2_ws/install/messages_fr3/include/messages_fr3/messages_fr3/srv
[0.273s] -- Up-to-date: /home/matteo/franka_ros2_ws/install/messages_fr3/include/messages_fr3/messages_fr3/srv/detail
[0.273s] -- Up-to-date: /home/matteo/franka_ros2_ws/install/messages_fr3/include/messages_fr3/messages_fr3/srv/detail/controller_activation__rosidl_typesupport_fastrtps_cpp.hpp
[0.273s] -- Up-to-date: /home/matteo/franka_ros2_ws/install/messages_fr3/include/messages_fr3/messages_fr3/srv/detail/set_stiffness__rosidl_typesupport_fastrtps_cpp.hpp
[0.273s] -- Up-to-date: /home/matteo/franka_ros2_ws/install/messages_fr3/include/messages_fr3/messages_fr3/srv/detail/dds_fastrtps
[0.273s] -- Up-to-date: /home/matteo/franka_ros2_ws/install/messages_fr3/include/messages_fr3/messages_fr3/srv/detail/set_mode__rosidl_typesupport_fastrtps_cpp.hpp
[0.273s] -- Up-to-date: /home/matteo/franka_ros2_ws/install/messages_fr3/include/messages_fr3/messages_fr3/srv/detail/planner_service__rosidl_typesupport_fastrtps_cpp.hpp
[0.273s] -- Up-to-date: /home/matteo/franka_ros2_ws/install/messages_fr3/include/messages_fr3/messages_fr3/srv/detail/set_pose__rosidl_typesupport_fastrtps_cpp.hpp
[0.273s] -- Up-to-date: /home/matteo/franka_ros2_ws/install/messages_fr3/include/messages_fr3/messages_fr3/srv/detail/set_param__rosidl_typesupport_fastrtps_cpp.hpp
[0.273s] -- Up-to-date: /home/matteo/franka_ros2_ws/install/messages_fr3/lib/libmessages_fr3__rosidl_typesupport_fastrtps_cpp.so
[0.273s] -- Up-to-date: /home/matteo/franka_ros2_ws/install/messages_fr3/include/messages_fr3/messages_fr3
[0.274s] -- Up-to-date: /home/matteo/franka_ros2_ws/install/messages_fr3/include/messages_fr3/messages_fr3/msg
[0.274s] -- Up-to-date: /home/matteo/franka_ros2_ws/install/messages_fr3/include/messages_fr3/messages_fr3/msg/detail
[0.274s] -- Up-to-date: /home/matteo/franka_ros2_ws/install/messages_fr3/include/messages_fr3/messages_fr3/msg/detail/joint_config__type_support.cpp
[0.274s] -- Up-to-date: /home/matteo/franka_ros2_ws/install/messages_fr3/include/messages_fr3/messages_fr3/msg/detail/jacobian_ee__rosidl_typesupport_introspection_cpp.hpp
[0.274s] -- Up-to-date: /home/matteo/franka_ros2_ws/install/messages_fr3/include/messages_fr3/messages_fr3/msg/detail/joint_config__rosidl_typesupport_introspection_cpp.hpp
[0.274s] -- Up-to-date: /home/matteo/franka_ros2_ws/install/messages_fr3/include/messages_fr3/messages_fr3/msg/detail/joint_ee_state__type_support.cpp
[0.274s] -- Up-to-date: /home/matteo/franka_ros2_ws/install/messages_fr3/include/messages_fr3/messages_fr3/msg/detail/jacobian_ee__type_support.cpp
[0.274s] -- Up-to-date: /home/matteo/franka_ros2_ws/install/messages_fr3/include/messages_fr3/messages_fr3/msg/detail/pose_direction__rosidl_typesupport_introspection_cpp.hpp
[0.274s] -- Up-to-date: /home/matteo/franka_ros2_ws/install/messages_fr3/include/messages_fr3/messages_fr3/msg/detail/joint_ee_state__rosidl_typesupport_introspection_cpp.hpp
[0.274s] -- Up-to-date: /home/matteo/franka_ros2_ws/install/messages_fr3/include/messages_fr3/messages_fr3/msg/detail/pose_direction__type_support.cpp
[0.274s] -- Up-to-date: /home/matteo/franka_ros2_ws/install/messages_fr3/include/messages_fr3/messages_fr3/srv
[0.274s] -- Up-to-date: /home/matteo/franka_ros2_ws/install/messages_fr3/include/messages_fr3/messages_fr3/srv/detail
[0.274s] -- Up-to-date: /home/matteo/franka_ros2_ws/install/messages_fr3/include/messages_fr3/messages_fr3/srv/detail/set_mode__rosidl_typesupport_introspection_cpp.hpp
[0.274s] -- Up-to-date: /home/matteo/franka_ros2_ws/install/messages_fr3/include/messages_fr3/messages_fr3/srv/detail/set_mode__type_support.cpp
[0.274s] -- Up-to-date: /home/matteo/franka_ros2_ws/install/messages_fr3/include/messages_fr3/messages_fr3/srv/detail/set_stiffness__type_support.cpp
[0.274s] -- Up-to-date: /home/matteo/franka_ros2_ws/install/messages_fr3/include/messages_fr3/messages_fr3/srv/detail/controller_activation__type_support.cpp
[0.274s] -- Up-to-date: /home/matteo/franka_ros2_ws/install/messages_fr3/include/messages_fr3/messages_fr3/srv/detail/set_pose__rosidl_typesupport_introspection_cpp.hpp
[0.274s] -- Up-to-date: /home/matteo/franka_ros2_ws/install/messages_fr3/include/messages_fr3/messages_fr3/srv/detail/set_param__type_support.cpp
[0.275s] -- Up-to-date: /home/matteo/franka_ros2_ws/install/messages_fr3/include/messages_fr3/messages_fr3/srv/detail/set_pose__type_support.cpp
[0.275s] -- Up-to-date: /home/matteo/franka_ros2_ws/install/messages_fr3/include/messages_fr3/messages_fr3/srv/detail/planner_service__rosidl_typesupport_introspection_cpp.hpp
[0.275s] -- Up-to-date: /home/matteo/franka_ros2_ws/install/messages_fr3/include/messages_fr3/messages_fr3/srv/detail/set_stiffness__rosidl_typesupport_introspection_cpp.hpp
[0.275s] -- Up-to-date: /home/matteo/franka_ros2_ws/install/messages_fr3/include/messages_fr3/messages_fr3/srv/detail/controller_activation__rosidl_typesupport_introspection_cpp.hpp
[0.275s] -- Up-to-date: /home/matteo/franka_ros2_ws/install/messages_fr3/include/messages_fr3/messages_fr3/srv/detail/planner_service__type_support.cpp
[0.275s] -- Up-to-date: /home/matteo/franka_ros2_ws/install/messages_fr3/include/messages_fr3/messages_fr3/srv/detail/set_param__rosidl_typesupport_introspection_cpp.hpp
[0.275s] -- Up-to-date: /home/matteo/franka_ros2_ws/install/messages_fr3/lib/libmessages_fr3__rosidl_typesupport_introspection_cpp.so
[0.275s] -- Up-to-date: /home/matteo/franka_ros2_ws/install/messages_fr3/lib/libmessages_fr3__rosidl_typesupport_cpp.so
[0.275s] -- Up-to-date: /home/matteo/franka_ros2_ws/install/messages_fr3/share/messages_fr3/environment/pythonpath.sh
[0.275s] -- Up-to-date: /home/matteo/franka_ros2_ws/install/messages_fr3/share/messages_fr3/environment/pythonpath.dsv
[0.275s] -- Up-to-date: /home/matteo/franka_ros2_ws/install/messages_fr3/local/lib/python3.10/dist-packages/messages_fr3-0.0.0-py3.10.egg-info
[0.275s] -- Installing: /home/matteo/franka_ros2_ws/install/messages_fr3/local/lib/python3.10/dist-packages/messages_fr3-0.0.0-py3.10.egg-info/PKG-INFO
[0.275s] -- Installing: /home/matteo/franka_ros2_ws/install/messages_fr3/local/lib/python3.10/dist-packages/messages_fr3-0.0.0-py3.10.egg-info/top_level.txt
[0.275s] -- Installing: /home/matteo/franka_ros2_ws/install/messages_fr3/local/lib/python3.10/dist-packages/messages_fr3-0.0.0-py3.10.egg-info/dependency_links.txt
[0.275s] -- Installing: /home/matteo/franka_ros2_ws/install/messages_fr3/local/lib/python3.10/dist-packages/messages_fr3-0.0.0-py3.10.egg-info/SOURCES.txt
[0.275s] -- Up-to-date: /home/matteo/franka_ros2_ws/install/messages_fr3/local/lib/python3.10/dist-packages/messages_fr3
[0.276s] -- Up-to-date: /home/matteo/franka_ros2_ws/install/messages_fr3/local/lib/python3.10/dist-packages/messages_fr3/__init__.py
[0.276s] -- Up-to-date: /home/matteo/franka_ros2_ws/install/messages_fr3/local/lib/python3.10/dist-packages/messages_fr3/msg
[0.276s] -- Up-to-date: /home/matteo/franka_ros2_ws/install/messages_fr3/local/lib/python3.10/dist-packages/messages_fr3/msg/_jacobian_ee.py
[0.276s] -- Up-to-date: /home/matteo/franka_ros2_ws/install/messages_fr3/local/lib/python3.10/dist-packages/messages_fr3/msg/__init__.py
[0.276s] -- Up-to-date: /home/matteo/franka_ros2_ws/install/messages_fr3/local/lib/python3.10/dist-packages/messages_fr3/msg/_pose_direction.py
[0.276s] -- Up-to-date: /home/matteo/franka_ros2_ws/install/messages_fr3/local/lib/python3.10/dist-packages/messages_fr3/msg/_joint_config_s.c
[0.276s] -- Up-to-date: /home/matteo/franka_ros2_ws/install/messages_fr3/local/lib/python3.10/dist-packages/messages_fr3/msg/_pose_direction_s.c
[0.276s] -- Up-to-date: /home/matteo/franka_ros2_ws/install/messages_fr3/local/lib/python3.10/dist-packages/messages_fr3/msg/_joint_config.py
[0.276s] -- Up-to-date: /home/matteo/franka_ros2_ws/install/messages_fr3/local/lib/python3.10/dist-packages/messages_fr3/msg/_jacobian_ee_s.c
[0.276s] -- Up-to-date: /home/matteo/franka_ros2_ws/install/messages_fr3/local/lib/python3.10/dist-packages/messages_fr3/msg/_joint_ee_state_s.c
[0.276s] -- Up-to-date: /home/matteo/franka_ros2_ws/install/messages_fr3/local/lib/python3.10/dist-packages/messages_fr3/msg/_joint_ee_state.py
[0.276s] -- Up-to-date: /home/matteo/franka_ros2_ws/install/messages_fr3/local/lib/python3.10/dist-packages/messages_fr3/messages_fr3_s__rosidl_typesupport_introspection_c.cpython-310-x86_64-linux-gnu.so
[0.276s] -- Up-to-date: /home/matteo/franka_ros2_ws/install/messages_fr3/local/lib/python3.10/dist-packages/messages_fr3/srv
[0.276s] -- Up-to-date: /home/matteo/franka_ros2_ws/install/messages_fr3/local/lib/python3.10/dist-packages/messages_fr3/srv/_set_param.py
[0.276s] -- Up-to-date: /home/matteo/franka_ros2_ws/install/messages_fr3/local/lib/python3.10/dist-packages/messages_fr3/srv/__init__.py
[0.276s] -- Up-to-date: /home/matteo/franka_ros2_ws/install/messages_fr3/local/lib/python3.10/dist-packages/messages_fr3/srv/_planner_service.py
[0.276s] -- Up-to-date: /home/matteo/franka_ros2_ws/install/messages_fr3/local/lib/python3.10/dist-packages/messages_fr3/srv/_planner_service_s.c
[0.276s] -- Up-to-date: /home/matteo/franka_ros2_ws/install/messages_fr3/local/lib/python3.10/dist-packages/messages_fr3/srv/_set_stiffness_s.c
[0.277s] -- Up-to-date: /home/matteo/franka_ros2_ws/install/messages_fr3/local/lib/python3.10/dist-packages/messages_fr3/srv/_set_param_s.c
[0.277s] -- Up-to-date: /home/matteo/franka_ros2_ws/install/messages_fr3/local/lib/python3.10/dist-packages/messages_fr3/srv/_controller_activation.py
[0.277s] -- Up-to-date: /home/matteo/franka_ros2_ws/install/messages_fr3/local/lib/python3.10/dist-packages/messages_fr3/srv/_set_mode.py
[0.277s] -- Up-to-date: /home/matteo/franka_ros2_ws/install/messages_fr3/local/lib/python3.10/dist-packages/messages_fr3/srv/_set_pose_s.c
[0.277s] -- Up-to-date: /home/matteo/franka_ros2_ws/install/messages_fr3/local/lib/python3.10/dist-packages/messages_fr3/srv/_set_stiffness.py
[0.277s] -- Up-to-date: /home/matteo/franka_ros2_ws/install/messages_fr3/local/lib/python3.10/dist-packages/messages_fr3/srv/_controller_activation_s.c
[0.277s] -- Up-to-date: /home/matteo/franka_ros2_ws/install/messages_fr3/local/lib/python3.10/dist-packages/messages_fr3/srv/_set_mode_s.c
[0.277s] -- Up-to-date: /home/matteo/franka_ros2_ws/install/messages_fr3/local/lib/python3.10/dist-packages/messages_fr3/srv/_set_pose.py
[0.277s] -- Up-to-date: /home/matteo/franka_ros2_ws/install/messages_fr3/local/lib/python3.10/dist-packages/messages_fr3/libmessages_fr3__rosidl_generator_py.so
[0.277s] -- Up-to-date: /home/matteo/franka_ros2_ws/install/messages_fr3/local/lib/python3.10/dist-packages/messages_fr3/messages_fr3_s__rosidl_typesupport_c.cpython-310-x86_64-linux-gnu.so
[0.277s] -- Up-to-date: /home/matteo/franka_ros2_ws/install/messages_fr3/local/lib/python3.10/dist-packages/messages_fr3/messages_fr3_s__rosidl_typesupport_fastrtps_c.cpython-310-x86_64-linux-gnu.so
[0.277s] -- Up-to-date: /home/matteo/franka_ros2_ws/install/messages_fr3/local/lib/python3.10/dist-packages/messages_fr3/_messages_fr3_s.ep.rosidl_typesupport_introspection_c.c
[0.277s] -- Up-to-date: /home/matteo/franka_ros2_ws/install/messages_fr3/local/lib/python3.10/dist-packages/messages_fr3/_messages_fr3_s.ep.rosidl_typesupport_c.c
[0.277s] -- Up-to-date: /home/matteo/franka_ros2_ws/install/messages_fr3/local/lib/python3.10/dist-packages/messages_fr3/_messages_fr3_s.ep.rosidl_typesupport_fastrtps_c.c
[0.284s] Listing '/home/matteo/franka_ros2_ws/install/messages_fr3/local/lib/python3.10/dist-packages/messages_fr3'...
[0.284s] Listing '/home/matteo/franka_ros2_ws/install/messages_fr3/local/lib/python3.10/dist-packages/messages_fr3/msg'...
[0.284s] Listing '/home/matteo/franka_ros2_ws/install/messages_fr3/local/lib/python3.10/dist-packages/messages_fr3/srv'...
[0.286s] -- Up-to-date: /home/matteo/franka_ros2_ws/install/messages_fr3/local/lib/python3.10/dist-packages/messages_fr3/messages_fr3_s__rosidl_typesupport_fastrtps_c.cpython-310-x86_64-linux-gnu.so
[0.286s] -- Up-to-date: /home/matteo/franka_ros2_ws/install/messages_fr3/local/lib/python3.10/dist-packages/messages_fr3/messages_fr3_s__rosidl_typesupport_introspection_c.cpython-310-x86_64-linux-gnu.so
[0.286s] -- Up-to-date: /home/matteo/franka_ros2_ws/install/messages_fr3/local/lib/python3.10/dist-packages/messages_fr3/messages_fr3_s__rosidl_typesupport_c.cpython-310-x86_64-linux-gnu.so
[0.287s] -- Up-to-date: /home/matteo/franka_ros2_ws/install/messages_fr3/lib/libmessages_fr3__rosidl_generator_py.so
[0.287s] -- Up-to-date: /home/matteo/franka_ros2_ws/install/messages_fr3/share/messages_fr3/srv/SetPose.idl
[0.287s] -- Up-to-date: /home/matteo/franka_ros2_ws/install/messages_fr3/share/messages_fr3/srv/SetParam.idl
[0.287s] -- Up-to-date: /home/matteo/franka_ros2_ws/install/messages_fr3/share/messages_fr3/srv/SetMode.idl
[0.287s] -- Up-to-date: /home/matteo/franka_ros2_ws/install/messages_fr3/share/messages_fr3/srv/PlannerService.idl
[0.287s] -- Up-to-date: /home/matteo/franka_ros2_ws/install/messages_fr3/share/messages_fr3/srv/SetStiffness.idl
[0.287s] -- Up-to-date: /home/matteo/franka_ros2_ws/install/messages_fr3/share/messages_fr3/srv/ControllerActivation.idl
[0.287s] -- Up-to-date: /home/matteo/franka_ros2_ws/install/messages_fr3/share/messages_fr3/msg/JacobianEE.idl
[0.287s] -- Up-to-date: /home/matteo/franka_ros2_ws/install/messages_fr3/share/messages_fr3/msg/JointEEState.idl
[0.288s] -- Up-to-date: /home/matteo/franka_ros2_ws/install/messages_fr3/share/messages_fr3/msg/PoseDirection.idl
[0.288s] -- Up-to-date: /home/matteo/franka_ros2_ws/install/messages_fr3/share/messages_fr3/msg/JointConfig.idl
[0.288s] -- Up-to-date: /home/matteo/franka_ros2_ws/install/messages_fr3/share/messages_fr3/srv/SetPose.srv
[0.288s] -- Up-to-date: /home/matteo/franka_ros2_ws/install/messages_fr3/share/messages_fr3/srv/SetPose_Request.msg
[0.288s] -- Up-to-date: /home/matteo/franka_ros2_ws/install/messages_fr3/share/messages_fr3/srv/SetPose_Response.msg
[0.288s] -- Up-to-date: /home/matteo/franka_ros2_ws/install/messages_fr3/share/messages_fr3/srv/SetParam.srv
[0.288s] -- Up-to-date: /home/matteo/franka_ros2_ws/install/messages_fr3/share/messages_fr3/srv/SetParam_Request.msg
[0.288s] -- Up-to-date: /home/matteo/franka_ros2_ws/install/messages_fr3/share/messages_fr3/srv/SetParam_Response.msg
[0.288s] -- Up-to-date: /home/matteo/franka_ros2_ws/install/messages_fr3/share/messages_fr3/srv/SetMode.srv
[0.288s] -- Up-to-date: /home/matteo/franka_ros2_ws/install/messages_fr3/share/messages_fr3/srv/SetMode_Request.msg
[0.288s] -- Up-to-date: /home/matteo/franka_ros2_ws/install/messages_fr3/share/messages_fr3/srv/SetMode_Response.msg
[0.288s] -- Up-to-date: /home/matteo/franka_ros2_ws/install/messages_fr3/share/messages_fr3/srv/PlannerService.srv
[0.288s] -- Up-to-date: /home/matteo/franka_ros2_ws/install/messages_fr3/share/messages_fr3/srv/PlannerService_Request.msg
[0.288s] -- Up-to-date: /home/matteo/franka_ros2_ws/install/messages_fr3/share/messages_fr3/srv/PlannerService_Response.msg
[0.288s] -- Up-to-date: /home/matteo/franka_ros2_ws/install/messages_fr3/share/messages_fr3/srv/SetStiffness.srv
[0.289s] -- Up-to-date: /home/matteo/franka_ros2_ws/install/messages_fr3/share/messages_fr3/srv/SetStiffness_Request.msg
[0.289s] -- Up-to-date: /home/matteo/franka_ros2_ws/install/messages_fr3/share/messages_fr3/srv/SetStiffness_Response.msg
[0.289s] -- Up-to-date: /home/matteo/franka_ros2_ws/install/messages_fr3/share/messages_fr3/srv/ControllerActivation.srv
[0.289s] -- Up-to-date: /home/matteo/franka_ros2_ws/install/messages_fr3/share/messages_fr3/srv/ControllerActivation_Request.msg
[0.289s] -- Up-to-date: /home/matteo/franka_ros2_ws/install/messages_fr3/share/messages_fr3/srv/ControllerActivation_Response.msg
[0.289s] -- Up-to-date: /home/matteo/franka_ros2_ws/install/messages_fr3/share/messages_fr3/msg/JacobianEE.msg
[0.289s] -- Up-to-date: /home/matteo/franka_ros2_ws/install/messages_fr3/share/messages_fr3/msg/JointEEState.msg
[0.289s] -- Up-to-date: /home/matteo/franka_ros2_ws/install/messages_fr3/share/messages_fr3/msg/PoseDirection.msg
[0.289s] -- Up-to-date: /home/matteo/franka_ros2_ws/install/messages_fr3/share/messages_fr3/msg/JointConfig.msg
[0.289s] -- Up-to-date: /home/matteo/franka_ros2_ws/install/messages_fr3/share/ament_index/resource_index/package_run_dependencies/messages_fr3
[0.289s] -- Up-to-date: /home/matteo/franka_ros2_ws/install/messages_fr3/share/ament_index/resource_index/parent_prefix_path/messages_fr3
[0.289s] -- Up-to-date: /home/matteo/franka_ros2_ws/install/messages_fr3/share/messages_fr3/environment/ament_prefix_path.sh
[0.289s] -- Up-to-date: /home/matteo/franka_ros2_ws/install/messages_fr3/share/messages_fr3/environment/ament_prefix_path.dsv
[0.290s] -- Up-to-date: /home/matteo/franka_ros2_ws/install/messages_fr3/share/messages_fr3/environment/path.sh
[0.290s] -- Up-to-date: /home/matteo/franka_ros2_ws/install/messages_fr3/share/messages_fr3/environment/path.dsv
[0.290s] -- Up-to-date: /home/matteo/franka_ros2_ws/install/messages_fr3/share/messages_fr3/local_setup.bash
[0.291s] -- Up-to-date: /home/matteo/franka_ros2_ws/install/messages_fr3/share/messages_fr3/local_setup.sh
[0.291s] -- Up-to-date: /home/matteo/franka_ros2_ws/install/messages_fr3/share/messages_fr3/local_setup.zsh
[0.291s] -- Up-to-date: /home/matteo/franka_ros2_ws/install/messages_fr3/share/messages_fr3/local_setup.dsv
[0.291s] -- Installing: /home/matteo/franka_ros2_ws/install/messages_fr3/share/messages_fr3/package.dsv
[0.291s] -- Up-to-date: /home/matteo/franka_ros2_ws/install/messages_fr3/share/ament_index/resource_index/packages/messages_fr3
[0.291s] -- Up-to-date: /home/matteo/franka_ros2_ws/install/messages_fr3/share/messages_fr3/cmake/export_messages_fr3__rosidl_generator_cExport.cmake
[0.291s] -- Up-to-date: /home/matteo/franka_ros2_ws/install/messages_fr3/share/messages_fr3/cmake/export_messages_fr3__rosidl_generator_cExport-release.cmake
[0.291s] -- Up-to-date: /home/matteo/franka_ros2_ws/install/messages_fr3/share/messages_fr3/cmake/export_messages_fr3__rosidl_typesupport_fastrtps_cExport.cmake
[0.291s] -- Up-to-date: /home/matteo/franka_ros2_ws/install/messages_fr3/share/messages_fr3/cmake/export_messages_fr3__rosidl_typesupport_fastrtps_cExport-release.cmake
[0.292s] -- Up-to-date: /home/matteo/franka_ros2_ws/install/messages_fr3/share/messages_fr3/cmake/messages_fr3__rosidl_typesupport_introspection_cExport.cmake
[0.292s] -- Up-to-date: /home/matteo/franka_ros2_ws/install/messages_fr3/share/messages_fr3/cmake/messages_fr3__rosidl_typesupport_introspection_cExport-release.cmake
[0.292s] -- Up-to-date: /home/matteo/franka_ros2_ws/install/messages_fr3/share/messages_fr3/cmake/messages_fr3__rosidl_typesupport_cExport.cmake
[0.292s] -- Up-to-date: /home/matteo/franka_ros2_ws/install/messages_fr3/share/messages_fr3/cmake/messages_fr3__rosidl_typesupport_cExport-release.cmake
[0.292s] -- Up-to-date: /home/matteo/franka_ros2_ws/install/messages_fr3/share/messages_fr3/cmake/export_messages_fr3__rosidl_generator_cppExport.cmake
[0.292s] -- Up-to-date: /home/matteo/franka_ros2_ws/install/messages_fr3/share/messages_fr3/cmake/export_messages_fr3__rosidl_typesupport_fastrtps_cppExport.cmake
[0.292s] -- Up-to-date: /home/matteo/franka_ros2_ws/install/messages_fr3/share/messages_fr3/cmake/export_messages_fr3__rosidl_typesupport_fastrtps_cppExport-release.cmake
[0.292s] -- Up-to-date: /home/matteo/franka_ros2_ws/install/messages_fr3/share/messages_fr3/cmake/messages_fr3__rosidl_typesupport_introspection_cppExport.cmake
[0.292s] -- Up-to-date: /home/matteo/franka_ros2_ws/install/messages_fr3/share/messages_fr3/cmake/messages_fr3__rosidl_typesupport_introspection_cppExport-release.cmake
[0.293s] -- Up-to-date: /home/matteo/franka_ros2_ws/install/messages_fr3/share/messages_fr3/cmake/messages_fr3__rosidl_typesupport_cppExport.cmake
[0.293s] -- Up-to-date: /home/matteo/franka_ros2_ws/install/messages_fr3/share/messages_fr3/cmake/messages_fr3__rosidl_typesupport_cppExport-release.cmake
[0.293s] -- Up-to-date: /home/matteo/franka_ros2_ws/install/messages_fr3/share/messages_fr3/cmake/export_messages_fr3__rosidl_generator_pyExport.cmake
[0.293s] -- Up-to-date: /home/matteo/franka_ros2_ws/install/messages_fr3/share/messages_fr3/cmake/export_messages_fr3__rosidl_generator_pyExport-release.cmake
[0.293s] -- Up-to-date: /home/matteo/franka_ros2_ws/install/messages_fr3/share/messages_fr3/cmake/rosidl_cmake-extras.cmake
[0.293s] -- Up-to-date: /home/matteo/franka_ros2_ws/install/messages_fr3/share/messages_fr3/cmake/ament_cmake_export_dependencies-extras.cmake
[0.294s] -- Up-to-date: /home/matteo/franka_ros2_ws/install/messages_fr3/share/messages_fr3/cmake/ament_cmake_export_include_directories-extras.cmake
[0.294s] -- Up-to-date: /home/matteo/franka_ros2_ws/install/messages_fr3/share/messages_fr3/cmake/ament_cmake_export_libraries-extras.cmake
[0.294s] -- Up-to-date: /home/matteo/franka_ros2_ws/install/messages_fr3/share/messages_fr3/cmake/ament_cmake_export_targets-extras.cmake
[0.294s] -- Up-to-date: /home/matteo/franka_ros2_ws/install/messages_fr3/share/messages_fr3/cmake/rosidl_cmake_export_typesupport_targets-extras.cmake
[0.294s] -- Up-to-date: /home/matteo/franka_ros2_ws/install/messages_fr3/share/messages_fr3/cmake/rosidl_cmake_export_typesupport_libraries-extras.cmake
[0.294s] -- Up-to-date: /home/matteo/franka_ros2_ws/install/messages_fr3/share/messages_fr3/cmake/messages_fr3Config.cmake
[0.294s] -- Up-to-date: /home/matteo/franka_ros2_ws/install/messages_fr3/share/messages_fr3/cmake/messages_fr3Config-version.cmake
[0.294s] -- Up-to-date: /home/matteo/franka_ros2_ws/install/messages_fr3/share/messages_fr3/package.xml
[0.294s] Invoked command in '/home/matteo/franka_ros2_ws/build/messages_fr3' returned '0': CMAKE_PREFIX_PATH=${CMAKE_PREFIX_PATH}:/opt/ros/humble /usr/bin/cmake --install /home/matteo/franka_ros2_ws/build/messages_fr3
