[0.026s] Invoking command in '/home/matteo/franka_ros2_ws/build/franka_gripper': CMAKE_PREFIX_PATH=/home/matteo/franka_ros2_ws/install/franka_msgs:/home/matteo/franka_ros2_ws/install/cartesian_impedance_control:/home/matteo/franka_ros2_ws/install/messages_fr3:/home/matteo/franka_ros2_ws/install/integration_launch_testing:/home/matteo/franka_ros2_ws/install/franka_ros2:/home/matteo/franka_ros2_ws/install/franka_bringup:/home/matteo/franka_ros2_ws/install/franka_robot_state_broadcaster:/home/matteo/franka_ros2_ws/install/franka_example_controllers:/home/matteo/franka_ros2_ws/install/franka_semantic_components:/home/matteo/franka_ros2_ws/install/franka_gazebo_bringup:/home/matteo/franka_ros2_ws/install/franka_ign_ros2_control:/home/matteo/franka_ros2_ws/install/franka_fr3_moveit_config:/home/matteo/franka_ros2_ws/install/franka_hardware:/home/matteo/franka_ros2_ws/install/franka_gripper:/home/matteo/franka_ros2_ws/install/franka_description:/opt/ros/humble LD_LIBRARY_PATH=/home/matteo/franka_ros2_ws/install/franka_msgs/lib:/home/matteo/franka_ros2_ws/install/cartesian_impedance_control/lib:/home/matteo/franka_ros2_ws/install/messages_fr3/lib:/home/matteo/franka_ros2_ws/install/integration_launch_testing/lib:/home/matteo/franka_ros2_ws/install/franka_robot_state_broadcaster/lib:/home/matteo/franka_ros2_ws/install/franka_example_controllers/lib:/home/matteo/franka_ros2_ws/install/franka_semantic_components/lib:/home/matteo/franka_ros2_ws/install/franka_ign_ros2_control/lib:/home/matteo/franka_ros2_ws/install/franka_hardware/lib:/home/matteo/franka_ros2_ws/install/franka_gripper/lib:/opt/ros/humble/opt/rviz_ogre_vendor/lib:/opt/ros/humble/lib/x86_64-linux-gnu:/opt/ros/humble/lib /usr/bin/cmake --build /home/matteo/franka_ros2_ws/build/franka_gripper -- -j12 -l12
[0.098s] [ 50%] Built target gripper_server
[0.099s] [100%] Built target franka_gripper_node
[0.099s] [100%] Built target ament_cmake_python_copy_franka_gripper
[0.333s] running egg_info
[0.334s] writing franka_gripper.egg-info/PKG-INFO
[0.334s] writing dependency_links to franka_gripper.egg-info/dependency_links.txt
[0.334s] writing top-level names to franka_gripper.egg-info/top_level.txt
[0.335s] reading manifest file 'franka_gripper.egg-info/SOURCES.txt'
[0.336s] writing manifest file 'franka_gripper.egg-info/SOURCES.txt'
[0.371s] [100%] Built target ament_cmake_python_build_franka_gripper_egg
[0.388s] Invoked command in '/home/matteo/franka_ros2_ws/build/franka_gripper' returned '0': CMAKE_PREFIX_PATH=/home/matteo/franka_ros2_ws/install/franka_msgs:/home/matteo/franka_ros2_ws/install/cartesian_impedance_control:/home/matteo/franka_ros2_ws/install/messages_fr3:/home/matteo/franka_ros2_ws/install/integration_launch_testing:/home/matteo/franka_ros2_ws/install/franka_ros2:/home/matteo/franka_ros2_ws/install/franka_bringup:/home/matteo/franka_ros2_ws/install/franka_robot_state_broadcaster:/home/matteo/franka_ros2_ws/install/franka_example_controllers:/home/matteo/franka_ros2_ws/install/franka_semantic_components:/home/matteo/franka_ros2_ws/install/franka_gazebo_bringup:/home/matteo/franka_ros2_ws/install/franka_ign_ros2_control:/home/matteo/franka_ros2_ws/install/franka_fr3_moveit_config:/home/matteo/franka_ros2_ws/install/franka_hardware:/home/matteo/franka_ros2_ws/install/franka_gripper:/home/matteo/franka_ros2_ws/install/franka_description:/opt/ros/humble LD_LIBRARY_PATH=/home/matteo/franka_ros2_ws/install/franka_msgs/lib:/home/matteo/franka_ros2_ws/install/cartesian_impedance_control/lib:/home/matteo/franka_ros2_ws/install/messages_fr3/lib:/home/matteo/franka_ros2_ws/install/integration_launch_testing/lib:/home/matteo/franka_ros2_ws/install/franka_robot_state_broadcaster/lib:/home/matteo/franka_ros2_ws/install/franka_example_controllers/lib:/home/matteo/franka_ros2_ws/install/franka_semantic_components/lib:/home/matteo/franka_ros2_ws/install/franka_ign_ros2_control/lib:/home/matteo/franka_ros2_ws/install/franka_hardware/lib:/home/matteo/franka_ros2_ws/install/franka_gripper/lib:/opt/ros/humble/opt/rviz_ogre_vendor/lib:/opt/ros/humble/lib/x86_64-linux-gnu:/opt/ros/humble/lib /usr/bin/cmake --build /home/matteo/franka_ros2_ws/build/franka_gripper -- -j12 -l12
[0.390s] Invoking command in '/home/matteo/franka_ros2_ws/build/franka_gripper': CMAKE_PREFIX_PATH=/home/matteo/franka_ros2_ws/install/franka_msgs:/home/matteo/franka_ros2_ws/install/cartesian_impedance_control:/home/matteo/franka_ros2_ws/install/messages_fr3:/home/matteo/franka_ros2_ws/install/integration_launch_testing:/home/matteo/franka_ros2_ws/install/franka_ros2:/home/matteo/franka_ros2_ws/install/franka_bringup:/home/matteo/franka_ros2_ws/install/franka_robot_state_broadcaster:/home/matteo/franka_ros2_ws/install/franka_example_controllers:/home/matteo/franka_ros2_ws/install/franka_semantic_components:/home/matteo/franka_ros2_ws/install/franka_gazebo_bringup:/home/matteo/franka_ros2_ws/install/franka_ign_ros2_control:/home/matteo/franka_ros2_ws/install/franka_fr3_moveit_config:/home/matteo/franka_ros2_ws/install/franka_hardware:/home/matteo/franka_ros2_ws/install/franka_gripper:/home/matteo/franka_ros2_ws/install/franka_description:/opt/ros/humble LD_LIBRARY_PATH=/home/matteo/franka_ros2_ws/install/franka_msgs/lib:/home/matteo/franka_ros2_ws/install/cartesian_impedance_control/lib:/home/matteo/franka_ros2_ws/install/messages_fr3/lib:/home/matteo/franka_ros2_ws/install/integration_launch_testing/lib:/home/matteo/franka_ros2_ws/install/franka_robot_state_broadcaster/lib:/home/matteo/franka_ros2_ws/install/franka_example_controllers/lib:/home/matteo/franka_ros2_ws/install/franka_semantic_components/lib:/home/matteo/franka_ros2_ws/install/franka_ign_ros2_control/lib:/home/matteo/franka_ros2_ws/install/franka_hardware/lib:/home/matteo/franka_ros2_ws/install/franka_gripper/lib:/opt/ros/humble/opt/rviz_ogre_vendor/lib:/opt/ros/humble/lib/x86_64-linux-gnu:/opt/ros/humble/lib /usr/bin/cmake --install /home/matteo/franka_ros2_ws/build/franka_gripper
[0.397s] -- Install configuration: "Release"
[0.397s] -- Up-to-date: /home/matteo/franka_ros2_ws/install/franka_gripper/lib/franka_gripper/franka_gripper_node
[0.399s] -- Up-to-date: /home/matteo/franka_ros2_ws/install/franka_gripper/lib/libgripper_server.so
[0.400s] -- Up-to-date: /home/matteo/franka_ros2_ws/install/franka_gripper/share/franka_gripper//launch
[0.400s] -- Up-to-date: /home/matteo/franka_ros2_ws/install/franka_gripper/share/franka_gripper//launch/gripper.launch.py
[0.400s] -- Up-to-date: /home/matteo/franka_ros2_ws/install/franka_gripper/share/franka_gripper//config
[0.400s] -- Up-to-date: /home/matteo/franka_ros2_ws/install/franka_gripper/share/franka_gripper//config/franka_gripper_node.yaml
[0.400s] -- Up-to-date: /home/matteo/franka_ros2_ws/install/franka_gripper/share/franka_gripper/environment/pythonpath.sh
[0.400s] -- Up-to-date: /home/matteo/franka_ros2_ws/install/franka_gripper/share/franka_gripper/environment/pythonpath.dsv
[0.400s] -- Up-to-date: /home/matteo/franka_ros2_ws/install/franka_gripper/local/lib/python3.10/dist-packages/franka_gripper-1.0.0-py3.10.egg-info
[0.400s] -- Installing: /home/matteo/franka_ros2_ws/install/franka_gripper/local/lib/python3.10/dist-packages/franka_gripper-1.0.0-py3.10.egg-info/PKG-INFO
[0.401s] -- Installing: /home/matteo/franka_ros2_ws/install/franka_gripper/local/lib/python3.10/dist-packages/franka_gripper-1.0.0-py3.10.egg-info/top_level.txt
[0.401s] -- Installing: /home/matteo/franka_ros2_ws/install/franka_gripper/local/lib/python3.10/dist-packages/franka_gripper-1.0.0-py3.10.egg-info/dependency_links.txt
[0.401s] -- Installing: /home/matteo/franka_ros2_ws/install/franka_gripper/local/lib/python3.10/dist-packages/franka_gripper-1.0.0-py3.10.egg-info/SOURCES.txt
[0.401s] -- Up-to-date: /home/matteo/franka_ros2_ws/install/franka_gripper/local/lib/python3.10/dist-packages/franka_gripper
[0.401s] -- Up-to-date: /home/matteo/franka_ros2_ws/install/franka_gripper/local/lib/python3.10/dist-packages/franka_gripper/__init__.py
[0.458s] Listing '/home/matteo/franka_ros2_ws/install/franka_gripper/local/lib/python3.10/dist-packages/franka_gripper'...
[0.464s] -- Up-to-date: /home/matteo/franka_ros2_ws/install/franka_gripper/lib/franka_gripper/fake_gripper_state_publisher.py
[0.464s] -- Up-to-date: /home/matteo/franka_ros2_ws/install/franka_gripper/share/ament_index/resource_index/package_run_dependencies/franka_gripper
[0.464s] -- Up-to-date: /home/matteo/franka_ros2_ws/install/franka_gripper/share/ament_index/resource_index/parent_prefix_path/franka_gripper
[0.464s] -- Up-to-date: /home/matteo/franka_ros2_ws/install/franka_gripper/share/franka_gripper/environment/ament_prefix_path.sh
[0.464s] -- Up-to-date: /home/matteo/franka_ros2_ws/install/franka_gripper/share/franka_gripper/environment/ament_prefix_path.dsv
[0.464s] -- Up-to-date: /home/matteo/franka_ros2_ws/install/franka_gripper/share/franka_gripper/environment/path.sh
[0.464s] -- Up-to-date: /home/matteo/franka_ros2_ws/install/franka_gripper/share/franka_gripper/environment/path.dsv
[0.464s] -- Up-to-date: /home/matteo/franka_ros2_ws/install/franka_gripper/share/franka_gripper/local_setup.bash
[0.464s] -- Up-to-date: /home/matteo/franka_ros2_ws/install/franka_gripper/share/franka_gripper/local_setup.sh
[0.464s] -- Up-to-date: /home/matteo/franka_ros2_ws/install/franka_gripper/share/franka_gripper/local_setup.zsh
[0.464s] -- Up-to-date: /home/matteo/franka_ros2_ws/install/franka_gripper/share/franka_gripper/local_setup.dsv
[0.464s] -- Installing: /home/matteo/franka_ros2_ws/install/franka_gripper/share/franka_gripper/package.dsv
[0.464s] -- Up-to-date: /home/matteo/franka_ros2_ws/install/franka_gripper/share/ament_index/resource_index/packages/franka_gripper
[0.464s] -- Up-to-date: /home/matteo/franka_ros2_ws/install/franka_gripper/share/ament_index/resource_index/rclcpp_components/franka_gripper
[0.464s] -- Up-to-date: /home/matteo/franka_ros2_ws/install/franka_gripper/share/franka_gripper/cmake/franka_gripperConfig.cmake
[0.465s] -- Up-to-date: /home/matteo/franka_ros2_ws/install/franka_gripper/share/franka_gripper/cmake/franka_gripperConfig-version.cmake
[0.466s] -- Up-to-date: /home/matteo/franka_ros2_ws/install/franka_gripper/share/franka_gripper/package.xml
[0.471s] Invoked command in '/home/matteo/franka_ros2_ws/build/franka_gripper' returned '0': CMAKE_PREFIX_PATH=/home/matteo/franka_ros2_ws/install/franka_msgs:/home/matteo/franka_ros2_ws/install/cartesian_impedance_control:/home/matteo/franka_ros2_ws/install/messages_fr3:/home/matteo/franka_ros2_ws/install/integration_launch_testing:/home/matteo/franka_ros2_ws/install/franka_ros2:/home/matteo/franka_ros2_ws/install/franka_bringup:/home/matteo/franka_ros2_ws/install/franka_robot_state_broadcaster:/home/matteo/franka_ros2_ws/install/franka_example_controllers:/home/matteo/franka_ros2_ws/install/franka_semantic_components:/home/matteo/franka_ros2_ws/install/franka_gazebo_bringup:/home/matteo/franka_ros2_ws/install/franka_ign_ros2_control:/home/matteo/franka_ros2_ws/install/franka_fr3_moveit_config:/home/matteo/franka_ros2_ws/install/franka_hardware:/home/matteo/franka_ros2_ws/install/franka_gripper:/home/matteo/franka_ros2_ws/install/franka_description:/opt/ros/humble LD_LIBRARY_PATH=/home/matteo/franka_ros2_ws/install/franka_msgs/lib:/home/matteo/franka_ros2_ws/install/cartesian_impedance_control/lib:/home/matteo/franka_ros2_ws/install/messages_fr3/lib:/home/matteo/franka_ros2_ws/install/integration_launch_testing/lib:/home/matteo/franka_ros2_ws/install/franka_robot_state_broadcaster/lib:/home/matteo/franka_ros2_ws/install/franka_example_controllers/lib:/home/matteo/franka_ros2_ws/install/franka_semantic_components/lib:/home/matteo/franka_ros2_ws/install/franka_ign_ros2_control/lib:/home/matteo/franka_ros2_ws/install/franka_hardware/lib:/home/matteo/franka_ros2_ws/install/franka_gripper/lib:/opt/ros/humble/opt/rviz_ogre_vendor/lib:/opt/ros/humble/lib/x86_64-linux-gnu:/opt/ros/humble/lib /usr/bin/cmake --install /home/matteo/franka_ros2_ws/build/franka_gripper
