[0.024s] Invoking command in '/home/matteo/franka_ros2_ws/build/messages_fr3': CMAKE_PREFIX_PATH=${CMAKE_PREFIX_PATH}:/opt/ros/humble /usr/bin/cmake --build /home/matteo/franka_ros2_ws/build/messages_fr3 -- -j12 -l12
[0.069s] [  0%] Built target messages_fr3__cpp
[0.104s] [ 12%] Built target messages_fr3__rosidl_generator_c
[0.104s] [ 12%] Built target ament_cmake_python_copy_messages_fr3
[0.130s] [ 30%] Built target messages_fr3__rosidl_typesupport_fastrtps_cpp
[0.133s] [ 35%] Built target messages_fr3__rosidl_typesupport_cpp
[0.138s] [ 47%] Built target messages_fr3__rosidl_typesupport_introspection_cpp
[0.145s] [ 67%] Built target messages_fr3__rosidl_typesupport_introspection_c
[0.145s] [ 70%] Built target messages_fr3__rosidl_typesupport_c
[0.149s] [ 82%] Built target messages_fr3__rosidl_typesupport_fastrtps_c
[0.192s] [ 82%] Built target messages_fr3
[0.229s] [ 83%] Built target messages_fr3__py
[0.268s] [ 94%] Built target messages_fr3__rosidl_generator_py
[0.319s] [100%] Built target messages_fr3__rosidl_typesupport_introspection_c__pyext
[0.319s] [100%] Built target messages_fr3__rosidl_typesupport_c__pyext
[0.320s] [100%] Built target messages_fr3__rosidl_typesupport_fastrtps_c__pyext
[0.387s] running egg_info
[0.388s] writing messages_fr3.egg-info/PKG-INFO
[0.388s] writing dependency_links to messages_fr3.egg-info/dependency_links.txt
[0.388s] writing top-level names to messages_fr3.egg-info/top_level.txt
[0.389s] reading manifest file 'messages_fr3.egg-info/SOURCES.txt'
[0.389s] writing manifest file 'messages_fr3.egg-info/SOURCES.txt'
[0.408s] [100%] Built target ament_cmake_python_build_messages_fr3_egg
[0.429s] Invoked command in '/home/matteo/franka_ros2_ws/build/messages_fr3' returned '0': CMAKE_PREFIX_PATH=${CMAKE_PREFIX_PATH}:/opt/ros/humble /usr/bin/cmake --build /home/matteo/franka_ros2_ws/build/messages_fr3 -- -j12 -l12
[0.430s] Invoking command in '/home/matteo/franka_ros2_ws/build/messages_fr3': CMAKE_PREFIX_PATH=${CMAKE_PREFIX_PATH}:/opt/ros/humble /usr/bin/cmake --install /home/matteo/franka_ros2_ws/build/messages_fr3
[0.432s] -- Install configuration: "Release"
[0.433s] -- Up-to-date: /home/matteo/franka_ros2_ws/install/messages_fr3/share/ament_index/resource_index/rosidl_interfaces/messages_fr3
[0.433s] -- Up-to-date: /home/matteo/franka_ros2_ws/install/messages_fr3/include/messages_fr3/messages_fr3
[0.433s] -- Up-to-date: /home/matteo/franka_ros2_ws/install/messages_fr3/include/messages_fr3/messages_fr3/msg
[0.433s] -- Up-to-date: /home/matteo/franka_ros2_ws/install/messages_fr3/include/messages_fr3/messages_fr3/msg/rosidl_generator_c__visibility_control.h
[0.433s] -- Up-to-date: /home/matteo/franka_ros2_ws/install/messages_fr3/include/messages_fr3/messages_fr3/msg/detail
[0.433s] -- Up-to-date: /home/matteo/franka_ros2_ws/install/messages_fr3/include/messages_fr3/messages_fr3/msg/detail/pose_direction__functions.c
[0.433s] -- Up-to-date: /home/matteo/franka_ros2_ws/install/messages_fr3/include/messages_fr3/messages_fr3/msg/detail/joint_config__functions.h
[0.433s] -- Up-to-date: /home/matteo/franka_ros2_ws/install/messages_fr3/include/messages_fr3/messages_fr3/msg/detail/joint_ee_state__struct.h
[0.433s] -- Up-to-date: /home/matteo/franka_ros2_ws/install/messages_fr3/include/messages_fr3/messages_fr3/msg/detail/jacobian_ee__struct.h
[0.433s] -- Up-to-date: /home/matteo/franka_ros2_ws/install/messages_fr3/include/messages_fr3/messages_fr3/msg/detail/joint_config__struct.h
[0.433s] -- Up-to-date: /home/matteo/franka_ros2_ws/install/messages_fr3/include/messages_fr3/messages_fr3/msg/detail/joint_ee_state__functions.h
[0.433s] -- Up-to-date: /home/matteo/franka_ros2_ws/install/messages_fr3/include/messages_fr3/messages_fr3/msg/detail/pose_direction__struct.h
[0.433s] -- Up-to-date: /home/matteo/franka_ros2_ws/install/messages_fr3/include/messages_fr3/messages_fr3/msg/detail/jacobian_ee__functions.h
[0.433s] -- Up-to-date: /home/matteo/franka_ros2_ws/install/messages_fr3/include/messages_fr3/messages_fr3/msg/detail/pose_direction__functions.h
[0.433s] -- Up-to-date: /home/matteo/franka_ros2_ws/install/messages_fr3/include/messages_fr3/messages_fr3/msg/detail/joint_ee_state__type_support.h
[0.433s] -- Up-to-date: /home/matteo/franka_ros2_ws/install/messages_fr3/include/messages_fr3/messages_fr3/msg/detail/jacobian_ee__functions.c
[0.433s] -- Up-to-date: /home/matteo/franka_ros2_ws/install/messages_fr3/include/messages_fr3/messages_fr3/msg/detail/jacobian_ee__type_support.h
[0.433s] -- Up-to-date: /home/matteo/franka_ros2_ws/install/messages_fr3/include/messages_fr3/messages_fr3/msg/detail/joint_config__functions.c
[0.433s] -- Up-to-date: /home/matteo/franka_ros2_ws/install/messages_fr3/include/messages_fr3/messages_fr3/msg/detail/joint_ee_state__functions.c
[0.433s] -- Up-to-date: /home/matteo/franka_ros2_ws/install/messages_fr3/include/messages_fr3/messages_fr3/msg/detail/joint_config__type_support.h
[0.433s] -- Up-to-date: /home/matteo/franka_ros2_ws/install/messages_fr3/include/messages_fr3/messages_fr3/msg/detail/pose_direction__type_support.h
[0.433s] -- Up-to-date: /home/matteo/franka_ros2_ws/install/messages_fr3/include/messages_fr3/messages_fr3/msg/joint_ee_state.h
[0.433s] -- Up-to-date: /home/matteo/franka_ros2_ws/install/messages_fr3/include/messages_fr3/messages_fr3/msg/jacobian_ee.h
[0.433s] -- Up-to-date: /home/matteo/franka_ros2_ws/install/messages_fr3/include/messages_fr3/messages_fr3/msg/pose_direction.h
[0.433s] -- Up-to-date: /home/matteo/franka_ros2_ws/install/messages_fr3/include/messages_fr3/messages_fr3/msg/joint_config.h
[0.433s] -- Up-to-date: /home/matteo/franka_ros2_ws/install/messages_fr3/include/messages_fr3/messages_fr3/srv
[0.434s] -- Up-to-date: /home/matteo/franka_ros2_ws/install/messages_fr3/include/messages_fr3/messages_fr3/srv/set_pose.h
[0.434s] -- Up-to-date: /home/matteo/franka_ros2_ws/install/messages_fr3/include/messages_fr3/messages_fr3/srv/detail
[0.434s] -- Up-to-date: /home/matteo/franka_ros2_ws/install/messages_fr3/include/messages_fr3/messages_fr3/srv/detail/set_mode__functions.h
[0.434s] -- Up-to-date: /home/matteo/franka_ros2_ws/install/messages_fr3/include/messages_fr3/messages_fr3/srv/detail/set_stiffness__struct.h
[0.434s] -- Up-to-date: /home/matteo/franka_ros2_ws/install/messages_fr3/include/messages_fr3/messages_fr3/srv/detail/set_pose__functions.c
[0.434s] -- Up-to-date: /home/matteo/franka_ros2_ws/install/messages_fr3/include/messages_fr3/messages_fr3/srv/detail/controller_activation__functions.h
[0.434s] -- Up-to-date: /home/matteo/franka_ros2_ws/install/messages_fr3/include/messages_fr3/messages_fr3/srv/detail/set_param__functions.h
[0.434s] -- Up-to-date: /home/matteo/franka_ros2_ws/install/messages_fr3/include/messages_fr3/messages_fr3/srv/detail/set_mode__struct.h
[0.434s] -- Up-to-date: /home/matteo/franka_ros2_ws/install/messages_fr3/include/messages_fr3/messages_fr3/srv/detail/set_param__struct.h
[0.434s] -- Up-to-date: /home/matteo/franka_ros2_ws/install/messages_fr3/include/messages_fr3/messages_fr3/srv/detail/set_param__functions.c
[0.434s] -- Up-to-date: /home/matteo/franka_ros2_ws/install/messages_fr3/include/messages_fr3/messages_fr3/srv/detail/planner_service__functions.h
[0.434s] -- Up-to-date: /home/matteo/franka_ros2_ws/install/messages_fr3/include/messages_fr3/messages_fr3/srv/detail/set_param__type_support.h
[0.434s] -- Up-to-date: /home/matteo/franka_ros2_ws/install/messages_fr3/include/messages_fr3/messages_fr3/srv/detail/set_pose__type_support.h
[0.434s] -- Up-to-date: /home/matteo/franka_ros2_ws/install/messages_fr3/include/messages_fr3/messages_fr3/srv/detail/set_pose__struct.h
[0.434s] -- Up-to-date: /home/matteo/franka_ros2_ws/install/messages_fr3/include/messages_fr3/messages_fr3/srv/detail/controller_activation__functions.c
[0.434s] -- Up-to-date: /home/matteo/franka_ros2_ws/install/messages_fr3/include/messages_fr3/messages_fr3/srv/detail/set_mode__type_support.h
[0.434s] -- Up-to-date: /home/matteo/franka_ros2_ws/install/messages_fr3/include/messages_fr3/messages_fr3/srv/detail/controller_activation__type_support.h
[0.434s] -- Up-to-date: /home/matteo/franka_ros2_ws/install/messages_fr3/include/messages_fr3/messages_fr3/srv/detail/planner_service__functions.c
[0.434s] -- Up-to-date: /home/matteo/franka_ros2_ws/install/messages_fr3/include/messages_fr3/messages_fr3/srv/detail/planner_service__struct.h
[0.434s] -- Up-to-date: /home/matteo/franka_ros2_ws/install/messages_fr3/include/messages_fr3/messages_fr3/srv/detail/planner_service__type_support.h
[0.434s] -- Up-to-date: /home/matteo/franka_ros2_ws/install/messages_fr3/include/messages_fr3/messages_fr3/srv/detail/set_stiffness__type_support.h
[0.434s] -- Up-to-date: /home/matteo/franka_ros2_ws/install/messages_fr3/include/messages_fr3/messages_fr3/srv/detail/set_mode__functions.c
[0.434s] -- Up-to-date: /home/matteo/franka_ros2_ws/install/messages_fr3/include/messages_fr3/messages_fr3/srv/detail/set_pose__functions.h
[0.434s] -- Up-to-date: /home/matteo/franka_ros2_ws/install/messages_fr3/include/messages_fr3/messages_fr3/srv/detail/set_stiffness__functions.h
[0.434s] -- Up-to-date: /home/matteo/franka_ros2_ws/install/messages_fr3/include/messages_fr3/messages_fr3/srv/detail/controller_activation__struct.h
[0.434s] -- Up-to-date: /home/matteo/franka_ros2_ws/install/messages_fr3/include/messages_fr3/messages_fr3/srv/detail/set_stiffness__functions.c
[0.434s] -- Up-to-date: /home/matteo/franka_ros2_ws/install/messages_fr3/include/messages_fr3/messages_fr3/srv/set_param.h
[0.434s] -- Up-to-date: /home/matteo/franka_ros2_ws/install/messages_fr3/include/messages_fr3/messages_fr3/srv/set_stiffness.h
[0.434s] -- Up-to-date: /home/matteo/franka_ros2_ws/install/messages_fr3/include/messages_fr3/messages_fr3/srv/controller_activation.h
[0.434s] -- Up-to-date: /home/matteo/franka_ros2_ws/install/messages_fr3/include/messages_fr3/messages_fr3/srv/planner_service.h
[0.434s] -- Up-to-date: /home/matteo/franka_ros2_ws/install/messages_fr3/include/messages_fr3/messages_fr3/srv/set_mode.h
[0.435s] -- Up-to-date: /home/matteo/franka_ros2_ws/install/messages_fr3/share/messages_fr3/environment/library_path.sh
[0.435s] -- Up-to-date: /home/matteo/franka_ros2_ws/install/messages_fr3/share/messages_fr3/environment/library_path.dsv
[0.435s] -- Up-to-date: /home/matteo/franka_ros2_ws/install/messages_fr3/lib/libmessages_fr3__rosidl_generator_c.so
[0.435s] -- Up-to-date: /home/matteo/franka_ros2_ws/install/messages_fr3/include/messages_fr3/messages_fr3
[0.435s] -- Up-to-date: /home/matteo/franka_ros2_ws/install/messages_fr3/include/messages_fr3/messages_fr3/msg
[0.435s] -- Up-to-date: /home/matteo/franka_ros2_ws/install/messages_fr3/include/messages_fr3/messages_fr3/msg/detail
[0.435s] -- Up-to-date: /home/matteo/franka_ros2_ws/install/messages_fr3/include/messages_fr3/messages_fr3/msg/detail/joint_config__rosidl_typesupport_fastrtps_c.h
[0.435s] -- Up-to-date: /home/matteo/franka_ros2_ws/install/messages_fr3/include/messages_fr3/messages_fr3/msg/detail/joint_ee_state__rosidl_typesupport_fastrtps_c.h
[0.435s] -- Up-to-date: /home/matteo/franka_ros2_ws/install/messages_fr3/include/messages_fr3/messages_fr3/msg/detail/pose_direction__rosidl_typesupport_fastrtps_c.h
[0.435s] -- Up-to-date: /home/matteo/franka_ros2_ws/install/messages_fr3/include/messages_fr3/messages_fr3/msg/detail/jacobian_ee__rosidl_typesupport_fastrtps_c.h
[0.435s] -- Up-to-date: /home/matteo/franka_ros2_ws/install/messages_fr3/include/messages_fr3/messages_fr3/msg/rosidl_typesupport_fastrtps_c__visibility_control.h
[0.435s] -- Up-to-date: /home/matteo/franka_ros2_ws/install/messages_fr3/include/messages_fr3/messages_fr3/srv
[0.435s] -- Up-to-date: /home/matteo/franka_ros2_ws/install/messages_fr3/include/messages_fr3/messages_fr3/srv/detail
[0.435s] -- Up-to-date: /home/matteo/franka_ros2_ws/install/messages_fr3/include/messages_fr3/messages_fr3/srv/detail/set_pose__rosidl_typesupport_fastrtps_c.h
[0.435s] -- Up-to-date: /home/matteo/franka_ros2_ws/install/messages_fr3/include/messages_fr3/messages_fr3/srv/detail/set_mode__rosidl_typesupport_fastrtps_c.h
[0.435s] -- Up-to-date: /home/matteo/franka_ros2_ws/install/messages_fr3/include/messages_fr3/messages_fr3/srv/detail/planner_service__rosidl_typesupport_fastrtps_c.h
[0.435s] -- Up-to-date: /home/matteo/franka_ros2_ws/install/messages_fr3/include/messages_fr3/messages_fr3/srv/detail/controller_activation__rosidl_typesupport_fastrtps_c.h
[0.435s] -- Up-to-date: /home/matteo/franka_ros2_ws/install/messages_fr3/include/messages_fr3/messages_fr3/srv/detail/set_stiffness__rosidl_typesupport_fastrtps_c.h
[0.435s] -- Up-to-date: /home/matteo/franka_ros2_ws/install/messages_fr3/include/messages_fr3/messages_fr3/srv/detail/set_param__rosidl_typesupport_fastrtps_c.h
[0.435s] -- Up-to-date: /home/matteo/franka_ros2_ws/install/messages_fr3/lib/libmessages_fr3__rosidl_typesupport_fastrtps_c.so
[0.435s] -- Up-to-date: /home/matteo/franka_ros2_ws/install/messages_fr3/include/messages_fr3/messages_fr3
[0.435s] -- Up-to-date: /home/matteo/franka_ros2_ws/install/messages_fr3/include/messages_fr3/messages_fr3/msg
[0.435s] -- Up-to-date: /home/matteo/franka_ros2_ws/install/messages_fr3/include/messages_fr3/messages_fr3/msg/detail
[0.435s] -- Up-to-date: /home/matteo/franka_ros2_ws/install/messages_fr3/include/messages_fr3/messages_fr3/msg/detail/jacobian_ee__type_support.c
[0.435s] -- Up-to-date: /home/matteo/franka_ros2_ws/install/messages_fr3/include/messages_fr3/messages_fr3/msg/detail/jacobian_ee__rosidl_typesupport_introspection_c.h
[0.435s] -- Up-to-date: /home/matteo/franka_ros2_ws/install/messages_fr3/include/messages_fr3/messages_fr3/msg/detail/joint_config__rosidl_typesupport_introspection_c.h
[0.435s] -- Up-to-date: /home/matteo/franka_ros2_ws/install/messages_fr3/include/messages_fr3/messages_fr3/msg/detail/joint_config__type_support.c
[0.435s] -- Up-to-date: /home/matteo/franka_ros2_ws/install/messages_fr3/include/messages_fr3/messages_fr3/msg/detail/joint_ee_state__rosidl_typesupport_introspection_c.h
[0.435s] -- Up-to-date: /home/matteo/franka_ros2_ws/install/messages_fr3/include/messages_fr3/messages_fr3/msg/detail/pose_direction__rosidl_typesupport_introspection_c.h
[0.435s] -- Up-to-date: /home/matteo/franka_ros2_ws/install/messages_fr3/include/messages_fr3/messages_fr3/msg/detail/joint_ee_state__type_support.c
[0.435s] -- Up-to-date: /home/matteo/franka_ros2_ws/install/messages_fr3/include/messages_fr3/messages_fr3/msg/detail/pose_direction__type_support.c
[0.435s] -- Up-to-date: /home/matteo/franka_ros2_ws/install/messages_fr3/include/messages_fr3/messages_fr3/msg/rosidl_typesupport_introspection_c__visibility_control.h
[0.436s] -- Up-to-date: /home/matteo/franka_ros2_ws/install/messages_fr3/include/messages_fr3/messages_fr3/srv
[0.436s] -- Up-to-date: /home/matteo/franka_ros2_ws/install/messages_fr3/include/messages_fr3/messages_fr3/srv/detail
[0.436s] -- Up-to-date: /home/matteo/franka_ros2_ws/install/messages_fr3/include/messages_fr3/messages_fr3/srv/detail/planner_service__type_support.c
[0.436s] -- Up-to-date: /home/matteo/franka_ros2_ws/install/messages_fr3/include/messages_fr3/messages_fr3/srv/detail/set_pose__rosidl_typesupport_introspection_c.h
[0.436s] -- Up-to-date: /home/matteo/franka_ros2_ws/install/messages_fr3/include/messages_fr3/messages_fr3/srv/detail/set_pose__type_support.c
[0.436s] -- Up-to-date: /home/matteo/franka_ros2_ws/install/messages_fr3/include/messages_fr3/messages_fr3/srv/detail/set_mode__type_support.c
[0.437s] -- Up-to-date: /home/matteo/franka_ros2_ws/install/messages_fr3/include/messages_fr3/messages_fr3/srv/detail/set_stiffness__type_support.c
[0.438s] -- Up-to-date: /home/matteo/franka_ros2_ws/install/messages_fr3/include/messages_fr3/messages_fr3/srv/detail/set_param__type_support.c
[0.440s] -- Up-to-date: /home/matteo/franka_ros2_ws/install/messages_fr3/include/messages_fr3/messages_fr3/srv/detail/controller_activation__rosidl_typesupport_introspection_c.h
[0.441s] -- Up-to-date: /home/matteo/franka_ros2_ws/install/messages_fr3/include/messages_fr3/messages_fr3/srv/detail/set_stiffness__rosidl_typesupport_introspection_c.h
[0.441s] -- Up-to-date: /home/matteo/franka_ros2_ws/install/messages_fr3/include/messages_fr3/messages_fr3/srv/detail/set_mode__rosidl_typesupport_introspection_c.h
[0.441s] -- Up-to-date: /home/matteo/franka_ros2_ws/install/messages_fr3/include/messages_fr3/messages_fr3/srv/detail/planner_service__rosidl_typesupport_introspection_c.h
[0.442s] -- Up-to-date: /home/matteo/franka_ros2_ws/install/messages_fr3/include/messages_fr3/messages_fr3/srv/detail/set_param__rosidl_typesupport_introspection_c.h
[0.442s] -- Up-to-date: /home/matteo/franka_ros2_ws/install/messages_fr3/include/messages_fr3/messages_fr3/srv/detail/controller_activation__type_support.c
[0.443s] -- Up-to-date: /home/matteo/franka_ros2_ws/install/messages_fr3/lib/libmessages_fr3__rosidl_typesupport_introspection_c.so
[0.443s] -- Up-to-date: /home/matteo/franka_ros2_ws/install/messages_fr3/lib/libmessages_fr3__rosidl_typesupport_c.so
[0.443s] -- Up-to-date: /home/matteo/franka_ros2_ws/install/messages_fr3/include/messages_fr3/messages_fr3
[0.444s] -- Up-to-date: /home/matteo/franka_ros2_ws/install/messages_fr3/include/messages_fr3/messages_fr3/msg
[0.444s] -- Up-to-date: /home/matteo/franka_ros2_ws/install/messages_fr3/include/messages_fr3/messages_fr3/msg/detail
[0.445s] -- Up-to-date: /home/matteo/franka_ros2_ws/install/messages_fr3/include/messages_fr3/messages_fr3/msg/detail/jacobian_ee__builder.hpp
[0.445s] -- Up-to-date: /home/matteo/franka_ros2_ws/install/messages_fr3/include/messages_fr3/messages_fr3/msg/detail/pose_direction__traits.hpp
[0.446s] -- Up-to-date: /home/matteo/franka_ros2_ws/install/messages_fr3/include/messages_fr3/messages_fr3/msg/detail/jacobian_ee__struct.hpp
[0.448s] -- Up-to-date: /home/matteo/franka_ros2_ws/install/messages_fr3/include/messages_fr3/messages_fr3/msg/detail/pose_direction__builder.hpp
[0.450s] -- Up-to-date: /home/matteo/franka_ros2_ws/install/messages_fr3/include/messages_fr3/messages_fr3/msg/detail/joint_config__struct.hpp
[0.451s] -- Up-to-date: /home/matteo/franka_ros2_ws/install/messages_fr3/include/messages_fr3/messages_fr3/msg/detail/joint_ee_state__builder.hpp
[0.452s] -- Up-to-date: /home/matteo/franka_ros2_ws/install/messages_fr3/include/messages_fr3/messages_fr3/msg/detail/joint_config__builder.hpp
[0.452s] -- Up-to-date: /home/matteo/franka_ros2_ws/install/messages_fr3/include/messages_fr3/messages_fr3/msg/detail/joint_config__traits.hpp
[0.452s] -- Up-to-date: /home/matteo/franka_ros2_ws/install/messages_fr3/include/messages_fr3/messages_fr3/msg/detail/joint_ee_state__type_support.hpp
[0.452s] -- Up-to-date: /home/matteo/franka_ros2_ws/install/messages_fr3/include/messages_fr3/messages_fr3/msg/detail/pose_direction__struct.hpp
[0.452s] -- Up-to-date: /home/matteo/franka_ros2_ws/install/messages_fr3/include/messages_fr3/messages_fr3/msg/detail/joint_ee_state__traits.hpp
[0.452s] -- Up-to-date: /home/matteo/franka_ros2_ws/install/messages_fr3/include/messages_fr3/messages_fr3/msg/detail/jacobian_ee__traits.hpp
[0.453s] -- Up-to-date: /home/matteo/franka_ros2_ws/install/messages_fr3/include/messages_fr3/messages_fr3/msg/detail/joint_config__type_support.hpp
[0.453s] -- Up-to-date: /home/matteo/franka_ros2_ws/install/messages_fr3/include/messages_fr3/messages_fr3/msg/detail/jacobian_ee__type_support.hpp
[0.453s] -- Up-to-date: /home/matteo/franka_ros2_ws/install/messages_fr3/include/messages_fr3/messages_fr3/msg/detail/pose_direction__type_support.hpp
[0.453s] -- Up-to-date: /home/matteo/franka_ros2_ws/install/messages_fr3/include/messages_fr3/messages_fr3/msg/detail/joint_ee_state__struct.hpp
[0.453s] -- Up-to-date: /home/matteo/franka_ros2_ws/install/messages_fr3/include/messages_fr3/messages_fr3/msg/joint_config.hpp
[0.453s] -- Up-to-date: /home/matteo/franka_ros2_ws/install/messages_fr3/include/messages_fr3/messages_fr3/msg/pose_direction.hpp
[0.453s] -- Up-to-date: /home/matteo/franka_ros2_ws/install/messages_fr3/include/messages_fr3/messages_fr3/msg/joint_ee_state.hpp
[0.453s] -- Up-to-date: /home/matteo/franka_ros2_ws/install/messages_fr3/include/messages_fr3/messages_fr3/msg/jacobian_ee.hpp
[0.453s] -- Up-to-date: /home/matteo/franka_ros2_ws/install/messages_fr3/include/messages_fr3/messages_fr3/msg/rosidl_generator_cpp__visibility_control.hpp
[0.453s] -- Up-to-date: /home/matteo/franka_ros2_ws/install/messages_fr3/include/messages_fr3/messages_fr3/srv
[0.453s] -- Up-to-date: /home/matteo/franka_ros2_ws/install/messages_fr3/include/messages_fr3/messages_fr3/srv/set_pose.hpp
[0.453s] -- Up-to-date: /home/matteo/franka_ros2_ws/install/messages_fr3/include/messages_fr3/messages_fr3/srv/planner_service.hpp
[0.453s] -- Up-to-date: /home/matteo/franka_ros2_ws/install/messages_fr3/include/messages_fr3/messages_fr3/srv/set_mode.hpp
[0.454s] -- Up-to-date: /home/matteo/franka_ros2_ws/install/messages_fr3/include/messages_fr3/messages_fr3/srv/detail
[0.454s] -- Up-to-date: /home/matteo/franka_ros2_ws/install/messages_fr3/include/messages_fr3/messages_fr3/srv/detail/controller_activation__type_support.hpp
[0.454s] -- Up-to-date: /home/matteo/franka_ros2_ws/install/messages_fr3/include/messages_fr3/messages_fr3/srv/detail/set_stiffness__struct.hpp
[0.454s] -- Up-to-date: /home/matteo/franka_ros2_ws/install/messages_fr3/include/messages_fr3/messages_fr3/srv/detail/set_param__struct.hpp
[0.454s] -- Up-to-date: /home/matteo/franka_ros2_ws/install/messages_fr3/include/messages_fr3/messages_fr3/srv/detail/set_pose__builder.hpp
[0.454s] -- Up-to-date: /home/matteo/franka_ros2_ws/install/messages_fr3/include/messages_fr3/messages_fr3/srv/detail/set_pose__struct.hpp
[0.454s] -- Up-to-date: /home/matteo/franka_ros2_ws/install/messages_fr3/include/messages_fr3/messages_fr3/srv/detail/set_param__traits.hpp
[0.454s] -- Up-to-date: /home/matteo/franka_ros2_ws/install/messages_fr3/include/messages_fr3/messages_fr3/srv/detail/set_mode__struct.hpp
[0.454s] -- Up-to-date: /home/matteo/franka_ros2_ws/install/messages_fr3/include/messages_fr3/messages_fr3/srv/detail/planner_service__traits.hpp
[0.454s] -- Up-to-date: /home/matteo/franka_ros2_ws/install/messages_fr3/include/messages_fr3/messages_fr3/srv/detail/set_pose__type_support.hpp
[0.455s] -- Up-to-date: /home/matteo/franka_ros2_ws/install/messages_fr3/include/messages_fr3/messages_fr3/srv/detail/set_mode__type_support.hpp
[0.455s] -- Up-to-date: /home/matteo/franka_ros2_ws/install/messages_fr3/include/messages_fr3/messages_fr3/srv/detail/set_stiffness__type_support.hpp
[0.455s] -- Up-to-date: /home/matteo/franka_ros2_ws/install/messages_fr3/include/messages_fr3/messages_fr3/srv/detail/controller_activation__builder.hpp
[0.455s] -- Up-to-date: /home/matteo/franka_ros2_ws/install/messages_fr3/include/messages_fr3/messages_fr3/srv/detail/planner_service__type_support.hpp
[0.455s] -- Up-to-date: /home/matteo/franka_ros2_ws/install/messages_fr3/include/messages_fr3/messages_fr3/srv/detail/planner_service__builder.hpp
[0.455s] -- Up-to-date: /home/matteo/franka_ros2_ws/install/messages_fr3/include/messages_fr3/messages_fr3/srv/detail/set_mode__traits.hpp
[0.455s] -- Up-to-date: /home/matteo/franka_ros2_ws/install/messages_fr3/include/messages_fr3/messages_fr3/srv/detail/controller_activation__struct.hpp
[0.455s] -- Up-to-date: /home/matteo/franka_ros2_ws/install/messages_fr3/include/messages_fr3/messages_fr3/srv/detail/set_pose__traits.hpp
[0.455s] -- Up-to-date: /home/matteo/franka_ros2_ws/install/messages_fr3/include/messages_fr3/messages_fr3/srv/detail/set_param__builder.hpp
[0.455s] -- Up-to-date: /home/matteo/franka_ros2_ws/install/messages_fr3/include/messages_fr3/messages_fr3/srv/detail/planner_service__struct.hpp
[0.455s] -- Up-to-date: /home/matteo/franka_ros2_ws/install/messages_fr3/include/messages_fr3/messages_fr3/srv/detail/controller_activation__traits.hpp
[0.455s] -- Up-to-date: /home/matteo/franka_ros2_ws/install/messages_fr3/include/messages_fr3/messages_fr3/srv/detail/set_stiffness__traits.hpp
[0.455s] -- Up-to-date: /home/matteo/franka_ros2_ws/install/messages_fr3/include/messages_fr3/messages_fr3/srv/detail/set_mode__builder.hpp
[0.455s] -- Up-to-date: /home/matteo/franka_ros2_ws/install/messages_fr3/include/messages_fr3/messages_fr3/srv/detail/set_param__type_support.hpp
[0.455s] -- Up-to-date: /home/matteo/franka_ros2_ws/install/messages_fr3/include/messages_fr3/messages_fr3/srv/detail/set_stiffness__builder.hpp
[0.455s] -- Up-to-date: /home/matteo/franka_ros2_ws/install/messages_fr3/include/messages_fr3/messages_fr3/srv/controller_activation.hpp
[0.456s] -- Up-to-date: /home/matteo/franka_ros2_ws/install/messages_fr3/include/messages_fr3/messages_fr3/srv/set_stiffness.hpp
[0.456s] -- Up-to-date: /home/matteo/franka_ros2_ws/install/messages_fr3/include/messages_fr3/messages_fr3/srv/set_param.hpp
[0.456s] -- Up-to-date: /home/matteo/franka_ros2_ws/install/messages_fr3/include/messages_fr3/messages_fr3
[0.456s] -- Up-to-date: /home/matteo/franka_ros2_ws/install/messages_fr3/include/messages_fr3/messages_fr3/msg
[0.456s] -- Up-to-date: /home/matteo/franka_ros2_ws/install/messages_fr3/include/messages_fr3/messages_fr3/msg/detail
[0.456s] -- Up-to-date: /home/matteo/franka_ros2_ws/install/messages_fr3/include/messages_fr3/messages_fr3/msg/detail/joint_config__rosidl_typesupport_fastrtps_cpp.hpp
[0.456s] -- Up-to-date: /home/matteo/franka_ros2_ws/install/messages_fr3/include/messages_fr3/messages_fr3/msg/detail/joint_ee_state__rosidl_typesupport_fastrtps_cpp.hpp
[0.456s] -- Up-to-date: /home/matteo/franka_ros2_ws/install/messages_fr3/include/messages_fr3/messages_fr3/msg/detail/dds_fastrtps
[0.456s] -- Up-to-date: /home/matteo/franka_ros2_ws/install/messages_fr3/include/messages_fr3/messages_fr3/msg/detail/jacobian_ee__rosidl_typesupport_fastrtps_cpp.hpp
[0.456s] -- Up-to-date: /home/matteo/franka_ros2_ws/install/messages_fr3/include/messages_fr3/messages_fr3/msg/detail/pose_direction__rosidl_typesupport_fastrtps_cpp.hpp
[0.456s] -- Up-to-date: /home/matteo/franka_ros2_ws/install/messages_fr3/include/messages_fr3/messages_fr3/msg/rosidl_typesupport_fastrtps_cpp__visibility_control.h
[0.456s] -- Up-to-date: /home/matteo/franka_ros2_ws/install/messages_fr3/include/messages_fr3/messages_fr3/srv
[0.456s] -- Up-to-date: /home/matteo/franka_ros2_ws/install/messages_fr3/include/messages_fr3/messages_fr3/srv/detail
[0.456s] -- Up-to-date: /home/matteo/franka_ros2_ws/install/messages_fr3/include/messages_fr3/messages_fr3/srv/detail/controller_activation__rosidl_typesupport_fastrtps_cpp.hpp
[0.456s] -- Up-to-date: /home/matteo/franka_ros2_ws/install/messages_fr3/include/messages_fr3/messages_fr3/srv/detail/set_stiffness__rosidl_typesupport_fastrtps_cpp.hpp
[0.456s] -- Up-to-date: /home/matteo/franka_ros2_ws/install/messages_fr3/include/messages_fr3/messages_fr3/srv/detail/dds_fastrtps
[0.457s] -- Up-to-date: /home/matteo/franka_ros2_ws/install/messages_fr3/include/messages_fr3/messages_fr3/srv/detail/set_mode__rosidl_typesupport_fastrtps_cpp.hpp
[0.457s] -- Up-to-date: /home/matteo/franka_ros2_ws/install/messages_fr3/include/messages_fr3/messages_fr3/srv/detail/planner_service__rosidl_typesupport_fastrtps_cpp.hpp
[0.457s] -- Up-to-date: /home/matteo/franka_ros2_ws/install/messages_fr3/include/messages_fr3/messages_fr3/srv/detail/set_pose__rosidl_typesupport_fastrtps_cpp.hpp
[0.457s] -- Up-to-date: /home/matteo/franka_ros2_ws/install/messages_fr3/include/messages_fr3/messages_fr3/srv/detail/set_param__rosidl_typesupport_fastrtps_cpp.hpp
[0.457s] -- Up-to-date: /home/matteo/franka_ros2_ws/install/messages_fr3/lib/libmessages_fr3__rosidl_typesupport_fastrtps_cpp.so
[0.457s] -- Up-to-date: /home/matteo/franka_ros2_ws/install/messages_fr3/include/messages_fr3/messages_fr3
[0.457s] -- Up-to-date: /home/matteo/franka_ros2_ws/install/messages_fr3/include/messages_fr3/messages_fr3/msg
[0.457s] -- Up-to-date: /home/matteo/franka_ros2_ws/install/messages_fr3/include/messages_fr3/messages_fr3/msg/detail
[0.457s] -- Up-to-date: /home/matteo/franka_ros2_ws/install/messages_fr3/include/messages_fr3/messages_fr3/msg/detail/joint_config__type_support.cpp
[0.457s] -- Up-to-date: /home/matteo/franka_ros2_ws/install/messages_fr3/include/messages_fr3/messages_fr3/msg/detail/jacobian_ee__rosidl_typesupport_introspection_cpp.hpp
[0.457s] -- Up-to-date: /home/matteo/franka_ros2_ws/install/messages_fr3/include/messages_fr3/messages_fr3/msg/detail/joint_config__rosidl_typesupport_introspection_cpp.hpp
[0.457s] -- Up-to-date: /home/matteo/franka_ros2_ws/install/messages_fr3/include/messages_fr3/messages_fr3/msg/detail/joint_ee_state__type_support.cpp
[0.457s] -- Up-to-date: /home/matteo/franka_ros2_ws/install/messages_fr3/include/messages_fr3/messages_fr3/msg/detail/jacobian_ee__type_support.cpp
[0.457s] -- Up-to-date: /home/matteo/franka_ros2_ws/install/messages_fr3/include/messages_fr3/messages_fr3/msg/detail/pose_direction__rosidl_typesupport_introspection_cpp.hpp
[0.457s] -- Up-to-date: /home/matteo/franka_ros2_ws/install/messages_fr3/include/messages_fr3/messages_fr3/msg/detail/joint_ee_state__rosidl_typesupport_introspection_cpp.hpp
[0.457s] -- Up-to-date: /home/matteo/franka_ros2_ws/install/messages_fr3/include/messages_fr3/messages_fr3/msg/detail/pose_direction__type_support.cpp
[0.458s] -- Up-to-date: /home/matteo/franka_ros2_ws/install/messages_fr3/include/messages_fr3/messages_fr3/srv
[0.458s] -- Up-to-date: /home/matteo/franka_ros2_ws/install/messages_fr3/include/messages_fr3/messages_fr3/srv/detail
[0.458s] -- Up-to-date: /home/matteo/franka_ros2_ws/install/messages_fr3/include/messages_fr3/messages_fr3/srv/detail/set_mode__rosidl_typesupport_introspection_cpp.hpp
[0.458s] -- Up-to-date: /home/matteo/franka_ros2_ws/install/messages_fr3/include/messages_fr3/messages_fr3/srv/detail/set_mode__type_support.cpp
[0.458s] -- Up-to-date: /home/matteo/franka_ros2_ws/install/messages_fr3/include/messages_fr3/messages_fr3/srv/detail/set_stiffness__type_support.cpp
[0.458s] -- Up-to-date: /home/matteo/franka_ros2_ws/install/messages_fr3/include/messages_fr3/messages_fr3/srv/detail/controller_activation__type_support.cpp
[0.458s] -- Up-to-date: /home/matteo/franka_ros2_ws/install/messages_fr3/include/messages_fr3/messages_fr3/srv/detail/set_pose__rosidl_typesupport_introspection_cpp.hpp
[0.458s] -- Up-to-date: /home/matteo/franka_ros2_ws/install/messages_fr3/include/messages_fr3/messages_fr3/srv/detail/set_param__type_support.cpp
[0.458s] -- Up-to-date: /home/matteo/franka_ros2_ws/install/messages_fr3/include/messages_fr3/messages_fr3/srv/detail/set_pose__type_support.cpp
[0.458s] -- Up-to-date: /home/matteo/franka_ros2_ws/install/messages_fr3/include/messages_fr3/messages_fr3/srv/detail/planner_service__rosidl_typesupport_introspection_cpp.hpp
[0.458s] -- Up-to-date: /home/matteo/franka_ros2_ws/install/messages_fr3/include/messages_fr3/messages_fr3/srv/detail/set_stiffness__rosidl_typesupport_introspection_cpp.hpp
[0.458s] -- Up-to-date: /home/matteo/franka_ros2_ws/install/messages_fr3/include/messages_fr3/messages_fr3/srv/detail/controller_activation__rosidl_typesupport_introspection_cpp.hpp
[0.458s] -- Up-to-date: /home/matteo/franka_ros2_ws/install/messages_fr3/include/messages_fr3/messages_fr3/srv/detail/planner_service__type_support.cpp
[0.458s] -- Up-to-date: /home/matteo/franka_ros2_ws/install/messages_fr3/include/messages_fr3/messages_fr3/srv/detail/set_param__rosidl_typesupport_introspection_cpp.hpp
[0.458s] -- Up-to-date: /home/matteo/franka_ros2_ws/install/messages_fr3/lib/libmessages_fr3__rosidl_typesupport_introspection_cpp.so
[0.458s] -- Up-to-date: /home/matteo/franka_ros2_ws/install/messages_fr3/lib/libmessages_fr3__rosidl_typesupport_cpp.so
[0.459s] -- Up-to-date: /home/matteo/franka_ros2_ws/install/messages_fr3/share/messages_fr3/environment/pythonpath.sh
[0.459s] -- Up-to-date: /home/matteo/franka_ros2_ws/install/messages_fr3/share/messages_fr3/environment/pythonpath.dsv
[0.459s] -- Up-to-date: /home/matteo/franka_ros2_ws/install/messages_fr3/local/lib/python3.10/dist-packages/messages_fr3-0.0.0-py3.10.egg-info
[0.459s] -- Installing: /home/matteo/franka_ros2_ws/install/messages_fr3/local/lib/python3.10/dist-packages/messages_fr3-0.0.0-py3.10.egg-info/PKG-INFO
[0.459s] -- Installing: /home/matteo/franka_ros2_ws/install/messages_fr3/local/lib/python3.10/dist-packages/messages_fr3-0.0.0-py3.10.egg-info/top_level.txt
[0.459s] -- Installing: /home/matteo/franka_ros2_ws/install/messages_fr3/local/lib/python3.10/dist-packages/messages_fr3-0.0.0-py3.10.egg-info/dependency_links.txt
[0.459s] -- Installing: /home/matteo/franka_ros2_ws/install/messages_fr3/local/lib/python3.10/dist-packages/messages_fr3-0.0.0-py3.10.egg-info/SOURCES.txt
[0.459s] -- Up-to-date: /home/matteo/franka_ros2_ws/install/messages_fr3/local/lib/python3.10/dist-packages/messages_fr3
[0.459s] -- Up-to-date: /home/matteo/franka_ros2_ws/install/messages_fr3/local/lib/python3.10/dist-packages/messages_fr3/__init__.py
[0.459s] -- Up-to-date: /home/matteo/franka_ros2_ws/install/messages_fr3/local/lib/python3.10/dist-packages/messages_fr3/msg
[0.459s] -- Up-to-date: /home/matteo/franka_ros2_ws/install/messages_fr3/local/lib/python3.10/dist-packages/messages_fr3/msg/_jacobian_ee.py
[0.459s] -- Up-to-date: /home/matteo/franka_ros2_ws/install/messages_fr3/local/lib/python3.10/dist-packages/messages_fr3/msg/__init__.py
[0.459s] -- Up-to-date: /home/matteo/franka_ros2_ws/install/messages_fr3/local/lib/python3.10/dist-packages/messages_fr3/msg/_pose_direction.py
[0.459s] -- Up-to-date: /home/matteo/franka_ros2_ws/install/messages_fr3/local/lib/python3.10/dist-packages/messages_fr3/msg/_joint_config_s.c
[0.459s] -- Up-to-date: /home/matteo/franka_ros2_ws/install/messages_fr3/local/lib/python3.10/dist-packages/messages_fr3/msg/_pose_direction_s.c
[0.459s] -- Up-to-date: /home/matteo/franka_ros2_ws/install/messages_fr3/local/lib/python3.10/dist-packages/messages_fr3/msg/_joint_config.py
[0.459s] -- Up-to-date: /home/matteo/franka_ros2_ws/install/messages_fr3/local/lib/python3.10/dist-packages/messages_fr3/msg/_jacobian_ee_s.c
[0.460s] -- Up-to-date: /home/matteo/franka_ros2_ws/install/messages_fr3/local/lib/python3.10/dist-packages/messages_fr3/msg/_joint_ee_state_s.c
[0.460s] -- Up-to-date: /home/matteo/franka_ros2_ws/install/messages_fr3/local/lib/python3.10/dist-packages/messages_fr3/msg/_joint_ee_state.py
[0.460s] -- Up-to-date: /home/matteo/franka_ros2_ws/install/messages_fr3/local/lib/python3.10/dist-packages/messages_fr3/messages_fr3_s__rosidl_typesupport_introspection_c.cpython-310-x86_64-linux-gnu.so
[0.460s] -- Up-to-date: /home/matteo/franka_ros2_ws/install/messages_fr3/local/lib/python3.10/dist-packages/messages_fr3/srv
[0.460s] -- Up-to-date: /home/matteo/franka_ros2_ws/install/messages_fr3/local/lib/python3.10/dist-packages/messages_fr3/srv/_set_param.py
[0.460s] -- Up-to-date: /home/matteo/franka_ros2_ws/install/messages_fr3/local/lib/python3.10/dist-packages/messages_fr3/srv/__init__.py
[0.460s] -- Up-to-date: /home/matteo/franka_ros2_ws/install/messages_fr3/local/lib/python3.10/dist-packages/messages_fr3/srv/_planner_service.py
[0.460s] -- Up-to-date: /home/matteo/franka_ros2_ws/install/messages_fr3/local/lib/python3.10/dist-packages/messages_fr3/srv/_planner_service_s.c
[0.460s] -- Up-to-date: /home/matteo/franka_ros2_ws/install/messages_fr3/local/lib/python3.10/dist-packages/messages_fr3/srv/_set_stiffness_s.c
[0.460s] -- Up-to-date: /home/matteo/franka_ros2_ws/install/messages_fr3/local/lib/python3.10/dist-packages/messages_fr3/srv/_set_param_s.c
[0.460s] -- Up-to-date: /home/matteo/franka_ros2_ws/install/messages_fr3/local/lib/python3.10/dist-packages/messages_fr3/srv/_controller_activation.py
[0.460s] -- Up-to-date: /home/matteo/franka_ros2_ws/install/messages_fr3/local/lib/python3.10/dist-packages/messages_fr3/srv/_set_mode.py
[0.460s] -- Up-to-date: /home/matteo/franka_ros2_ws/install/messages_fr3/local/lib/python3.10/dist-packages/messages_fr3/srv/_set_pose_s.c
[0.460s] -- Up-to-date: /home/matteo/franka_ros2_ws/install/messages_fr3/local/lib/python3.10/dist-packages/messages_fr3/srv/_set_stiffness.py
[0.460s] -- Up-to-date: /home/matteo/franka_ros2_ws/install/messages_fr3/local/lib/python3.10/dist-packages/messages_fr3/srv/_controller_activation_s.c
[0.460s] -- Up-to-date: /home/matteo/franka_ros2_ws/install/messages_fr3/local/lib/python3.10/dist-packages/messages_fr3/srv/_set_mode_s.c
[0.461s] -- Up-to-date: /home/matteo/franka_ros2_ws/install/messages_fr3/local/lib/python3.10/dist-packages/messages_fr3/srv/_set_pose.py
[0.461s] -- Up-to-date: /home/matteo/franka_ros2_ws/install/messages_fr3/local/lib/python3.10/dist-packages/messages_fr3/libmessages_fr3__rosidl_generator_py.so
[0.461s] -- Up-to-date: /home/matteo/franka_ros2_ws/install/messages_fr3/local/lib/python3.10/dist-packages/messages_fr3/messages_fr3_s__rosidl_typesupport_c.cpython-310-x86_64-linux-gnu.so
[0.461s] -- Up-to-date: /home/matteo/franka_ros2_ws/install/messages_fr3/local/lib/python3.10/dist-packages/messages_fr3/messages_fr3_s__rosidl_typesupport_fastrtps_c.cpython-310-x86_64-linux-gnu.so
[0.461s] -- Up-to-date: /home/matteo/franka_ros2_ws/install/messages_fr3/local/lib/python3.10/dist-packages/messages_fr3/_messages_fr3_s.ep.rosidl_typesupport_introspection_c.c
[0.461s] -- Up-to-date: /home/matteo/franka_ros2_ws/install/messages_fr3/local/lib/python3.10/dist-packages/messages_fr3/_messages_fr3_s.ep.rosidl_typesupport_c.c
[0.461s] -- Up-to-date: /home/matteo/franka_ros2_ws/install/messages_fr3/local/lib/python3.10/dist-packages/messages_fr3/_messages_fr3_s.ep.rosidl_typesupport_fastrtps_c.c
[0.513s] Listing '/home/matteo/franka_ros2_ws/install/messages_fr3/local/lib/python3.10/dist-packages/messages_fr3'...
[0.514s] Listing '/home/matteo/franka_ros2_ws/install/messages_fr3/local/lib/python3.10/dist-packages/messages_fr3/msg'...
[0.515s] Listing '/home/matteo/franka_ros2_ws/install/messages_fr3/local/lib/python3.10/dist-packages/messages_fr3/srv'...
[0.520s] -- Up-to-date: /home/matteo/franka_ros2_ws/install/messages_fr3/local/lib/python3.10/dist-packages/messages_fr3/messages_fr3_s__rosidl_typesupport_fastrtps_c.cpython-310-x86_64-linux-gnu.so
[0.520s] -- Up-to-date: /home/matteo/franka_ros2_ws/install/messages_fr3/local/lib/python3.10/dist-packages/messages_fr3/messages_fr3_s__rosidl_typesupport_introspection_c.cpython-310-x86_64-linux-gnu.so
[0.521s] -- Up-to-date: /home/matteo/franka_ros2_ws/install/messages_fr3/local/lib/python3.10/dist-packages/messages_fr3/messages_fr3_s__rosidl_typesupport_c.cpython-310-x86_64-linux-gnu.so
[0.521s] -- Up-to-date: /home/matteo/franka_ros2_ws/install/messages_fr3/lib/libmessages_fr3__rosidl_generator_py.so
[0.521s] -- Up-to-date: /home/matteo/franka_ros2_ws/install/messages_fr3/share/messages_fr3/srv/SetPose.idl
[0.521s] -- Up-to-date: /home/matteo/franka_ros2_ws/install/messages_fr3/share/messages_fr3/srv/SetParam.idl
[0.521s] -- Up-to-date: /home/matteo/franka_ros2_ws/install/messages_fr3/share/messages_fr3/srv/SetMode.idl
[0.521s] -- Up-to-date: /home/matteo/franka_ros2_ws/install/messages_fr3/share/messages_fr3/srv/PlannerService.idl
[0.521s] -- Up-to-date: /home/matteo/franka_ros2_ws/install/messages_fr3/share/messages_fr3/srv/SetStiffness.idl
[0.521s] -- Up-to-date: /home/matteo/franka_ros2_ws/install/messages_fr3/share/messages_fr3/srv/ControllerActivation.idl
[0.521s] -- Up-to-date: /home/matteo/franka_ros2_ws/install/messages_fr3/share/messages_fr3/msg/JacobianEE.idl
[0.521s] -- Up-to-date: /home/matteo/franka_ros2_ws/install/messages_fr3/share/messages_fr3/msg/JointEEState.idl
[0.521s] -- Up-to-date: /home/matteo/franka_ros2_ws/install/messages_fr3/share/messages_fr3/msg/PoseDirection.idl
[0.521s] -- Up-to-date: /home/matteo/franka_ros2_ws/install/messages_fr3/share/messages_fr3/msg/JointConfig.idl
[0.522s] -- Up-to-date: /home/matteo/franka_ros2_ws/install/messages_fr3/share/messages_fr3/srv/SetPose.srv
[0.522s] -- Up-to-date: /home/matteo/franka_ros2_ws/install/messages_fr3/share/messages_fr3/srv/SetPose_Request.msg
[0.522s] -- Up-to-date: /home/matteo/franka_ros2_ws/install/messages_fr3/share/messages_fr3/srv/SetPose_Response.msg
[0.522s] -- Up-to-date: /home/matteo/franka_ros2_ws/install/messages_fr3/share/messages_fr3/srv/SetParam.srv
[0.522s] -- Up-to-date: /home/matteo/franka_ros2_ws/install/messages_fr3/share/messages_fr3/srv/SetParam_Request.msg
[0.522s] -- Up-to-date: /home/matteo/franka_ros2_ws/install/messages_fr3/share/messages_fr3/srv/SetParam_Response.msg
[0.522s] -- Up-to-date: /home/matteo/franka_ros2_ws/install/messages_fr3/share/messages_fr3/srv/SetMode.srv
[0.522s] -- Up-to-date: /home/matteo/franka_ros2_ws/install/messages_fr3/share/messages_fr3/srv/SetMode_Request.msg
[0.522s] -- Up-to-date: /home/matteo/franka_ros2_ws/install/messages_fr3/share/messages_fr3/srv/SetMode_Response.msg
[0.522s] -- Up-to-date: /home/matteo/franka_ros2_ws/install/messages_fr3/share/messages_fr3/srv/PlannerService.srv
[0.522s] -- Up-to-date: /home/matteo/franka_ros2_ws/install/messages_fr3/share/messages_fr3/srv/PlannerService_Request.msg
[0.522s] -- Up-to-date: /home/matteo/franka_ros2_ws/install/messages_fr3/share/messages_fr3/srv/PlannerService_Response.msg
[0.522s] -- Up-to-date: /home/matteo/franka_ros2_ws/install/messages_fr3/share/messages_fr3/srv/SetStiffness.srv
[0.522s] -- Up-to-date: /home/matteo/franka_ros2_ws/install/messages_fr3/share/messages_fr3/srv/SetStiffness_Request.msg
[0.522s] -- Up-to-date: /home/matteo/franka_ros2_ws/install/messages_fr3/share/messages_fr3/srv/SetStiffness_Response.msg
[0.522s] -- Up-to-date: /home/matteo/franka_ros2_ws/install/messages_fr3/share/messages_fr3/srv/ControllerActivation.srv
[0.522s] -- Up-to-date: /home/matteo/franka_ros2_ws/install/messages_fr3/share/messages_fr3/srv/ControllerActivation_Request.msg
[0.522s] -- Up-to-date: /home/matteo/franka_ros2_ws/install/messages_fr3/share/messages_fr3/srv/ControllerActivation_Response.msg
[0.522s] -- Up-to-date: /home/matteo/franka_ros2_ws/install/messages_fr3/share/messages_fr3/msg/JacobianEE.msg
[0.523s] -- Up-to-date: /home/matteo/franka_ros2_ws/install/messages_fr3/share/messages_fr3/msg/JointEEState.msg
[0.523s] -- Up-to-date: /home/matteo/franka_ros2_ws/install/messages_fr3/share/messages_fr3/msg/PoseDirection.msg
[0.523s] -- Up-to-date: /home/matteo/franka_ros2_ws/install/messages_fr3/share/messages_fr3/msg/JointConfig.msg
[0.523s] -- Up-to-date: /home/matteo/franka_ros2_ws/install/messages_fr3/share/ament_index/resource_index/package_run_dependencies/messages_fr3
[0.523s] -- Up-to-date: /home/matteo/franka_ros2_ws/install/messages_fr3/share/ament_index/resource_index/parent_prefix_path/messages_fr3
[0.523s] -- Up-to-date: /home/matteo/franka_ros2_ws/install/messages_fr3/share/messages_fr3/environment/ament_prefix_path.sh
[0.523s] -- Up-to-date: /home/matteo/franka_ros2_ws/install/messages_fr3/share/messages_fr3/environment/ament_prefix_path.dsv
[0.523s] -- Up-to-date: /home/matteo/franka_ros2_ws/install/messages_fr3/share/messages_fr3/environment/path.sh
[0.523s] -- Up-to-date: /home/matteo/franka_ros2_ws/install/messages_fr3/share/messages_fr3/environment/path.dsv
[0.523s] -- Up-to-date: /home/matteo/franka_ros2_ws/install/messages_fr3/share/messages_fr3/local_setup.bash
[0.523s] -- Up-to-date: /home/matteo/franka_ros2_ws/install/messages_fr3/share/messages_fr3/local_setup.sh
[0.523s] -- Up-to-date: /home/matteo/franka_ros2_ws/install/messages_fr3/share/messages_fr3/local_setup.zsh
[0.524s] -- Up-to-date: /home/matteo/franka_ros2_ws/install/messages_fr3/share/messages_fr3/local_setup.dsv
[0.524s] -- Installing: /home/matteo/franka_ros2_ws/install/messages_fr3/share/messages_fr3/package.dsv
[0.524s] -- Up-to-date: /home/matteo/franka_ros2_ws/install/messages_fr3/share/ament_index/resource_index/packages/messages_fr3
[0.524s] -- Up-to-date: /home/matteo/franka_ros2_ws/install/messages_fr3/share/messages_fr3/cmake/export_messages_fr3__rosidl_generator_cExport.cmake
[0.524s] -- Up-to-date: /home/matteo/franka_ros2_ws/install/messages_fr3/share/messages_fr3/cmake/export_messages_fr3__rosidl_generator_cExport-release.cmake
[0.524s] -- Up-to-date: /home/matteo/franka_ros2_ws/install/messages_fr3/share/messages_fr3/cmake/export_messages_fr3__rosidl_typesupport_fastrtps_cExport.cmake
[0.524s] -- Up-to-date: /home/matteo/franka_ros2_ws/install/messages_fr3/share/messages_fr3/cmake/export_messages_fr3__rosidl_typesupport_fastrtps_cExport-release.cmake
[0.524s] -- Up-to-date: /home/matteo/franka_ros2_ws/install/messages_fr3/share/messages_fr3/cmake/messages_fr3__rosidl_typesupport_introspection_cExport.cmake
[0.524s] -- Up-to-date: /home/matteo/franka_ros2_ws/install/messages_fr3/share/messages_fr3/cmake/messages_fr3__rosidl_typesupport_introspection_cExport-release.cmake
[0.524s] -- Up-to-date: /home/matteo/franka_ros2_ws/install/messages_fr3/share/messages_fr3/cmake/messages_fr3__rosidl_typesupport_cExport.cmake
[0.524s] -- Up-to-date: /home/matteo/franka_ros2_ws/install/messages_fr3/share/messages_fr3/cmake/messages_fr3__rosidl_typesupport_cExport-release.cmake
[0.525s] -- Up-to-date: /home/matteo/franka_ros2_ws/install/messages_fr3/share/messages_fr3/cmake/export_messages_fr3__rosidl_generator_cppExport.cmake
[0.525s] -- Up-to-date: /home/matteo/franka_ros2_ws/install/messages_fr3/share/messages_fr3/cmake/export_messages_fr3__rosidl_typesupport_fastrtps_cppExport.cmake
[0.525s] -- Up-to-date: /home/matteo/franka_ros2_ws/install/messages_fr3/share/messages_fr3/cmake/export_messages_fr3__rosidl_typesupport_fastrtps_cppExport-release.cmake
[0.525s] -- Up-to-date: /home/matteo/franka_ros2_ws/install/messages_fr3/share/messages_fr3/cmake/messages_fr3__rosidl_typesupport_introspection_cppExport.cmake
[0.525s] -- Up-to-date: /home/matteo/franka_ros2_ws/install/messages_fr3/share/messages_fr3/cmake/messages_fr3__rosidl_typesupport_introspection_cppExport-release.cmake
[0.525s] -- Up-to-date: /home/matteo/franka_ros2_ws/install/messages_fr3/share/messages_fr3/cmake/messages_fr3__rosidl_typesupport_cppExport.cmake
[0.525s] -- Up-to-date: /home/matteo/franka_ros2_ws/install/messages_fr3/share/messages_fr3/cmake/messages_fr3__rosidl_typesupport_cppExport-release.cmake
[0.525s] -- Up-to-date: /home/matteo/franka_ros2_ws/install/messages_fr3/share/messages_fr3/cmake/export_messages_fr3__rosidl_generator_pyExport.cmake
[0.525s] -- Up-to-date: /home/matteo/franka_ros2_ws/install/messages_fr3/share/messages_fr3/cmake/export_messages_fr3__rosidl_generator_pyExport-release.cmake
[0.525s] -- Up-to-date: /home/matteo/franka_ros2_ws/install/messages_fr3/share/messages_fr3/cmake/rosidl_cmake-extras.cmake
[0.525s] -- Up-to-date: /home/matteo/franka_ros2_ws/install/messages_fr3/share/messages_fr3/cmake/ament_cmake_export_dependencies-extras.cmake
[0.525s] -- Up-to-date: /home/matteo/franka_ros2_ws/install/messages_fr3/share/messages_fr3/cmake/ament_cmake_export_include_directories-extras.cmake
[0.525s] -- Up-to-date: /home/matteo/franka_ros2_ws/install/messages_fr3/share/messages_fr3/cmake/ament_cmake_export_libraries-extras.cmake
[0.525s] -- Up-to-date: /home/matteo/franka_ros2_ws/install/messages_fr3/share/messages_fr3/cmake/ament_cmake_export_targets-extras.cmake
[0.525s] -- Up-to-date: /home/matteo/franka_ros2_ws/install/messages_fr3/share/messages_fr3/cmake/rosidl_cmake_export_typesupport_targets-extras.cmake
[0.526s] -- Up-to-date: /home/matteo/franka_ros2_ws/install/messages_fr3/share/messages_fr3/cmake/rosidl_cmake_export_typesupport_libraries-extras.cmake
[0.526s] -- Up-to-date: /home/matteo/franka_ros2_ws/install/messages_fr3/share/messages_fr3/cmake/messages_fr3Config.cmake
[0.526s] -- Up-to-date: /home/matteo/franka_ros2_ws/install/messages_fr3/share/messages_fr3/cmake/messages_fr3Config-version.cmake
[0.526s] -- Up-to-date: /home/matteo/franka_ros2_ws/install/messages_fr3/share/messages_fr3/package.xml
[0.535s] Invoked command in '/home/matteo/franka_ros2_ws/build/messages_fr3' returned '0': CMAKE_PREFIX_PATH=${CMAKE_PREFIX_PATH}:/opt/ros/humble /usr/bin/cmake --install /home/matteo/franka_ros2_ws/build/messages_fr3
