-- The C compiler identification is GNU 11.4.0
-- The CXX compiler identification is GNU 11.4.0
-- Detecting C compiler ABI info
-- Detecting C compiler ABI info - done
-- Check for working C compiler: /usr/bin/cc - skipped
-- Detecting C compile features
-- Detecting C compile features - done
-- Detecting CXX compiler ABI info
-- Detecting CXX compiler ABI info - done
-- Check for working CXX compiler: /usr/bin/c++ - skipped
-- Detecting CXX compile features
-- Detecting CXX compile features - done
-- Found ament_cmake: 1.3.11 (/opt/ros/humble/share/ament_cmake/cmake)
-- Found Python3: /usr/bin/python3 (found version "3.10.12") found components: Interpreter 
-- Found rclcpp: 16.0.11 (/opt/ros/humble/share/rclcpp/cmake)
-- Found rosidl_generator_c: 3.1.6 (/opt/ros/humble/share/rosidl_generator_c/cmake)
-- Found rosidl_adapter: 3.1.6 (/opt/ros/humble/share/rosidl_adapter/cmake)
-- Found rosidl_generator_cpp: 3.1.6 (/opt/ros/humble/share/rosidl_generator_cpp/cmake)
-- Using all available rosidl_typesupport_c: rosidl_typesupport_fastrtps_c;rosidl_typesupport_introspection_c
-- Using all available rosidl_typesupport_cpp: rosidl_typesupport_fastrtps_cpp;rosidl_typesupport_introspection_cpp
-- Found rmw_implementation_cmake: 6.1.2 (/opt/ros/humble/share/rmw_implementation_cmake/cmake)
-- Found rmw_fastrtps_cpp: 6.2.7 (/opt/ros/humble/share/rmw_fastrtps_cpp/cmake)
-- Found OpenSSL: /usr/lib/x86_64-linux-gnu/libcrypto.so (found version "3.0.2")  
-- Found FastRTPS: /opt/ros/humble/include  
-- Using RMW implementation 'rmw_fastrtps_cpp' as default
-- Looking for pthread.h
-- Looking for pthread.h - found
-- Performing Test CMAKE_HAVE_LIBC_PTHREAD
-- Performing Test CMAKE_HAVE_LIBC_PTHREAD - Success
-- Found Threads: TRUE  
-- Found controller_interface: 2.48.0 (/opt/ros/humble/share/controller_interface/cmake)
-- Found franka_msgs: 1.0.0 (/home/matteo/franka_ros2_ws/install/franka_msgs/share/franka_msgs/cmake)
-- Found franka_semantic_components: 1.0.0 (/home/matteo/franka_ros2_ws/install/franka_semantic_components/share/franka_semantic_components/cmake)
-- Found generate_parameter_library: 0.4.0 (/opt/ros/humble/share/generate_parameter_library/cmake)
-- Found parameter_traits: 0.4.0 (/opt/ros/humble/share/parameter_traits/cmake)
-- Found messages_fr3: 0.0.0 (/home/matteo/franka_ros2_ws/install/messages_fr3/share/messages_fr3/cmake)
-- Found rclcpp_action: 16.0.11 (/opt/ros/humble/share/rclcpp_action/cmake)
-- Found ament_cmake_clang_format: 0.12.11 (/opt/ros/humble/share/ament_cmake_clang_format/cmake)
-- Found ament_cmake_copyright: 0.12.11 (/opt/ros/humble/share/ament_cmake_copyright/cmake)
-- Found ament_cmake_cppcheck: 0.12.11 (/opt/ros/humble/share/ament_cmake_cppcheck/cmake)
-- Found ament_cmake_flake8: 0.12.11 (/opt/ros/humble/share/ament_cmake_flake8/cmake)
-- Found ament_cmake_lint_cmake: 0.12.11 (/opt/ros/humble/share/ament_cmake_lint_cmake/cmake)
-- Found ament_cmake_pep257: 0.12.11 (/opt/ros/humble/share/ament_cmake_pep257/cmake)
-- Found ament_cmake_xmllint: 0.12.11 (/opt/ros/humble/share/ament_cmake_xmllint/cmake)
-- Found ament_cmake_gmock: 1.3.11 (/opt/ros/humble/share/ament_cmake_gmock/cmake)
-- Found controller_manager: 2.48.0 (/opt/ros/humble/share/controller_manager/cmake)
-- Found ros2_control_test_assets: 2.48.0 (/opt/ros/humble/share/ros2_control_test_assets/cmake)
-- Configuring done
-- Generating done
-- Build files have been written to: /home/matteo/franka_ros2_ws/build/cartesian_impedance_control
[ 20%] [32mBuilding CXX object CMakeFiles/cartesian_impedance_control.dir/src/user_input_server.cpp.o[0m
[ 40%] [32mBuilding CXX object CMakeFiles/cartesian_impedance_control.dir/src/cartesian_impedance_controller.cpp.o[0m
[ 60%] [32m[1mLinking CXX shared library libcartesian_impedance_control.so[0m
[ 60%] Built target cartesian_impedance_control
[ 80%] [32mBuilding CXX object CMakeFiles/user_input_client.dir/src/user_input_client.cpp.o[0m
[100%] [32m[1mLinking CXX executable user_input_client[0m
[100%] Built target user_input_client
-- Install configuration: "Release"
-- Installing: /home/matteo/franka_ros2_ws/install/cartesian_impedance_control/share/cartesian_impedance_control/cartesian_impedance_control.xml
-- Installing: /home/matteo/franka_ros2_ws/install/cartesian_impedance_control/lib/cartesian_impedance_control/user_input_client
-- Set runtime path of "/home/matteo/franka_ros2_ws/install/cartesian_impedance_control/lib/cartesian_impedance_control/user_input_client" to ""
-- Installing: /home/matteo/franka_ros2_ws/install/cartesian_impedance_control/lib/libcartesian_impedance_control.so
-- Set runtime path of "/home/matteo/franka_ros2_ws/install/cartesian_impedance_control/lib/libcartesian_impedance_control.so" to ""
-- Installing: /home/matteo/franka_ros2_ws/install/cartesian_impedance_control/include
-- Installing: /home/matteo/franka_ros2_ws/install/cartesian_impedance_control/include/cartesian_impedance_control
-- Installing: /home/matteo/franka_ros2_ws/install/cartesian_impedance_control/include/cartesian_impedance_control/cartesian_impedance_controller.hpp
-- Installing: /home/matteo/franka_ros2_ws/install/cartesian_impedance_control/include/cartesian_impedance_control/user_input_server.hpp
-- Installing: /home/matteo/franka_ros2_ws/install/cartesian_impedance_control/share/cartesian_impedance_control/launch
-- Installing: /home/matteo/franka_ros2_ws/install/cartesian_impedance_control/share/cartesian_impedance_control/launch/controllers.yaml
-- Installing: /home/matteo/franka_ros2_ws/install/cartesian_impedance_control/share/cartesian_impedance_control/launch/__pycache__
-- Installing: /home/matteo/franka_ros2_ws/install/cartesian_impedance_control/share/cartesian_impedance_control/launch/__pycache__/cartesian_impedance_controller.launch.cpython-310.pyc
-- Installing: /home/matteo/franka_ros2_ws/install/cartesian_impedance_control/share/cartesian_impedance_control/launch/cartesian_impedance_controller.launch.py
-- Installing: /home/matteo/franka_ros2_ws/install/cartesian_impedance_control/share/cartesian_impedance_control/environment/library_path.sh
-- Installing: /home/matteo/franka_ros2_ws/install/cartesian_impedance_control/share/cartesian_impedance_control/environment/library_path.dsv
-- Installing: /home/matteo/franka_ros2_ws/install/cartesian_impedance_control/share/ament_index/resource_index/package_run_dependencies/cartesian_impedance_control
-- Installing: /home/matteo/franka_ros2_ws/install/cartesian_impedance_control/share/ament_index/resource_index/parent_prefix_path/cartesian_impedance_control
-- Installing: /home/matteo/franka_ros2_ws/install/cartesian_impedance_control/share/cartesian_impedance_control/environment/ament_prefix_path.sh
-- Installing: /home/matteo/franka_ros2_ws/install/cartesian_impedance_control/share/cartesian_impedance_control/environment/ament_prefix_path.dsv
-- Installing: /home/matteo/franka_ros2_ws/install/cartesian_impedance_control/share/cartesian_impedance_control/environment/path.sh
-- Installing: /home/matteo/franka_ros2_ws/install/cartesian_impedance_control/share/cartesian_impedance_control/environment/path.dsv
-- Installing: /home/matteo/franka_ros2_ws/install/cartesian_impedance_control/share/cartesian_impedance_control/local_setup.bash
-- Installing: /home/matteo/franka_ros2_ws/install/cartesian_impedance_control/share/cartesian_impedance_control/local_setup.sh
-- Installing: /home/matteo/franka_ros2_ws/install/cartesian_impedance_control/share/cartesian_impedance_control/local_setup.zsh
-- Installing: /home/matteo/franka_ros2_ws/install/cartesian_impedance_control/share/cartesian_impedance_control/local_setup.dsv
-- Installing: /home/matteo/franka_ros2_ws/install/cartesian_impedance_control/share/cartesian_impedance_control/package.dsv
-- Installing: /home/matteo/franka_ros2_ws/install/cartesian_impedance_control/share/ament_index/resource_index/packages/cartesian_impedance_control
-- Installing: /home/matteo/franka_ros2_ws/install/cartesian_impedance_control/share/ament_index/resource_index/controller_interface__pluginlib__plugin/cartesian_impedance_control
-- Installing: /home/matteo/franka_ros2_ws/install/cartesian_impedance_control/share/cartesian_impedance_control/cmake/ament_cmake_export_include_directories-extras.cmake
-- Installing: /home/matteo/franka_ros2_ws/install/cartesian_impedance_control/share/cartesian_impedance_control/cmake/ament_cmake_export_libraries-extras.cmake
-- Installing: /home/matteo/franka_ros2_ws/install/cartesian_impedance_control/share/cartesian_impedance_control/cmake/ament_cmake_export_dependencies-extras.cmake
-- Installing: /home/matteo/franka_ros2_ws/install/cartesian_impedance_control/share/cartesian_impedance_control/cmake/cartesian_impedance_controlConfig.cmake
-- Installing: /home/matteo/franka_ros2_ws/install/cartesian_impedance_control/share/cartesian_impedance_control/cmake/cartesian_impedance_controlConfig-version.cmake
-- Installing: /home/matteo/franka_ros2_ws/install/cartesian_impedance_control/share/cartesian_impedance_control/package.xml
