[0.014s] Invoking command in '/home/matteo/franka_ros2_ws/build/cartesian_impedance_control': CMAKE_PREFIX_PATH=/home/matteo/franka_ros2_ws/install/franka_robot_state_broadcaster:/home/matteo/franka_ros2_ws/install/franka_semantic_components:/home/matteo/franka_ros2_ws/install/franka_hardware:/home/matteo/franka_ros2_ws/install/messages_fr3:/home/matteo/franka_ros2_ws/install/franka_msgs:/home/matteo/franka_ros2_ws/install/franka_description:/home/matteo/franka_ros2_ws/install/cartesian_impedance_control:/home/matteo/franka_ros2_ws/install/admittance_control:/home/matteo/franka_ros2_ws/install/joint_trajectory_controller:/home/matteo/franka_ros2_ws/install/integration_launch_testing:/home/matteo/franka_ros2_ws/install/franka_bringup:/home/matteo/franka_ros2_ws/install/franka_example_controllers:/home/matteo/franka_ros2_ws/install/franka_gazebo_bringup:/home/matteo/franka_ros2_ws/install/franka_ign_ros2_control:/home/matteo/franka_ros2_ws/install/franka_fr3_moveit_config:/home/matteo/franka_ros2_ws/install/franka_gripper:/opt/ros/humble LD_LIBRARY_PATH=/home/matteo/franka_ros2_ws/install/franka_robot_state_broadcaster/lib:/home/matteo/franka_ros2_ws/install/franka_semantic_components/lib:/home/matteo/franka_ros2_ws/install/franka_hardware/lib:/home/matteo/franka_ros2_ws/install/messages_fr3/lib:/home/matteo/franka_ros2_ws/install/franka_msgs/lib:/home/matteo/franka_ros2_ws/install/cartesian_impedance_control/lib:/home/matteo/franka_ros2_ws/install/admittance_control/lib:/home/matteo/franka_ros2_ws/install/joint_trajectory_controller/lib:/home/matteo/franka_ros2_ws/install/integration_launch_testing/lib:/home/matteo/franka_ros2_ws/install/franka_example_controllers/lib:/home/matteo/franka_ros2_ws/install/franka_ign_ros2_control/lib:/home/matteo/franka_ros2_ws/install/franka_gripper/lib:/opt/ros/humble/opt/rviz_ogre_vendor/lib:/opt/ros/humble/lib/x86_64-linux-gnu:/opt/ros/humble/lib /usr/bin/cmake /home/matteo/franka_ros2_ws/src/cartesian_impedance_control -DCMAKE_BUILD_TYPE=Release -DCMAKE_INSTALL_PREFIX=/home/matteo/franka_ros2_ws/install/cartesian_impedance_control
[0.070s] -- The C compiler identification is GNU 11.4.0
[0.115s] -- The CXX compiler identification is GNU 11.4.0
[0.119s] -- Detecting C compiler ABI info
[0.190s] -- Detecting C compiler ABI info - done
[0.194s] -- Check for working C compiler: /usr/bin/cc - skipped
[0.194s] -- Detecting C compile features
[0.194s] -- Detecting C compile features - done
[0.196s] -- Detecting CXX compiler ABI info
[0.275s] -- Detecting CXX compiler ABI info - done
[0.286s] -- Check for working CXX compiler: /usr/bin/c++ - skipped
[0.286s] -- Detecting CXX compile features
[0.286s] -- Detecting CXX compile features - done
[0.289s] -- Found ament_cmake: 1.3.11 (/opt/ros/humble/share/ament_cmake/cmake)
[0.418s] -- Found Python3: /usr/bin/python3 (found version "3.10.12") found components: Interpreter 
[0.481s] -- Found rclcpp: 16.0.11 (/opt/ros/humble/share/rclcpp/cmake)
[0.507s] -- Found rosidl_generator_c: 3.1.6 (/opt/ros/humble/share/rosidl_generator_c/cmake)
[0.510s] -- Found rosidl_adapter: 3.1.6 (/opt/ros/humble/share/rosidl_adapter/cmake)
[0.515s] -- Found rosidl_generator_cpp: 3.1.6 (/opt/ros/humble/share/rosidl_generator_cpp/cmake)
[0.522s] -- Using all available rosidl_typesupport_c: rosidl_typesupport_fastrtps_c;rosidl_typesupport_introspection_c
[0.533s] -- Using all available rosidl_typesupport_cpp: rosidl_typesupport_fastrtps_cpp;rosidl_typesupport_introspection_cpp
[0.563s] -- Found rmw_implementation_cmake: 6.1.2 (/opt/ros/humble/share/rmw_implementation_cmake/cmake)
[0.565s] -- Found rmw_fastrtps_cpp: 6.2.7 (/opt/ros/humble/share/rmw_fastrtps_cpp/cmake)
[0.628s] -- Found OpenSSL: /usr/lib/x86_64-linux-gnu/libcrypto.so (found version "3.0.2")  
[0.649s] -- Found FastRTPS: /opt/ros/humble/include  
[0.682s] -- Using RMW implementation 'rmw_fastrtps_cpp' as default
[0.691s] -- Looking for pthread.h
[0.750s] -- Looking for pthread.h - found
[0.750s] -- Performing Test CMAKE_HAVE_LIBC_PTHREAD
[0.808s] -- Performing Test CMAKE_HAVE_LIBC_PTHREAD - Success
[0.810s] -- Found Threads: TRUE  
[0.852s] -- Found controller_interface: 2.48.0 (/opt/ros/humble/share/controller_interface/cmake)
[0.940s] -- Found franka_msgs: 1.0.0 (/home/matteo/franka_ros2_ws/install/franka_msgs/share/franka_msgs/cmake)
[0.954s] -- Found franka_semantic_components: 1.0.0 (/home/matteo/franka_ros2_ws/install/franka_semantic_components/share/franka_semantic_components/cmake)
[0.970s] -- Found generate_parameter_library: 0.4.0 (/opt/ros/humble/share/generate_parameter_library/cmake)
[0.971s] -- Found parameter_traits: 0.4.0 (/opt/ros/humble/share/parameter_traits/cmake)
[0.978s] -- Found messages_fr3: 0.0.0 (/home/matteo/franka_ros2_ws/install/messages_fr3/share/messages_fr3/cmake)
[0.986s] -- Found rclcpp_action: 16.0.11 (/opt/ros/humble/share/rclcpp_action/cmake)
[1.012s] -- Found ament_cmake_clang_format: 0.12.11 (/opt/ros/humble/share/ament_cmake_clang_format/cmake)
[1.013s] -- Found ament_cmake_copyright: 0.12.11 (/opt/ros/humble/share/ament_cmake_copyright/cmake)
[1.014s] -- Found ament_cmake_cppcheck: 0.12.11 (/opt/ros/humble/share/ament_cmake_cppcheck/cmake)
[1.015s] -- Found ament_cmake_flake8: 0.12.11 (/opt/ros/humble/share/ament_cmake_flake8/cmake)
[1.016s] -- Found ament_cmake_lint_cmake: 0.12.11 (/opt/ros/humble/share/ament_cmake_lint_cmake/cmake)
[1.017s] -- Found ament_cmake_pep257: 0.12.11 (/opt/ros/humble/share/ament_cmake_pep257/cmake)
[1.018s] -- Found ament_cmake_xmllint: 0.12.11 (/opt/ros/humble/share/ament_cmake_xmllint/cmake)
[1.020s] -- Found ament_cmake_gmock: 1.3.11 (/opt/ros/humble/share/ament_cmake_gmock/cmake)
[1.021s] -- Found controller_manager: 2.48.0 (/opt/ros/humble/share/controller_manager/cmake)
[1.035s] -- Found ros2_control_test_assets: 2.48.0 (/opt/ros/humble/share/ros2_control_test_assets/cmake)
[1.077s] -- Configuring done
[1.101s] -- Generating done
[1.105s] -- Build files have been written to: /home/matteo/franka_ros2_ws/build/cartesian_impedance_control
[1.113s] Invoked command in '/home/matteo/franka_ros2_ws/build/cartesian_impedance_control' returned '0': CMAKE_PREFIX_PATH=/home/matteo/franka_ros2_ws/install/franka_robot_state_broadcaster:/home/matteo/franka_ros2_ws/install/franka_semantic_components:/home/matteo/franka_ros2_ws/install/franka_hardware:/home/matteo/franka_ros2_ws/install/messages_fr3:/home/matteo/franka_ros2_ws/install/franka_msgs:/home/matteo/franka_ros2_ws/install/franka_description:/home/matteo/franka_ros2_ws/install/cartesian_impedance_control:/home/matteo/franka_ros2_ws/install/admittance_control:/home/matteo/franka_ros2_ws/install/joint_trajectory_controller:/home/matteo/franka_ros2_ws/install/integration_launch_testing:/home/matteo/franka_ros2_ws/install/franka_bringup:/home/matteo/franka_ros2_ws/install/franka_example_controllers:/home/matteo/franka_ros2_ws/install/franka_gazebo_bringup:/home/matteo/franka_ros2_ws/install/franka_ign_ros2_control:/home/matteo/franka_ros2_ws/install/franka_fr3_moveit_config:/home/matteo/franka_ros2_ws/install/franka_gripper:/opt/ros/humble LD_LIBRARY_PATH=/home/matteo/franka_ros2_ws/install/franka_robot_state_broadcaster/lib:/home/matteo/franka_ros2_ws/install/franka_semantic_components/lib:/home/matteo/franka_ros2_ws/install/franka_hardware/lib:/home/matteo/franka_ros2_ws/install/messages_fr3/lib:/home/matteo/franka_ros2_ws/install/franka_msgs/lib:/home/matteo/franka_ros2_ws/install/cartesian_impedance_control/lib:/home/matteo/franka_ros2_ws/install/admittance_control/lib:/home/matteo/franka_ros2_ws/install/joint_trajectory_controller/lib:/home/matteo/franka_ros2_ws/install/integration_launch_testing/lib:/home/matteo/franka_ros2_ws/install/franka_example_controllers/lib:/home/matteo/franka_ros2_ws/install/franka_ign_ros2_control/lib:/home/matteo/franka_ros2_ws/install/franka_gripper/lib:/opt/ros/humble/opt/rviz_ogre_vendor/lib:/opt/ros/humble/lib/x86_64-linux-gnu:/opt/ros/humble/lib /usr/bin/cmake /home/matteo/franka_ros2_ws/src/cartesian_impedance_control -DCMAKE_BUILD_TYPE=Release -DCMAKE_INSTALL_PREFIX=/home/matteo/franka_ros2_ws/install/cartesian_impedance_control
[1.114s] Invoking command in '/home/matteo/franka_ros2_ws/build/cartesian_impedance_control': CMAKE_PREFIX_PATH=/home/matteo/franka_ros2_ws/install/franka_robot_state_broadcaster:/home/matteo/franka_ros2_ws/install/franka_semantic_components:/home/matteo/franka_ros2_ws/install/franka_hardware:/home/matteo/franka_ros2_ws/install/messages_fr3:/home/matteo/franka_ros2_ws/install/franka_msgs:/home/matteo/franka_ros2_ws/install/franka_description:/home/matteo/franka_ros2_ws/install/cartesian_impedance_control:/home/matteo/franka_ros2_ws/install/admittance_control:/home/matteo/franka_ros2_ws/install/joint_trajectory_controller:/home/matteo/franka_ros2_ws/install/integration_launch_testing:/home/matteo/franka_ros2_ws/install/franka_bringup:/home/matteo/franka_ros2_ws/install/franka_example_controllers:/home/matteo/franka_ros2_ws/install/franka_gazebo_bringup:/home/matteo/franka_ros2_ws/install/franka_ign_ros2_control:/home/matteo/franka_ros2_ws/install/franka_fr3_moveit_config:/home/matteo/franka_ros2_ws/install/franka_gripper:/opt/ros/humble LD_LIBRARY_PATH=/home/matteo/franka_ros2_ws/install/franka_robot_state_broadcaster/lib:/home/matteo/franka_ros2_ws/install/franka_semantic_components/lib:/home/matteo/franka_ros2_ws/install/franka_hardware/lib:/home/matteo/franka_ros2_ws/install/messages_fr3/lib:/home/matteo/franka_ros2_ws/install/franka_msgs/lib:/home/matteo/franka_ros2_ws/install/cartesian_impedance_control/lib:/home/matteo/franka_ros2_ws/install/admittance_control/lib:/home/matteo/franka_ros2_ws/install/joint_trajectory_controller/lib:/home/matteo/franka_ros2_ws/install/integration_launch_testing/lib:/home/matteo/franka_ros2_ws/install/franka_example_controllers/lib:/home/matteo/franka_ros2_ws/install/franka_ign_ros2_control/lib:/home/matteo/franka_ros2_ws/install/franka_gripper/lib:/opt/ros/humble/opt/rviz_ogre_vendor/lib:/opt/ros/humble/lib/x86_64-linux-gnu:/opt/ros/humble/lib /usr/bin/cmake --build /home/matteo/franka_ros2_ws/build/cartesian_impedance_control -- -j12 -l12
[1.165s] [ 20%] [32mBuilding CXX object CMakeFiles/cartesian_impedance_control.dir/src/user_input_server.cpp.o[0m
[1.166s] [ 40%] [32mBuilding CXX object CMakeFiles/cartesian_impedance_control.dir/src/cartesian_impedance_controller.cpp.o[0m
[15.188s] In file included from [01m[K/usr/include/eigen3/Eigen/Core:341[m[K,
[15.188s]                  from [01m[K/usr/include/eigen3/Eigen/Dense:1[m[K,
[15.188s]                  from [01m[K/usr/include/eigen3/Eigen/Eigen:1[m[K,
[15.188s]                  from [01m[K/home/matteo/franka_ros2_ws/src/cartesian_impedance_control/include/cartesian_impedance_control/user_input_server.hpp:3[m[K,
[15.188s]                  from [01m[K/home/matteo/franka_ros2_ws/src/cartesian_impedance_control/include/cartesian_impedance_control/cartesian_impedance_controller.hpp:29[m[K,
[15.188s]                  from [01m[K/home/matteo/franka_ros2_ws/src/cartesian_impedance_control/src/cartesian_impedance_controller.cpp:15[m[K:
[15.188s] [01m[K/usr/include/eigen3/Eigen/src/Core/products/TriangularMatrixVector.h:[m[K In function ‘[01m[Kstatic void Eigen::internal::trmv_selector<Mode, 1>::run(const Lhs&, const Rhs&, Dest&, const typename Dest::Scalar&) [with Lhs = Eigen::Transpose<const Eigen::Block<const Eigen::Block<Eigen::Matrix<double, -1, -1>, -1, -1, false>, -1, -1, false> >; Rhs = Eigen::Transpose<const Eigen::CwiseBinaryOp<Eigen::internal::scalar_product_op<double, double>, const Eigen::CwiseNullaryOp<Eigen::internal::scalar_constant_op<double>, const Eigen::Matrix<double, 1, -1> >, const Eigen::Transpose<const Eigen::Block<const Eigen::Block<const Eigen::Block<Eigen::Matrix<double, -1, -1>, -1, -1, false>, -1, 1, true>, -1, 1, false> > > >; Dest = Eigen::Transpose<Eigen::Block<Eigen::Block<Eigen::Matrix<double, -1, -1, 1, -1, -1>, 1, -1, true>, 1, -1, false> >; int Mode = 6][m[K’:
[15.188s] [01m[K/usr/include/eigen3/Eigen/src/Core/products/TriangularMatrixVector.h:332:12:[m[K [01;35m[Kwarning: [m[K‘[01m[Kresult[m[K’ may be used uninitialized [[01;35m[K]8;;https://gcc.gnu.org/onlinedocs/gcc/Warning-Options.html#index-Wmaybe-uninitialized-Wmaybe-uninitialized]8;;[m[K]
[15.188s]   327 |     [01;35m[Kinternal::triangular_matrix_vector_product[m[K
[15.188s]       |     [01;35m[K~~~~~~~~~~~~~~~~~~~~~~~~~~~~~~~~~~~~~~~~~~[m[K
[15.188s]   328 | [01;35m[K      <Index,Mode,[m[K
[15.188s]       |       [01;35m[K~~~~~~~~~~~~[m[K
[15.188s]   329 | [01;35m[K       LhsScalar, LhsBlasTraits::NeedToConjugate,[m[K
[15.188s]       |        [01;35m[K~~~~~~~~~~~~~~~~~~~~~~~~~~~~~~~~~~~~~~~~~~[m[K
[15.188s]   330 | [01;35m[K       RhsScalar, RhsBlasTraits::NeedToConjugate,[m[K
[15.188s]       |        [01;35m[K~~~~~~~~~~~~~~~~~~~~~~~~~~~~~~~~~~~~~~~~~~[m[K
[15.188s]   331 | [01;35m[K       RowMajor>[m[K
[15.188s]       |        [01;35m[K~~~~~~~~~[m[K
[15.189s]   332 | [01;35m[K      ::run(actualLhs.rows(),actualLhs.cols(),[m[K
[15.189s]       |       [01;35m[K~~~~~^~~~~~~~~~~~~~~~~~~~~~~~~~~~~~~~~~~[m[K
[15.189s]   333 | [01;35m[K            actualLhs.data(),actualLhs.outerStride(),[m[K
[15.189s]       |             [01;35m[K~~~~~~~~~~~~~~~~~~~~~~~~~~~~~~~~~~~~~~~~~[m[K
[15.189s]   334 | [01;35m[K            actualRhsPtr,1,[m[K
[15.189s]       |             [01;35m[K~~~~~~~~~~~~~~~[m[K
[15.189s]   335 | [01;35m[K            dest.data(),dest.innerStride(),[m[K
[15.189s]       |             [01;35m[K~~~~~~~~~~~~~~~~~~~~~~~~~~~~~~~[m[K
[15.189s]   336 | [01;35m[K            actualAlpha)[m[K;
[15.189s]       |             [01;35m[K~~~~~~~~~~~~[m[K
[15.189s] [01m[K/usr/include/eigen3/Eigen/src/Core/products/TriangularMatrixVector.h:105:24:[m[K [01;36m[Knote: [m[Kby argument 5 of type ‘[01m[Kconst double*[m[K’ to ‘[01m[Kstatic void Eigen::internal::triangular_matrix_vector_product<Index, Mode, LhsScalar, ConjLhs, RhsScalar, ConjRhs, 1, Version>::run(Index, Index, const LhsScalar*, Index, const RhsScalar*, Index, Eigen::internal::triangular_matrix_vector_product<Index, Mode, LhsScalar, ConjLhs, RhsScalar, ConjRhs, 1, Version>::ResScalar*, Index, const ResScalar&) [with Index = long int; int Mode = 6; LhsScalar = double; bool ConjLhs = false; RhsScalar = double; bool ConjRhs = false; int Version = 0][m[K’ declared here
[15.189s]   105 | EIGEN_DONT_INLINE void [01;36m[Ktriangular_matrix_vector_product<Index,Mode,LhsScalar,ConjLhs,RhsScalar,ConjRhs,RowMajor,Version>[m[K
[15.189s]       |                        [01;36m[K^~~~~~~~~~~~~~~~~~~~~~~~~~~~~~~~~~~~~~~~~~~~~~~~~~~~~~~~~~~~~~~~~~~~~~~~~~~~~~~~~~~~~~~~~~~~~~~~~[m[K
[19.228s] [ 60%] [32m[1mLinking CXX shared library libcartesian_impedance_control.so[0m
[19.397s] [ 60%] Built target cartesian_impedance_control
[19.415s] [ 80%] [32mBuilding CXX object CMakeFiles/user_input_client.dir/src/user_input_client.cpp.o[0m
[21.960s] [100%] [32m[1mLinking CXX executable user_input_client[0m
[22.076s] [100%] Built target user_input_client
[22.088s] Invoked command in '/home/matteo/franka_ros2_ws/build/cartesian_impedance_control' returned '0': CMAKE_PREFIX_PATH=/home/matteo/franka_ros2_ws/install/franka_robot_state_broadcaster:/home/matteo/franka_ros2_ws/install/franka_semantic_components:/home/matteo/franka_ros2_ws/install/franka_hardware:/home/matteo/franka_ros2_ws/install/messages_fr3:/home/matteo/franka_ros2_ws/install/franka_msgs:/home/matteo/franka_ros2_ws/install/franka_description:/home/matteo/franka_ros2_ws/install/cartesian_impedance_control:/home/matteo/franka_ros2_ws/install/admittance_control:/home/matteo/franka_ros2_ws/install/joint_trajectory_controller:/home/matteo/franka_ros2_ws/install/integration_launch_testing:/home/matteo/franka_ros2_ws/install/franka_bringup:/home/matteo/franka_ros2_ws/install/franka_example_controllers:/home/matteo/franka_ros2_ws/install/franka_gazebo_bringup:/home/matteo/franka_ros2_ws/install/franka_ign_ros2_control:/home/matteo/franka_ros2_ws/install/franka_fr3_moveit_config:/home/matteo/franka_ros2_ws/install/franka_gripper:/opt/ros/humble LD_LIBRARY_PATH=/home/matteo/franka_ros2_ws/install/franka_robot_state_broadcaster/lib:/home/matteo/franka_ros2_ws/install/franka_semantic_components/lib:/home/matteo/franka_ros2_ws/install/franka_hardware/lib:/home/matteo/franka_ros2_ws/install/messages_fr3/lib:/home/matteo/franka_ros2_ws/install/franka_msgs/lib:/home/matteo/franka_ros2_ws/install/cartesian_impedance_control/lib:/home/matteo/franka_ros2_ws/install/admittance_control/lib:/home/matteo/franka_ros2_ws/install/joint_trajectory_controller/lib:/home/matteo/franka_ros2_ws/install/integration_launch_testing/lib:/home/matteo/franka_ros2_ws/install/franka_example_controllers/lib:/home/matteo/franka_ros2_ws/install/franka_ign_ros2_control/lib:/home/matteo/franka_ros2_ws/install/franka_gripper/lib:/opt/ros/humble/opt/rviz_ogre_vendor/lib:/opt/ros/humble/lib/x86_64-linux-gnu:/opt/ros/humble/lib /usr/bin/cmake --build /home/matteo/franka_ros2_ws/build/cartesian_impedance_control -- -j12 -l12
[22.089s] Invoking command in '/home/matteo/franka_ros2_ws/build/cartesian_impedance_control': CMAKE_PREFIX_PATH=/home/matteo/franka_ros2_ws/install/franka_robot_state_broadcaster:/home/matteo/franka_ros2_ws/install/franka_semantic_components:/home/matteo/franka_ros2_ws/install/franka_hardware:/home/matteo/franka_ros2_ws/install/messages_fr3:/home/matteo/franka_ros2_ws/install/franka_msgs:/home/matteo/franka_ros2_ws/install/franka_description:/home/matteo/franka_ros2_ws/install/cartesian_impedance_control:/home/matteo/franka_ros2_ws/install/admittance_control:/home/matteo/franka_ros2_ws/install/joint_trajectory_controller:/home/matteo/franka_ros2_ws/install/integration_launch_testing:/home/matteo/franka_ros2_ws/install/franka_bringup:/home/matteo/franka_ros2_ws/install/franka_example_controllers:/home/matteo/franka_ros2_ws/install/franka_gazebo_bringup:/home/matteo/franka_ros2_ws/install/franka_ign_ros2_control:/home/matteo/franka_ros2_ws/install/franka_fr3_moveit_config:/home/matteo/franka_ros2_ws/install/franka_gripper:/opt/ros/humble LD_LIBRARY_PATH=/home/matteo/franka_ros2_ws/install/franka_robot_state_broadcaster/lib:/home/matteo/franka_ros2_ws/install/franka_semantic_components/lib:/home/matteo/franka_ros2_ws/install/franka_hardware/lib:/home/matteo/franka_ros2_ws/install/messages_fr3/lib:/home/matteo/franka_ros2_ws/install/franka_msgs/lib:/home/matteo/franka_ros2_ws/install/cartesian_impedance_control/lib:/home/matteo/franka_ros2_ws/install/admittance_control/lib:/home/matteo/franka_ros2_ws/install/joint_trajectory_controller/lib:/home/matteo/franka_ros2_ws/install/integration_launch_testing/lib:/home/matteo/franka_ros2_ws/install/franka_example_controllers/lib:/home/matteo/franka_ros2_ws/install/franka_ign_ros2_control/lib:/home/matteo/franka_ros2_ws/install/franka_gripper/lib:/opt/ros/humble/opt/rviz_ogre_vendor/lib:/opt/ros/humble/lib/x86_64-linux-gnu:/opt/ros/humble/lib /usr/bin/cmake --install /home/matteo/franka_ros2_ws/build/cartesian_impedance_control
[22.098s] -- Install configuration: "Release"
[22.099s] -- Installing: /home/matteo/franka_ros2_ws/install/cartesian_impedance_control/share/cartesian_impedance_control/cartesian_impedance_control.xml
[22.099s] -- Installing: /home/matteo/franka_ros2_ws/install/cartesian_impedance_control/lib/cartesian_impedance_control/user_input_client
[22.099s] -- Set runtime path of "/home/matteo/franka_ros2_ws/install/cartesian_impedance_control/lib/cartesian_impedance_control/user_input_client" to ""
[22.099s] -- Installing: /home/matteo/franka_ros2_ws/install/cartesian_impedance_control/lib/libcartesian_impedance_control.so
[22.101s] -- Set runtime path of "/home/matteo/franka_ros2_ws/install/cartesian_impedance_control/lib/libcartesian_impedance_control.so" to ""
[22.101s] -- Installing: /home/matteo/franka_ros2_ws/install/cartesian_impedance_control/include
[22.101s] -- Installing: /home/matteo/franka_ros2_ws/install/cartesian_impedance_control/include/cartesian_impedance_control
[22.101s] -- Installing: /home/matteo/franka_ros2_ws/install/cartesian_impedance_control/include/cartesian_impedance_control/cartesian_impedance_controller.hpp
[22.101s] -- Installing: /home/matteo/franka_ros2_ws/install/cartesian_impedance_control/include/cartesian_impedance_control/user_input_server.hpp
[22.102s] -- Installing: /home/matteo/franka_ros2_ws/install/cartesian_impedance_control/share/cartesian_impedance_control/launch
[22.102s] -- Installing: /home/matteo/franka_ros2_ws/install/cartesian_impedance_control/share/cartesian_impedance_control/launch/controllers.yaml
[22.102s] -- Installing: /home/matteo/franka_ros2_ws/install/cartesian_impedance_control/share/cartesian_impedance_control/launch/__pycache__
[22.102s] -- Installing: /home/matteo/franka_ros2_ws/install/cartesian_impedance_control/share/cartesian_impedance_control/launch/__pycache__/cartesian_impedance_controller.launch.cpython-310.pyc
[22.102s] -- Installing: /home/matteo/franka_ros2_ws/install/cartesian_impedance_control/share/cartesian_impedance_control/launch/cartesian_impedance_controller.launch.py
[22.102s] -- Installing: /home/matteo/franka_ros2_ws/install/cartesian_impedance_control/share/cartesian_impedance_control/environment/library_path.sh
[22.102s] -- Installing: /home/matteo/franka_ros2_ws/install/cartesian_impedance_control/share/cartesian_impedance_control/environment/library_path.dsv
[22.102s] -- Installing: /home/matteo/franka_ros2_ws/install/cartesian_impedance_control/share/ament_index/resource_index/package_run_dependencies/cartesian_impedance_control
[22.103s] -- Installing: /home/matteo/franka_ros2_ws/install/cartesian_impedance_control/share/ament_index/resource_index/parent_prefix_path/cartesian_impedance_control
[22.103s] -- Installing: /home/matteo/franka_ros2_ws/install/cartesian_impedance_control/share/cartesian_impedance_control/environment/ament_prefix_path.sh
[22.103s] -- Installing: /home/matteo/franka_ros2_ws/install/cartesian_impedance_control/share/cartesian_impedance_control/environment/ament_prefix_path.dsv
[22.103s] -- Installing: /home/matteo/franka_ros2_ws/install/cartesian_impedance_control/share/cartesian_impedance_control/environment/path.sh
[22.103s] -- Installing: /home/matteo/franka_ros2_ws/install/cartesian_impedance_control/share/cartesian_impedance_control/environment/path.dsv
[22.103s] -- Installing: /home/matteo/franka_ros2_ws/install/cartesian_impedance_control/share/cartesian_impedance_control/local_setup.bash
[22.103s] -- Installing: /home/matteo/franka_ros2_ws/install/cartesian_impedance_control/share/cartesian_impedance_control/local_setup.sh
[22.103s] -- Installing: /home/matteo/franka_ros2_ws/install/cartesian_impedance_control/share/cartesian_impedance_control/local_setup.zsh
[22.103s] -- Installing: /home/matteo/franka_ros2_ws/install/cartesian_impedance_control/share/cartesian_impedance_control/local_setup.dsv
[22.103s] -- Installing: /home/matteo/franka_ros2_ws/install/cartesian_impedance_control/share/cartesian_impedance_control/package.dsv
[22.104s] -- Installing: /home/matteo/franka_ros2_ws/install/cartesian_impedance_control/share/ament_index/resource_index/packages/cartesian_impedance_control
[22.104s] -- Installing: /home/matteo/franka_ros2_ws/install/cartesian_impedance_control/share/ament_index/resource_index/controller_interface__pluginlib__plugin/cartesian_impedance_control
[22.104s] -- Installing: /home/matteo/franka_ros2_ws/install/cartesian_impedance_control/share/cartesian_impedance_control/cmake/ament_cmake_export_include_directories-extras.cmake
[22.104s] -- Installing: /home/matteo/franka_ros2_ws/install/cartesian_impedance_control/share/cartesian_impedance_control/cmake/ament_cmake_export_libraries-extras.cmake
[22.104s] -- Installing: /home/matteo/franka_ros2_ws/install/cartesian_impedance_control/share/cartesian_impedance_control/cmake/ament_cmake_export_dependencies-extras.cmake
[22.105s] -- Installing: /home/matteo/franka_ros2_ws/install/cartesian_impedance_control/share/cartesian_impedance_control/cmake/cartesian_impedance_controlConfig.cmake
[22.105s] -- Installing: /home/matteo/franka_ros2_ws/install/cartesian_impedance_control/share/cartesian_impedance_control/cmake/cartesian_impedance_controlConfig-version.cmake
[22.105s] -- Installing: /home/matteo/franka_ros2_ws/install/cartesian_impedance_control/share/cartesian_impedance_control/package.xml
[22.105s] Invoked command in '/home/matteo/franka_ros2_ws/build/cartesian_impedance_control' returned '0': CMAKE_PREFIX_PATH=/home/matteo/franka_ros2_ws/install/franka_robot_state_broadcaster:/home/matteo/franka_ros2_ws/install/franka_semantic_components:/home/matteo/franka_ros2_ws/install/franka_hardware:/home/matteo/franka_ros2_ws/install/messages_fr3:/home/matteo/franka_ros2_ws/install/franka_msgs:/home/matteo/franka_ros2_ws/install/franka_description:/home/matteo/franka_ros2_ws/install/cartesian_impedance_control:/home/matteo/franka_ros2_ws/install/admittance_control:/home/matteo/franka_ros2_ws/install/joint_trajectory_controller:/home/matteo/franka_ros2_ws/install/integration_launch_testing:/home/matteo/franka_ros2_ws/install/franka_bringup:/home/matteo/franka_ros2_ws/install/franka_example_controllers:/home/matteo/franka_ros2_ws/install/franka_gazebo_bringup:/home/matteo/franka_ros2_ws/install/franka_ign_ros2_control:/home/matteo/franka_ros2_ws/install/franka_fr3_moveit_config:/home/matteo/franka_ros2_ws/install/franka_gripper:/opt/ros/humble LD_LIBRARY_PATH=/home/matteo/franka_ros2_ws/install/franka_robot_state_broadcaster/lib:/home/matteo/franka_ros2_ws/install/franka_semantic_components/lib:/home/matteo/franka_ros2_ws/install/franka_hardware/lib:/home/matteo/franka_ros2_ws/install/messages_fr3/lib:/home/matteo/franka_ros2_ws/install/franka_msgs/lib:/home/matteo/franka_ros2_ws/install/cartesian_impedance_control/lib:/home/matteo/franka_ros2_ws/install/admittance_control/lib:/home/matteo/franka_ros2_ws/install/joint_trajectory_controller/lib:/home/matteo/franka_ros2_ws/install/integration_launch_testing/lib:/home/matteo/franka_ros2_ws/install/franka_example_controllers/lib:/home/matteo/franka_ros2_ws/install/franka_ign_ros2_control/lib:/home/matteo/franka_ros2_ws/install/franka_gripper/lib:/opt/ros/humble/opt/rviz_ogre_vendor/lib:/opt/ros/humble/lib/x86_64-linux-gnu:/opt/ros/humble/lib /usr/bin/cmake --install /home/matteo/franka_ros2_ws/build/cartesian_impedance_control
