-- The C compiler identification is GNU 11.4.0
-- The CXX compiler identification is GNU 11.4.0
-- Detecting C compiler ABI info
-- Detecting C compiler ABI info - done
-- Check for working C compiler: /usr/bin/cc - skipped
-- Detecting C compile features
-- Detecting C compile features - done
-- Detecting CXX compiler ABI info
-- Detecting CXX compiler ABI info - done
-- Check for working CXX compiler: /usr/bin/c++ - skipped
-- Detecting CXX compile features
-- Detecting CXX compile features - done
-- Found ament_cmake: 1.3.11 (/opt/ros/humble/share/ament_cmake/cmake)
-- Found Python3: /usr/bin/python3 (found version "3.10.12") found components: Interpreter 
-- Found rosidl_default_generators: 1.2.0 (/opt/ros/humble/share/rosidl_default_generators/cmake)
-- Using all available rosidl_typesupport_c: rosidl_typesupport_fastrtps_c;rosidl_typesupport_introspection_c
-- Found rosidl_adapter: 3.1.6 (/opt/ros/humble/share/rosidl_adapter/cmake)
-- Using all available rosidl_typesupport_cpp: rosidl_typesupport_fastrtps_cpp;rosidl_typesupport_introspection_cpp
-- Found std_msgs: 4.2.4 (/opt/ros/humble/share/std_msgs/cmake)
-- Found ament_cmake_ros: 0.10.0 (/opt/ros/humble/share/ament_cmake_ros/cmake)
-- Using all available rosidl_typesupport_c: rosidl_typesupport_fastrtps_c;rosidl_typesupport_introspection_c
-- Using all available rosidl_typesupport_cpp: rosidl_typesupport_fastrtps_cpp;rosidl_typesupport_introspection_cpp
-- Found PythonInterp: /usr/bin/python3 (found suitable version "3.10.12", minimum required is "3.6") 
-- Found python_cmake_module: 0.10.0 (/opt/ros/humble/share/python_cmake_module/cmake)
-- Found PythonLibs: /usr/lib/x86_64-linux-gnu/libpython3.10.so (found suitable version "3.10.12", minimum required is "3.5") 
-- Using PYTHON_EXECUTABLE: /usr/bin/python3
-- Using PYTHON_INCLUDE_DIRS: /usr/include/python3.10
-- Using PYTHON_LIBRARIES: /usr/lib/x86_64-linux-gnu/libpython3.10.so
-- Found PythonExtra: .so  
-- Found ament_lint_auto: 0.12.11 (/opt/ros/humble/share/ament_lint_auto/cmake)
-- Added test 'copyright' to check source files copyright and LICENSE
-- Added test 'lint_cmake' to check CMake code style
-- Added test 'xmllint' to check XML markup files
-- Configuring done
-- Generating done
-- Build files have been written to: /home/matteo/franka_ros2_ws/build/messages_fr3
[  1%] [34m[1mGenerating C code for ROS interfaces[0m
[  1%] [34m[1mGenerating C++ code for ROS interfaces[0m
[  1%] Built target ament_cmake_python_copy_messages_fr3
running egg_info
creating messages_fr3.egg-info
writing messages_fr3.egg-info/PKG-INFO
writing dependency_links to messages_fr3.egg-info/dependency_links.txt
writing top-level names to messages_fr3.egg-info/top_level.txt
writing manifest file 'messages_fr3.egg-info/SOURCES.txt'
reading manifest file 'messages_fr3.egg-info/SOURCES.txt'
writing manifest file 'messages_fr3.egg-info/SOURCES.txt'
[  1%] Built target ament_cmake_python_build_messages_fr3_egg
[  2%] [32mBuilding C object CMakeFiles/messages_fr3__rosidl_generator_c.dir/rosidl_generator_c/messages_fr3/srv/detail/planner_service__functions.c.o[0m
[  3%] [32mBuilding C object CMakeFiles/messages_fr3__rosidl_generator_c.dir/rosidl_generator_c/messages_fr3/srv/detail/set_mode__functions.c.o[0m
[  5%] [32mBuilding C object CMakeFiles/messages_fr3__rosidl_generator_c.dir/rosidl_generator_c/messages_fr3/srv/detail/set_pose__functions.c.o[0m
[  5%] [32mBuilding C object CMakeFiles/messages_fr3__rosidl_generator_c.dir/rosidl_generator_c/messages_fr3/srv/detail/set_param__functions.c.o[0m
[  6%] [32mBuilding C object CMakeFiles/messages_fr3__rosidl_generator_c.dir/rosidl_generator_c/messages_fr3/msg/detail/joint_config__functions.c.o[0m
[  7%] [32mBuilding C object CMakeFiles/messages_fr3__rosidl_generator_c.dir/rosidl_generator_c/messages_fr3/srv/detail/set_stiffness__functions.c.o[0m
[  8%] [32mBuilding C object CMakeFiles/messages_fr3__rosidl_generator_c.dir/rosidl_generator_c/messages_fr3/srv/detail/controller_activation__functions.c.o[0m
[  9%] [32mBuilding C object CMakeFiles/messages_fr3__rosidl_generator_c.dir/rosidl_generator_c/messages_fr3/msg/detail/joint_ee_state__functions.c.o[0m
[ 10%] [32mBuilding C object CMakeFiles/messages_fr3__rosidl_generator_c.dir/rosidl_generator_c/messages_fr3/msg/detail/pose_direction__functions.c.o[0m
[ 11%] [32mBuilding C object CMakeFiles/messages_fr3__rosidl_generator_c.dir/rosidl_generator_c/messages_fr3/msg/detail/jacobian_ee__functions.c.o[0m
[ 12%] [32m[1mLinking C shared library libmessages_fr3__rosidl_generator_c.so[0m
[ 12%] Built target messages_fr3__rosidl_generator_c
[ 15%] [34m[1mGenerating C introspection for ROS interfaces[0m
[ 15%] [34m[1mGenerating C type support dispatch for ROS interfaces[0m
[ 15%] [34m[1mGenerating C type support for eProsima Fast-RTPS[0m
[ 15%] Built target messages_fr3__cpp
[ 16%] [34m[1mGenerating C++ introspection for ROS interfaces[0m
[ 17%] [34m[1mGenerating C++ type support for eProsima Fast-RTPS[0m
[ 18%] [34m[1mGenerating C++ type support dispatch for ROS interfaces[0m
[ 19%] [32mBuilding CXX object CMakeFiles/messages_fr3__rosidl_typesupport_c.dir/rosidl_typesupport_c/messages_fr3/srv/planner_service__type_support.cpp.o[0m
[ 20%] [32mBuilding CXX object CMakeFiles/messages_fr3__rosidl_typesupport_c.dir/rosidl_typesupport_c/messages_fr3/msg/jacobian_ee__type_support.cpp.o[0m
[ 21%] [32mBuilding CXX object CMakeFiles/messages_fr3__rosidl_typesupport_c.dir/rosidl_typesupport_c/messages_fr3/srv/set_pose__type_support.cpp.o[0m
[ 23%] [32mBuilding CXX object CMakeFiles/messages_fr3__rosidl_typesupport_c.dir/rosidl_typesupport_c/messages_fr3/srv/controller_activation__type_support.cpp.o[0m
[ 23%] [32mBuilding CXX object CMakeFiles/messages_fr3__rosidl_typesupport_c.dir/rosidl_typesupport_c/messages_fr3/srv/set_stiffness__type_support.cpp.o[0m
[ 24%] [32mBuilding CXX object CMakeFiles/messages_fr3__rosidl_typesupport_c.dir/rosidl_typesupport_c/messages_fr3/srv/set_mode__type_support.cpp.o[0m
[ 25%] [32mBuilding CXX object CMakeFiles/messages_fr3__rosidl_typesupport_c.dir/rosidl_typesupport_c/messages_fr3/srv/set_param__type_support.cpp.o[0m
[ 25%] [32mBuilding CXX object CMakeFiles/messages_fr3__rosidl_typesupport_c.dir/rosidl_typesupport_c/messages_fr3/msg/pose_direction__type_support.cpp.o[0m
[ 26%] [32mBuilding CXX object CMakeFiles/messages_fr3__rosidl_typesupport_c.dir/rosidl_typesupport_c/messages_fr3/msg/joint_ee_state__type_support.cpp.o[0m
[ 27%] [32mBuilding CXX object CMakeFiles/messages_fr3__rosidl_typesupport_c.dir/rosidl_typesupport_c/messages_fr3/msg/joint_config__type_support.cpp.o[0m
[ 28%] [32m[1mLinking CXX shared library libmessages_fr3__rosidl_typesupport_c.so[0m
[ 29%] [32mBuilding CXX object CMakeFiles/messages_fr3__rosidl_typesupport_cpp.dir/rosidl_typesupport_cpp/messages_fr3/srv/set_pose__type_support.cpp.o[0m
[ 31%] [32mBuilding CXX object CMakeFiles/messages_fr3__rosidl_typesupport_cpp.dir/rosidl_typesupport_cpp/messages_fr3/srv/set_mode__type_support.cpp.o[0m
[ 31%] [32mBuilding CXX object CMakeFiles/messages_fr3__rosidl_typesupport_cpp.dir/rosidl_typesupport_cpp/messages_fr3/srv/set_param__type_support.cpp.o[0m
[ 32%] [32mBuilding CXX object CMakeFiles/messages_fr3__rosidl_typesupport_cpp.dir/rosidl_typesupport_cpp/messages_fr3/srv/planner_service__type_support.cpp.o[0m
[ 33%] [32mBuilding CXX object CMakeFiles/messages_fr3__rosidl_typesupport_cpp.dir/rosidl_typesupport_cpp/messages_fr3/srv/set_stiffness__type_support.cpp.o[0m
[ 34%] [32mBuilding CXX object CMakeFiles/messages_fr3__rosidl_typesupport_cpp.dir/rosidl_typesupport_cpp/messages_fr3/srv/controller_activation__type_support.cpp.o[0m
[ 35%] [32mBuilding CXX object CMakeFiles/messages_fr3__rosidl_typesupport_cpp.dir/rosidl_typesupport_cpp/messages_fr3/msg/jacobian_ee__type_support.cpp.o[0m
[ 35%] Built target messages_fr3__rosidl_typesupport_c
[ 36%] [32mBuilding CXX object CMakeFiles/messages_fr3__rosidl_typesupport_cpp.dir/rosidl_typesupport_cpp/messages_fr3/msg/joint_ee_state__type_support.cpp.o[0m
[ 37%] [32mBuilding CXX object CMakeFiles/messages_fr3__rosidl_typesupport_introspection_cpp.dir/rosidl_typesupport_introspection_cpp/messages_fr3/srv/detail/set_pose__type_support.cpp.o[0m
[ 38%] [32mBuilding CXX object CMakeFiles/messages_fr3__rosidl_typesupport_introspection_cpp.dir/rosidl_typesupport_introspection_cpp/messages_fr3/srv/detail/set_param__type_support.cpp.o[0m
[ 39%] [32mBuilding CXX object CMakeFiles/messages_fr3__rosidl_typesupport_introspection_cpp.dir/rosidl_typesupport_introspection_cpp/messages_fr3/srv/detail/set_mode__type_support.cpp.o[0m
[ 40%] [32mBuilding CXX object CMakeFiles/messages_fr3__rosidl_typesupport_introspection_cpp.dir/rosidl_typesupport_introspection_cpp/messages_fr3/srv/detail/planner_service__type_support.cpp.o[0m
[ 41%] [32mBuilding CXX object CMakeFiles/messages_fr3__rosidl_typesupport_cpp.dir/rosidl_typesupport_cpp/messages_fr3/msg/pose_direction__type_support.cpp.o[0m
[ 42%] [32mBuilding CXX object CMakeFiles/messages_fr3__rosidl_typesupport_introspection_cpp.dir/rosidl_typesupport_introspection_cpp/messages_fr3/srv/detail/set_stiffness__type_support.cpp.o[0m
[ 43%] [32mBuilding C object CMakeFiles/messages_fr3__rosidl_typesupport_introspection_c.dir/rosidl_typesupport_introspection_c/messages_fr3/srv/detail/set_pose__type_support.c.o[0m
[ 44%] [32mBuilding CXX object CMakeFiles/messages_fr3__rosidl_typesupport_introspection_cpp.dir/rosidl_typesupport_introspection_cpp/messages_fr3/srv/detail/controller_activation__type_support.cpp.o[0m
[ 45%] [32mBuilding C object CMakeFiles/messages_fr3__rosidl_typesupport_introspection_c.dir/rosidl_typesupport_introspection_c/messages_fr3/srv/detail/set_param__type_support.c.o[0m
[ 46%] [32mBuilding CXX object CMakeFiles/messages_fr3__rosidl_typesupport_cpp.dir/rosidl_typesupport_cpp/messages_fr3/msg/joint_config__type_support.cpp.o[0m
[ 47%] [32mBuilding CXX object CMakeFiles/messages_fr3__rosidl_typesupport_fastrtps_c.dir/rosidl_typesupport_fastrtps_c/messages_fr3/srv/detail/set_pose__type_support_c.cpp.o[0m
[ 48%] [32mBuilding C object CMakeFiles/messages_fr3__rosidl_typesupport_introspection_c.dir/rosidl_typesupport_introspection_c/messages_fr3/srv/detail/set_mode__type_support.c.o[0m
[ 49%] [32mBuilding CXX object CMakeFiles/messages_fr3__rosidl_typesupport_introspection_cpp.dir/rosidl_typesupport_introspection_cpp/messages_fr3/msg/detail/jacobian_ee__type_support.cpp.o[0m
[ 50%] [32mBuilding C object CMakeFiles/messages_fr3__rosidl_typesupport_introspection_c.dir/rosidl_typesupport_introspection_c/messages_fr3/srv/detail/planner_service__type_support.c.o[0m
[ 51%] [32mBuilding C object CMakeFiles/messages_fr3__rosidl_typesupport_introspection_c.dir/rosidl_typesupport_introspection_c/messages_fr3/srv/detail/set_stiffness__type_support.c.o[0m
[ 52%] [32mBuilding CXX object CMakeFiles/messages_fr3__rosidl_typesupport_fastrtps_cpp.dir/rosidl_typesupport_fastrtps_cpp/messages_fr3/srv/detail/dds_fastrtps/set_pose__type_support.cpp.o[0m
[ 53%] [32mBuilding C object CMakeFiles/messages_fr3__rosidl_typesupport_introspection_c.dir/rosidl_typesupport_introspection_c/messages_fr3/srv/detail/controller_activation__type_support.c.o[0m
[ 54%] [32mBuilding C object CMakeFiles/messages_fr3__rosidl_typesupport_introspection_c.dir/rosidl_typesupport_introspection_c/messages_fr3/msg/detail/jacobian_ee__type_support.c.o[0m
[ 55%] [32mBuilding CXX object CMakeFiles/messages_fr3__rosidl_typesupport_fastrtps_c.dir/rosidl_typesupport_fastrtps_c/messages_fr3/srv/detail/set_param__type_support_c.cpp.o[0m
[ 56%] [32mBuilding CXX object CMakeFiles/messages_fr3__rosidl_typesupport_fastrtps_cpp.dir/rosidl_typesupport_fastrtps_cpp/messages_fr3/srv/detail/dds_fastrtps/set_param__type_support.cpp.o[0m
[ 57%] [32mBuilding CXX object CMakeFiles/messages_fr3__rosidl_typesupport_fastrtps_c.dir/rosidl_typesupport_fastrtps_c/messages_fr3/srv/detail/set_mode__type_support_c.cpp.o[0m
[ 58%] [32mBuilding C object CMakeFiles/messages_fr3__rosidl_typesupport_introspection_c.dir/rosidl_typesupport_introspection_c/messages_fr3/msg/detail/joint_ee_state__type_support.c.o[0m
[ 59%] [32m[1mLinking CXX shared library libmessages_fr3__rosidl_typesupport_cpp.so[0m
[ 60%] [32mBuilding C object CMakeFiles/messages_fr3__rosidl_typesupport_introspection_c.dir/rosidl_typesupport_introspection_c/messages_fr3/msg/detail/pose_direction__type_support.c.o[0m
[ 60%] Built target messages_fr3__rosidl_typesupport_cpp
[ 61%] [32mBuilding C object CMakeFiles/messages_fr3__rosidl_typesupport_introspection_c.dir/rosidl_typesupport_introspection_c/messages_fr3/msg/detail/joint_config__type_support.c.o[0m
[ 61%] [32mBuilding CXX object CMakeFiles/messages_fr3__rosidl_typesupport_fastrtps_cpp.dir/rosidl_typesupport_fastrtps_cpp/messages_fr3/srv/detail/dds_fastrtps/set_mode__type_support.cpp.o[0m
[ 62%] [32mBuilding CXX object CMakeFiles/messages_fr3__rosidl_typesupport_fastrtps_cpp.dir/rosidl_typesupport_fastrtps_cpp/messages_fr3/srv/detail/dds_fastrtps/planner_service__type_support.cpp.o[0m
[ 63%] [32mBuilding CXX object CMakeFiles/messages_fr3__rosidl_typesupport_introspection_cpp.dir/rosidl_typesupport_introspection_cpp/messages_fr3/msg/detail/joint_ee_state__type_support.cpp.o[0m
[ 64%] [32m[1mLinking C shared library libmessages_fr3__rosidl_typesupport_introspection_c.so[0m
[ 65%] [32mBuilding CXX object CMakeFiles/messages_fr3__rosidl_typesupport_fastrtps_c.dir/rosidl_typesupport_fastrtps_c/messages_fr3/srv/detail/planner_service__type_support_c.cpp.o[0m
[ 65%] Built target messages_fr3__rosidl_typesupport_introspection_c
[ 66%] [32mBuilding CXX object CMakeFiles/messages_fr3__rosidl_typesupport_introspection_cpp.dir/rosidl_typesupport_introspection_cpp/messages_fr3/msg/detail/pose_direction__type_support.cpp.o[0m
[ 67%] [32mBuilding CXX object CMakeFiles/messages_fr3__rosidl_typesupport_fastrtps_cpp.dir/rosidl_typesupport_fastrtps_cpp/messages_fr3/srv/detail/dds_fastrtps/set_stiffness__type_support.cpp.o[0m
[ 68%] [32mBuilding CXX object CMakeFiles/messages_fr3__rosidl_typesupport_fastrtps_c.dir/rosidl_typesupport_fastrtps_c/messages_fr3/srv/detail/set_stiffness__type_support_c.cpp.o[0m
[ 69%] [32mBuilding CXX object CMakeFiles/messages_fr3__rosidl_typesupport_fastrtps_cpp.dir/rosidl_typesupport_fastrtps_cpp/messages_fr3/srv/detail/dds_fastrtps/controller_activation__type_support.cpp.o[0m
[ 70%] [32mBuilding CXX object CMakeFiles/messages_fr3__rosidl_typesupport_introspection_cpp.dir/rosidl_typesupport_introspection_cpp/messages_fr3/msg/detail/joint_config__type_support.cpp.o[0m
[ 71%] [32mBuilding CXX object CMakeFiles/messages_fr3__rosidl_typesupport_fastrtps_c.dir/rosidl_typesupport_fastrtps_c/messages_fr3/srv/detail/controller_activation__type_support_c.cpp.o[0m
[ 72%] [32mBuilding CXX object CMakeFiles/messages_fr3__rosidl_typesupport_fastrtps_cpp.dir/rosidl_typesupport_fastrtps_cpp/messages_fr3/msg/detail/dds_fastrtps/jacobian_ee__type_support.cpp.o[0m
[ 73%] [32mBuilding CXX object CMakeFiles/messages_fr3__rosidl_typesupport_fastrtps_c.dir/rosidl_typesupport_fastrtps_c/messages_fr3/msg/detail/jacobian_ee__type_support_c.cpp.o[0m
[ 74%] [32mBuilding CXX object CMakeFiles/messages_fr3__rosidl_typesupport_fastrtps_c.dir/rosidl_typesupport_fastrtps_c/messages_fr3/msg/detail/joint_ee_state__type_support_c.cpp.o[0m
[ 75%] [32mBuilding CXX object CMakeFiles/messages_fr3__rosidl_typesupport_fastrtps_c.dir/rosidl_typesupport_fastrtps_c/messages_fr3/msg/detail/pose_direction__type_support_c.cpp.o[0m
[ 76%] [32mBuilding CXX object CMakeFiles/messages_fr3__rosidl_typesupport_fastrtps_cpp.dir/rosidl_typesupport_fastrtps_cpp/messages_fr3/msg/detail/dds_fastrtps/joint_ee_state__type_support.cpp.o[0m
[ 77%] [32mBuilding CXX object CMakeFiles/messages_fr3__rosidl_typesupport_fastrtps_c.dir/rosidl_typesupport_fastrtps_c/messages_fr3/msg/detail/joint_config__type_support_c.cpp.o[0m
[ 78%] [32mBuilding CXX object CMakeFiles/messages_fr3__rosidl_typesupport_fastrtps_cpp.dir/rosidl_typesupport_fastrtps_cpp/messages_fr3/msg/detail/dds_fastrtps/pose_direction__type_support.cpp.o[0m
[ 79%] [32mBuilding CXX object CMakeFiles/messages_fr3__rosidl_typesupport_fastrtps_cpp.dir/rosidl_typesupport_fastrtps_cpp/messages_fr3/msg/detail/dds_fastrtps/joint_config__type_support.cpp.o[0m
[ 80%] [32m[1mLinking CXX shared library libmessages_fr3__rosidl_typesupport_introspection_cpp.so[0m
[ 80%] Built target messages_fr3__rosidl_typesupport_introspection_cpp
[ 81%] [32m[1mLinking CXX shared library libmessages_fr3__rosidl_typesupport_fastrtps_c.so[0m
[ 81%] Built target messages_fr3__rosidl_typesupport_fastrtps_c
[ 82%] [32m[1mLinking CXX shared library libmessages_fr3__rosidl_typesupport_fastrtps_cpp.so[0m
[ 82%] Built target messages_fr3__rosidl_typesupport_fastrtps_cpp
[ 82%] Built target messages_fr3
[ 83%] [34m[1mGenerating Python code for ROS interfaces[0m
[ 83%] Built target messages_fr3__py
[ 84%] [32mBuilding C object CMakeFiles/messages_fr3__rosidl_generator_py.dir/rosidl_generator_py/messages_fr3/srv/_planner_service_s.c.o[0m
[ 85%] [32mBuilding C object CMakeFiles/messages_fr3__rosidl_generator_py.dir/rosidl_generator_py/messages_fr3/srv/_set_param_s.c.o[0m
[ 86%] [32mBuilding C object CMakeFiles/messages_fr3__rosidl_generator_py.dir/rosidl_generator_py/messages_fr3/srv/_set_pose_s.c.o[0m
[ 87%] [32mBuilding C object CMakeFiles/messages_fr3__rosidl_generator_py.dir/rosidl_generator_py/messages_fr3/srv/_set_mode_s.c.o[0m
[ 88%] [32mBuilding C object CMakeFiles/messages_fr3__rosidl_generator_py.dir/rosidl_generator_py/messages_fr3/srv/_set_stiffness_s.c.o[0m
[ 89%] [32mBuilding C object CMakeFiles/messages_fr3__rosidl_generator_py.dir/rosidl_generator_py/messages_fr3/msg/_joint_config_s.c.o[0m
[ 90%] [32mBuilding C object CMakeFiles/messages_fr3__rosidl_generator_py.dir/rosidl_generator_py/messages_fr3/srv/_controller_activation_s.c.o[0m
[ 91%] [32mBuilding C object CMakeFiles/messages_fr3__rosidl_generator_py.dir/rosidl_generator_py/messages_fr3/msg/_jacobian_ee_s.c.o[0m
[ 92%] [32mBuilding C object CMakeFiles/messages_fr3__rosidl_generator_py.dir/rosidl_generator_py/messages_fr3/msg/_joint_ee_state_s.c.o[0m
[ 93%] [32mBuilding C object CMakeFiles/messages_fr3__rosidl_generator_py.dir/rosidl_generator_py/messages_fr3/msg/_pose_direction_s.c.o[0m
[ 94%] [32m[1mLinking C shared library rosidl_generator_py/messages_fr3/libmessages_fr3__rosidl_generator_py.so[0m
[ 94%] Built target messages_fr3__rosidl_generator_py
[ 95%] [32mBuilding C object CMakeFiles/messages_fr3__rosidl_typesupport_introspection_c__pyext.dir/rosidl_generator_py/messages_fr3/_messages_fr3_s.ep.rosidl_typesupport_introspection_c.c.o[0m
[ 96%] [32mBuilding C object CMakeFiles/messages_fr3__rosidl_typesupport_fastrtps_c__pyext.dir/rosidl_generator_py/messages_fr3/_messages_fr3_s.ep.rosidl_typesupport_fastrtps_c.c.o[0m
[ 97%] [32mBuilding C object CMakeFiles/messages_fr3__rosidl_typesupport_c__pyext.dir/rosidl_generator_py/messages_fr3/_messages_fr3_s.ep.rosidl_typesupport_c.c.o[0m
[ 98%] [32m[1mLinking C shared library rosidl_generator_py/messages_fr3/messages_fr3_s__rosidl_typesupport_fastrtps_c.cpython-310-x86_64-linux-gnu.so[0m
[ 99%] [32m[1mLinking C shared library rosidl_generator_py/messages_fr3/messages_fr3_s__rosidl_typesupport_introspection_c.cpython-310-x86_64-linux-gnu.so[0m
[ 99%] Built target messages_fr3__rosidl_typesupport_fastrtps_c__pyext
[ 99%] Built target messages_fr3__rosidl_typesupport_introspection_c__pyext
[100%] [32m[1mLinking C shared library rosidl_generator_py/messages_fr3/messages_fr3_s__rosidl_typesupport_c.cpython-310-x86_64-linux-gnu.so[0m
[100%] Built target messages_fr3__rosidl_typesupport_c__pyext
-- Install configuration: "Release"
-- Installing: /home/matteo/franka_ros2_ws/install/messages_fr3/share/ament_index/resource_index/rosidl_interfaces/messages_fr3
-- Installing: /home/matteo/franka_ros2_ws/install/messages_fr3/include/messages_fr3/messages_fr3
-- Installing: /home/matteo/franka_ros2_ws/install/messages_fr3/include/messages_fr3/messages_fr3/msg
-- Installing: /home/matteo/franka_ros2_ws/install/messages_fr3/include/messages_fr3/messages_fr3/msg/rosidl_generator_c__visibility_control.h
-- Installing: /home/matteo/franka_ros2_ws/install/messages_fr3/include/messages_fr3/messages_fr3/msg/detail
-- Installing: /home/matteo/franka_ros2_ws/install/messages_fr3/include/messages_fr3/messages_fr3/msg/detail/pose_direction__functions.c
-- Installing: /home/matteo/franka_ros2_ws/install/messages_fr3/include/messages_fr3/messages_fr3/msg/detail/joint_config__functions.h
-- Installing: /home/matteo/franka_ros2_ws/install/messages_fr3/include/messages_fr3/messages_fr3/msg/detail/joint_ee_state__struct.h
-- Installing: /home/matteo/franka_ros2_ws/install/messages_fr3/include/messages_fr3/messages_fr3/msg/detail/jacobian_ee__struct.h
-- Installing: /home/matteo/franka_ros2_ws/install/messages_fr3/include/messages_fr3/messages_fr3/msg/detail/joint_config__struct.h
-- Installing: /home/matteo/franka_ros2_ws/install/messages_fr3/include/messages_fr3/messages_fr3/msg/detail/joint_ee_state__functions.h
-- Installing: /home/matteo/franka_ros2_ws/install/messages_fr3/include/messages_fr3/messages_fr3/msg/detail/pose_direction__struct.h
-- Installing: /home/matteo/franka_ros2_ws/install/messages_fr3/include/messages_fr3/messages_fr3/msg/detail/jacobian_ee__functions.h
-- Installing: /home/matteo/franka_ros2_ws/install/messages_fr3/include/messages_fr3/messages_fr3/msg/detail/pose_direction__functions.h
-- Installing: /home/matteo/franka_ros2_ws/install/messages_fr3/include/messages_fr3/messages_fr3/msg/detail/joint_ee_state__type_support.h
-- Installing: /home/matteo/franka_ros2_ws/install/messages_fr3/include/messages_fr3/messages_fr3/msg/detail/jacobian_ee__functions.c
-- Installing: /home/matteo/franka_ros2_ws/install/messages_fr3/include/messages_fr3/messages_fr3/msg/detail/jacobian_ee__type_support.h
-- Installing: /home/matteo/franka_ros2_ws/install/messages_fr3/include/messages_fr3/messages_fr3/msg/detail/joint_config__functions.c
-- Installing: /home/matteo/franka_ros2_ws/install/messages_fr3/include/messages_fr3/messages_fr3/msg/detail/joint_ee_state__functions.c
-- Installing: /home/matteo/franka_ros2_ws/install/messages_fr3/include/messages_fr3/messages_fr3/msg/detail/joint_config__type_support.h
-- Installing: /home/matteo/franka_ros2_ws/install/messages_fr3/include/messages_fr3/messages_fr3/msg/detail/pose_direction__type_support.h
-- Installing: /home/matteo/franka_ros2_ws/install/messages_fr3/include/messages_fr3/messages_fr3/msg/joint_ee_state.h
-- Installing: /home/matteo/franka_ros2_ws/install/messages_fr3/include/messages_fr3/messages_fr3/msg/jacobian_ee.h
-- Installing: /home/matteo/franka_ros2_ws/install/messages_fr3/include/messages_fr3/messages_fr3/msg/pose_direction.h
-- Installing: /home/matteo/franka_ros2_ws/install/messages_fr3/include/messages_fr3/messages_fr3/msg/joint_config.h
-- Installing: /home/matteo/franka_ros2_ws/install/messages_fr3/include/messages_fr3/messages_fr3/srv
-- Installing: /home/matteo/franka_ros2_ws/install/messages_fr3/include/messages_fr3/messages_fr3/srv/set_pose.h
-- Installing: /home/matteo/franka_ros2_ws/install/messages_fr3/include/messages_fr3/messages_fr3/srv/detail
-- Installing: /home/matteo/franka_ros2_ws/install/messages_fr3/include/messages_fr3/messages_fr3/srv/detail/set_mode__functions.h
-- Installing: /home/matteo/franka_ros2_ws/install/messages_fr3/include/messages_fr3/messages_fr3/srv/detail/set_stiffness__struct.h
-- Installing: /home/matteo/franka_ros2_ws/install/messages_fr3/include/messages_fr3/messages_fr3/srv/detail/set_pose__functions.c
-- Installing: /home/matteo/franka_ros2_ws/install/messages_fr3/include/messages_fr3/messages_fr3/srv/detail/controller_activation__functions.h
-- Installing: /home/matteo/franka_ros2_ws/install/messages_fr3/include/messages_fr3/messages_fr3/srv/detail/set_param__functions.h
-- Installing: /home/matteo/franka_ros2_ws/install/messages_fr3/include/messages_fr3/messages_fr3/srv/detail/set_mode__struct.h
-- Installing: /home/matteo/franka_ros2_ws/install/messages_fr3/include/messages_fr3/messages_fr3/srv/detail/set_param__struct.h
-- Installing: /home/matteo/franka_ros2_ws/install/messages_fr3/include/messages_fr3/messages_fr3/srv/detail/set_param__functions.c
-- Installing: /home/matteo/franka_ros2_ws/install/messages_fr3/include/messages_fr3/messages_fr3/srv/detail/planner_service__functions.h
-- Installing: /home/matteo/franka_ros2_ws/install/messages_fr3/include/messages_fr3/messages_fr3/srv/detail/set_param__type_support.h
-- Installing: /home/matteo/franka_ros2_ws/install/messages_fr3/include/messages_fr3/messages_fr3/srv/detail/set_pose__type_support.h
-- Installing: /home/matteo/franka_ros2_ws/install/messages_fr3/include/messages_fr3/messages_fr3/srv/detail/set_pose__struct.h
-- Installing: /home/matteo/franka_ros2_ws/install/messages_fr3/include/messages_fr3/messages_fr3/srv/detail/controller_activation__functions.c
-- Installing: /home/matteo/franka_ros2_ws/install/messages_fr3/include/messages_fr3/messages_fr3/srv/detail/set_mode__type_support.h
-- Installing: /home/matteo/franka_ros2_ws/install/messages_fr3/include/messages_fr3/messages_fr3/srv/detail/controller_activation__type_support.h
-- Installing: /home/matteo/franka_ros2_ws/install/messages_fr3/include/messages_fr3/messages_fr3/srv/detail/planner_service__functions.c
-- Installing: /home/matteo/franka_ros2_ws/install/messages_fr3/include/messages_fr3/messages_fr3/srv/detail/planner_service__struct.h
-- Installing: /home/matteo/franka_ros2_ws/install/messages_fr3/include/messages_fr3/messages_fr3/srv/detail/planner_service__type_support.h
-- Installing: /home/matteo/franka_ros2_ws/install/messages_fr3/include/messages_fr3/messages_fr3/srv/detail/set_stiffness__type_support.h
-- Installing: /home/matteo/franka_ros2_ws/install/messages_fr3/include/messages_fr3/messages_fr3/srv/detail/set_mode__functions.c
-- Installing: /home/matteo/franka_ros2_ws/install/messages_fr3/include/messages_fr3/messages_fr3/srv/detail/set_pose__functions.h
-- Installing: /home/matteo/franka_ros2_ws/install/messages_fr3/include/messages_fr3/messages_fr3/srv/detail/set_stiffness__functions.h
-- Installing: /home/matteo/franka_ros2_ws/install/messages_fr3/include/messages_fr3/messages_fr3/srv/detail/controller_activation__struct.h
-- Installing: /home/matteo/franka_ros2_ws/install/messages_fr3/include/messages_fr3/messages_fr3/srv/detail/set_stiffness__functions.c
-- Installing: /home/matteo/franka_ros2_ws/install/messages_fr3/include/messages_fr3/messages_fr3/srv/set_param.h
-- Installing: /home/matteo/franka_ros2_ws/install/messages_fr3/include/messages_fr3/messages_fr3/srv/set_stiffness.h
-- Installing: /home/matteo/franka_ros2_ws/install/messages_fr3/include/messages_fr3/messages_fr3/srv/controller_activation.h
-- Installing: /home/matteo/franka_ros2_ws/install/messages_fr3/include/messages_fr3/messages_fr3/srv/planner_service.h
-- Installing: /home/matteo/franka_ros2_ws/install/messages_fr3/include/messages_fr3/messages_fr3/srv/set_mode.h
-- Installing: /home/matteo/franka_ros2_ws/install/messages_fr3/share/messages_fr3/environment/library_path.sh
-- Installing: /home/matteo/franka_ros2_ws/install/messages_fr3/share/messages_fr3/environment/library_path.dsv
-- Installing: /home/matteo/franka_ros2_ws/install/messages_fr3/lib/libmessages_fr3__rosidl_generator_c.so
-- Set runtime path of "/home/matteo/franka_ros2_ws/install/messages_fr3/lib/libmessages_fr3__rosidl_generator_c.so" to ""
-- Up-to-date: /home/matteo/franka_ros2_ws/install/messages_fr3/include/messages_fr3/messages_fr3
-- Up-to-date: /home/matteo/franka_ros2_ws/install/messages_fr3/include/messages_fr3/messages_fr3/msg
-- Up-to-date: /home/matteo/franka_ros2_ws/install/messages_fr3/include/messages_fr3/messages_fr3/msg/detail
-- Installing: /home/matteo/franka_ros2_ws/install/messages_fr3/include/messages_fr3/messages_fr3/msg/detail/joint_config__rosidl_typesupport_fastrtps_c.h
-- Installing: /home/matteo/franka_ros2_ws/install/messages_fr3/include/messages_fr3/messages_fr3/msg/detail/joint_ee_state__rosidl_typesupport_fastrtps_c.h
-- Installing: /home/matteo/franka_ros2_ws/install/messages_fr3/include/messages_fr3/messages_fr3/msg/detail/pose_direction__rosidl_typesupport_fastrtps_c.h
-- Installing: /home/matteo/franka_ros2_ws/install/messages_fr3/include/messages_fr3/messages_fr3/msg/detail/jacobian_ee__rosidl_typesupport_fastrtps_c.h
-- Installing: /home/matteo/franka_ros2_ws/install/messages_fr3/include/messages_fr3/messages_fr3/msg/rosidl_typesupport_fastrtps_c__visibility_control.h
-- Up-to-date: /home/matteo/franka_ros2_ws/install/messages_fr3/include/messages_fr3/messages_fr3/srv
-- Up-to-date: /home/matteo/franka_ros2_ws/install/messages_fr3/include/messages_fr3/messages_fr3/srv/detail
-- Installing: /home/matteo/franka_ros2_ws/install/messages_fr3/include/messages_fr3/messages_fr3/srv/detail/set_pose__rosidl_typesupport_fastrtps_c.h
-- Installing: /home/matteo/franka_ros2_ws/install/messages_fr3/include/messages_fr3/messages_fr3/srv/detail/set_mode__rosidl_typesupport_fastrtps_c.h
-- Installing: /home/matteo/franka_ros2_ws/install/messages_fr3/include/messages_fr3/messages_fr3/srv/detail/planner_service__rosidl_typesupport_fastrtps_c.h
-- Installing: /home/matteo/franka_ros2_ws/install/messages_fr3/include/messages_fr3/messages_fr3/srv/detail/controller_activation__rosidl_typesupport_fastrtps_c.h
-- Installing: /home/matteo/franka_ros2_ws/install/messages_fr3/include/messages_fr3/messages_fr3/srv/detail/set_stiffness__rosidl_typesupport_fastrtps_c.h
-- Installing: /home/matteo/franka_ros2_ws/install/messages_fr3/include/messages_fr3/messages_fr3/srv/detail/set_param__rosidl_typesupport_fastrtps_c.h
-- Installing: /home/matteo/franka_ros2_ws/install/messages_fr3/lib/libmessages_fr3__rosidl_typesupport_fastrtps_c.so
-- Set runtime path of "/home/matteo/franka_ros2_ws/install/messages_fr3/lib/libmessages_fr3__rosidl_typesupport_fastrtps_c.so" to ""
-- Up-to-date: /home/matteo/franka_ros2_ws/install/messages_fr3/include/messages_fr3/messages_fr3
-- Up-to-date: /home/matteo/franka_ros2_ws/install/messages_fr3/include/messages_fr3/messages_fr3/msg
-- Up-to-date: /home/matteo/franka_ros2_ws/install/messages_fr3/include/messages_fr3/messages_fr3/msg/detail
-- Installing: /home/matteo/franka_ros2_ws/install/messages_fr3/include/messages_fr3/messages_fr3/msg/detail/jacobian_ee__type_support.c
-- Installing: /home/matteo/franka_ros2_ws/install/messages_fr3/include/messages_fr3/messages_fr3/msg/detail/jacobian_ee__rosidl_typesupport_introspection_c.h
-- Installing: /home/matteo/franka_ros2_ws/install/messages_fr3/include/messages_fr3/messages_fr3/msg/detail/joint_config__rosidl_typesupport_introspection_c.h
-- Installing: /home/matteo/franka_ros2_ws/install/messages_fr3/include/messages_fr3/messages_fr3/msg/detail/joint_config__type_support.c
-- Installing: /home/matteo/franka_ros2_ws/install/messages_fr3/include/messages_fr3/messages_fr3/msg/detail/joint_ee_state__rosidl_typesupport_introspection_c.h
-- Installing: /home/matteo/franka_ros2_ws/install/messages_fr3/include/messages_fr3/messages_fr3/msg/detail/pose_direction__rosidl_typesupport_introspection_c.h
-- Installing: /home/matteo/franka_ros2_ws/install/messages_fr3/include/messages_fr3/messages_fr3/msg/detail/joint_ee_state__type_support.c
-- Installing: /home/matteo/franka_ros2_ws/install/messages_fr3/include/messages_fr3/messages_fr3/msg/detail/pose_direction__type_support.c
-- Installing: /home/matteo/franka_ros2_ws/install/messages_fr3/include/messages_fr3/messages_fr3/msg/rosidl_typesupport_introspection_c__visibility_control.h
-- Up-to-date: /home/matteo/franka_ros2_ws/install/messages_fr3/include/messages_fr3/messages_fr3/srv
-- Up-to-date: /home/matteo/franka_ros2_ws/install/messages_fr3/include/messages_fr3/messages_fr3/srv/detail
-- Installing: /home/matteo/franka_ros2_ws/install/messages_fr3/include/messages_fr3/messages_fr3/srv/detail/planner_service__type_support.c
-- Installing: /home/matteo/franka_ros2_ws/install/messages_fr3/include/messages_fr3/messages_fr3/srv/detail/set_pose__rosidl_typesupport_introspection_c.h
-- Installing: /home/matteo/franka_ros2_ws/install/messages_fr3/include/messages_fr3/messages_fr3/srv/detail/set_pose__type_support.c
-- Installing: /home/matteo/franka_ros2_ws/install/messages_fr3/include/messages_fr3/messages_fr3/srv/detail/set_mode__type_support.c
-- Installing: /home/matteo/franka_ros2_ws/install/messages_fr3/include/messages_fr3/messages_fr3/srv/detail/set_stiffness__type_support.c
-- Installing: /home/matteo/franka_ros2_ws/install/messages_fr3/include/messages_fr3/messages_fr3/srv/detail/set_param__type_support.c
-- Installing: /home/matteo/franka_ros2_ws/install/messages_fr3/include/messages_fr3/messages_fr3/srv/detail/controller_activation__rosidl_typesupport_introspection_c.h
-- Installing: /home/matteo/franka_ros2_ws/install/messages_fr3/include/messages_fr3/messages_fr3/srv/detail/set_stiffness__rosidl_typesupport_introspection_c.h
-- Installing: /home/matteo/franka_ros2_ws/install/messages_fr3/include/messages_fr3/messages_fr3/srv/detail/set_mode__rosidl_typesupport_introspection_c.h
-- Installing: /home/matteo/franka_ros2_ws/install/messages_fr3/include/messages_fr3/messages_fr3/srv/detail/planner_service__rosidl_typesupport_introspection_c.h
-- Installing: /home/matteo/franka_ros2_ws/install/messages_fr3/include/messages_fr3/messages_fr3/srv/detail/set_param__rosidl_typesupport_introspection_c.h
-- Installing: /home/matteo/franka_ros2_ws/install/messages_fr3/include/messages_fr3/messages_fr3/srv/detail/controller_activation__type_support.c
-- Installing: /home/matteo/franka_ros2_ws/install/messages_fr3/lib/libmessages_fr3__rosidl_typesupport_introspection_c.so
-- Set runtime path of "/home/matteo/franka_ros2_ws/install/messages_fr3/lib/libmessages_fr3__rosidl_typesupport_introspection_c.so" to ""
-- Installing: /home/matteo/franka_ros2_ws/install/messages_fr3/lib/libmessages_fr3__rosidl_typesupport_c.so
-- Set runtime path of "/home/matteo/franka_ros2_ws/install/messages_fr3/lib/libmessages_fr3__rosidl_typesupport_c.so" to ""
-- Up-to-date: /home/matteo/franka_ros2_ws/install/messages_fr3/include/messages_fr3/messages_fr3
-- Up-to-date: /home/matteo/franka_ros2_ws/install/messages_fr3/include/messages_fr3/messages_fr3/msg
-- Up-to-date: /home/matteo/franka_ros2_ws/install/messages_fr3/include/messages_fr3/messages_fr3/msg/detail
-- Installing: /home/matteo/franka_ros2_ws/install/messages_fr3/include/messages_fr3/messages_fr3/msg/detail/jacobian_ee__builder.hpp
-- Installing: /home/matteo/franka_ros2_ws/install/messages_fr3/include/messages_fr3/messages_fr3/msg/detail/pose_direction__traits.hpp
-- Installing: /home/matteo/franka_ros2_ws/install/messages_fr3/include/messages_fr3/messages_fr3/msg/detail/jacobian_ee__struct.hpp
-- Installing: /home/matteo/franka_ros2_ws/install/messages_fr3/include/messages_fr3/messages_fr3/msg/detail/pose_direction__builder.hpp
-- Installing: /home/matteo/franka_ros2_ws/install/messages_fr3/include/messages_fr3/messages_fr3/msg/detail/joint_config__struct.hpp
-- Installing: /home/matteo/franka_ros2_ws/install/messages_fr3/include/messages_fr3/messages_fr3/msg/detail/joint_ee_state__builder.hpp
-- Installing: /home/matteo/franka_ros2_ws/install/messages_fr3/include/messages_fr3/messages_fr3/msg/detail/joint_config__builder.hpp
-- Installing: /home/matteo/franka_ros2_ws/install/messages_fr3/include/messages_fr3/messages_fr3/msg/detail/joint_config__traits.hpp
-- Installing: /home/matteo/franka_ros2_ws/install/messages_fr3/include/messages_fr3/messages_fr3/msg/detail/joint_ee_state__type_support.hpp
-- Installing: /home/matteo/franka_ros2_ws/install/messages_fr3/include/messages_fr3/messages_fr3/msg/detail/pose_direction__struct.hpp
-- Installing: /home/matteo/franka_ros2_ws/install/messages_fr3/include/messages_fr3/messages_fr3/msg/detail/joint_ee_state__traits.hpp
-- Installing: /home/matteo/franka_ros2_ws/install/messages_fr3/include/messages_fr3/messages_fr3/msg/detail/jacobian_ee__traits.hpp
-- Installing: /home/matteo/franka_ros2_ws/install/messages_fr3/include/messages_fr3/messages_fr3/msg/detail/joint_config__type_support.hpp
-- Installing: /home/matteo/franka_ros2_ws/install/messages_fr3/include/messages_fr3/messages_fr3/msg/detail/jacobian_ee__type_support.hpp
-- Installing: /home/matteo/franka_ros2_ws/install/messages_fr3/include/messages_fr3/messages_fr3/msg/detail/pose_direction__type_support.hpp
-- Installing: /home/matteo/franka_ros2_ws/install/messages_fr3/include/messages_fr3/messages_fr3/msg/detail/joint_ee_state__struct.hpp
-- Installing: /home/matteo/franka_ros2_ws/install/messages_fr3/include/messages_fr3/messages_fr3/msg/joint_config.hpp
-- Installing: /home/matteo/franka_ros2_ws/install/messages_fr3/include/messages_fr3/messages_fr3/msg/pose_direction.hpp
-- Installing: /home/matteo/franka_ros2_ws/install/messages_fr3/include/messages_fr3/messages_fr3/msg/joint_ee_state.hpp
-- Installing: /home/matteo/franka_ros2_ws/install/messages_fr3/include/messages_fr3/messages_fr3/msg/jacobian_ee.hpp
-- Installing: /home/matteo/franka_ros2_ws/install/messages_fr3/include/messages_fr3/messages_fr3/msg/rosidl_generator_cpp__visibility_control.hpp
-- Up-to-date: /home/matteo/franka_ros2_ws/install/messages_fr3/include/messages_fr3/messages_fr3/srv
-- Installing: /home/matteo/franka_ros2_ws/install/messages_fr3/include/messages_fr3/messages_fr3/srv/set_pose.hpp
-- Installing: /home/matteo/franka_ros2_ws/install/messages_fr3/include/messages_fr3/messages_fr3/srv/planner_service.hpp
-- Installing: /home/matteo/franka_ros2_ws/install/messages_fr3/include/messages_fr3/messages_fr3/srv/set_mode.hpp
-- Up-to-date: /home/matteo/franka_ros2_ws/install/messages_fr3/include/messages_fr3/messages_fr3/srv/detail
-- Installing: /home/matteo/franka_ros2_ws/install/messages_fr3/include/messages_fr3/messages_fr3/srv/detail/controller_activation__type_support.hpp
-- Installing: /home/matteo/franka_ros2_ws/install/messages_fr3/include/messages_fr3/messages_fr3/srv/detail/set_stiffness__struct.hpp
-- Installing: /home/matteo/franka_ros2_ws/install/messages_fr3/include/messages_fr3/messages_fr3/srv/detail/set_param__struct.hpp
-- Installing: /home/matteo/franka_ros2_ws/install/messages_fr3/include/messages_fr3/messages_fr3/srv/detail/set_pose__builder.hpp
-- Installing: /home/matteo/franka_ros2_ws/install/messages_fr3/include/messages_fr3/messages_fr3/srv/detail/set_pose__struct.hpp
-- Installing: /home/matteo/franka_ros2_ws/install/messages_fr3/include/messages_fr3/messages_fr3/srv/detail/set_param__traits.hpp
-- Installing: /home/matteo/franka_ros2_ws/install/messages_fr3/include/messages_fr3/messages_fr3/srv/detail/set_mode__struct.hpp
-- Installing: /home/matteo/franka_ros2_ws/install/messages_fr3/include/messages_fr3/messages_fr3/srv/detail/planner_service__traits.hpp
-- Installing: /home/matteo/franka_ros2_ws/install/messages_fr3/include/messages_fr3/messages_fr3/srv/detail/set_pose__type_support.hpp
-- Installing: /home/matteo/franka_ros2_ws/install/messages_fr3/include/messages_fr3/messages_fr3/srv/detail/set_mode__type_support.hpp
-- Installing: /home/matteo/franka_ros2_ws/install/messages_fr3/include/messages_fr3/messages_fr3/srv/detail/set_stiffness__type_support.hpp
-- Installing: /home/matteo/franka_ros2_ws/install/messages_fr3/include/messages_fr3/messages_fr3/srv/detail/controller_activation__builder.hpp
-- Installing: /home/matteo/franka_ros2_ws/install/messages_fr3/include/messages_fr3/messages_fr3/srv/detail/planner_service__type_support.hpp
-- Installing: /home/matteo/franka_ros2_ws/install/messages_fr3/include/messages_fr3/messages_fr3/srv/detail/planner_service__builder.hpp
-- Installing: /home/matteo/franka_ros2_ws/install/messages_fr3/include/messages_fr3/messages_fr3/srv/detail/set_mode__traits.hpp
-- Installing: /home/matteo/franka_ros2_ws/install/messages_fr3/include/messages_fr3/messages_fr3/srv/detail/controller_activation__struct.hpp
-- Installing: /home/matteo/franka_ros2_ws/install/messages_fr3/include/messages_fr3/messages_fr3/srv/detail/set_pose__traits.hpp
-- Installing: /home/matteo/franka_ros2_ws/install/messages_fr3/include/messages_fr3/messages_fr3/srv/detail/set_param__builder.hpp
-- Installing: /home/matteo/franka_ros2_ws/install/messages_fr3/include/messages_fr3/messages_fr3/srv/detail/planner_service__struct.hpp
-- Installing: /home/matteo/franka_ros2_ws/install/messages_fr3/include/messages_fr3/messages_fr3/srv/detail/controller_activation__traits.hpp
-- Installing: /home/matteo/franka_ros2_ws/install/messages_fr3/include/messages_fr3/messages_fr3/srv/detail/set_stiffness__traits.hpp
-- Installing: /home/matteo/franka_ros2_ws/install/messages_fr3/include/messages_fr3/messages_fr3/srv/detail/set_mode__builder.hpp
-- Installing: /home/matteo/franka_ros2_ws/install/messages_fr3/include/messages_fr3/messages_fr3/srv/detail/set_param__type_support.hpp
-- Installing: /home/matteo/franka_ros2_ws/install/messages_fr3/include/messages_fr3/messages_fr3/srv/detail/set_stiffness__builder.hpp
-- Installing: /home/matteo/franka_ros2_ws/install/messages_fr3/include/messages_fr3/messages_fr3/srv/controller_activation.hpp
-- Installing: /home/matteo/franka_ros2_ws/install/messages_fr3/include/messages_fr3/messages_fr3/srv/set_stiffness.hpp
-- Installing: /home/matteo/franka_ros2_ws/install/messages_fr3/include/messages_fr3/messages_fr3/srv/set_param.hpp
-- Up-to-date: /home/matteo/franka_ros2_ws/install/messages_fr3/include/messages_fr3/messages_fr3
-- Up-to-date: /home/matteo/franka_ros2_ws/install/messages_fr3/include/messages_fr3/messages_fr3/msg
-- Up-to-date: /home/matteo/franka_ros2_ws/install/messages_fr3/include/messages_fr3/messages_fr3/msg/detail
-- Installing: /home/matteo/franka_ros2_ws/install/messages_fr3/include/messages_fr3/messages_fr3/msg/detail/joint_config__rosidl_typesupport_fastrtps_cpp.hpp
-- Installing: /home/matteo/franka_ros2_ws/install/messages_fr3/include/messages_fr3/messages_fr3/msg/detail/joint_ee_state__rosidl_typesupport_fastrtps_cpp.hpp
-- Installing: /home/matteo/franka_ros2_ws/install/messages_fr3/include/messages_fr3/messages_fr3/msg/detail/dds_fastrtps
-- Installing: /home/matteo/franka_ros2_ws/install/messages_fr3/include/messages_fr3/messages_fr3/msg/detail/jacobian_ee__rosidl_typesupport_fastrtps_cpp.hpp
-- Installing: /home/matteo/franka_ros2_ws/install/messages_fr3/include/messages_fr3/messages_fr3/msg/detail/pose_direction__rosidl_typesupport_fastrtps_cpp.hpp
-- Installing: /home/matteo/franka_ros2_ws/install/messages_fr3/include/messages_fr3/messages_fr3/msg/rosidl_typesupport_fastrtps_cpp__visibility_control.h
-- Up-to-date: /home/matteo/franka_ros2_ws/install/messages_fr3/include/messages_fr3/messages_fr3/srv
-- Up-to-date: /home/matteo/franka_ros2_ws/install/messages_fr3/include/messages_fr3/messages_fr3/srv/detail
-- Installing: /home/matteo/franka_ros2_ws/install/messages_fr3/include/messages_fr3/messages_fr3/srv/detail/controller_activation__rosidl_typesupport_fastrtps_cpp.hpp
-- Installing: /home/matteo/franka_ros2_ws/install/messages_fr3/include/messages_fr3/messages_fr3/srv/detail/set_stiffness__rosidl_typesupport_fastrtps_cpp.hpp
-- Installing: /home/matteo/franka_ros2_ws/install/messages_fr3/include/messages_fr3/messages_fr3/srv/detail/dds_fastrtps
-- Installing: /home/matteo/franka_ros2_ws/install/messages_fr3/include/messages_fr3/messages_fr3/srv/detail/set_mode__rosidl_typesupport_fastrtps_cpp.hpp
-- Installing: /home/matteo/franka_ros2_ws/install/messages_fr3/include/messages_fr3/messages_fr3/srv/detail/planner_service__rosidl_typesupport_fastrtps_cpp.hpp
-- Installing: /home/matteo/franka_ros2_ws/install/messages_fr3/include/messages_fr3/messages_fr3/srv/detail/set_pose__rosidl_typesupport_fastrtps_cpp.hpp
-- Installing: /home/matteo/franka_ros2_ws/install/messages_fr3/include/messages_fr3/messages_fr3/srv/detail/set_param__rosidl_typesupport_fastrtps_cpp.hpp
-- Installing: /home/matteo/franka_ros2_ws/install/messages_fr3/lib/libmessages_fr3__rosidl_typesupport_fastrtps_cpp.so
-- Set runtime path of "/home/matteo/franka_ros2_ws/install/messages_fr3/lib/libmessages_fr3__rosidl_typesupport_fastrtps_cpp.so" to ""
-- Up-to-date: /home/matteo/franka_ros2_ws/install/messages_fr3/include/messages_fr3/messages_fr3
-- Up-to-date: /home/matteo/franka_ros2_ws/install/messages_fr3/include/messages_fr3/messages_fr3/msg
-- Up-to-date: /home/matteo/franka_ros2_ws/install/messages_fr3/include/messages_fr3/messages_fr3/msg/detail
-- Installing: /home/matteo/franka_ros2_ws/install/messages_fr3/include/messages_fr3/messages_fr3/msg/detail/joint_config__type_support.cpp
-- Installing: /home/matteo/franka_ros2_ws/install/messages_fr3/include/messages_fr3/messages_fr3/msg/detail/jacobian_ee__rosidl_typesupport_introspection_cpp.hpp
-- Installing: /home/matteo/franka_ros2_ws/install/messages_fr3/include/messages_fr3/messages_fr3/msg/detail/joint_config__rosidl_typesupport_introspection_cpp.hpp
-- Installing: /home/matteo/franka_ros2_ws/install/messages_fr3/include/messages_fr3/messages_fr3/msg/detail/joint_ee_state__type_support.cpp
-- Installing: /home/matteo/franka_ros2_ws/install/messages_fr3/include/messages_fr3/messages_fr3/msg/detail/jacobian_ee__type_support.cpp
-- Installing: /home/matteo/franka_ros2_ws/install/messages_fr3/include/messages_fr3/messages_fr3/msg/detail/pose_direction__rosidl_typesupport_introspection_cpp.hpp
-- Installing: /home/matteo/franka_ros2_ws/install/messages_fr3/include/messages_fr3/messages_fr3/msg/detail/joint_ee_state__rosidl_typesupport_introspection_cpp.hpp
-- Installing: /home/matteo/franka_ros2_ws/install/messages_fr3/include/messages_fr3/messages_fr3/msg/detail/pose_direction__type_support.cpp
-- Up-to-date: /home/matteo/franka_ros2_ws/install/messages_fr3/include/messages_fr3/messages_fr3/srv
-- Up-to-date: /home/matteo/franka_ros2_ws/install/messages_fr3/include/messages_fr3/messages_fr3/srv/detail
-- Installing: /home/matteo/franka_ros2_ws/install/messages_fr3/include/messages_fr3/messages_fr3/srv/detail/set_mode__rosidl_typesupport_introspection_cpp.hpp
-- Installing: /home/matteo/franka_ros2_ws/install/messages_fr3/include/messages_fr3/messages_fr3/srv/detail/set_mode__type_support.cpp
-- Installing: /home/matteo/franka_ros2_ws/install/messages_fr3/include/messages_fr3/messages_fr3/srv/detail/set_stiffness__type_support.cpp
-- Installing: /home/matteo/franka_ros2_ws/install/messages_fr3/include/messages_fr3/messages_fr3/srv/detail/controller_activation__type_support.cpp
-- Installing: /home/matteo/franka_ros2_ws/install/messages_fr3/include/messages_fr3/messages_fr3/srv/detail/set_pose__rosidl_typesupport_introspection_cpp.hpp
-- Installing: /home/matteo/franka_ros2_ws/install/messages_fr3/include/messages_fr3/messages_fr3/srv/detail/set_param__type_support.cpp
-- Installing: /home/matteo/franka_ros2_ws/install/messages_fr3/include/messages_fr3/messages_fr3/srv/detail/set_pose__type_support.cpp
-- Installing: /home/matteo/franka_ros2_ws/install/messages_fr3/include/messages_fr3/messages_fr3/srv/detail/planner_service__rosidl_typesupport_introspection_cpp.hpp
-- Installing: /home/matteo/franka_ros2_ws/install/messages_fr3/include/messages_fr3/messages_fr3/srv/detail/set_stiffness__rosidl_typesupport_introspection_cpp.hpp
-- Installing: /home/matteo/franka_ros2_ws/install/messages_fr3/include/messages_fr3/messages_fr3/srv/detail/controller_activation__rosidl_typesupport_introspection_cpp.hpp
-- Installing: /home/matteo/franka_ros2_ws/install/messages_fr3/include/messages_fr3/messages_fr3/srv/detail/planner_service__type_support.cpp
-- Installing: /home/matteo/franka_ros2_ws/install/messages_fr3/include/messages_fr3/messages_fr3/srv/detail/set_param__rosidl_typesupport_introspection_cpp.hpp
-- Installing: /home/matteo/franka_ros2_ws/install/messages_fr3/lib/libmessages_fr3__rosidl_typesupport_introspection_cpp.so
-- Set runtime path of "/home/matteo/franka_ros2_ws/install/messages_fr3/lib/libmessages_fr3__rosidl_typesupport_introspection_cpp.so" to ""
-- Installing: /home/matteo/franka_ros2_ws/install/messages_fr3/lib/libmessages_fr3__rosidl_typesupport_cpp.so
-- Set runtime path of "/home/matteo/franka_ros2_ws/install/messages_fr3/lib/libmessages_fr3__rosidl_typesupport_cpp.so" to ""
-- Installing: /home/matteo/franka_ros2_ws/install/messages_fr3/share/messages_fr3/environment/pythonpath.sh
-- Installing: /home/matteo/franka_ros2_ws/install/messages_fr3/share/messages_fr3/environment/pythonpath.dsv
-- Installing: /home/matteo/franka_ros2_ws/install/messages_fr3/local/lib/python3.10/dist-packages/messages_fr3-0.0.0-py3.10.egg-info
-- Installing: /home/matteo/franka_ros2_ws/install/messages_fr3/local/lib/python3.10/dist-packages/messages_fr3-0.0.0-py3.10.egg-info/PKG-INFO
-- Installing: /home/matteo/franka_ros2_ws/install/messages_fr3/local/lib/python3.10/dist-packages/messages_fr3-0.0.0-py3.10.egg-info/top_level.txt
-- Installing: /home/matteo/franka_ros2_ws/install/messages_fr3/local/lib/python3.10/dist-packages/messages_fr3-0.0.0-py3.10.egg-info/dependency_links.txt
-- Installing: /home/matteo/franka_ros2_ws/install/messages_fr3/local/lib/python3.10/dist-packages/messages_fr3-0.0.0-py3.10.egg-info/SOURCES.txt
-- Installing: /home/matteo/franka_ros2_ws/install/messages_fr3/local/lib/python3.10/dist-packages/messages_fr3
-- Installing: /home/matteo/franka_ros2_ws/install/messages_fr3/local/lib/python3.10/dist-packages/messages_fr3/__init__.py
-- Installing: /home/matteo/franka_ros2_ws/install/messages_fr3/local/lib/python3.10/dist-packages/messages_fr3/msg
-- Installing: /home/matteo/franka_ros2_ws/install/messages_fr3/local/lib/python3.10/dist-packages/messages_fr3/msg/_jacobian_ee.py
-- Installing: /home/matteo/franka_ros2_ws/install/messages_fr3/local/lib/python3.10/dist-packages/messages_fr3/msg/__init__.py
-- Installing: /home/matteo/franka_ros2_ws/install/messages_fr3/local/lib/python3.10/dist-packages/messages_fr3/msg/_pose_direction.py
-- Installing: /home/matteo/franka_ros2_ws/install/messages_fr3/local/lib/python3.10/dist-packages/messages_fr3/msg/_joint_config_s.c
-- Installing: /home/matteo/franka_ros2_ws/install/messages_fr3/local/lib/python3.10/dist-packages/messages_fr3/msg/_pose_direction_s.c
-- Installing: /home/matteo/franka_ros2_ws/install/messages_fr3/local/lib/python3.10/dist-packages/messages_fr3/msg/_joint_config.py
-- Installing: /home/matteo/franka_ros2_ws/install/messages_fr3/local/lib/python3.10/dist-packages/messages_fr3/msg/_jacobian_ee_s.c
-- Installing: /home/matteo/franka_ros2_ws/install/messages_fr3/local/lib/python3.10/dist-packages/messages_fr3/msg/_joint_ee_state_s.c
-- Installing: /home/matteo/franka_ros2_ws/install/messages_fr3/local/lib/python3.10/dist-packages/messages_fr3/msg/_joint_ee_state.py
-- Installing: /home/matteo/franka_ros2_ws/install/messages_fr3/local/lib/python3.10/dist-packages/messages_fr3/messages_fr3_s__rosidl_typesupport_introspection_c.cpython-310-x86_64-linux-gnu.so
-- Installing: /home/matteo/franka_ros2_ws/install/messages_fr3/local/lib/python3.10/dist-packages/messages_fr3/srv
-- Installing: /home/matteo/franka_ros2_ws/install/messages_fr3/local/lib/python3.10/dist-packages/messages_fr3/srv/_set_param.py
-- Installing: /home/matteo/franka_ros2_ws/install/messages_fr3/local/lib/python3.10/dist-packages/messages_fr3/srv/__init__.py
-- Installing: /home/matteo/franka_ros2_ws/install/messages_fr3/local/lib/python3.10/dist-packages/messages_fr3/srv/_planner_service.py
-- Installing: /home/matteo/franka_ros2_ws/install/messages_fr3/local/lib/python3.10/dist-packages/messages_fr3/srv/_planner_service_s.c
-- Installing: /home/matteo/franka_ros2_ws/install/messages_fr3/local/lib/python3.10/dist-packages/messages_fr3/srv/_set_stiffness_s.c
-- Installing: /home/matteo/franka_ros2_ws/install/messages_fr3/local/lib/python3.10/dist-packages/messages_fr3/srv/_set_param_s.c
-- Installing: /home/matteo/franka_ros2_ws/install/messages_fr3/local/lib/python3.10/dist-packages/messages_fr3/srv/_controller_activation.py
-- Installing: /home/matteo/franka_ros2_ws/install/messages_fr3/local/lib/python3.10/dist-packages/messages_fr3/srv/_set_mode.py
-- Installing: /home/matteo/franka_ros2_ws/install/messages_fr3/local/lib/python3.10/dist-packages/messages_fr3/srv/_set_pose_s.c
-- Installing: /home/matteo/franka_ros2_ws/install/messages_fr3/local/lib/python3.10/dist-packages/messages_fr3/srv/_set_stiffness.py
-- Installing: /home/matteo/franka_ros2_ws/install/messages_fr3/local/lib/python3.10/dist-packages/messages_fr3/srv/_controller_activation_s.c
-- Installing: /home/matteo/franka_ros2_ws/install/messages_fr3/local/lib/python3.10/dist-packages/messages_fr3/srv/_set_mode_s.c
-- Installing: /home/matteo/franka_ros2_ws/install/messages_fr3/local/lib/python3.10/dist-packages/messages_fr3/srv/_set_pose.py
-- Installing: /home/matteo/franka_ros2_ws/install/messages_fr3/local/lib/python3.10/dist-packages/messages_fr3/libmessages_fr3__rosidl_generator_py.so
-- Installing: /home/matteo/franka_ros2_ws/install/messages_fr3/local/lib/python3.10/dist-packages/messages_fr3/messages_fr3_s__rosidl_typesupport_c.cpython-310-x86_64-linux-gnu.so
-- Installing: /home/matteo/franka_ros2_ws/install/messages_fr3/local/lib/python3.10/dist-packages/messages_fr3/messages_fr3_s__rosidl_typesupport_fastrtps_c.cpython-310-x86_64-linux-gnu.so
-- Installing: /home/matteo/franka_ros2_ws/install/messages_fr3/local/lib/python3.10/dist-packages/messages_fr3/_messages_fr3_s.ep.rosidl_typesupport_introspection_c.c
-- Installing: /home/matteo/franka_ros2_ws/install/messages_fr3/local/lib/python3.10/dist-packages/messages_fr3/_messages_fr3_s.ep.rosidl_typesupport_c.c
-- Installing: /home/matteo/franka_ros2_ws/install/messages_fr3/local/lib/python3.10/dist-packages/messages_fr3/_messages_fr3_s.ep.rosidl_typesupport_fastrtps_c.c
Listing '/home/matteo/franka_ros2_ws/install/messages_fr3/local/lib/python3.10/dist-packages/messages_fr3'...
Compiling '/home/matteo/franka_ros2_ws/install/messages_fr3/local/lib/python3.10/dist-packages/messages_fr3/__init__.py'...
Listing '/home/matteo/franka_ros2_ws/install/messages_fr3/local/lib/python3.10/dist-packages/messages_fr3/msg'...
Compiling '/home/matteo/franka_ros2_ws/install/messages_fr3/local/lib/python3.10/dist-packages/messages_fr3/msg/__init__.py'...
Compiling '/home/matteo/franka_ros2_ws/install/messages_fr3/local/lib/python3.10/dist-packages/messages_fr3/msg/_jacobian_ee.py'...
Compiling '/home/matteo/franka_ros2_ws/install/messages_fr3/local/lib/python3.10/dist-packages/messages_fr3/msg/_joint_config.py'...
Compiling '/home/matteo/franka_ros2_ws/install/messages_fr3/local/lib/python3.10/dist-packages/messages_fr3/msg/_joint_ee_state.py'...
Compiling '/home/matteo/franka_ros2_ws/install/messages_fr3/local/lib/python3.10/dist-packages/messages_fr3/msg/_pose_direction.py'...
Listing '/home/matteo/franka_ros2_ws/install/messages_fr3/local/lib/python3.10/dist-packages/messages_fr3/srv'...
Compiling '/home/matteo/franka_ros2_ws/install/messages_fr3/local/lib/python3.10/dist-packages/messages_fr3/srv/__init__.py'...
Compiling '/home/matteo/franka_ros2_ws/install/messages_fr3/local/lib/python3.10/dist-packages/messages_fr3/srv/_controller_activation.py'...
Compiling '/home/matteo/franka_ros2_ws/install/messages_fr3/local/lib/python3.10/dist-packages/messages_fr3/srv/_planner_service.py'...
Compiling '/home/matteo/franka_ros2_ws/install/messages_fr3/local/lib/python3.10/dist-packages/messages_fr3/srv/_set_mode.py'...
Compiling '/home/matteo/franka_ros2_ws/install/messages_fr3/local/lib/python3.10/dist-packages/messages_fr3/srv/_set_param.py'...
Compiling '/home/matteo/franka_ros2_ws/install/messages_fr3/local/lib/python3.10/dist-packages/messages_fr3/srv/_set_pose.py'...
Compiling '/home/matteo/franka_ros2_ws/install/messages_fr3/local/lib/python3.10/dist-packages/messages_fr3/srv/_set_stiffness.py'...
-- Installing: /home/matteo/franka_ros2_ws/install/messages_fr3/local/lib/python3.10/dist-packages/messages_fr3/messages_fr3_s__rosidl_typesupport_fastrtps_c.cpython-310-x86_64-linux-gnu.so
-- Set runtime path of "/home/matteo/franka_ros2_ws/install/messages_fr3/local/lib/python3.10/dist-packages/messages_fr3/messages_fr3_s__rosidl_typesupport_fastrtps_c.cpython-310-x86_64-linux-gnu.so" to ""
-- Installing: /home/matteo/franka_ros2_ws/install/messages_fr3/local/lib/python3.10/dist-packages/messages_fr3/messages_fr3_s__rosidl_typesupport_introspection_c.cpython-310-x86_64-linux-gnu.so
-- Set runtime path of "/home/matteo/franka_ros2_ws/install/messages_fr3/local/lib/python3.10/dist-packages/messages_fr3/messages_fr3_s__rosidl_typesupport_introspection_c.cpython-310-x86_64-linux-gnu.so" to ""
-- Installing: /home/matteo/franka_ros2_ws/install/messages_fr3/local/lib/python3.10/dist-packages/messages_fr3/messages_fr3_s__rosidl_typesupport_c.cpython-310-x86_64-linux-gnu.so
-- Set runtime path of "/home/matteo/franka_ros2_ws/install/messages_fr3/local/lib/python3.10/dist-packages/messages_fr3/messages_fr3_s__rosidl_typesupport_c.cpython-310-x86_64-linux-gnu.so" to ""
-- Installing: /home/matteo/franka_ros2_ws/install/messages_fr3/lib/libmessages_fr3__rosidl_generator_py.so
-- Set runtime path of "/home/matteo/franka_ros2_ws/install/messages_fr3/lib/libmessages_fr3__rosidl_generator_py.so" to ""
-- Installing: /home/matteo/franka_ros2_ws/install/messages_fr3/share/messages_fr3/srv/SetPose.idl
-- Installing: /home/matteo/franka_ros2_ws/install/messages_fr3/share/messages_fr3/srv/SetParam.idl
-- Installing: /home/matteo/franka_ros2_ws/install/messages_fr3/share/messages_fr3/srv/SetMode.idl
-- Installing: /home/matteo/franka_ros2_ws/install/messages_fr3/share/messages_fr3/srv/PlannerService.idl
-- Installing: /home/matteo/franka_ros2_ws/install/messages_fr3/share/messages_fr3/srv/SetStiffness.idl
-- Installing: /home/matteo/franka_ros2_ws/install/messages_fr3/share/messages_fr3/srv/ControllerActivation.idl
-- Installing: /home/matteo/franka_ros2_ws/install/messages_fr3/share/messages_fr3/msg/JacobianEE.idl
-- Installing: /home/matteo/franka_ros2_ws/install/messages_fr3/share/messages_fr3/msg/JointEEState.idl
-- Installing: /home/matteo/franka_ros2_ws/install/messages_fr3/share/messages_fr3/msg/PoseDirection.idl
-- Installing: /home/matteo/franka_ros2_ws/install/messages_fr3/share/messages_fr3/msg/JointConfig.idl
-- Installing: /home/matteo/franka_ros2_ws/install/messages_fr3/share/messages_fr3/srv/SetPose.srv
-- Installing: /home/matteo/franka_ros2_ws/install/messages_fr3/share/messages_fr3/srv/SetPose_Request.msg
-- Installing: /home/matteo/franka_ros2_ws/install/messages_fr3/share/messages_fr3/srv/SetPose_Response.msg
-- Installing: /home/matteo/franka_ros2_ws/install/messages_fr3/share/messages_fr3/srv/SetParam.srv
-- Installing: /home/matteo/franka_ros2_ws/install/messages_fr3/share/messages_fr3/srv/SetParam_Request.msg
-- Installing: /home/matteo/franka_ros2_ws/install/messages_fr3/share/messages_fr3/srv/SetParam_Response.msg
-- Installing: /home/matteo/franka_ros2_ws/install/messages_fr3/share/messages_fr3/srv/SetMode.srv
-- Installing: /home/matteo/franka_ros2_ws/install/messages_fr3/share/messages_fr3/srv/SetMode_Request.msg
-- Installing: /home/matteo/franka_ros2_ws/install/messages_fr3/share/messages_fr3/srv/SetMode_Response.msg
-- Installing: /home/matteo/franka_ros2_ws/install/messages_fr3/share/messages_fr3/srv/PlannerService.srv
-- Installing: /home/matteo/franka_ros2_ws/install/messages_fr3/share/messages_fr3/srv/PlannerService_Request.msg
-- Installing: /home/matteo/franka_ros2_ws/install/messages_fr3/share/messages_fr3/srv/PlannerService_Response.msg
-- Installing: /home/matteo/franka_ros2_ws/install/messages_fr3/share/messages_fr3/srv/SetStiffness.srv
-- Installing: /home/matteo/franka_ros2_ws/install/messages_fr3/share/messages_fr3/srv/SetStiffness_Request.msg
-- Installing: /home/matteo/franka_ros2_ws/install/messages_fr3/share/messages_fr3/srv/SetStiffness_Response.msg
-- Installing: /home/matteo/franka_ros2_ws/install/messages_fr3/share/messages_fr3/srv/ControllerActivation.srv
-- Installing: /home/matteo/franka_ros2_ws/install/messages_fr3/share/messages_fr3/srv/ControllerActivation_Request.msg
-- Installing: /home/matteo/franka_ros2_ws/install/messages_fr3/share/messages_fr3/srv/ControllerActivation_Response.msg
-- Installing: /home/matteo/franka_ros2_ws/install/messages_fr3/share/messages_fr3/msg/JacobianEE.msg
-- Installing: /home/matteo/franka_ros2_ws/install/messages_fr3/share/messages_fr3/msg/JointEEState.msg
-- Installing: /home/matteo/franka_ros2_ws/install/messages_fr3/share/messages_fr3/msg/PoseDirection.msg
-- Installing: /home/matteo/franka_ros2_ws/install/messages_fr3/share/messages_fr3/msg/JointConfig.msg
-- Installing: /home/matteo/franka_ros2_ws/install/messages_fr3/share/ament_index/resource_index/package_run_dependencies/messages_fr3
-- Installing: /home/matteo/franka_ros2_ws/install/messages_fr3/share/ament_index/resource_index/parent_prefix_path/messages_fr3
-- Installing: /home/matteo/franka_ros2_ws/install/messages_fr3/share/messages_fr3/environment/ament_prefix_path.sh
-- Installing: /home/matteo/franka_ros2_ws/install/messages_fr3/share/messages_fr3/environment/ament_prefix_path.dsv
-- Installing: /home/matteo/franka_ros2_ws/install/messages_fr3/share/messages_fr3/environment/path.sh
-- Installing: /home/matteo/franka_ros2_ws/install/messages_fr3/share/messages_fr3/environment/path.dsv
-- Installing: /home/matteo/franka_ros2_ws/install/messages_fr3/share/messages_fr3/local_setup.bash
-- Installing: /home/matteo/franka_ros2_ws/install/messages_fr3/share/messages_fr3/local_setup.sh
-- Installing: /home/matteo/franka_ros2_ws/install/messages_fr3/share/messages_fr3/local_setup.zsh
-- Installing: /home/matteo/franka_ros2_ws/install/messages_fr3/share/messages_fr3/local_setup.dsv
-- Installing: /home/matteo/franka_ros2_ws/install/messages_fr3/share/messages_fr3/package.dsv
-- Installing: /home/matteo/franka_ros2_ws/install/messages_fr3/share/ament_index/resource_index/packages/messages_fr3
-- Installing: /home/matteo/franka_ros2_ws/install/messages_fr3/share/messages_fr3/cmake/export_messages_fr3__rosidl_generator_cExport.cmake
-- Installing: /home/matteo/franka_ros2_ws/install/messages_fr3/share/messages_fr3/cmake/export_messages_fr3__rosidl_generator_cExport-release.cmake
-- Installing: /home/matteo/franka_ros2_ws/install/messages_fr3/share/messages_fr3/cmake/export_messages_fr3__rosidl_typesupport_fastrtps_cExport.cmake
-- Installing: /home/matteo/franka_ros2_ws/install/messages_fr3/share/messages_fr3/cmake/export_messages_fr3__rosidl_typesupport_fastrtps_cExport-release.cmake
-- Installing: /home/matteo/franka_ros2_ws/install/messages_fr3/share/messages_fr3/cmake/messages_fr3__rosidl_typesupport_introspection_cExport.cmake
-- Installing: /home/matteo/franka_ros2_ws/install/messages_fr3/share/messages_fr3/cmake/messages_fr3__rosidl_typesupport_introspection_cExport-release.cmake
-- Installing: /home/matteo/franka_ros2_ws/install/messages_fr3/share/messages_fr3/cmake/messages_fr3__rosidl_typesupport_cExport.cmake
-- Installing: /home/matteo/franka_ros2_ws/install/messages_fr3/share/messages_fr3/cmake/messages_fr3__rosidl_typesupport_cExport-release.cmake
-- Installing: /home/matteo/franka_ros2_ws/install/messages_fr3/share/messages_fr3/cmake/export_messages_fr3__rosidl_generator_cppExport.cmake
-- Installing: /home/matteo/franka_ros2_ws/install/messages_fr3/share/messages_fr3/cmake/export_messages_fr3__rosidl_typesupport_fastrtps_cppExport.cmake
-- Installing: /home/matteo/franka_ros2_ws/install/messages_fr3/share/messages_fr3/cmake/export_messages_fr3__rosidl_typesupport_fastrtps_cppExport-release.cmake
-- Installing: /home/matteo/franka_ros2_ws/install/messages_fr3/share/messages_fr3/cmake/messages_fr3__rosidl_typesupport_introspection_cppExport.cmake
-- Installing: /home/matteo/franka_ros2_ws/install/messages_fr3/share/messages_fr3/cmake/messages_fr3__rosidl_typesupport_introspection_cppExport-release.cmake
-- Installing: /home/matteo/franka_ros2_ws/install/messages_fr3/share/messages_fr3/cmake/messages_fr3__rosidl_typesupport_cppExport.cmake
-- Installing: /home/matteo/franka_ros2_ws/install/messages_fr3/share/messages_fr3/cmake/messages_fr3__rosidl_typesupport_cppExport-release.cmake
-- Installing: /home/matteo/franka_ros2_ws/install/messages_fr3/share/messages_fr3/cmake/export_messages_fr3__rosidl_generator_pyExport.cmake
-- Installing: /home/matteo/franka_ros2_ws/install/messages_fr3/share/messages_fr3/cmake/export_messages_fr3__rosidl_generator_pyExport-release.cmake
-- Installing: /home/matteo/franka_ros2_ws/install/messages_fr3/share/messages_fr3/cmake/rosidl_cmake-extras.cmake
-- Installing: /home/matteo/franka_ros2_ws/install/messages_fr3/share/messages_fr3/cmake/ament_cmake_export_dependencies-extras.cmake
-- Installing: /home/matteo/franka_ros2_ws/install/messages_fr3/share/messages_fr3/cmake/ament_cmake_export_include_directories-extras.cmake
-- Installing: /home/matteo/franka_ros2_ws/install/messages_fr3/share/messages_fr3/cmake/ament_cmake_export_libraries-extras.cmake
-- Installing: /home/matteo/franka_ros2_ws/install/messages_fr3/share/messages_fr3/cmake/ament_cmake_export_targets-extras.cmake
-- Installing: /home/matteo/franka_ros2_ws/install/messages_fr3/share/messages_fr3/cmake/rosidl_cmake_export_typesupport_targets-extras.cmake
-- Installing: /home/matteo/franka_ros2_ws/install/messages_fr3/share/messages_fr3/cmake/rosidl_cmake_export_typesupport_libraries-extras.cmake
-- Installing: /home/matteo/franka_ros2_ws/install/messages_fr3/share/messages_fr3/cmake/messages_fr3Config.cmake
-- Installing: /home/matteo/franka_ros2_ws/install/messages_fr3/share/messages_fr3/cmake/messages_fr3Config-version.cmake
-- Installing: /home/matteo/franka_ros2_ws/install/messages_fr3/share/messages_fr3/package.xml
