[0.010s] Invoking command in '/home/matteo/franka_ros2_ws/build/messages_fr3': CMAKE_PREFIX_PATH=${CMAKE_PREFIX_PATH}:/opt/ros/humble /usr/bin/cmake /home/matteo/franka_ros2_ws/src/messages_fr3 -DCMAKE_BUILD_TYPE=Release -DCMAKE_INSTALL_PREFIX=/home/matteo/franka_ros2_ws/install/messages_fr3
[0.052s] -- The C compiler identification is GNU 11.4.0
[0.107s] -- The CXX compiler identification is GNU 11.4.0
[0.114s] -- Detecting C compiler ABI info
[0.162s] -- Detecting C compiler ABI info - done
[0.169s] -- Check for working C compiler: /usr/bin/cc - skipped
[0.170s] -- Detecting C compile features
[0.170s] -- Detecting C compile features - done
[0.173s] -- Detecting CXX compiler ABI info
[0.239s] -- Detecting CXX compiler ABI info - done
[0.244s] -- Check for working CXX compiler: /usr/bin/c++ - skipped
[0.245s] -- Detecting CXX compile features
[0.245s] -- Detecting CXX compile features - done
[0.246s] -- Found ament_cmake: 1.3.11 (/opt/ros/humble/share/ament_cmake/cmake)
[0.361s] -- Found Python3: /usr/bin/python3 (found version "3.10.12") found components: Interpreter 
[0.481s] -- Found rosidl_default_generators: 1.2.0 (/opt/ros/humble/share/rosidl_default_generators/cmake)
[0.484s] -- Using all available rosidl_typesupport_c: rosidl_typesupport_fastrtps_c;rosidl_typesupport_introspection_c
[0.488s] -- Found rosidl_adapter: 3.1.6 (/opt/ros/humble/share/rosidl_adapter/cmake)
[0.514s] -- Using all available rosidl_typesupport_cpp: rosidl_typesupport_fastrtps_cpp;rosidl_typesupport_introspection_cpp
[0.535s] -- Found std_msgs: 4.2.4 (/opt/ros/humble/share/std_msgs/cmake)
[0.849s] -- Found ament_cmake_ros: 0.10.0 (/opt/ros/humble/share/ament_cmake_ros/cmake)
[0.990s] -- Using all available rosidl_typesupport_c: rosidl_typesupport_fastrtps_c;rosidl_typesupport_introspection_c
[1.216s] -- Using all available rosidl_typesupport_cpp: rosidl_typesupport_fastrtps_cpp;rosidl_typesupport_introspection_cpp
[1.233s] -- Found PythonInterp: /usr/bin/python3 (found suitable version "3.10.12", minimum required is "3.6") 
[1.236s] -- Found python_cmake_module: 0.10.0 (/opt/ros/humble/share/python_cmake_module/cmake)
[1.262s] -- Found PythonLibs: /usr/lib/x86_64-linux-gnu/libpython3.10.so (found suitable version "3.10.12", minimum required is "3.5") 
[1.262s] -- Using PYTHON_EXECUTABLE: /usr/bin/python3
[1.262s] -- Using PYTHON_INCLUDE_DIRS: /usr/include/python3.10
[1.262s] -- Using PYTHON_LIBRARIES: /usr/lib/x86_64-linux-gnu/libpython3.10.so
[1.284s] -- Found PythonExtra: .so  
[1.315s] -- Found ament_lint_auto: 0.12.11 (/opt/ros/humble/share/ament_lint_auto/cmake)
[1.329s] -- Added test 'copyright' to check source files copyright and LICENSE
[1.331s] -- Added test 'lint_cmake' to check CMake code style
[1.332s] -- Added test 'xmllint' to check XML markup files
[1.334s] -- Configuring done
[1.356s] -- Generating done
[1.362s] -- Build files have been written to: /home/matteo/franka_ros2_ws/build/messages_fr3
[1.366s] Invoked command in '/home/matteo/franka_ros2_ws/build/messages_fr3' returned '0': CMAKE_PREFIX_PATH=${CMAKE_PREFIX_PATH}:/opt/ros/humble /usr/bin/cmake /home/matteo/franka_ros2_ws/src/messages_fr3 -DCMAKE_BUILD_TYPE=Release -DCMAKE_INSTALL_PREFIX=/home/matteo/franka_ros2_ws/install/messages_fr3
[1.367s] Invoking command in '/home/matteo/franka_ros2_ws/build/messages_fr3': CMAKE_PREFIX_PATH=${CMAKE_PREFIX_PATH}:/opt/ros/humble /usr/bin/cmake --build /home/matteo/franka_ros2_ws/build/messages_fr3 -- -j12 -l12
[1.408s] [  1%] [34m[1mGenerating C code for ROS interfaces[0m
[1.420s] [  1%] [34m[1mGenerating C++ code for ROS interfaces[0m
[1.424s] [  1%] Built target ament_cmake_python_copy_messages_fr3
[1.547s] running egg_info
[1.547s] creating messages_fr3.egg-info
[1.547s] writing messages_fr3.egg-info/PKG-INFO
[1.547s] writing dependency_links to messages_fr3.egg-info/dependency_links.txt
[1.548s] writing top-level names to messages_fr3.egg-info/top_level.txt
[1.548s] writing manifest file 'messages_fr3.egg-info/SOURCES.txt'
[1.549s] reading manifest file 'messages_fr3.egg-info/SOURCES.txt'
[1.549s] writing manifest file 'messages_fr3.egg-info/SOURCES.txt'
[1.567s] [  1%] Built target ament_cmake_python_build_messages_fr3_egg
[1.835s] [  2%] [32mBuilding C object CMakeFiles/messages_fr3__rosidl_generator_c.dir/rosidl_generator_c/messages_fr3/srv/detail/planner_service__functions.c.o[0m
[1.835s] [  3%] [32mBuilding C object CMakeFiles/messages_fr3__rosidl_generator_c.dir/rosidl_generator_c/messages_fr3/srv/detail/set_mode__functions.c.o[0m
[1.835s] [  5%] [32mBuilding C object CMakeFiles/messages_fr3__rosidl_generator_c.dir/rosidl_generator_c/messages_fr3/srv/detail/set_pose__functions.c.o[0m
[1.835s] [  5%] [32mBuilding C object CMakeFiles/messages_fr3__rosidl_generator_c.dir/rosidl_generator_c/messages_fr3/srv/detail/set_param__functions.c.o[0m
[1.836s] [  6%] [32mBuilding C object CMakeFiles/messages_fr3__rosidl_generator_c.dir/rosidl_generator_c/messages_fr3/msg/detail/joint_config__functions.c.o[0m
[1.836s] [  7%] [32mBuilding C object CMakeFiles/messages_fr3__rosidl_generator_c.dir/rosidl_generator_c/messages_fr3/srv/detail/set_stiffness__functions.c.o[0m
[1.836s] [  8%] [32mBuilding C object CMakeFiles/messages_fr3__rosidl_generator_c.dir/rosidl_generator_c/messages_fr3/srv/detail/controller_activation__functions.c.o[0m
[1.839s] [  9%] [32mBuilding C object CMakeFiles/messages_fr3__rosidl_generator_c.dir/rosidl_generator_c/messages_fr3/msg/detail/joint_ee_state__functions.c.o[0m
[1.839s] [ 10%] [32mBuilding C object CMakeFiles/messages_fr3__rosidl_generator_c.dir/rosidl_generator_c/messages_fr3/msg/detail/pose_direction__functions.c.o[0m
[1.839s] [ 11%] [32mBuilding C object CMakeFiles/messages_fr3__rosidl_generator_c.dir/rosidl_generator_c/messages_fr3/msg/detail/jacobian_ee__functions.c.o[0m
[1.960s] [ 12%] [32m[1mLinking C shared library libmessages_fr3__rosidl_generator_c.so[0m
[1.989s] [ 12%] Built target messages_fr3__rosidl_generator_c
[1.999s] [ 15%] [34m[1mGenerating C introspection for ROS interfaces[0m
[1.999s] [ 15%] [34m[1mGenerating C type support dispatch for ROS interfaces[0m
[1.999s] [ 15%] [34m[1mGenerating C type support for eProsima Fast-RTPS[0m
[2.088s] [ 15%] Built target messages_fr3__cpp
[2.095s] [ 16%] [34m[1mGenerating C++ introspection for ROS interfaces[0m
[2.095s] [ 17%] [34m[1mGenerating C++ type support for eProsima Fast-RTPS[0m
[2.097s] [ 18%] [34m[1mGenerating C++ type support dispatch for ROS interfaces[0m
[2.368s] [ 19%] [32mBuilding CXX object CMakeFiles/messages_fr3__rosidl_typesupport_c.dir/rosidl_typesupport_c/messages_fr3/srv/planner_service__type_support.cpp.o[0m
[2.368s] [ 20%] [32mBuilding CXX object CMakeFiles/messages_fr3__rosidl_typesupport_c.dir/rosidl_typesupport_c/messages_fr3/msg/jacobian_ee__type_support.cpp.o[0m
[2.368s] [ 21%] [32mBuilding CXX object CMakeFiles/messages_fr3__rosidl_typesupport_c.dir/rosidl_typesupport_c/messages_fr3/srv/set_pose__type_support.cpp.o[0m
[2.369s] [ 23%] [32mBuilding CXX object CMakeFiles/messages_fr3__rosidl_typesupport_c.dir/rosidl_typesupport_c/messages_fr3/srv/controller_activation__type_support.cpp.o[0m
[2.369s] [ 23%] [32mBuilding CXX object CMakeFiles/messages_fr3__rosidl_typesupport_c.dir/rosidl_typesupport_c/messages_fr3/srv/set_stiffness__type_support.cpp.o[0m
[2.370s] [ 24%] [32mBuilding CXX object CMakeFiles/messages_fr3__rosidl_typesupport_c.dir/rosidl_typesupport_c/messages_fr3/srv/set_mode__type_support.cpp.o[0m
[2.373s] [ 25%] [32mBuilding CXX object CMakeFiles/messages_fr3__rosidl_typesupport_c.dir/rosidl_typesupport_c/messages_fr3/srv/set_param__type_support.cpp.o[0m
[2.399s] [ 25%] [32mBuilding CXX object CMakeFiles/messages_fr3__rosidl_typesupport_c.dir/rosidl_typesupport_c/messages_fr3/msg/pose_direction__type_support.cpp.o[0m
[2.400s] [ 26%] [32mBuilding CXX object CMakeFiles/messages_fr3__rosidl_typesupport_c.dir/rosidl_typesupport_c/messages_fr3/msg/joint_ee_state__type_support.cpp.o[0m
[2.401s] [ 27%] [32mBuilding CXX object CMakeFiles/messages_fr3__rosidl_typesupport_c.dir/rosidl_typesupport_c/messages_fr3/msg/joint_config__type_support.cpp.o[0m
[2.427s] [ 28%] [32m[1mLinking CXX shared library libmessages_fr3__rosidl_typesupport_c.so[0m
[2.432s] [ 29%] [32mBuilding CXX object CMakeFiles/messages_fr3__rosidl_typesupport_cpp.dir/rosidl_typesupport_cpp/messages_fr3/srv/set_pose__type_support.cpp.o[0m
[2.434s] [ 31%] [32mBuilding CXX object CMakeFiles/messages_fr3__rosidl_typesupport_cpp.dir/rosidl_typesupport_cpp/messages_fr3/srv/set_mode__type_support.cpp.o[0m
[2.434s] [ 31%] [32mBuilding CXX object CMakeFiles/messages_fr3__rosidl_typesupport_cpp.dir/rosidl_typesupport_cpp/messages_fr3/srv/set_param__type_support.cpp.o[0m
[2.438s] [ 32%] [32mBuilding CXX object CMakeFiles/messages_fr3__rosidl_typesupport_cpp.dir/rosidl_typesupport_cpp/messages_fr3/srv/planner_service__type_support.cpp.o[0m
[2.444s] [ 33%] [32mBuilding CXX object CMakeFiles/messages_fr3__rosidl_typesupport_cpp.dir/rosidl_typesupport_cpp/messages_fr3/srv/set_stiffness__type_support.cpp.o[0m
[2.447s] [ 34%] [32mBuilding CXX object CMakeFiles/messages_fr3__rosidl_typesupport_cpp.dir/rosidl_typesupport_cpp/messages_fr3/srv/controller_activation__type_support.cpp.o[0m
[2.451s] [ 35%] [32mBuilding CXX object CMakeFiles/messages_fr3__rosidl_typesupport_cpp.dir/rosidl_typesupport_cpp/messages_fr3/msg/jacobian_ee__type_support.cpp.o[0m
[2.475s] [ 35%] Built target messages_fr3__rosidl_typesupport_c
[2.483s] [ 36%] [32mBuilding CXX object CMakeFiles/messages_fr3__rosidl_typesupport_cpp.dir/rosidl_typesupport_cpp/messages_fr3/msg/joint_ee_state__type_support.cpp.o[0m
[2.510s] [ 37%] [32mBuilding CXX object CMakeFiles/messages_fr3__rosidl_typesupport_introspection_cpp.dir/rosidl_typesupport_introspection_cpp/messages_fr3/srv/detail/set_pose__type_support.cpp.o[0m
[2.685s] [ 38%] [32mBuilding CXX object CMakeFiles/messages_fr3__rosidl_typesupport_introspection_cpp.dir/rosidl_typesupport_introspection_cpp/messages_fr3/srv/detail/set_param__type_support.cpp.o[0m
[2.696s] [ 39%] [32mBuilding CXX object CMakeFiles/messages_fr3__rosidl_typesupport_introspection_cpp.dir/rosidl_typesupport_introspection_cpp/messages_fr3/srv/detail/set_mode__type_support.cpp.o[0m
[2.720s] [ 40%] [32mBuilding CXX object CMakeFiles/messages_fr3__rosidl_typesupport_introspection_cpp.dir/rosidl_typesupport_introspection_cpp/messages_fr3/srv/detail/planner_service__type_support.cpp.o[0m
[2.737s] [ 41%] [32mBuilding CXX object CMakeFiles/messages_fr3__rosidl_typesupport_cpp.dir/rosidl_typesupport_cpp/messages_fr3/msg/pose_direction__type_support.cpp.o[0m
[2.770s] [ 42%] [32mBuilding CXX object CMakeFiles/messages_fr3__rosidl_typesupport_introspection_cpp.dir/rosidl_typesupport_introspection_cpp/messages_fr3/srv/detail/set_stiffness__type_support.cpp.o[0m
[2.779s] [ 43%] [32mBuilding C object CMakeFiles/messages_fr3__rosidl_typesupport_introspection_c.dir/rosidl_typesupport_introspection_c/messages_fr3/srv/detail/set_pose__type_support.c.o[0m
[2.783s] [ 44%] [32mBuilding CXX object CMakeFiles/messages_fr3__rosidl_typesupport_introspection_cpp.dir/rosidl_typesupport_introspection_cpp/messages_fr3/srv/detail/controller_activation__type_support.cpp.o[0m
[2.806s] [ 45%] [32mBuilding C object CMakeFiles/messages_fr3__rosidl_typesupport_introspection_c.dir/rosidl_typesupport_introspection_c/messages_fr3/srv/detail/set_param__type_support.c.o[0m
[2.808s] [ 46%] [32mBuilding CXX object CMakeFiles/messages_fr3__rosidl_typesupport_cpp.dir/rosidl_typesupport_cpp/messages_fr3/msg/joint_config__type_support.cpp.o[0m
[2.816s] [ 47%] [32mBuilding CXX object CMakeFiles/messages_fr3__rosidl_typesupport_fastrtps_c.dir/rosidl_typesupport_fastrtps_c/messages_fr3/srv/detail/set_pose__type_support_c.cpp.o[0m
[2.825s] [ 48%] [32mBuilding C object CMakeFiles/messages_fr3__rosidl_typesupport_introspection_c.dir/rosidl_typesupport_introspection_c/messages_fr3/srv/detail/set_mode__type_support.c.o[0m
[2.855s] [ 49%] [32mBuilding CXX object CMakeFiles/messages_fr3__rosidl_typesupport_introspection_cpp.dir/rosidl_typesupport_introspection_cpp/messages_fr3/msg/detail/jacobian_ee__type_support.cpp.o[0m
[2.870s] [ 50%] [32mBuilding C object CMakeFiles/messages_fr3__rosidl_typesupport_introspection_c.dir/rosidl_typesupport_introspection_c/messages_fr3/srv/detail/planner_service__type_support.c.o[0m
[2.920s] [ 51%] [32mBuilding C object CMakeFiles/messages_fr3__rosidl_typesupport_introspection_c.dir/rosidl_typesupport_introspection_c/messages_fr3/srv/detail/set_stiffness__type_support.c.o[0m
[2.937s] [ 52%] [32mBuilding CXX object CMakeFiles/messages_fr3__rosidl_typesupport_fastrtps_cpp.dir/rosidl_typesupport_fastrtps_cpp/messages_fr3/srv/detail/dds_fastrtps/set_pose__type_support.cpp.o[0m
[2.966s] [ 53%] [32mBuilding C object CMakeFiles/messages_fr3__rosidl_typesupport_introspection_c.dir/rosidl_typesupport_introspection_c/messages_fr3/srv/detail/controller_activation__type_support.c.o[0m
[2.996s] [ 54%] [32mBuilding C object CMakeFiles/messages_fr3__rosidl_typesupport_introspection_c.dir/rosidl_typesupport_introspection_c/messages_fr3/msg/detail/jacobian_ee__type_support.c.o[0m
[3.007s] [ 55%] [32mBuilding CXX object CMakeFiles/messages_fr3__rosidl_typesupport_fastrtps_c.dir/rosidl_typesupport_fastrtps_c/messages_fr3/srv/detail/set_param__type_support_c.cpp.o[0m
[3.032s] [ 56%] [32mBuilding CXX object CMakeFiles/messages_fr3__rosidl_typesupport_fastrtps_cpp.dir/rosidl_typesupport_fastrtps_cpp/messages_fr3/srv/detail/dds_fastrtps/set_param__type_support.cpp.o[0m
[3.040s] [ 57%] [32mBuilding CXX object CMakeFiles/messages_fr3__rosidl_typesupport_fastrtps_c.dir/rosidl_typesupport_fastrtps_c/messages_fr3/srv/detail/set_mode__type_support_c.cpp.o[0m
[3.049s] [ 58%] [32mBuilding C object CMakeFiles/messages_fr3__rosidl_typesupport_introspection_c.dir/rosidl_typesupport_introspection_c/messages_fr3/msg/detail/joint_ee_state__type_support.c.o[0m
[3.077s] [ 59%] [32m[1mLinking CXX shared library libmessages_fr3__rosidl_typesupport_cpp.so[0m
[3.083s] [ 60%] [32mBuilding C object CMakeFiles/messages_fr3__rosidl_typesupport_introspection_c.dir/rosidl_typesupport_introspection_c/messages_fr3/msg/detail/pose_direction__type_support.c.o[0m
[3.137s] [ 60%] Built target messages_fr3__rosidl_typesupport_cpp
[3.147s] [ 61%] [32mBuilding C object CMakeFiles/messages_fr3__rosidl_typesupport_introspection_c.dir/rosidl_typesupport_introspection_c/messages_fr3/msg/detail/joint_config__type_support.c.o[0m
[3.157s] [ 61%] [32mBuilding CXX object CMakeFiles/messages_fr3__rosidl_typesupport_fastrtps_cpp.dir/rosidl_typesupport_fastrtps_cpp/messages_fr3/srv/detail/dds_fastrtps/set_mode__type_support.cpp.o[0m
[3.176s] [ 62%] [32mBuilding CXX object CMakeFiles/messages_fr3__rosidl_typesupport_fastrtps_cpp.dir/rosidl_typesupport_fastrtps_cpp/messages_fr3/srv/detail/dds_fastrtps/planner_service__type_support.cpp.o[0m
[3.186s] [ 63%] [32mBuilding CXX object CMakeFiles/messages_fr3__rosidl_typesupport_introspection_cpp.dir/rosidl_typesupport_introspection_cpp/messages_fr3/msg/detail/joint_ee_state__type_support.cpp.o[0m
[3.200s] [ 64%] [32m[1mLinking C shared library libmessages_fr3__rosidl_typesupport_introspection_c.so[0m
[3.219s] [ 65%] [32mBuilding CXX object CMakeFiles/messages_fr3__rosidl_typesupport_fastrtps_c.dir/rosidl_typesupport_fastrtps_c/messages_fr3/srv/detail/planner_service__type_support_c.cpp.o[0m
[3.229s] [ 65%] Built target messages_fr3__rosidl_typesupport_introspection_c
[3.231s] [ 66%] [32mBuilding CXX object CMakeFiles/messages_fr3__rosidl_typesupport_introspection_cpp.dir/rosidl_typesupport_introspection_cpp/messages_fr3/msg/detail/pose_direction__type_support.cpp.o[0m
[3.237s] [ 67%] [32mBuilding CXX object CMakeFiles/messages_fr3__rosidl_typesupport_fastrtps_cpp.dir/rosidl_typesupport_fastrtps_cpp/messages_fr3/srv/detail/dds_fastrtps/set_stiffness__type_support.cpp.o[0m
[3.294s] [ 68%] [32mBuilding CXX object CMakeFiles/messages_fr3__rosidl_typesupport_fastrtps_c.dir/rosidl_typesupport_fastrtps_c/messages_fr3/srv/detail/set_stiffness__type_support_c.cpp.o[0m
[3.329s] [ 69%] [32mBuilding CXX object CMakeFiles/messages_fr3__rosidl_typesupport_fastrtps_cpp.dir/rosidl_typesupport_fastrtps_cpp/messages_fr3/srv/detail/dds_fastrtps/controller_activation__type_support.cpp.o[0m
[3.363s] [ 70%] [32mBuilding CXX object CMakeFiles/messages_fr3__rosidl_typesupport_introspection_cpp.dir/rosidl_typesupport_introspection_cpp/messages_fr3/msg/detail/joint_config__type_support.cpp.o[0m
[3.487s] [ 71%] [32mBuilding CXX object CMakeFiles/messages_fr3__rosidl_typesupport_fastrtps_c.dir/rosidl_typesupport_fastrtps_c/messages_fr3/srv/detail/controller_activation__type_support_c.cpp.o[0m
[3.511s] [ 72%] [32mBuilding CXX object CMakeFiles/messages_fr3__rosidl_typesupport_fastrtps_cpp.dir/rosidl_typesupport_fastrtps_cpp/messages_fr3/msg/detail/dds_fastrtps/jacobian_ee__type_support.cpp.o[0m
[3.524s] [ 73%] [32mBuilding CXX object CMakeFiles/messages_fr3__rosidl_typesupport_fastrtps_c.dir/rosidl_typesupport_fastrtps_c/messages_fr3/msg/detail/jacobian_ee__type_support_c.cpp.o[0m
[3.606s] [ 74%] [32mBuilding CXX object CMakeFiles/messages_fr3__rosidl_typesupport_fastrtps_c.dir/rosidl_typesupport_fastrtps_c/messages_fr3/msg/detail/joint_ee_state__type_support_c.cpp.o[0m
[3.611s] [ 75%] [32mBuilding CXX object CMakeFiles/messages_fr3__rosidl_typesupport_fastrtps_c.dir/rosidl_typesupport_fastrtps_c/messages_fr3/msg/detail/pose_direction__type_support_c.cpp.o[0m
[3.674s] [ 76%] [32mBuilding CXX object CMakeFiles/messages_fr3__rosidl_typesupport_fastrtps_cpp.dir/rosidl_typesupport_fastrtps_cpp/messages_fr3/msg/detail/dds_fastrtps/joint_ee_state__type_support.cpp.o[0m
[3.679s] [ 77%] [32mBuilding CXX object CMakeFiles/messages_fr3__rosidl_typesupport_fastrtps_c.dir/rosidl_typesupport_fastrtps_c/messages_fr3/msg/detail/joint_config__type_support_c.cpp.o[0m
[3.731s] [ 78%] [32mBuilding CXX object CMakeFiles/messages_fr3__rosidl_typesupport_fastrtps_cpp.dir/rosidl_typesupport_fastrtps_cpp/messages_fr3/msg/detail/dds_fastrtps/pose_direction__type_support.cpp.o[0m
[3.735s] [ 79%] [32mBuilding CXX object CMakeFiles/messages_fr3__rosidl_typesupport_fastrtps_cpp.dir/rosidl_typesupport_fastrtps_cpp/messages_fr3/msg/detail/dds_fastrtps/joint_config__type_support.cpp.o[0m
[3.802s] [ 80%] [32m[1mLinking CXX shared library libmessages_fr3__rosidl_typesupport_introspection_cpp.so[0m
[3.880s] [ 80%] Built target messages_fr3__rosidl_typesupport_introspection_cpp
[4.016s] [ 81%] [32m[1mLinking CXX shared library libmessages_fr3__rosidl_typesupport_fastrtps_c.so[0m
[4.073s] [ 81%] Built target messages_fr3__rosidl_typesupport_fastrtps_c
[4.127s] [ 82%] [32m[1mLinking CXX shared library libmessages_fr3__rosidl_typesupport_fastrtps_cpp.so[0m
[4.181s] [ 82%] Built target messages_fr3__rosidl_typesupport_fastrtps_cpp
[4.205s] [ 82%] Built target messages_fr3
[4.232s] [ 83%] [34m[1mGenerating Python code for ROS interfaces[0m
[4.932s] [ 83%] Built target messages_fr3__py
[4.950s] [ 84%] [32mBuilding C object CMakeFiles/messages_fr3__rosidl_generator_py.dir/rosidl_generator_py/messages_fr3/srv/_planner_service_s.c.o[0m
[4.951s] [ 85%] [32mBuilding C object CMakeFiles/messages_fr3__rosidl_generator_py.dir/rosidl_generator_py/messages_fr3/srv/_set_param_s.c.o[0m
[4.955s] [ 86%] [32mBuilding C object CMakeFiles/messages_fr3__rosidl_generator_py.dir/rosidl_generator_py/messages_fr3/srv/_set_pose_s.c.o[0m
[4.955s] [ 87%] [32mBuilding C object CMakeFiles/messages_fr3__rosidl_generator_py.dir/rosidl_generator_py/messages_fr3/srv/_set_mode_s.c.o[0m
[4.956s] [ 88%] [32mBuilding C object CMakeFiles/messages_fr3__rosidl_generator_py.dir/rosidl_generator_py/messages_fr3/srv/_set_stiffness_s.c.o[0m
[4.956s] [ 89%] [32mBuilding C object CMakeFiles/messages_fr3__rosidl_generator_py.dir/rosidl_generator_py/messages_fr3/msg/_joint_config_s.c.o[0m
[4.956s] [ 90%] [32mBuilding C object CMakeFiles/messages_fr3__rosidl_generator_py.dir/rosidl_generator_py/messages_fr3/srv/_controller_activation_s.c.o[0m
[4.956s] [ 91%] [32mBuilding C object CMakeFiles/messages_fr3__rosidl_generator_py.dir/rosidl_generator_py/messages_fr3/msg/_jacobian_ee_s.c.o[0m
[4.956s] [ 92%] [32mBuilding C object CMakeFiles/messages_fr3__rosidl_generator_py.dir/rosidl_generator_py/messages_fr3/msg/_joint_ee_state_s.c.o[0m
[4.957s] [ 93%] [32mBuilding C object CMakeFiles/messages_fr3__rosidl_generator_py.dir/rosidl_generator_py/messages_fr3/msg/_pose_direction_s.c.o[0m
[5.275s] [ 94%] [32m[1mLinking C shared library rosidl_generator_py/messages_fr3/libmessages_fr3__rosidl_generator_py.so[0m
[5.557s] [ 94%] Built target messages_fr3__rosidl_generator_py
[5.699s] [ 95%] [32mBuilding C object CMakeFiles/messages_fr3__rosidl_typesupport_introspection_c__pyext.dir/rosidl_generator_py/messages_fr3/_messages_fr3_s.ep.rosidl_typesupport_introspection_c.c.o[0m
[5.701s] [ 96%] [32mBuilding C object CMakeFiles/messages_fr3__rosidl_typesupport_fastrtps_c__pyext.dir/rosidl_generator_py/messages_fr3/_messages_fr3_s.ep.rosidl_typesupport_fastrtps_c.c.o[0m
[5.710s] [ 97%] [32mBuilding C object CMakeFiles/messages_fr3__rosidl_typesupport_c__pyext.dir/rosidl_generator_py/messages_fr3/_messages_fr3_s.ep.rosidl_typesupport_c.c.o[0m
[6.170s] [ 98%] [32m[1mLinking C shared library rosidl_generator_py/messages_fr3/messages_fr3_s__rosidl_typesupport_fastrtps_c.cpython-310-x86_64-linux-gnu.so[0m
[6.193s] [ 99%] [32m[1mLinking C shared library rosidl_generator_py/messages_fr3/messages_fr3_s__rosidl_typesupport_introspection_c.cpython-310-x86_64-linux-gnu.so[0m
[6.197s] [ 99%] Built target messages_fr3__rosidl_typesupport_fastrtps_c__pyext
[6.220s] [ 99%] Built target messages_fr3__rosidl_typesupport_introspection_c__pyext
[6.241s] [100%] [32m[1mLinking C shared library rosidl_generator_py/messages_fr3/messages_fr3_s__rosidl_typesupport_c.cpython-310-x86_64-linux-gnu.so[0m
[6.271s] [100%] Built target messages_fr3__rosidl_typesupport_c__pyext
[6.287s] Invoked command in '/home/matteo/franka_ros2_ws/build/messages_fr3' returned '0': CMAKE_PREFIX_PATH=${CMAKE_PREFIX_PATH}:/opt/ros/humble /usr/bin/cmake --build /home/matteo/franka_ros2_ws/build/messages_fr3 -- -j12 -l12
[6.289s] Invoking command in '/home/matteo/franka_ros2_ws/build/messages_fr3': CMAKE_PREFIX_PATH=${CMAKE_PREFIX_PATH}:/opt/ros/humble /usr/bin/cmake --install /home/matteo/franka_ros2_ws/build/messages_fr3
[6.298s] -- Install configuration: "Release"
[6.299s] -- Installing: /home/matteo/franka_ros2_ws/install/messages_fr3/share/ament_index/resource_index/rosidl_interfaces/messages_fr3
[6.299s] -- Installing: /home/matteo/franka_ros2_ws/install/messages_fr3/include/messages_fr3/messages_fr3
[6.299s] -- Installing: /home/matteo/franka_ros2_ws/install/messages_fr3/include/messages_fr3/messages_fr3/msg
[6.299s] -- Installing: /home/matteo/franka_ros2_ws/install/messages_fr3/include/messages_fr3/messages_fr3/msg/rosidl_generator_c__visibility_control.h
[6.299s] -- Installing: /home/matteo/franka_ros2_ws/install/messages_fr3/include/messages_fr3/messages_fr3/msg/detail
[6.299s] -- Installing: /home/matteo/franka_ros2_ws/install/messages_fr3/include/messages_fr3/messages_fr3/msg/detail/pose_direction__functions.c
[6.299s] -- Installing: /home/matteo/franka_ros2_ws/install/messages_fr3/include/messages_fr3/messages_fr3/msg/detail/joint_config__functions.h
[6.299s] -- Installing: /home/matteo/franka_ros2_ws/install/messages_fr3/include/messages_fr3/messages_fr3/msg/detail/joint_ee_state__struct.h
[6.300s] -- Installing: /home/matteo/franka_ros2_ws/install/messages_fr3/include/messages_fr3/messages_fr3/msg/detail/jacobian_ee__struct.h
[6.300s] -- Installing: /home/matteo/franka_ros2_ws/install/messages_fr3/include/messages_fr3/messages_fr3/msg/detail/joint_config__struct.h
[6.300s] -- Installing: /home/matteo/franka_ros2_ws/install/messages_fr3/include/messages_fr3/messages_fr3/msg/detail/joint_ee_state__functions.h
[6.300s] -- Installing: /home/matteo/franka_ros2_ws/install/messages_fr3/include/messages_fr3/messages_fr3/msg/detail/pose_direction__struct.h
[6.300s] -- Installing: /home/matteo/franka_ros2_ws/install/messages_fr3/include/messages_fr3/messages_fr3/msg/detail/jacobian_ee__functions.h
[6.300s] -- Installing: /home/matteo/franka_ros2_ws/install/messages_fr3/include/messages_fr3/messages_fr3/msg/detail/pose_direction__functions.h
[6.300s] -- Installing: /home/matteo/franka_ros2_ws/install/messages_fr3/include/messages_fr3/messages_fr3/msg/detail/joint_ee_state__type_support.h
[6.300s] -- Installing: /home/matteo/franka_ros2_ws/install/messages_fr3/include/messages_fr3/messages_fr3/msg/detail/jacobian_ee__functions.c
[6.301s] -- Installing: /home/matteo/franka_ros2_ws/install/messages_fr3/include/messages_fr3/messages_fr3/msg/detail/jacobian_ee__type_support.h
[6.301s] -- Installing: /home/matteo/franka_ros2_ws/install/messages_fr3/include/messages_fr3/messages_fr3/msg/detail/joint_config__functions.c
[6.301s] -- Installing: /home/matteo/franka_ros2_ws/install/messages_fr3/include/messages_fr3/messages_fr3/msg/detail/joint_ee_state__functions.c
[6.301s] -- Installing: /home/matteo/franka_ros2_ws/install/messages_fr3/include/messages_fr3/messages_fr3/msg/detail/joint_config__type_support.h
[6.301s] -- Installing: /home/matteo/franka_ros2_ws/install/messages_fr3/include/messages_fr3/messages_fr3/msg/detail/pose_direction__type_support.h
[6.301s] -- Installing: /home/matteo/franka_ros2_ws/install/messages_fr3/include/messages_fr3/messages_fr3/msg/joint_ee_state.h
[6.301s] -- Installing: /home/matteo/franka_ros2_ws/install/messages_fr3/include/messages_fr3/messages_fr3/msg/jacobian_ee.h
[6.301s] -- Installing: /home/matteo/franka_ros2_ws/install/messages_fr3/include/messages_fr3/messages_fr3/msg/pose_direction.h
[6.302s] -- Installing: /home/matteo/franka_ros2_ws/install/messages_fr3/include/messages_fr3/messages_fr3/msg/joint_config.h
[6.302s] -- Installing: /home/matteo/franka_ros2_ws/install/messages_fr3/include/messages_fr3/messages_fr3/srv
[6.302s] -- Installing: /home/matteo/franka_ros2_ws/install/messages_fr3/include/messages_fr3/messages_fr3/srv/set_pose.h
[6.302s] -- Installing: /home/matteo/franka_ros2_ws/install/messages_fr3/include/messages_fr3/messages_fr3/srv/detail
[6.302s] -- Installing: /home/matteo/franka_ros2_ws/install/messages_fr3/include/messages_fr3/messages_fr3/srv/detail/set_mode__functions.h
[6.302s] -- Installing: /home/matteo/franka_ros2_ws/install/messages_fr3/include/messages_fr3/messages_fr3/srv/detail/set_stiffness__struct.h
[6.302s] -- Installing: /home/matteo/franka_ros2_ws/install/messages_fr3/include/messages_fr3/messages_fr3/srv/detail/set_pose__functions.c
[6.302s] -- Installing: /home/matteo/franka_ros2_ws/install/messages_fr3/include/messages_fr3/messages_fr3/srv/detail/controller_activation__functions.h
[6.302s] -- Installing: /home/matteo/franka_ros2_ws/install/messages_fr3/include/messages_fr3/messages_fr3/srv/detail/set_param__functions.h
[6.303s] -- Installing: /home/matteo/franka_ros2_ws/install/messages_fr3/include/messages_fr3/messages_fr3/srv/detail/set_mode__struct.h
[6.303s] -- Installing: /home/matteo/franka_ros2_ws/install/messages_fr3/include/messages_fr3/messages_fr3/srv/detail/set_param__struct.h
[6.303s] -- Installing: /home/matteo/franka_ros2_ws/install/messages_fr3/include/messages_fr3/messages_fr3/srv/detail/set_param__functions.c
[6.303s] -- Installing: /home/matteo/franka_ros2_ws/install/messages_fr3/include/messages_fr3/messages_fr3/srv/detail/planner_service__functions.h
[6.303s] -- Installing: /home/matteo/franka_ros2_ws/install/messages_fr3/include/messages_fr3/messages_fr3/srv/detail/set_param__type_support.h
[6.303s] -- Installing: /home/matteo/franka_ros2_ws/install/messages_fr3/include/messages_fr3/messages_fr3/srv/detail/set_pose__type_support.h
[6.303s] -- Installing: /home/matteo/franka_ros2_ws/install/messages_fr3/include/messages_fr3/messages_fr3/srv/detail/set_pose__struct.h
[6.303s] -- Installing: /home/matteo/franka_ros2_ws/install/messages_fr3/include/messages_fr3/messages_fr3/srv/detail/controller_activation__functions.c
[6.303s] -- Installing: /home/matteo/franka_ros2_ws/install/messages_fr3/include/messages_fr3/messages_fr3/srv/detail/set_mode__type_support.h
[6.303s] -- Installing: /home/matteo/franka_ros2_ws/install/messages_fr3/include/messages_fr3/messages_fr3/srv/detail/controller_activation__type_support.h
[6.304s] -- Installing: /home/matteo/franka_ros2_ws/install/messages_fr3/include/messages_fr3/messages_fr3/srv/detail/planner_service__functions.c
[6.304s] -- Installing: /home/matteo/franka_ros2_ws/install/messages_fr3/include/messages_fr3/messages_fr3/srv/detail/planner_service__struct.h
[6.304s] -- Installing: /home/matteo/franka_ros2_ws/install/messages_fr3/include/messages_fr3/messages_fr3/srv/detail/planner_service__type_support.h
[6.304s] -- Installing: /home/matteo/franka_ros2_ws/install/messages_fr3/include/messages_fr3/messages_fr3/srv/detail/set_stiffness__type_support.h
[6.304s] -- Installing: /home/matteo/franka_ros2_ws/install/messages_fr3/include/messages_fr3/messages_fr3/srv/detail/set_mode__functions.c
[6.304s] -- Installing: /home/matteo/franka_ros2_ws/install/messages_fr3/include/messages_fr3/messages_fr3/srv/detail/set_pose__functions.h
[6.304s] -- Installing: /home/matteo/franka_ros2_ws/install/messages_fr3/include/messages_fr3/messages_fr3/srv/detail/set_stiffness__functions.h
[6.304s] -- Installing: /home/matteo/franka_ros2_ws/install/messages_fr3/include/messages_fr3/messages_fr3/srv/detail/controller_activation__struct.h
[6.304s] -- Installing: /home/matteo/franka_ros2_ws/install/messages_fr3/include/messages_fr3/messages_fr3/srv/detail/set_stiffness__functions.c
[6.304s] -- Installing: /home/matteo/franka_ros2_ws/install/messages_fr3/include/messages_fr3/messages_fr3/srv/set_param.h
[6.304s] -- Installing: /home/matteo/franka_ros2_ws/install/messages_fr3/include/messages_fr3/messages_fr3/srv/set_stiffness.h
[6.305s] -- Installing: /home/matteo/franka_ros2_ws/install/messages_fr3/include/messages_fr3/messages_fr3/srv/controller_activation.h
[6.305s] -- Installing: /home/matteo/franka_ros2_ws/install/messages_fr3/include/messages_fr3/messages_fr3/srv/planner_service.h
[6.305s] -- Installing: /home/matteo/franka_ros2_ws/install/messages_fr3/include/messages_fr3/messages_fr3/srv/set_mode.h
[6.305s] -- Installing: /home/matteo/franka_ros2_ws/install/messages_fr3/share/messages_fr3/environment/library_path.sh
[6.305s] -- Installing: /home/matteo/franka_ros2_ws/install/messages_fr3/share/messages_fr3/environment/library_path.dsv
[6.305s] -- Installing: /home/matteo/franka_ros2_ws/install/messages_fr3/lib/libmessages_fr3__rosidl_generator_c.so
[6.305s] -- Set runtime path of "/home/matteo/franka_ros2_ws/install/messages_fr3/lib/libmessages_fr3__rosidl_generator_c.so" to ""
[6.305s] -- Up-to-date: /home/matteo/franka_ros2_ws/install/messages_fr3/include/messages_fr3/messages_fr3
[6.305s] -- Up-to-date: /home/matteo/franka_ros2_ws/install/messages_fr3/include/messages_fr3/messages_fr3/msg
[6.305s] -- Up-to-date: /home/matteo/franka_ros2_ws/install/messages_fr3/include/messages_fr3/messages_fr3/msg/detail
[6.305s] -- Installing: /home/matteo/franka_ros2_ws/install/messages_fr3/include/messages_fr3/messages_fr3/msg/detail/joint_config__rosidl_typesupport_fastrtps_c.h
[6.305s] -- Installing: /home/matteo/franka_ros2_ws/install/messages_fr3/include/messages_fr3/messages_fr3/msg/detail/joint_ee_state__rosidl_typesupport_fastrtps_c.h
[6.305s] -- Installing: /home/matteo/franka_ros2_ws/install/messages_fr3/include/messages_fr3/messages_fr3/msg/detail/pose_direction__rosidl_typesupport_fastrtps_c.h
[6.305s] -- Installing: /home/matteo/franka_ros2_ws/install/messages_fr3/include/messages_fr3/messages_fr3/msg/detail/jacobian_ee__rosidl_typesupport_fastrtps_c.h
[6.306s] -- Installing: /home/matteo/franka_ros2_ws/install/messages_fr3/include/messages_fr3/messages_fr3/msg/rosidl_typesupport_fastrtps_c__visibility_control.h
[6.306s] -- Up-to-date: /home/matteo/franka_ros2_ws/install/messages_fr3/include/messages_fr3/messages_fr3/srv
[6.306s] -- Up-to-date: /home/matteo/franka_ros2_ws/install/messages_fr3/include/messages_fr3/messages_fr3/srv/detail
[6.306s] -- Installing: /home/matteo/franka_ros2_ws/install/messages_fr3/include/messages_fr3/messages_fr3/srv/detail/set_pose__rosidl_typesupport_fastrtps_c.h
[6.306s] -- Installing: /home/matteo/franka_ros2_ws/install/messages_fr3/include/messages_fr3/messages_fr3/srv/detail/set_mode__rosidl_typesupport_fastrtps_c.h
[6.306s] -- Installing: /home/matteo/franka_ros2_ws/install/messages_fr3/include/messages_fr3/messages_fr3/srv/detail/planner_service__rosidl_typesupport_fastrtps_c.h
[6.306s] -- Installing: /home/matteo/franka_ros2_ws/install/messages_fr3/include/messages_fr3/messages_fr3/srv/detail/controller_activation__rosidl_typesupport_fastrtps_c.h
[6.306s] -- Installing: /home/matteo/franka_ros2_ws/install/messages_fr3/include/messages_fr3/messages_fr3/srv/detail/set_stiffness__rosidl_typesupport_fastrtps_c.h
[6.306s] -- Installing: /home/matteo/franka_ros2_ws/install/messages_fr3/include/messages_fr3/messages_fr3/srv/detail/set_param__rosidl_typesupport_fastrtps_c.h
[6.306s] -- Installing: /home/matteo/franka_ros2_ws/install/messages_fr3/lib/libmessages_fr3__rosidl_typesupport_fastrtps_c.so
[6.306s] -- Set runtime path of "/home/matteo/franka_ros2_ws/install/messages_fr3/lib/libmessages_fr3__rosidl_typesupport_fastrtps_c.so" to ""
[6.306s] -- Up-to-date: /home/matteo/franka_ros2_ws/install/messages_fr3/include/messages_fr3/messages_fr3
[6.307s] -- Up-to-date: /home/matteo/franka_ros2_ws/install/messages_fr3/include/messages_fr3/messages_fr3/msg
[6.307s] -- Up-to-date: /home/matteo/franka_ros2_ws/install/messages_fr3/include/messages_fr3/messages_fr3/msg/detail
[6.307s] -- Installing: /home/matteo/franka_ros2_ws/install/messages_fr3/include/messages_fr3/messages_fr3/msg/detail/jacobian_ee__type_support.c
[6.307s] -- Installing: /home/matteo/franka_ros2_ws/install/messages_fr3/include/messages_fr3/messages_fr3/msg/detail/jacobian_ee__rosidl_typesupport_introspection_c.h
[6.307s] -- Installing: /home/matteo/franka_ros2_ws/install/messages_fr3/include/messages_fr3/messages_fr3/msg/detail/joint_config__rosidl_typesupport_introspection_c.h
[6.307s] -- Installing: /home/matteo/franka_ros2_ws/install/messages_fr3/include/messages_fr3/messages_fr3/msg/detail/joint_config__type_support.c
[6.307s] -- Installing: /home/matteo/franka_ros2_ws/install/messages_fr3/include/messages_fr3/messages_fr3/msg/detail/joint_ee_state__rosidl_typesupport_introspection_c.h
[6.307s] -- Installing: /home/matteo/franka_ros2_ws/install/messages_fr3/include/messages_fr3/messages_fr3/msg/detail/pose_direction__rosidl_typesupport_introspection_c.h
[6.307s] -- Installing: /home/matteo/franka_ros2_ws/install/messages_fr3/include/messages_fr3/messages_fr3/msg/detail/joint_ee_state__type_support.c
[6.307s] -- Installing: /home/matteo/franka_ros2_ws/install/messages_fr3/include/messages_fr3/messages_fr3/msg/detail/pose_direction__type_support.c
[6.307s] -- Installing: /home/matteo/franka_ros2_ws/install/messages_fr3/include/messages_fr3/messages_fr3/msg/rosidl_typesupport_introspection_c__visibility_control.h
[6.307s] -- Up-to-date: /home/matteo/franka_ros2_ws/install/messages_fr3/include/messages_fr3/messages_fr3/srv
[6.307s] -- Up-to-date: /home/matteo/franka_ros2_ws/install/messages_fr3/include/messages_fr3/messages_fr3/srv/detail
[6.307s] -- Installing: /home/matteo/franka_ros2_ws/install/messages_fr3/include/messages_fr3/messages_fr3/srv/detail/planner_service__type_support.c
[6.307s] -- Installing: /home/matteo/franka_ros2_ws/install/messages_fr3/include/messages_fr3/messages_fr3/srv/detail/set_pose__rosidl_typesupport_introspection_c.h
[6.307s] -- Installing: /home/matteo/franka_ros2_ws/install/messages_fr3/include/messages_fr3/messages_fr3/srv/detail/set_pose__type_support.c
[6.308s] -- Installing: /home/matteo/franka_ros2_ws/install/messages_fr3/include/messages_fr3/messages_fr3/srv/detail/set_mode__type_support.c
[6.308s] -- Installing: /home/matteo/franka_ros2_ws/install/messages_fr3/include/messages_fr3/messages_fr3/srv/detail/set_stiffness__type_support.c
[6.308s] -- Installing: /home/matteo/franka_ros2_ws/install/messages_fr3/include/messages_fr3/messages_fr3/srv/detail/set_param__type_support.c
[6.308s] -- Installing: /home/matteo/franka_ros2_ws/install/messages_fr3/include/messages_fr3/messages_fr3/srv/detail/controller_activation__rosidl_typesupport_introspection_c.h
[6.308s] -- Installing: /home/matteo/franka_ros2_ws/install/messages_fr3/include/messages_fr3/messages_fr3/srv/detail/set_stiffness__rosidl_typesupport_introspection_c.h
[6.308s] -- Installing: /home/matteo/franka_ros2_ws/install/messages_fr3/include/messages_fr3/messages_fr3/srv/detail/set_mode__rosidl_typesupport_introspection_c.h
[6.308s] -- Installing: /home/matteo/franka_ros2_ws/install/messages_fr3/include/messages_fr3/messages_fr3/srv/detail/planner_service__rosidl_typesupport_introspection_c.h
[6.308s] -- Installing: /home/matteo/franka_ros2_ws/install/messages_fr3/include/messages_fr3/messages_fr3/srv/detail/set_param__rosidl_typesupport_introspection_c.h
[6.308s] -- Installing: /home/matteo/franka_ros2_ws/install/messages_fr3/include/messages_fr3/messages_fr3/srv/detail/controller_activation__type_support.c
[6.308s] -- Installing: /home/matteo/franka_ros2_ws/install/messages_fr3/lib/libmessages_fr3__rosidl_typesupport_introspection_c.so
[6.308s] -- Set runtime path of "/home/matteo/franka_ros2_ws/install/messages_fr3/lib/libmessages_fr3__rosidl_typesupport_introspection_c.so" to ""
[6.308s] -- Installing: /home/matteo/franka_ros2_ws/install/messages_fr3/lib/libmessages_fr3__rosidl_typesupport_c.so
[6.308s] -- Set runtime path of "/home/matteo/franka_ros2_ws/install/messages_fr3/lib/libmessages_fr3__rosidl_typesupport_c.so" to ""
[6.308s] -- Up-to-date: /home/matteo/franka_ros2_ws/install/messages_fr3/include/messages_fr3/messages_fr3
[6.308s] -- Up-to-date: /home/matteo/franka_ros2_ws/install/messages_fr3/include/messages_fr3/messages_fr3/msg
[6.308s] -- Up-to-date: /home/matteo/franka_ros2_ws/install/messages_fr3/include/messages_fr3/messages_fr3/msg/detail
[6.309s] -- Installing: /home/matteo/franka_ros2_ws/install/messages_fr3/include/messages_fr3/messages_fr3/msg/detail/jacobian_ee__builder.hpp
[6.309s] -- Installing: /home/matteo/franka_ros2_ws/install/messages_fr3/include/messages_fr3/messages_fr3/msg/detail/pose_direction__traits.hpp
[6.309s] -- Installing: /home/matteo/franka_ros2_ws/install/messages_fr3/include/messages_fr3/messages_fr3/msg/detail/jacobian_ee__struct.hpp
[6.309s] -- Installing: /home/matteo/franka_ros2_ws/install/messages_fr3/include/messages_fr3/messages_fr3/msg/detail/pose_direction__builder.hpp
[6.309s] -- Installing: /home/matteo/franka_ros2_ws/install/messages_fr3/include/messages_fr3/messages_fr3/msg/detail/joint_config__struct.hpp
[6.309s] -- Installing: /home/matteo/franka_ros2_ws/install/messages_fr3/include/messages_fr3/messages_fr3/msg/detail/joint_ee_state__builder.hpp
[6.309s] -- Installing: /home/matteo/franka_ros2_ws/install/messages_fr3/include/messages_fr3/messages_fr3/msg/detail/joint_config__builder.hpp
[6.309s] -- Installing: /home/matteo/franka_ros2_ws/install/messages_fr3/include/messages_fr3/messages_fr3/msg/detail/joint_config__traits.hpp
[6.309s] -- Installing: /home/matteo/franka_ros2_ws/install/messages_fr3/include/messages_fr3/messages_fr3/msg/detail/joint_ee_state__type_support.hpp
[6.309s] -- Installing: /home/matteo/franka_ros2_ws/install/messages_fr3/include/messages_fr3/messages_fr3/msg/detail/pose_direction__struct.hpp
[6.309s] -- Installing: /home/matteo/franka_ros2_ws/install/messages_fr3/include/messages_fr3/messages_fr3/msg/detail/joint_ee_state__traits.hpp
[6.309s] -- Installing: /home/matteo/franka_ros2_ws/install/messages_fr3/include/messages_fr3/messages_fr3/msg/detail/jacobian_ee__traits.hpp
[6.309s] -- Installing: /home/matteo/franka_ros2_ws/install/messages_fr3/include/messages_fr3/messages_fr3/msg/detail/joint_config__type_support.hpp
[6.309s] -- Installing: /home/matteo/franka_ros2_ws/install/messages_fr3/include/messages_fr3/messages_fr3/msg/detail/jacobian_ee__type_support.hpp
[6.309s] -- Installing: /home/matteo/franka_ros2_ws/install/messages_fr3/include/messages_fr3/messages_fr3/msg/detail/pose_direction__type_support.hpp
[6.309s] -- Installing: /home/matteo/franka_ros2_ws/install/messages_fr3/include/messages_fr3/messages_fr3/msg/detail/joint_ee_state__struct.hpp
[6.310s] -- Installing: /home/matteo/franka_ros2_ws/install/messages_fr3/include/messages_fr3/messages_fr3/msg/joint_config.hpp
[6.310s] -- Installing: /home/matteo/franka_ros2_ws/install/messages_fr3/include/messages_fr3/messages_fr3/msg/pose_direction.hpp
[6.310s] -- Installing: /home/matteo/franka_ros2_ws/install/messages_fr3/include/messages_fr3/messages_fr3/msg/joint_ee_state.hpp
[6.310s] -- Installing: /home/matteo/franka_ros2_ws/install/messages_fr3/include/messages_fr3/messages_fr3/msg/jacobian_ee.hpp
[6.310s] -- Installing: /home/matteo/franka_ros2_ws/install/messages_fr3/include/messages_fr3/messages_fr3/msg/rosidl_generator_cpp__visibility_control.hpp
[6.310s] -- Up-to-date: /home/matteo/franka_ros2_ws/install/messages_fr3/include/messages_fr3/messages_fr3/srv
[6.310s] -- Installing: /home/matteo/franka_ros2_ws/install/messages_fr3/include/messages_fr3/messages_fr3/srv/set_pose.hpp
[6.310s] -- Installing: /home/matteo/franka_ros2_ws/install/messages_fr3/include/messages_fr3/messages_fr3/srv/planner_service.hpp
[6.310s] -- Installing: /home/matteo/franka_ros2_ws/install/messages_fr3/include/messages_fr3/messages_fr3/srv/set_mode.hpp
[6.310s] -- Up-to-date: /home/matteo/franka_ros2_ws/install/messages_fr3/include/messages_fr3/messages_fr3/srv/detail
[6.310s] -- Installing: /home/matteo/franka_ros2_ws/install/messages_fr3/include/messages_fr3/messages_fr3/srv/detail/controller_activation__type_support.hpp
[6.310s] -- Installing: /home/matteo/franka_ros2_ws/install/messages_fr3/include/messages_fr3/messages_fr3/srv/detail/set_stiffness__struct.hpp
[6.310s] -- Installing: /home/matteo/franka_ros2_ws/install/messages_fr3/include/messages_fr3/messages_fr3/srv/detail/set_param__struct.hpp
[6.310s] -- Installing: /home/matteo/franka_ros2_ws/install/messages_fr3/include/messages_fr3/messages_fr3/srv/detail/set_pose__builder.hpp
[6.310s] -- Installing: /home/matteo/franka_ros2_ws/install/messages_fr3/include/messages_fr3/messages_fr3/srv/detail/set_pose__struct.hpp
[6.310s] -- Installing: /home/matteo/franka_ros2_ws/install/messages_fr3/include/messages_fr3/messages_fr3/srv/detail/set_param__traits.hpp
[6.310s] -- Installing: /home/matteo/franka_ros2_ws/install/messages_fr3/include/messages_fr3/messages_fr3/srv/detail/set_mode__struct.hpp
[6.311s] -- Installing: /home/matteo/franka_ros2_ws/install/messages_fr3/include/messages_fr3/messages_fr3/srv/detail/planner_service__traits.hpp
[6.311s] -- Installing: /home/matteo/franka_ros2_ws/install/messages_fr3/include/messages_fr3/messages_fr3/srv/detail/set_pose__type_support.hpp
[6.311s] -- Installing: /home/matteo/franka_ros2_ws/install/messages_fr3/include/messages_fr3/messages_fr3/srv/detail/set_mode__type_support.hpp
[6.311s] -- Installing: /home/matteo/franka_ros2_ws/install/messages_fr3/include/messages_fr3/messages_fr3/srv/detail/set_stiffness__type_support.hpp
[6.311s] -- Installing: /home/matteo/franka_ros2_ws/install/messages_fr3/include/messages_fr3/messages_fr3/srv/detail/controller_activation__builder.hpp
[6.311s] -- Installing: /home/matteo/franka_ros2_ws/install/messages_fr3/include/messages_fr3/messages_fr3/srv/detail/planner_service__type_support.hpp
[6.311s] -- Installing: /home/matteo/franka_ros2_ws/install/messages_fr3/include/messages_fr3/messages_fr3/srv/detail/planner_service__builder.hpp
[6.311s] -- Installing: /home/matteo/franka_ros2_ws/install/messages_fr3/include/messages_fr3/messages_fr3/srv/detail/set_mode__traits.hpp
[6.311s] -- Installing: /home/matteo/franka_ros2_ws/install/messages_fr3/include/messages_fr3/messages_fr3/srv/detail/controller_activation__struct.hpp
[6.311s] -- Installing: /home/matteo/franka_ros2_ws/install/messages_fr3/include/messages_fr3/messages_fr3/srv/detail/set_pose__traits.hpp
[6.311s] -- Installing: /home/matteo/franka_ros2_ws/install/messages_fr3/include/messages_fr3/messages_fr3/srv/detail/set_param__builder.hpp
[6.311s] -- Installing: /home/matteo/franka_ros2_ws/install/messages_fr3/include/messages_fr3/messages_fr3/srv/detail/planner_service__struct.hpp
[6.311s] -- Installing: /home/matteo/franka_ros2_ws/install/messages_fr3/include/messages_fr3/messages_fr3/srv/detail/controller_activation__traits.hpp
[6.311s] -- Installing: /home/matteo/franka_ros2_ws/install/messages_fr3/include/messages_fr3/messages_fr3/srv/detail/set_stiffness__traits.hpp
[6.311s] -- Installing: /home/matteo/franka_ros2_ws/install/messages_fr3/include/messages_fr3/messages_fr3/srv/detail/set_mode__builder.hpp
[6.311s] -- Installing: /home/matteo/franka_ros2_ws/install/messages_fr3/include/messages_fr3/messages_fr3/srv/detail/set_param__type_support.hpp
[6.311s] -- Installing: /home/matteo/franka_ros2_ws/install/messages_fr3/include/messages_fr3/messages_fr3/srv/detail/set_stiffness__builder.hpp
[6.311s] -- Installing: /home/matteo/franka_ros2_ws/install/messages_fr3/include/messages_fr3/messages_fr3/srv/controller_activation.hpp
[6.312s] -- Installing: /home/matteo/franka_ros2_ws/install/messages_fr3/include/messages_fr3/messages_fr3/srv/set_stiffness.hpp
[6.312s] -- Installing: /home/matteo/franka_ros2_ws/install/messages_fr3/include/messages_fr3/messages_fr3/srv/set_param.hpp
[6.312s] -- Up-to-date: /home/matteo/franka_ros2_ws/install/messages_fr3/include/messages_fr3/messages_fr3
[6.312s] -- Up-to-date: /home/matteo/franka_ros2_ws/install/messages_fr3/include/messages_fr3/messages_fr3/msg
[6.312s] -- Up-to-date: /home/matteo/franka_ros2_ws/install/messages_fr3/include/messages_fr3/messages_fr3/msg/detail
[6.312s] -- Installing: /home/matteo/franka_ros2_ws/install/messages_fr3/include/messages_fr3/messages_fr3/msg/detail/joint_config__rosidl_typesupport_fastrtps_cpp.hpp
[6.312s] -- Installing: /home/matteo/franka_ros2_ws/install/messages_fr3/include/messages_fr3/messages_fr3/msg/detail/joint_ee_state__rosidl_typesupport_fastrtps_cpp.hpp
[6.312s] -- Installing: /home/matteo/franka_ros2_ws/install/messages_fr3/include/messages_fr3/messages_fr3/msg/detail/dds_fastrtps
[6.312s] -- Installing: /home/matteo/franka_ros2_ws/install/messages_fr3/include/messages_fr3/messages_fr3/msg/detail/jacobian_ee__rosidl_typesupport_fastrtps_cpp.hpp
[6.312s] -- Installing: /home/matteo/franka_ros2_ws/install/messages_fr3/include/messages_fr3/messages_fr3/msg/detail/pose_direction__rosidl_typesupport_fastrtps_cpp.hpp
[6.312s] -- Installing: /home/matteo/franka_ros2_ws/install/messages_fr3/include/messages_fr3/messages_fr3/msg/rosidl_typesupport_fastrtps_cpp__visibility_control.h
[6.312s] -- Up-to-date: /home/matteo/franka_ros2_ws/install/messages_fr3/include/messages_fr3/messages_fr3/srv
[6.312s] -- Up-to-date: /home/matteo/franka_ros2_ws/install/messages_fr3/include/messages_fr3/messages_fr3/srv/detail
[6.312s] -- Installing: /home/matteo/franka_ros2_ws/install/messages_fr3/include/messages_fr3/messages_fr3/srv/detail/controller_activation__rosidl_typesupport_fastrtps_cpp.hpp
[6.312s] -- Installing: /home/matteo/franka_ros2_ws/install/messages_fr3/include/messages_fr3/messages_fr3/srv/detail/set_stiffness__rosidl_typesupport_fastrtps_cpp.hpp
[6.312s] -- Installing: /home/matteo/franka_ros2_ws/install/messages_fr3/include/messages_fr3/messages_fr3/srv/detail/dds_fastrtps
[6.312s] -- Installing: /home/matteo/franka_ros2_ws/install/messages_fr3/include/messages_fr3/messages_fr3/srv/detail/set_mode__rosidl_typesupport_fastrtps_cpp.hpp
[6.312s] -- Installing: /home/matteo/franka_ros2_ws/install/messages_fr3/include/messages_fr3/messages_fr3/srv/detail/planner_service__rosidl_typesupport_fastrtps_cpp.hpp
[6.312s] -- Installing: /home/matteo/franka_ros2_ws/install/messages_fr3/include/messages_fr3/messages_fr3/srv/detail/set_pose__rosidl_typesupport_fastrtps_cpp.hpp
[6.313s] -- Installing: /home/matteo/franka_ros2_ws/install/messages_fr3/include/messages_fr3/messages_fr3/srv/detail/set_param__rosidl_typesupport_fastrtps_cpp.hpp
[6.313s] -- Installing: /home/matteo/franka_ros2_ws/install/messages_fr3/lib/libmessages_fr3__rosidl_typesupport_fastrtps_cpp.so
[6.313s] -- Set runtime path of "/home/matteo/franka_ros2_ws/install/messages_fr3/lib/libmessages_fr3__rosidl_typesupport_fastrtps_cpp.so" to ""
[6.313s] -- Up-to-date: /home/matteo/franka_ros2_ws/install/messages_fr3/include/messages_fr3/messages_fr3
[6.313s] -- Up-to-date: /home/matteo/franka_ros2_ws/install/messages_fr3/include/messages_fr3/messages_fr3/msg
[6.313s] -- Up-to-date: /home/matteo/franka_ros2_ws/install/messages_fr3/include/messages_fr3/messages_fr3/msg/detail
[6.313s] -- Installing: /home/matteo/franka_ros2_ws/install/messages_fr3/include/messages_fr3/messages_fr3/msg/detail/joint_config__type_support.cpp
[6.313s] -- Installing: /home/matteo/franka_ros2_ws/install/messages_fr3/include/messages_fr3/messages_fr3/msg/detail/jacobian_ee__rosidl_typesupport_introspection_cpp.hpp
[6.313s] -- Installing: /home/matteo/franka_ros2_ws/install/messages_fr3/include/messages_fr3/messages_fr3/msg/detail/joint_config__rosidl_typesupport_introspection_cpp.hpp
[6.313s] -- Installing: /home/matteo/franka_ros2_ws/install/messages_fr3/include/messages_fr3/messages_fr3/msg/detail/joint_ee_state__type_support.cpp
[6.313s] -- Installing: /home/matteo/franka_ros2_ws/install/messages_fr3/include/messages_fr3/messages_fr3/msg/detail/jacobian_ee__type_support.cpp
[6.313s] -- Installing: /home/matteo/franka_ros2_ws/install/messages_fr3/include/messages_fr3/messages_fr3/msg/detail/pose_direction__rosidl_typesupport_introspection_cpp.hpp
[6.313s] -- Installing: /home/matteo/franka_ros2_ws/install/messages_fr3/include/messages_fr3/messages_fr3/msg/detail/joint_ee_state__rosidl_typesupport_introspection_cpp.hpp
[6.313s] -- Installing: /home/matteo/franka_ros2_ws/install/messages_fr3/include/messages_fr3/messages_fr3/msg/detail/pose_direction__type_support.cpp
[6.313s] -- Up-to-date: /home/matteo/franka_ros2_ws/install/messages_fr3/include/messages_fr3/messages_fr3/srv
[6.313s] -- Up-to-date: /home/matteo/franka_ros2_ws/install/messages_fr3/include/messages_fr3/messages_fr3/srv/detail
[6.313s] -- Installing: /home/matteo/franka_ros2_ws/install/messages_fr3/include/messages_fr3/messages_fr3/srv/detail/set_mode__rosidl_typesupport_introspection_cpp.hpp
[6.313s] -- Installing: /home/matteo/franka_ros2_ws/install/messages_fr3/include/messages_fr3/messages_fr3/srv/detail/set_mode__type_support.cpp
[6.313s] -- Installing: /home/matteo/franka_ros2_ws/install/messages_fr3/include/messages_fr3/messages_fr3/srv/detail/set_stiffness__type_support.cpp
[6.314s] -- Installing: /home/matteo/franka_ros2_ws/install/messages_fr3/include/messages_fr3/messages_fr3/srv/detail/controller_activation__type_support.cpp
[6.314s] -- Installing: /home/matteo/franka_ros2_ws/install/messages_fr3/include/messages_fr3/messages_fr3/srv/detail/set_pose__rosidl_typesupport_introspection_cpp.hpp
[6.314s] -- Installing: /home/matteo/franka_ros2_ws/install/messages_fr3/include/messages_fr3/messages_fr3/srv/detail/set_param__type_support.cpp
[6.314s] -- Installing: /home/matteo/franka_ros2_ws/install/messages_fr3/include/messages_fr3/messages_fr3/srv/detail/set_pose__type_support.cpp
[6.314s] -- Installing: /home/matteo/franka_ros2_ws/install/messages_fr3/include/messages_fr3/messages_fr3/srv/detail/planner_service__rosidl_typesupport_introspection_cpp.hpp
[6.314s] -- Installing: /home/matteo/franka_ros2_ws/install/messages_fr3/include/messages_fr3/messages_fr3/srv/detail/set_stiffness__rosidl_typesupport_introspection_cpp.hpp
[6.314s] -- Installing: /home/matteo/franka_ros2_ws/install/messages_fr3/include/messages_fr3/messages_fr3/srv/detail/controller_activation__rosidl_typesupport_introspection_cpp.hpp
[6.314s] -- Installing: /home/matteo/franka_ros2_ws/install/messages_fr3/include/messages_fr3/messages_fr3/srv/detail/planner_service__type_support.cpp
[6.314s] -- Installing: /home/matteo/franka_ros2_ws/install/messages_fr3/include/messages_fr3/messages_fr3/srv/detail/set_param__rosidl_typesupport_introspection_cpp.hpp
[6.314s] -- Installing: /home/matteo/franka_ros2_ws/install/messages_fr3/lib/libmessages_fr3__rosidl_typesupport_introspection_cpp.so
[6.314s] -- Set runtime path of "/home/matteo/franka_ros2_ws/install/messages_fr3/lib/libmessages_fr3__rosidl_typesupport_introspection_cpp.so" to ""
[6.314s] -- Installing: /home/matteo/franka_ros2_ws/install/messages_fr3/lib/libmessages_fr3__rosidl_typesupport_cpp.so
[6.314s] -- Set runtime path of "/home/matteo/franka_ros2_ws/install/messages_fr3/lib/libmessages_fr3__rosidl_typesupport_cpp.so" to ""
[6.314s] -- Installing: /home/matteo/franka_ros2_ws/install/messages_fr3/share/messages_fr3/environment/pythonpath.sh
[6.314s] -- Installing: /home/matteo/franka_ros2_ws/install/messages_fr3/share/messages_fr3/environment/pythonpath.dsv
[6.314s] -- Installing: /home/matteo/franka_ros2_ws/install/messages_fr3/local/lib/python3.10/dist-packages/messages_fr3-0.0.0-py3.10.egg-info
[6.314s] -- Installing: /home/matteo/franka_ros2_ws/install/messages_fr3/local/lib/python3.10/dist-packages/messages_fr3-0.0.0-py3.10.egg-info/PKG-INFO
[6.314s] -- Installing: /home/matteo/franka_ros2_ws/install/messages_fr3/local/lib/python3.10/dist-packages/messages_fr3-0.0.0-py3.10.egg-info/top_level.txt
[6.314s] -- Installing: /home/matteo/franka_ros2_ws/install/messages_fr3/local/lib/python3.10/dist-packages/messages_fr3-0.0.0-py3.10.egg-info/dependency_links.txt
[6.315s] -- Installing: /home/matteo/franka_ros2_ws/install/messages_fr3/local/lib/python3.10/dist-packages/messages_fr3-0.0.0-py3.10.egg-info/SOURCES.txt
[6.315s] -- Installing: /home/matteo/franka_ros2_ws/install/messages_fr3/local/lib/python3.10/dist-packages/messages_fr3
[6.315s] -- Installing: /home/matteo/franka_ros2_ws/install/messages_fr3/local/lib/python3.10/dist-packages/messages_fr3/__init__.py
[6.315s] -- Installing: /home/matteo/franka_ros2_ws/install/messages_fr3/local/lib/python3.10/dist-packages/messages_fr3/msg
[6.315s] -- Installing: /home/matteo/franka_ros2_ws/install/messages_fr3/local/lib/python3.10/dist-packages/messages_fr3/msg/_jacobian_ee.py
[6.315s] -- Installing: /home/matteo/franka_ros2_ws/install/messages_fr3/local/lib/python3.10/dist-packages/messages_fr3/msg/__init__.py
[6.315s] -- Installing: /home/matteo/franka_ros2_ws/install/messages_fr3/local/lib/python3.10/dist-packages/messages_fr3/msg/_pose_direction.py
[6.315s] -- Installing: /home/matteo/franka_ros2_ws/install/messages_fr3/local/lib/python3.10/dist-packages/messages_fr3/msg/_joint_config_s.c
[6.315s] -- Installing: /home/matteo/franka_ros2_ws/install/messages_fr3/local/lib/python3.10/dist-packages/messages_fr3/msg/_pose_direction_s.c
[6.315s] -- Installing: /home/matteo/franka_ros2_ws/install/messages_fr3/local/lib/python3.10/dist-packages/messages_fr3/msg/_joint_config.py
[6.315s] -- Installing: /home/matteo/franka_ros2_ws/install/messages_fr3/local/lib/python3.10/dist-packages/messages_fr3/msg/_jacobian_ee_s.c
[6.315s] -- Installing: /home/matteo/franka_ros2_ws/install/messages_fr3/local/lib/python3.10/dist-packages/messages_fr3/msg/_joint_ee_state_s.c
[6.315s] -- Installing: /home/matteo/franka_ros2_ws/install/messages_fr3/local/lib/python3.10/dist-packages/messages_fr3/msg/_joint_ee_state.py
[6.315s] -- Installing: /home/matteo/franka_ros2_ws/install/messages_fr3/local/lib/python3.10/dist-packages/messages_fr3/messages_fr3_s__rosidl_typesupport_introspection_c.cpython-310-x86_64-linux-gnu.so
[6.315s] -- Installing: /home/matteo/franka_ros2_ws/install/messages_fr3/local/lib/python3.10/dist-packages/messages_fr3/srv
[6.315s] -- Installing: /home/matteo/franka_ros2_ws/install/messages_fr3/local/lib/python3.10/dist-packages/messages_fr3/srv/_set_param.py
[6.315s] -- Installing: /home/matteo/franka_ros2_ws/install/messages_fr3/local/lib/python3.10/dist-packages/messages_fr3/srv/__init__.py
[6.315s] -- Installing: /home/matteo/franka_ros2_ws/install/messages_fr3/local/lib/python3.10/dist-packages/messages_fr3/srv/_planner_service.py
[6.315s] -- Installing: /home/matteo/franka_ros2_ws/install/messages_fr3/local/lib/python3.10/dist-packages/messages_fr3/srv/_planner_service_s.c
[6.315s] -- Installing: /home/matteo/franka_ros2_ws/install/messages_fr3/local/lib/python3.10/dist-packages/messages_fr3/srv/_set_stiffness_s.c
[6.316s] -- Installing: /home/matteo/franka_ros2_ws/install/messages_fr3/local/lib/python3.10/dist-packages/messages_fr3/srv/_set_param_s.c
[6.316s] -- Installing: /home/matteo/franka_ros2_ws/install/messages_fr3/local/lib/python3.10/dist-packages/messages_fr3/srv/_controller_activation.py
[6.316s] -- Installing: /home/matteo/franka_ros2_ws/install/messages_fr3/local/lib/python3.10/dist-packages/messages_fr3/srv/_set_mode.py
[6.316s] -- Installing: /home/matteo/franka_ros2_ws/install/messages_fr3/local/lib/python3.10/dist-packages/messages_fr3/srv/_set_pose_s.c
[6.316s] -- Installing: /home/matteo/franka_ros2_ws/install/messages_fr3/local/lib/python3.10/dist-packages/messages_fr3/srv/_set_stiffness.py
[6.316s] -- Installing: /home/matteo/franka_ros2_ws/install/messages_fr3/local/lib/python3.10/dist-packages/messages_fr3/srv/_controller_activation_s.c
[6.316s] -- Installing: /home/matteo/franka_ros2_ws/install/messages_fr3/local/lib/python3.10/dist-packages/messages_fr3/srv/_set_mode_s.c
[6.316s] -- Installing: /home/matteo/franka_ros2_ws/install/messages_fr3/local/lib/python3.10/dist-packages/messages_fr3/srv/_set_pose.py
[6.316s] -- Installing: /home/matteo/franka_ros2_ws/install/messages_fr3/local/lib/python3.10/dist-packages/messages_fr3/libmessages_fr3__rosidl_generator_py.so
[6.316s] -- Installing: /home/matteo/franka_ros2_ws/install/messages_fr3/local/lib/python3.10/dist-packages/messages_fr3/messages_fr3_s__rosidl_typesupport_c.cpython-310-x86_64-linux-gnu.so
[6.316s] -- Installing: /home/matteo/franka_ros2_ws/install/messages_fr3/local/lib/python3.10/dist-packages/messages_fr3/messages_fr3_s__rosidl_typesupport_fastrtps_c.cpython-310-x86_64-linux-gnu.so
[6.316s] -- Installing: /home/matteo/franka_ros2_ws/install/messages_fr3/local/lib/python3.10/dist-packages/messages_fr3/_messages_fr3_s.ep.rosidl_typesupport_introspection_c.c
[6.316s] -- Installing: /home/matteo/franka_ros2_ws/install/messages_fr3/local/lib/python3.10/dist-packages/messages_fr3/_messages_fr3_s.ep.rosidl_typesupport_c.c
[6.316s] -- Installing: /home/matteo/franka_ros2_ws/install/messages_fr3/local/lib/python3.10/dist-packages/messages_fr3/_messages_fr3_s.ep.rosidl_typesupport_fastrtps_c.c
[6.343s] Listing '/home/matteo/franka_ros2_ws/install/messages_fr3/local/lib/python3.10/dist-packages/messages_fr3'...
[6.344s] Compiling '/home/matteo/franka_ros2_ws/install/messages_fr3/local/lib/python3.10/dist-packages/messages_fr3/__init__.py'...
[6.344s] Listing '/home/matteo/franka_ros2_ws/install/messages_fr3/local/lib/python3.10/dist-packages/messages_fr3/msg'...
[6.344s] Compiling '/home/matteo/franka_ros2_ws/install/messages_fr3/local/lib/python3.10/dist-packages/messages_fr3/msg/__init__.py'...
[6.344s] Compiling '/home/matteo/franka_ros2_ws/install/messages_fr3/local/lib/python3.10/dist-packages/messages_fr3/msg/_jacobian_ee.py'...
[6.344s] Compiling '/home/matteo/franka_ros2_ws/install/messages_fr3/local/lib/python3.10/dist-packages/messages_fr3/msg/_joint_config.py'...
[6.344s] Compiling '/home/matteo/franka_ros2_ws/install/messages_fr3/local/lib/python3.10/dist-packages/messages_fr3/msg/_joint_ee_state.py'...
[6.344s] Compiling '/home/matteo/franka_ros2_ws/install/messages_fr3/local/lib/python3.10/dist-packages/messages_fr3/msg/_pose_direction.py'...
[6.344s] Listing '/home/matteo/franka_ros2_ws/install/messages_fr3/local/lib/python3.10/dist-packages/messages_fr3/srv'...
[6.344s] Compiling '/home/matteo/franka_ros2_ws/install/messages_fr3/local/lib/python3.10/dist-packages/messages_fr3/srv/__init__.py'...
[6.344s] Compiling '/home/matteo/franka_ros2_ws/install/messages_fr3/local/lib/python3.10/dist-packages/messages_fr3/srv/_controller_activation.py'...
[6.344s] Compiling '/home/matteo/franka_ros2_ws/install/messages_fr3/local/lib/python3.10/dist-packages/messages_fr3/srv/_planner_service.py'...
[6.344s] Compiling '/home/matteo/franka_ros2_ws/install/messages_fr3/local/lib/python3.10/dist-packages/messages_fr3/srv/_set_mode.py'...
[6.344s] Compiling '/home/matteo/franka_ros2_ws/install/messages_fr3/local/lib/python3.10/dist-packages/messages_fr3/srv/_set_param.py'...
[6.344s] Compiling '/home/matteo/franka_ros2_ws/install/messages_fr3/local/lib/python3.10/dist-packages/messages_fr3/srv/_set_pose.py'...
[6.344s] Compiling '/home/matteo/franka_ros2_ws/install/messages_fr3/local/lib/python3.10/dist-packages/messages_fr3/srv/_set_stiffness.py'...
[6.346s] -- Installing: /home/matteo/franka_ros2_ws/install/messages_fr3/local/lib/python3.10/dist-packages/messages_fr3/messages_fr3_s__rosidl_typesupport_fastrtps_c.cpython-310-x86_64-linux-gnu.so
[6.346s] -- Set runtime path of "/home/matteo/franka_ros2_ws/install/messages_fr3/local/lib/python3.10/dist-packages/messages_fr3/messages_fr3_s__rosidl_typesupport_fastrtps_c.cpython-310-x86_64-linux-gnu.so" to ""
[6.346s] -- Installing: /home/matteo/franka_ros2_ws/install/messages_fr3/local/lib/python3.10/dist-packages/messages_fr3/messages_fr3_s__rosidl_typesupport_introspection_c.cpython-310-x86_64-linux-gnu.so
[6.347s] -- Set runtime path of "/home/matteo/franka_ros2_ws/install/messages_fr3/local/lib/python3.10/dist-packages/messages_fr3/messages_fr3_s__rosidl_typesupport_introspection_c.cpython-310-x86_64-linux-gnu.so" to ""
[6.347s] -- Installing: /home/matteo/franka_ros2_ws/install/messages_fr3/local/lib/python3.10/dist-packages/messages_fr3/messages_fr3_s__rosidl_typesupport_c.cpython-310-x86_64-linux-gnu.so
[6.347s] -- Set runtime path of "/home/matteo/franka_ros2_ws/install/messages_fr3/local/lib/python3.10/dist-packages/messages_fr3/messages_fr3_s__rosidl_typesupport_c.cpython-310-x86_64-linux-gnu.so" to ""
[6.347s] -- Installing: /home/matteo/franka_ros2_ws/install/messages_fr3/lib/libmessages_fr3__rosidl_generator_py.so
[6.347s] -- Set runtime path of "/home/matteo/franka_ros2_ws/install/messages_fr3/lib/libmessages_fr3__rosidl_generator_py.so" to ""
[6.347s] -- Installing: /home/matteo/franka_ros2_ws/install/messages_fr3/share/messages_fr3/srv/SetPose.idl
[6.347s] -- Installing: /home/matteo/franka_ros2_ws/install/messages_fr3/share/messages_fr3/srv/SetParam.idl
[6.347s] -- Installing: /home/matteo/franka_ros2_ws/install/messages_fr3/share/messages_fr3/srv/SetMode.idl
[6.347s] -- Installing: /home/matteo/franka_ros2_ws/install/messages_fr3/share/messages_fr3/srv/PlannerService.idl
[6.347s] -- Installing: /home/matteo/franka_ros2_ws/install/messages_fr3/share/messages_fr3/srv/SetStiffness.idl
[6.347s] -- Installing: /home/matteo/franka_ros2_ws/install/messages_fr3/share/messages_fr3/srv/ControllerActivation.idl
[6.348s] -- Installing: /home/matteo/franka_ros2_ws/install/messages_fr3/share/messages_fr3/msg/JacobianEE.idl
[6.348s] -- Installing: /home/matteo/franka_ros2_ws/install/messages_fr3/share/messages_fr3/msg/JointEEState.idl
[6.348s] -- Installing: /home/matteo/franka_ros2_ws/install/messages_fr3/share/messages_fr3/msg/PoseDirection.idl
[6.348s] -- Installing: /home/matteo/franka_ros2_ws/install/messages_fr3/share/messages_fr3/msg/JointConfig.idl
[6.348s] -- Installing: /home/matteo/franka_ros2_ws/install/messages_fr3/share/messages_fr3/srv/SetPose.srv
[6.348s] -- Installing: /home/matteo/franka_ros2_ws/install/messages_fr3/share/messages_fr3/srv/SetPose_Request.msg
[6.348s] -- Installing: /home/matteo/franka_ros2_ws/install/messages_fr3/share/messages_fr3/srv/SetPose_Response.msg
[6.348s] -- Installing: /home/matteo/franka_ros2_ws/install/messages_fr3/share/messages_fr3/srv/SetParam.srv
[6.348s] -- Installing: /home/matteo/franka_ros2_ws/install/messages_fr3/share/messages_fr3/srv/SetParam_Request.msg
[6.348s] -- Installing: /home/matteo/franka_ros2_ws/install/messages_fr3/share/messages_fr3/srv/SetParam_Response.msg
[6.348s] -- Installing: /home/matteo/franka_ros2_ws/install/messages_fr3/share/messages_fr3/srv/SetMode.srv
[6.348s] -- Installing: /home/matteo/franka_ros2_ws/install/messages_fr3/share/messages_fr3/srv/SetMode_Request.msg
[6.348s] -- Installing: /home/matteo/franka_ros2_ws/install/messages_fr3/share/messages_fr3/srv/SetMode_Response.msg
[6.348s] -- Installing: /home/matteo/franka_ros2_ws/install/messages_fr3/share/messages_fr3/srv/PlannerService.srv
[6.348s] -- Installing: /home/matteo/franka_ros2_ws/install/messages_fr3/share/messages_fr3/srv/PlannerService_Request.msg
[6.349s] -- Installing: /home/matteo/franka_ros2_ws/install/messages_fr3/share/messages_fr3/srv/PlannerService_Response.msg
[6.349s] -- Installing: /home/matteo/franka_ros2_ws/install/messages_fr3/share/messages_fr3/srv/SetStiffness.srv
[6.349s] -- Installing: /home/matteo/franka_ros2_ws/install/messages_fr3/share/messages_fr3/srv/SetStiffness_Request.msg
[6.349s] -- Installing: /home/matteo/franka_ros2_ws/install/messages_fr3/share/messages_fr3/srv/SetStiffness_Response.msg
[6.349s] -- Installing: /home/matteo/franka_ros2_ws/install/messages_fr3/share/messages_fr3/srv/ControllerActivation.srv
[6.349s] -- Installing: /home/matteo/franka_ros2_ws/install/messages_fr3/share/messages_fr3/srv/ControllerActivation_Request.msg
[6.349s] -- Installing: /home/matteo/franka_ros2_ws/install/messages_fr3/share/messages_fr3/srv/ControllerActivation_Response.msg
[6.349s] -- Installing: /home/matteo/franka_ros2_ws/install/messages_fr3/share/messages_fr3/msg/JacobianEE.msg
[6.349s] -- Installing: /home/matteo/franka_ros2_ws/install/messages_fr3/share/messages_fr3/msg/JointEEState.msg
[6.349s] -- Installing: /home/matteo/franka_ros2_ws/install/messages_fr3/share/messages_fr3/msg/PoseDirection.msg
[6.349s] -- Installing: /home/matteo/franka_ros2_ws/install/messages_fr3/share/messages_fr3/msg/JointConfig.msg
[6.349s] -- Installing: /home/matteo/franka_ros2_ws/install/messages_fr3/share/ament_index/resource_index/package_run_dependencies/messages_fr3
[6.349s] -- Installing: /home/matteo/franka_ros2_ws/install/messages_fr3/share/ament_index/resource_index/parent_prefix_path/messages_fr3
[6.349s] -- Installing: /home/matteo/franka_ros2_ws/install/messages_fr3/share/messages_fr3/environment/ament_prefix_path.sh
[6.349s] -- Installing: /home/matteo/franka_ros2_ws/install/messages_fr3/share/messages_fr3/environment/ament_prefix_path.dsv
[6.349s] -- Installing: /home/matteo/franka_ros2_ws/install/messages_fr3/share/messages_fr3/environment/path.sh
[6.350s] -- Installing: /home/matteo/franka_ros2_ws/install/messages_fr3/share/messages_fr3/environment/path.dsv
[6.350s] -- Installing: /home/matteo/franka_ros2_ws/install/messages_fr3/share/messages_fr3/local_setup.bash
[6.350s] -- Installing: /home/matteo/franka_ros2_ws/install/messages_fr3/share/messages_fr3/local_setup.sh
[6.350s] -- Installing: /home/matteo/franka_ros2_ws/install/messages_fr3/share/messages_fr3/local_setup.zsh
[6.350s] -- Installing: /home/matteo/franka_ros2_ws/install/messages_fr3/share/messages_fr3/local_setup.dsv
[6.350s] -- Installing: /home/matteo/franka_ros2_ws/install/messages_fr3/share/messages_fr3/package.dsv
[6.350s] -- Installing: /home/matteo/franka_ros2_ws/install/messages_fr3/share/ament_index/resource_index/packages/messages_fr3
[6.350s] -- Installing: /home/matteo/franka_ros2_ws/install/messages_fr3/share/messages_fr3/cmake/export_messages_fr3__rosidl_generator_cExport.cmake
[6.350s] -- Installing: /home/matteo/franka_ros2_ws/install/messages_fr3/share/messages_fr3/cmake/export_messages_fr3__rosidl_generator_cExport-release.cmake
[6.350s] -- Installing: /home/matteo/franka_ros2_ws/install/messages_fr3/share/messages_fr3/cmake/export_messages_fr3__rosidl_typesupport_fastrtps_cExport.cmake
[6.350s] -- Installing: /home/matteo/franka_ros2_ws/install/messages_fr3/share/messages_fr3/cmake/export_messages_fr3__rosidl_typesupport_fastrtps_cExport-release.cmake
[6.350s] -- Installing: /home/matteo/franka_ros2_ws/install/messages_fr3/share/messages_fr3/cmake/messages_fr3__rosidl_typesupport_introspection_cExport.cmake
[6.350s] -- Installing: /home/matteo/franka_ros2_ws/install/messages_fr3/share/messages_fr3/cmake/messages_fr3__rosidl_typesupport_introspection_cExport-release.cmake
[6.350s] -- Installing: /home/matteo/franka_ros2_ws/install/messages_fr3/share/messages_fr3/cmake/messages_fr3__rosidl_typesupport_cExport.cmake
[6.350s] -- Installing: /home/matteo/franka_ros2_ws/install/messages_fr3/share/messages_fr3/cmake/messages_fr3__rosidl_typesupport_cExport-release.cmake
[6.350s] -- Installing: /home/matteo/franka_ros2_ws/install/messages_fr3/share/messages_fr3/cmake/export_messages_fr3__rosidl_generator_cppExport.cmake
[6.351s] -- Installing: /home/matteo/franka_ros2_ws/install/messages_fr3/share/messages_fr3/cmake/export_messages_fr3__rosidl_typesupport_fastrtps_cppExport.cmake
[6.351s] -- Installing: /home/matteo/franka_ros2_ws/install/messages_fr3/share/messages_fr3/cmake/export_messages_fr3__rosidl_typesupport_fastrtps_cppExport-release.cmake
[6.351s] -- Installing: /home/matteo/franka_ros2_ws/install/messages_fr3/share/messages_fr3/cmake/messages_fr3__rosidl_typesupport_introspection_cppExport.cmake
[6.351s] -- Installing: /home/matteo/franka_ros2_ws/install/messages_fr3/share/messages_fr3/cmake/messages_fr3__rosidl_typesupport_introspection_cppExport-release.cmake
[6.351s] -- Installing: /home/matteo/franka_ros2_ws/install/messages_fr3/share/messages_fr3/cmake/messages_fr3__rosidl_typesupport_cppExport.cmake
[6.351s] -- Installing: /home/matteo/franka_ros2_ws/install/messages_fr3/share/messages_fr3/cmake/messages_fr3__rosidl_typesupport_cppExport-release.cmake
[6.351s] -- Installing: /home/matteo/franka_ros2_ws/install/messages_fr3/share/messages_fr3/cmake/export_messages_fr3__rosidl_generator_pyExport.cmake
[6.351s] -- Installing: /home/matteo/franka_ros2_ws/install/messages_fr3/share/messages_fr3/cmake/export_messages_fr3__rosidl_generator_pyExport-release.cmake
[6.351s] -- Installing: /home/matteo/franka_ros2_ws/install/messages_fr3/share/messages_fr3/cmake/rosidl_cmake-extras.cmake
[6.351s] -- Installing: /home/matteo/franka_ros2_ws/install/messages_fr3/share/messages_fr3/cmake/ament_cmake_export_dependencies-extras.cmake
[6.351s] -- Installing: /home/matteo/franka_ros2_ws/install/messages_fr3/share/messages_fr3/cmake/ament_cmake_export_include_directories-extras.cmake
[6.351s] -- Installing: /home/matteo/franka_ros2_ws/install/messages_fr3/share/messages_fr3/cmake/ament_cmake_export_libraries-extras.cmake
[6.351s] -- Installing: /home/matteo/franka_ros2_ws/install/messages_fr3/share/messages_fr3/cmake/ament_cmake_export_targets-extras.cmake
[6.351s] -- Installing: /home/matteo/franka_ros2_ws/install/messages_fr3/share/messages_fr3/cmake/rosidl_cmake_export_typesupport_targets-extras.cmake
[6.351s] -- Installing: /home/matteo/franka_ros2_ws/install/messages_fr3/share/messages_fr3/cmake/rosidl_cmake_export_typesupport_libraries-extras.cmake
[6.351s] -- Installing: /home/matteo/franka_ros2_ws/install/messages_fr3/share/messages_fr3/cmake/messages_fr3Config.cmake
[6.352s] -- Installing: /home/matteo/franka_ros2_ws/install/messages_fr3/share/messages_fr3/cmake/messages_fr3Config-version.cmake
[6.352s] -- Installing: /home/matteo/franka_ros2_ws/install/messages_fr3/share/messages_fr3/package.xml
[6.353s] Invoked command in '/home/matteo/franka_ros2_ws/build/messages_fr3' returned '0': CMAKE_PREFIX_PATH=${CMAKE_PREFIX_PATH}:/opt/ros/humble /usr/bin/cmake --install /home/matteo/franka_ros2_ws/build/messages_fr3
